ARM GAS  C:\Users\X0217454\AppData\Local\Temp\ccHIP2aS.s 			page 1


   1              		.cpu cortex-m0
   2              		.fpu softvfp
   3              		.eabi_attribute 20, 1
   4              		.eabi_attribute 21, 1
   5              		.eabi_attribute 23, 3
   6              		.eabi_attribute 24, 1
   7              		.eabi_attribute 25, 1
   8              		.eabi_attribute 26, 1
   9              		.eabi_attribute 30, 6
  10              		.eabi_attribute 34, 0
  11              		.eabi_attribute 18, 4
  12              		.code	16
  13              		.file	"board.c"
  14              		.text
  15              	.Ltext0:
  16              		.cfi_sections	.debug_frame
  17              		.global	pIrqEventHandler
  18              		.bss
  19              		.align	2
  20              		.type	pIrqEventHandler, %object
  21              		.size	pIrqEventHandler, 4
  22              	pIrqEventHandler:
  23 0000 00000000 		.space	4
  24              		.comm	IntIsMasked,1,1
  25              		.section	.text.registerInterruptHandler,"ax",%progbits
  26              		.align	2
  27              		.global	registerInterruptHandler
  28              		.code	16
  29              		.thumb_func
  30              		.type	registerInterruptHandler, %function
  31              	registerInterruptHandler:
  32              	.LFB33:
  33              		.file 1 "..\\..\\..\\board.c"
   1:..\..\../board.c **** /*
   2:..\..\../board.c ****  * board.c - msp430f5529 launchpad configuration
   3:..\..\../board.c ****  *
   4:..\..\../board.c ****  * Copyright (C) 2014 Texas Instruments Incorporated - http://www.ti.com/
   5:..\..\../board.c ****  *
   6:..\..\../board.c ****  *
   7:..\..\../board.c ****  *  Redistribution and use in source and binary forms, with or without
   8:..\..\../board.c ****  *  modification, are permitted provided that the following conditions
   9:..\..\../board.c ****  *  are met:
  10:..\..\../board.c ****  *
  11:..\..\../board.c ****  *    Redistributions of source code must retain the above copyright
  12:..\..\../board.c ****  *    notice, this list of conditions and the following disclaimer.
  13:..\..\../board.c ****  *
  14:..\..\../board.c ****  *    Redistributions in binary form must reproduce the above copyright
  15:..\..\../board.c ****  *    notice, this list of conditions and the following disclaimer in the
  16:..\..\../board.c ****  *    documentation and/or other materials provided with the
  17:..\..\../board.c ****  *    distribution.
  18:..\..\../board.c ****  *
  19:..\..\../board.c ****  *    Neither the name of Texas Instruments Incorporated nor the names of
  20:..\..\../board.c ****  *    its contributors may be used to endorse or promote products derived
  21:..\..\../board.c ****  *    from this software without specific prior written permission.
  22:..\..\../board.c ****  *
  23:..\..\../board.c ****  *  THIS SOFTWARE IS PROVIDED BY THE COPYRIGHT HOLDERS AND CONTRIBUTORS
  24:..\..\../board.c ****  *  "AS IS" AND ANY EXPRESS OR IMPLIED WARRANTIES, INCLUDING, BUT NOT
ARM GAS  C:\Users\X0217454\AppData\Local\Temp\ccHIP2aS.s 			page 2


  25:..\..\../board.c ****  *  LIMITED TO, THE IMPLIED WARRANTIES OF MERCHANTABILITY AND FITNESS FOR
  26:..\..\../board.c ****  *  A PARTICULAR PURPOSE ARE DISCLAIMED. IN NO EVENT SHALL THE COPYRIGHT
  27:..\..\../board.c ****  *  OWNER OR CONTRIBUTORS BE LIABLE FOR ANY DIRECT, INDIRECT, INCIDENTAL,
  28:..\..\../board.c ****  *  SPECIAL, EXEMPLARY, OR CONSEQUENTIAL DAMAGES (INCLUDING, BUT NOT
  29:..\..\../board.c ****  *  LIMITED TO, PROCUREMENT OF SUBSTITUTE GOODS OR SERVICES; LOSS OF USE,
  30:..\..\../board.c ****  *  DATA, OR PROFITS; OR BUSINESS INTERRUPTION) HOWEVER CAUSED AND ON ANY
  31:..\..\../board.c ****  *  THEORY OF LIABILITY, WHETHER IN CONTRACT, STRICT LIABILITY, OR TORT
  32:..\..\../board.c ****  *  (INCLUDING NEGLIGENCE OR OTHERWISE) ARISING IN ANY WAY OUT OF THE USE
  33:..\..\../board.c ****  *  OF THIS SOFTWARE, EVEN IF ADVISED OF THE POSSIBILITY OF SUCH DAMAGE.
  34:..\..\../board.c ****  *
  35:..\..\../board.c **** */
  36:..\..\../board.c **** 
  37:..\..\../board.c **** #include "simplelink.h"
  38:..\..\../board.c **** #include "board.h"
  39:..\..\../board.c **** #include<project.h>
  40:..\..\../board.c **** 
  41:..\..\../board.c **** #ifdef SL_IF_TYPE_UART
  42:..\..\../board.c **** #include "UARTM.h"
  43:..\..\../board.c **** #endif
  44:..\..\../board.c **** 
  45:..\..\../board.c **** #define PMM_STATUS_ERROR  1
  46:..\..\../board.c **** #define PMM_STATUS_OK     0
  47:..\..\../board.c **** #define XT1HFOFFG   0
  48:..\..\../board.c **** 
  49:..\..\../board.c **** P_EVENT_HANDLER                pIrqEventHandler = 0;
  50:..\..\../board.c **** 
  51:..\..\../board.c **** BOOLEAN IntIsMasked;
  52:..\..\../board.c **** 
  53:..\..\../board.c **** #ifdef SL_IF_TYPE_UART
  54:..\..\../board.c **** #define ASSERT_UART(expr) {  if (!(expr)) { while(1) ;}}
  55:..\..\../board.c **** 
  56:..\..\../board.c **** unsigned char error_overrun = FALSE;
  57:..\..\../board.c **** _uartFlowctrl uartFlowctrl;
  58:..\..\../board.c **** _uartFlowctrl *puartFlowctrl = &uartFlowctrl;
  59:..\..\../board.c **** #endif
  60:..\..\../board.c **** 
  61:..\..\../board.c **** int registerInterruptHandler(P_EVENT_HANDLER InterruptHdl , void* pValue)
  62:..\..\../board.c **** {
  34              		.loc 1 62 0
  35              		.cfi_startproc
  36 0000 80B5     		push	{r7, lr}
  37              	.LCFI0:
  38              		.cfi_def_cfa_offset 8
  39              		.cfi_offset 7, -8
  40              		.cfi_offset 14, -4
  41 0002 82B0     		sub	sp, sp, #8
  42              	.LCFI1:
  43              		.cfi_def_cfa_offset 16
  44 0004 00AF     		add	r7, sp, #0
  45              	.LCFI2:
  46              		.cfi_def_cfa_register 7
  47 0006 7860     		str	r0, [r7, #4]
  48 0008 3960     		str	r1, [r7]
  63:..\..\../board.c ****     pIrqEventHandler = InterruptHdl;
  49              		.loc 1 63 0
  50 000a 044B     		ldr	r3, .L3
  51 000c 7A68     		ldr	r2, [r7, #4]
ARM GAS  C:\Users\X0217454\AppData\Local\Temp\ccHIP2aS.s 			page 3


  52 000e 1A60     		str	r2, [r3]
  64:..\..\../board.c **** 
  65:..\..\../board.c ****     return 0;
  53              		.loc 1 65 0
  54 0010 0023     		mov	r3, #0
  66:..\..\../board.c **** }
  55              		.loc 1 66 0
  56 0012 181C     		mov	r0, r3
  57 0014 BD46     		mov	sp, r7
  58 0016 02B0     		add	sp, sp, #8
  59              		@ sp needed for prologue
  60 0018 80BD     		pop	{r7, pc}
  61              	.L4:
  62 001a C046     		.align	2
  63              	.L3:
  64 001c 00000000 		.word	pIrqEventHandler
  65              		.cfi_endproc
  66              	.LFE33:
  67              		.size	registerInterruptHandler, .-registerInterruptHandler
  68              		.section	.text.CC3100_disable,"ax",%progbits
  69              		.align	2
  70              		.global	CC3100_disable
  71              		.code	16
  72              		.thumb_func
  73              		.type	CC3100_disable, %function
  74              	CC3100_disable:
  75              	.LFB34:
  67:..\..\../board.c **** 
  68:..\..\../board.c **** void CC3100_disable()
  69:..\..\../board.c **** {
  76              		.loc 1 69 0
  77              		.cfi_startproc
  78 0000 80B5     		push	{r7, lr}
  79              	.LCFI3:
  80              		.cfi_def_cfa_offset 8
  81              		.cfi_offset 7, -8
  82              		.cfi_offset 14, -4
  83 0002 00AF     		add	r7, sp, #0
  84              	.LCFI4:
  85              		.cfi_def_cfa_register 7
  70:..\..\../board.c ****     nHIB_Write(0);
  86              		.loc 1 70 0
  87 0004 0020     		mov	r0, #0
  88 0006 FFF7FEFF 		bl	nHIB_Write
  71:..\..\../board.c **** }
  89              		.loc 1 71 0
  90 000a BD46     		mov	sp, r7
  91              		@ sp needed for prologue
  92 000c 80BD     		pop	{r7, pc}
  93              		.cfi_endproc
  94              	.LFE34:
  95              		.size	CC3100_disable, .-CC3100_disable
  96 000e C046     		.section	.text.CC3100_enable,"ax",%progbits
  97              		.align	2
  98              		.global	CC3100_enable
  99              		.code	16
 100              		.thumb_func
ARM GAS  C:\Users\X0217454\AppData\Local\Temp\ccHIP2aS.s 			page 4


 101              		.type	CC3100_enable, %function
 102              	CC3100_enable:
 103              	.LFB35:
  72:..\..\../board.c **** 
  73:..\..\../board.c **** 
  74:..\..\../board.c **** void CC3100_enable()
  75:..\..\../board.c **** {
 104              		.loc 1 75 0
 105              		.cfi_startproc
 106 0000 80B5     		push	{r7, lr}
 107              	.LCFI5:
 108              		.cfi_def_cfa_offset 8
 109              		.cfi_offset 7, -8
 110              		.cfi_offset 14, -4
 111 0002 00AF     		add	r7, sp, #0
 112              	.LCFI6:
 113              		.cfi_def_cfa_register 7
  76:..\..\../board.c ****     nHIB_Write(1);
 114              		.loc 1 76 0
 115 0004 0120     		mov	r0, #1
 116 0006 FFF7FEFF 		bl	nHIB_Write
  77:..\..\../board.c **** }
 117              		.loc 1 77 0
 118 000a BD46     		mov	sp, r7
 119              		@ sp needed for prologue
 120 000c 80BD     		pop	{r7, pc}
 121              		.cfi_endproc
 122              	.LFE35:
 123              		.size	CC3100_enable, .-CC3100_enable
 124 000e C046     		.section	.text.CC3100_InterruptEnable,"ax",%progbits
 125              		.align	2
 126              		.global	CC3100_InterruptEnable
 127              		.code	16
 128              		.thumb_func
 129              		.type	CC3100_InterruptEnable, %function
 130              	CC3100_InterruptEnable:
 131              	.LFB36:
  78:..\..\../board.c **** 
  79:..\..\../board.c **** void CC3100_InterruptEnable(void)
  80:..\..\../board.c **** {
 132              		.loc 1 80 0
 133              		.cfi_startproc
 134 0000 80B5     		push	{r7, lr}
 135              	.LCFI7:
 136              		.cfi_def_cfa_offset 8
 137              		.cfi_offset 7, -8
 138              		.cfi_offset 14, -4
 139 0002 00AF     		add	r7, sp, #0
 140              	.LCFI8:
 141              		.cfi_def_cfa_register 7
  81:..\..\../board.c ****     /* Configure and enable interrupt */
  82:..\..\../board.c **** #ifndef SL_IF_TYPE_UART
  83:..\..\../board.c ****     isr_1_Start();
 142              		.loc 1 83 0
 143 0004 FFF7FEFF 		bl	isr_1_Start
  84:..\..\../board.c **** #endif
  85:..\..\../board.c **** 
ARM GAS  C:\Users\X0217454\AppData\Local\Temp\ccHIP2aS.s 			page 5


  86:..\..\../board.c **** #ifdef SL_IF_TYPE_UART
  87:..\..\../board.c ****     Rx_ISR_Start();
  88:..\..\../board.c **** #endif
  89:..\..\../board.c ****     
  90:..\..\../board.c **** #if(UARTM_RX_ENABLED || UARTM_HD_ENABLED)
  91:..\..\../board.c ****     #if(UARTM_RX_INTERRUPT_ENABLED)
  92:..\..\../board.c ****        UARTM_EnableRxInt();
  93:..\..\../board.c ****     #endif
  94:..\..\../board.c **** #endif
  95:..\..\../board.c **** 
  96:..\..\../board.c ****     CyGlobalIntEnable;
 144              		.loc 1 96 0
 145              	@ 96 "..\..\..\board.c" 1
 146 0008 62B6     		CPSIE   i
 147              	@ 0 "" 2
  97:..\..\../board.c **** }
 148              		.loc 1 97 0
 149              		.code	16
 150 000a BD46     		mov	sp, r7
 151              		@ sp needed for prologue
 152 000c 80BD     		pop	{r7, pc}
 153              		.cfi_endproc
 154              	.LFE36:
 155              		.size	CC3100_InterruptEnable, .-CC3100_InterruptEnable
 156 000e C046     		.section	.text.CC3100_InterruptDisable,"ax",%progbits
 157              		.align	2
 158              		.global	CC3100_InterruptDisable
 159              		.code	16
 160              		.thumb_func
 161              		.type	CC3100_InterruptDisable, %function
 162              	CC3100_InterruptDisable:
 163              	.LFB37:
  98:..\..\../board.c **** 
  99:..\..\../board.c **** void CC3100_InterruptDisable()
 100:..\..\../board.c **** {
 164              		.loc 1 100 0
 165              		.cfi_startproc
 166 0000 80B5     		push	{r7, lr}
 167              	.LCFI9:
 168              		.cfi_def_cfa_offset 8
 169              		.cfi_offset 7, -8
 170              		.cfi_offset 14, -4
 171 0002 00AF     		add	r7, sp, #0
 172              	.LCFI10:
 173              		.cfi_def_cfa_register 7
 101:..\..\../board.c ****      /* Configure and enable interrupt */
 102:..\..\../board.c **** #ifndef SL_IF_TYPE_UART
 103:..\..\../board.c ****     isr_1_Disable();
 174              		.loc 1 103 0
 175 0004 FFF7FEFF 		bl	isr_1_Disable
 104:..\..\../board.c **** #endif
 105:..\..\../board.c **** 
 106:..\..\../board.c **** #ifdef SL_IF_TYPE_UART
 107:..\..\../board.c ****     Rx_ISR_Disable();
 108:..\..\../board.c **** #endif
 109:..\..\../board.c ****     
 110:..\..\../board.c **** #if(UARTM_RX_ENABLED || UARTM_HD_ENABLED)
ARM GAS  C:\Users\X0217454\AppData\Local\Temp\ccHIP2aS.s 			page 6


 111:..\..\../board.c ****     #if(UARTM_RX_INTERRUPT_ENABLED)
 112:..\..\../board.c ****         UARTM_DisableRxInt();
 113:..\..\../board.c ****     #endif
 114:..\..\../board.c **** #endif
 115:..\..\../board.c **** 
 116:..\..\../board.c ****     CyGlobalIntDisable;
 176              		.loc 1 116 0
 177              	@ 116 "..\..\..\board.c" 1
 178 0008 72B6     		CPSID   i
 179              	@ 0 "" 2
 117:..\..\../board.c **** }
 180              		.loc 1 117 0
 181              		.code	16
 182 000a BD46     		mov	sp, r7
 183              		@ sp needed for prologue
 184 000c 80BD     		pop	{r7, pc}
 185              		.cfi_endproc
 186              	.LFE37:
 187              		.size	CC3100_InterruptDisable, .-CC3100_InterruptDisable
 188 000e C046     		.section	.text.MaskIntHdlr,"ax",%progbits
 189              		.align	2
 190              		.global	MaskIntHdlr
 191              		.code	16
 192              		.thumb_func
 193              		.type	MaskIntHdlr, %function
 194              	MaskIntHdlr:
 195              	.LFB38:
 118:..\..\../board.c **** 
 119:..\..\../board.c **** void MaskIntHdlr()
 120:..\..\../board.c **** {
 196              		.loc 1 120 0
 197              		.cfi_startproc
 198 0000 80B5     		push	{r7, lr}
 199              	.LCFI11:
 200              		.cfi_def_cfa_offset 8
 201              		.cfi_offset 7, -8
 202              		.cfi_offset 14, -4
 203 0002 00AF     		add	r7, sp, #0
 204              	.LCFI12:
 205              		.cfi_def_cfa_register 7
 121:..\..\../board.c ****     IntIsMasked = TRUE;
 206              		.loc 1 121 0
 207 0004 024B     		ldr	r3, .L10
 208 0006 0122     		mov	r2, #1
 209 0008 1A70     		strb	r2, [r3]
 122:..\..\../board.c **** }
 210              		.loc 1 122 0
 211 000a BD46     		mov	sp, r7
 212              		@ sp needed for prologue
 213 000c 80BD     		pop	{r7, pc}
 214              	.L11:
 215 000e C046     		.align	2
 216              	.L10:
 217 0010 00000000 		.word	IntIsMasked
 218              		.cfi_endproc
 219              	.LFE38:
 220              		.size	MaskIntHdlr, .-MaskIntHdlr
ARM GAS  C:\Users\X0217454\AppData\Local\Temp\ccHIP2aS.s 			page 7


 221              		.section	.text.UnMaskIntHdlr,"ax",%progbits
 222              		.align	2
 223              		.global	UnMaskIntHdlr
 224              		.code	16
 225              		.thumb_func
 226              		.type	UnMaskIntHdlr, %function
 227              	UnMaskIntHdlr:
 228              	.LFB39:
 123:..\..\../board.c **** 
 124:..\..\../board.c **** void UnMaskIntHdlr()
 125:..\..\../board.c **** {
 229              		.loc 1 125 0
 230              		.cfi_startproc
 231 0000 80B5     		push	{r7, lr}
 232              	.LCFI13:
 233              		.cfi_def_cfa_offset 8
 234              		.cfi_offset 7, -8
 235              		.cfi_offset 14, -4
 236 0002 00AF     		add	r7, sp, #0
 237              	.LCFI14:
 238              		.cfi_def_cfa_register 7
 126:..\..\../board.c ****     IntIsMasked = FALSE;
 239              		.loc 1 126 0
 240 0004 024B     		ldr	r3, .L13
 241 0006 0022     		mov	r2, #0
 242 0008 1A70     		strb	r2, [r3]
 127:..\..\../board.c **** }
 243              		.loc 1 127 0
 244 000a BD46     		mov	sp, r7
 245              		@ sp needed for prologue
 246 000c 80BD     		pop	{r7, pc}
 247              	.L14:
 248 000e C046     		.align	2
 249              	.L13:
 250 0010 00000000 		.word	IntIsMasked
 251              		.cfi_endproc
 252              	.LFE39:
 253              		.size	UnMaskIntHdlr, .-UnMaskIntHdlr
 254              		.section	.text.initClk,"ax",%progbits
 255              		.align	2
 256              		.global	initClk
 257              		.code	16
 258              		.thumb_func
 259              		.type	initClk, %function
 260              	initClk:
 261              	.LFB40:
 128:..\..\../board.c **** 
 129:..\..\../board.c **** void initClk(void)
 130:..\..\../board.c **** {
 262              		.loc 1 130 0
 263              		.cfi_startproc
 264 0000 80B5     		push	{r7, lr}
 265              	.LCFI15:
 266              		.cfi_def_cfa_offset 8
 267              		.cfi_offset 7, -8
 268              		.cfi_offset 14, -4
 269 0002 00AF     		add	r7, sp, #0
ARM GAS  C:\Users\X0217454\AppData\Local\Temp\ccHIP2aS.s 			page 8


 270              	.LCFI16:
 271              		.cfi_def_cfa_register 7
 131:..\..\../board.c ****     CySysClkImoStart();
 272              		.loc 1 131 0
 273 0004 FFF7FEFF 		bl	CySysClkImoStart
 132:..\..\../board.c ****     CySysClkWriteImoFreq(24u);
 274              		.loc 1 132 0
 275 0008 1820     		mov	r0, #24
 276 000a FFF7FEFF 		bl	CySysClkWriteImoFreq
 133:..\..\../board.c ****         
 134:..\..\../board.c ****     /* Globally enable interrupts */
 135:..\..\../board.c ****     CyGlobalIntEnable;
 277              		.loc 1 135 0
 278              	@ 135 "..\..\..\board.c" 1
 279 000e 62B6     		CPSIE   i
 280              	@ 0 "" 2
 136:..\..\../board.c **** }
 281              		.loc 1 136 0
 282              		.code	16
 283 0010 BD46     		mov	sp, r7
 284              		@ sp needed for prologue
 285 0012 80BD     		pop	{r7, pc}
 286              		.cfi_endproc
 287              	.LFE40:
 288              		.size	initClk, .-initClk
 289              		.section	.text.stopWDT,"ax",%progbits
 290              		.align	2
 291              		.global	stopWDT
 292              		.code	16
 293              		.thumb_func
 294              		.type	stopWDT, %function
 295              	stopWDT:
 296              	.LFB41:
 137:..\..\../board.c **** 
 138:..\..\../board.c **** void stopWDT()
 139:..\..\../board.c **** {
 297              		.loc 1 139 0
 298              		.cfi_startproc
 299 0000 80B5     		push	{r7, lr}
 300              	.LCFI17:
 301              		.cfi_def_cfa_offset 8
 302              		.cfi_offset 7, -8
 303              		.cfi_offset 14, -4
 304 0002 00AF     		add	r7, sp, #0
 305              	.LCFI18:
 306              		.cfi_def_cfa_register 7
 140:..\..\../board.c ****     CySysWdtDisable(1u);
 307              		.loc 1 140 0
 308 0004 0120     		mov	r0, #1
 309 0006 FFF7FEFF 		bl	CySysWdtDisable
 141:..\..\../board.c ****     CySysWdtDisable(2u);
 310              		.loc 1 141 0
 311 000a 0220     		mov	r0, #2
 312 000c FFF7FEFF 		bl	CySysWdtDisable
 142:..\..\../board.c ****     CySysWdtDisable(3u);
 313              		.loc 1 142 0
 314 0010 0320     		mov	r0, #3
ARM GAS  C:\Users\X0217454\AppData\Local\Temp\ccHIP2aS.s 			page 9


 315 0012 FFF7FEFF 		bl	CySysWdtDisable
 143:..\..\../board.c **** }
 316              		.loc 1 143 0
 317 0016 BD46     		mov	sp, r7
 318              		@ sp needed for prologue
 319 0018 80BD     		pop	{r7, pc}
 320              		.cfi_endproc
 321              	.LFE41:
 322              		.size	stopWDT, .-stopWDT
 323 001a C046     		.section	.text.initLEDs,"ax",%progbits
 324              		.align	2
 325              		.global	initLEDs
 326              		.code	16
 327              		.thumb_func
 328              		.type	initLEDs, %function
 329              	initLEDs:
 330              	.LFB42:
 144:..\..\../board.c **** 
 145:..\..\../board.c **** void initLEDs()
 146:..\..\../board.c **** {
 331              		.loc 1 146 0
 332              		.cfi_startproc
 333 0000 80B5     		push	{r7, lr}
 334              	.LCFI19:
 335              		.cfi_def_cfa_offset 8
 336              		.cfi_offset 7, -8
 337              		.cfi_offset 14, -4
 338 0002 00AF     		add	r7, sp, #0
 339              	.LCFI20:
 340              		.cfi_def_cfa_register 7
 147:..\..\../board.c ****     turnLedOff(LED1);
 341              		.loc 1 147 0
 342 0004 0120     		mov	r0, #1
 343 0006 FFF7FEFF 		bl	turnLedOff
 148:..\..\../board.c ****     turnLedOff(LED2);
 344              		.loc 1 148 0
 345 000a 0220     		mov	r0, #2
 346 000c FFF7FEFF 		bl	turnLedOff
 149:..\..\../board.c **** }
 347              		.loc 1 149 0
 348 0010 BD46     		mov	sp, r7
 349              		@ sp needed for prologue
 350 0012 80BD     		pop	{r7, pc}
 351              		.cfi_endproc
 352              	.LFE42:
 353              		.size	initLEDs, .-initLEDs
 354              		.section	.text.turnLedOn,"ax",%progbits
 355              		.align	2
 356              		.global	turnLedOn
 357              		.code	16
 358              		.thumb_func
 359              		.type	turnLedOn, %function
 360              	turnLedOn:
 361              	.LFB43:
 150:..\..\../board.c **** 
 151:..\..\../board.c **** /* BLUE LED - LED1
 152:..\..\../board.c ****    GREEN LED - LED2 */
ARM GAS  C:\Users\X0217454\AppData\Local\Temp\ccHIP2aS.s 			page 10


 153:..\..\../board.c **** 
 154:..\..\../board.c **** void turnLedOn(char ledNum)
 155:..\..\../board.c **** {
 362              		.loc 1 155 0
 363              		.cfi_startproc
 364 0000 80B5     		push	{r7, lr}
 365              	.LCFI21:
 366              		.cfi_def_cfa_offset 8
 367              		.cfi_offset 7, -8
 368              		.cfi_offset 14, -4
 369 0002 82B0     		sub	sp, sp, #8
 370              	.LCFI22:
 371              		.cfi_def_cfa_offset 16
 372 0004 00AF     		add	r7, sp, #0
 373              	.LCFI23:
 374              		.cfi_def_cfa_register 7
 375 0006 021C     		mov	r2, r0
 376 0008 FB1D     		add	r3, r7, #7
 377 000a 1A70     		strb	r2, [r3]
 156:..\..\../board.c ****     switch(ledNum)
 378              		.loc 1 156 0
 379 000c FB1D     		add	r3, r7, #7
 380 000e 1B78     		ldrb	r3, [r3]
 381 0010 012B     		cmp	r3, #1
 382 0012 02D0     		beq	.L20
 383 0014 022B     		cmp	r3, #2
 384 0016 04D0     		beq	.L21
 385 0018 07E0     		b	.L18
 386              	.L20:
 157:..\..\../board.c ****     {
 158:..\..\../board.c ****       case LED1:
 159:..\..\../board.c ****         LED_BLUE_Write(0);
 387              		.loc 1 159 0
 388 001a 0020     		mov	r0, #0
 389 001c FFF7FEFF 		bl	LED_BLUE_Write
 160:..\..\../board.c ****         break;
 390              		.loc 1 160 0
 391 0020 03E0     		b	.L18
 392              	.L21:
 161:..\..\../board.c ****       case LED2:
 162:..\..\../board.c ****         LED_GREEN_Write(0);
 393              		.loc 1 162 0
 394 0022 0020     		mov	r0, #0
 395 0024 FFF7FEFF 		bl	LED_GREEN_Write
 163:..\..\../board.c ****         break;
 396              		.loc 1 163 0
 397 0028 C046     		mov	r8, r8
 398              	.L18:
 164:..\..\../board.c ****     }
 165:..\..\../board.c **** 
 166:..\..\../board.c **** }
 399              		.loc 1 166 0
 400 002a BD46     		mov	sp, r7
 401 002c 02B0     		add	sp, sp, #8
 402              		@ sp needed for prologue
 403 002e 80BD     		pop	{r7, pc}
 404              		.cfi_endproc
ARM GAS  C:\Users\X0217454\AppData\Local\Temp\ccHIP2aS.s 			page 11


 405              	.LFE43:
 406              		.size	turnLedOn, .-turnLedOn
 407              		.section	.text.turnLedOff,"ax",%progbits
 408              		.align	2
 409              		.global	turnLedOff
 410              		.code	16
 411              		.thumb_func
 412              		.type	turnLedOff, %function
 413              	turnLedOff:
 414              	.LFB44:
 167:..\..\../board.c **** 
 168:..\..\../board.c **** void turnLedOff(char ledNum)
 169:..\..\../board.c **** {
 415              		.loc 1 169 0
 416              		.cfi_startproc
 417 0000 80B5     		push	{r7, lr}
 418              	.LCFI24:
 419              		.cfi_def_cfa_offset 8
 420              		.cfi_offset 7, -8
 421              		.cfi_offset 14, -4
 422 0002 82B0     		sub	sp, sp, #8
 423              	.LCFI25:
 424              		.cfi_def_cfa_offset 16
 425 0004 00AF     		add	r7, sp, #0
 426              	.LCFI26:
 427              		.cfi_def_cfa_register 7
 428 0006 021C     		mov	r2, r0
 429 0008 FB1D     		add	r3, r7, #7
 430 000a 1A70     		strb	r2, [r3]
 170:..\..\../board.c ****     switch(ledNum)
 431              		.loc 1 170 0
 432 000c FB1D     		add	r3, r7, #7
 433 000e 1B78     		ldrb	r3, [r3]
 434 0010 012B     		cmp	r3, #1
 435 0012 02D0     		beq	.L24
 436 0014 022B     		cmp	r3, #2
 437 0016 04D0     		beq	.L25
 438 0018 07E0     		b	.L22
 439              	.L24:
 171:..\..\../board.c ****     {
 172:..\..\../board.c ****       case LED1:
 173:..\..\../board.c ****         LED_BLUE_Write(1);
 440              		.loc 1 173 0
 441 001a 0120     		mov	r0, #1
 442 001c FFF7FEFF 		bl	LED_BLUE_Write
 174:..\..\../board.c ****         break;
 443              		.loc 1 174 0
 444 0020 03E0     		b	.L22
 445              	.L25:
 175:..\..\../board.c ****       case LED2:
 176:..\..\../board.c ****         LED_GREEN_Write(1);
 446              		.loc 1 176 0
 447 0022 0120     		mov	r0, #1
 448 0024 FFF7FEFF 		bl	LED_GREEN_Write
 177:..\..\../board.c ****         break;
 449              		.loc 1 177 0
 450 0028 C046     		mov	r8, r8
ARM GAS  C:\Users\X0217454\AppData\Local\Temp\ccHIP2aS.s 			page 12


 451              	.L22:
 178:..\..\../board.c ****     }  
 179:..\..\../board.c **** }
 452              		.loc 1 179 0
 453 002a BD46     		mov	sp, r7
 454 002c 02B0     		add	sp, sp, #8
 455              		@ sp needed for prologue
 456 002e 80BD     		pop	{r7, pc}
 457              		.cfi_endproc
 458              	.LFE44:
 459              		.size	turnLedOff, .-turnLedOff
 460              		.section	.text.toggleLed,"ax",%progbits
 461              		.align	2
 462              		.global	toggleLed
 463              		.code	16
 464              		.thumb_func
 465              		.type	toggleLed, %function
 466              	toggleLed:
 467              	.LFB45:
 180:..\..\../board.c **** 
 181:..\..\../board.c **** void toggleLed(char ledNum)
 182:..\..\../board.c **** {
 468              		.loc 1 182 0
 469              		.cfi_startproc
 470 0000 80B5     		push	{r7, lr}
 471              	.LCFI27:
 472              		.cfi_def_cfa_offset 8
 473              		.cfi_offset 7, -8
 474              		.cfi_offset 14, -4
 475 0002 82B0     		sub	sp, sp, #8
 476              	.LCFI28:
 477              		.cfi_def_cfa_offset 16
 478 0004 00AF     		add	r7, sp, #0
 479              	.LCFI29:
 480              		.cfi_def_cfa_register 7
 481 0006 021C     		mov	r2, r0
 482 0008 FB1D     		add	r3, r7, #7
 483 000a 1A70     		strb	r2, [r3]
 183:..\..\../board.c ****     switch(ledNum)
 484              		.loc 1 183 0
 485 000c FB1D     		add	r3, r7, #7
 486 000e 1B78     		ldrb	r3, [r3]
 487 0010 012B     		cmp	r3, #1
 488 0012 02D0     		beq	.L28
 489 0014 022B     		cmp	r3, #2
 490 0016 09D0     		beq	.L29
 491 0018 11E0     		b	.L26
 492              	.L28:
 184:..\..\../board.c ****     {
 185:..\..\../board.c ****       case LED1:
 186:..\..\../board.c ****         LED_BLUE_Write(~LED_BLUE_Read());
 493              		.loc 1 186 0
 494 001a FFF7FEFF 		bl	LED_BLUE_Read
 495 001e 031C     		mov	r3, r0
 496 0020 DB43     		mvn	r3, r3
 497 0022 DBB2     		uxtb	r3, r3
 498 0024 181C     		mov	r0, r3
ARM GAS  C:\Users\X0217454\AppData\Local\Temp\ccHIP2aS.s 			page 13


 499 0026 FFF7FEFF 		bl	LED_BLUE_Write
 187:..\..\../board.c ****         break;
 500              		.loc 1 187 0
 501 002a 08E0     		b	.L26
 502              	.L29:
 188:..\..\../board.c ****       case LED2:
 189:..\..\../board.c ****         LED_GREEN_Write(~LED_GREEN_Read());
 503              		.loc 1 189 0
 504 002c FFF7FEFF 		bl	LED_GREEN_Read
 505 0030 031C     		mov	r3, r0
 506 0032 DB43     		mvn	r3, r3
 507 0034 DBB2     		uxtb	r3, r3
 508 0036 181C     		mov	r0, r3
 509 0038 FFF7FEFF 		bl	LED_GREEN_Write
 190:..\..\../board.c ****         break;
 510              		.loc 1 190 0
 511 003c C046     		mov	r8, r8
 512              	.L26:
 191:..\..\../board.c ****     }
 192:..\..\../board.c **** 
 193:..\..\../board.c **** }
 513              		.loc 1 193 0
 514 003e BD46     		mov	sp, r7
 515 0040 02B0     		add	sp, sp, #8
 516              		@ sp needed for prologue
 517 0042 80BD     		pop	{r7, pc}
 518              		.cfi_endproc
 519              	.LFE45:
 520              		.size	toggleLed, .-toggleLed
 521              		.section	.text.GetLEDStatus,"ax",%progbits
 522              		.align	2
 523              		.global	GetLEDStatus
 524              		.code	16
 525              		.thumb_func
 526              		.type	GetLEDStatus, %function
 527              	GetLEDStatus:
 528              	.LFB46:
 194:..\..\../board.c **** 
 195:..\..\../board.c **** unsigned char GetLEDStatus()
 196:..\..\../board.c **** {
 529              		.loc 1 196 0
 530              		.cfi_startproc
 531 0000 80B5     		push	{r7, lr}
 532              	.LCFI30:
 533              		.cfi_def_cfa_offset 8
 534              		.cfi_offset 7, -8
 535              		.cfi_offset 14, -4
 536 0002 82B0     		sub	sp, sp, #8
 537              	.LCFI31:
 538              		.cfi_def_cfa_offset 16
 539 0004 00AF     		add	r7, sp, #0
 540              	.LCFI32:
 541              		.cfi_def_cfa_register 7
 197:..\..\../board.c ****   unsigned char status = 0;
 542              		.loc 1 197 0
 543 0006 FB1D     		add	r3, r7, #7
 544 0008 0022     		mov	r2, #0
ARM GAS  C:\Users\X0217454\AppData\Local\Temp\ccHIP2aS.s 			page 14


 545 000a 1A70     		strb	r2, [r3]
 198:..\..\../board.c ****     
 199:..\..\../board.c ****   if(LED_BLUE_Read() && LED_GREEN_Read())
 546              		.loc 1 199 0
 547 000c FFF7FEFF 		bl	LED_BLUE_Read
 548 0010 031C     		mov	r3, r0
 549 0012 002B     		cmp	r3, #0
 550 0014 07D0     		beq	.L31
 551              		.loc 1 199 0 is_stmt 0 discriminator 1
 552 0016 FFF7FEFF 		bl	LED_GREEN_Read
 553 001a 031C     		mov	r3, r0
 554 001c 002B     		cmp	r3, #0
 555 001e 02D0     		beq	.L31
 200:..\..\../board.c ****     status = 4;
 556              		.loc 1 200 0 is_stmt 1
 557 0020 FB1D     		add	r3, r7, #7
 558 0022 0422     		mov	r2, #4
 559 0024 1A70     		strb	r2, [r3]
 560              	.L31:
 201:..\..\../board.c ****   if(LED_BLUE_Read())
 561              		.loc 1 201 0
 562 0026 FFF7FEFF 		bl	LED_BLUE_Read
 563 002a 031C     		mov	r3, r0
 564 002c 002B     		cmp	r3, #0
 565 002e 02D0     		beq	.L32
 202:..\..\../board.c ****     status = 1;
 566              		.loc 1 202 0
 567 0030 FB1D     		add	r3, r7, #7
 568 0032 0122     		mov	r2, #1
 569 0034 1A70     		strb	r2, [r3]
 570              	.L32:
 203:..\..\../board.c ****     //status |= (1 << 0);
 204:..\..\../board.c ****   if(LED_GREEN_Read())
 571              		.loc 1 204 0
 572 0036 FFF7FEFF 		bl	LED_GREEN_Read
 573 003a 031C     		mov	r3, r0
 574 003c 002B     		cmp	r3, #0
 575 003e 02D0     		beq	.L33
 205:..\..\../board.c ****     status = 2;
 576              		.loc 1 205 0
 577 0040 FB1D     		add	r3, r7, #7
 578 0042 0222     		mov	r2, #2
 579 0044 1A70     		strb	r2, [r3]
 580              	.L33:
 206:..\..\../board.c ****     //status |= (1 << 1);
 207:..\..\../board.c **** 
 208:..\..\../board.c ****   return status;
 581              		.loc 1 208 0
 582 0046 FB1D     		add	r3, r7, #7
 583 0048 1B78     		ldrb	r3, [r3]
 209:..\..\../board.c **** }
 584              		.loc 1 209 0
 585 004a 181C     		mov	r0, r3
 586 004c BD46     		mov	sp, r7
 587 004e 02B0     		add	sp, sp, #8
 588              		@ sp needed for prologue
 589 0050 80BD     		pop	{r7, pc}
ARM GAS  C:\Users\X0217454\AppData\Local\Temp\ccHIP2aS.s 			page 15


 590              		.cfi_endproc
 591              	.LFE46:
 592              		.size	GetLEDStatus, .-GetLEDStatus
 593 0052 C046     		.section	.text.initAntSelGPIO,"ax",%progbits
 594              		.align	2
 595              		.global	initAntSelGPIO
 596              		.code	16
 597              		.thumb_func
 598              		.type	initAntSelGPIO, %function
 599              	initAntSelGPIO:
 600              	.LFB47:
 210:..\..\../board.c **** 
 211:..\..\../board.c **** void initAntSelGPIO()
 212:..\..\../board.c **** {
 601              		.loc 1 212 0
 602              		.cfi_startproc
 603 0000 80B5     		push	{r7, lr}
 604              	.LCFI33:
 605              		.cfi_def_cfa_offset 8
 606              		.cfi_offset 7, -8
 607              		.cfi_offset 14, -4
 608 0002 00AF     		add	r7, sp, #0
 609              	.LCFI34:
 610              		.cfi_def_cfa_register 7
 213:..\..\../board.c **** }
 611              		.loc 1 213 0
 612 0004 BD46     		mov	sp, r7
 613              		@ sp needed for prologue
 614 0006 80BD     		pop	{r7, pc}
 615              		.cfi_endproc
 616              	.LFE47:
 617              		.size	initAntSelGPIO, .-initAntSelGPIO
 618              		.section	.text.SelAntenna,"ax",%progbits
 619              		.align	2
 620              		.global	SelAntenna
 621              		.code	16
 622              		.thumb_func
 623              		.type	SelAntenna, %function
 624              	SelAntenna:
 625              	.LFB48:
 214:..\..\../board.c **** 
 215:..\..\../board.c **** void SelAntenna(int antenna)
 216:..\..\../board.c **** {
 626              		.loc 1 216 0
 627              		.cfi_startproc
 628 0000 80B5     		push	{r7, lr}
 629              	.LCFI35:
 630              		.cfi_def_cfa_offset 8
 631              		.cfi_offset 7, -8
 632              		.cfi_offset 14, -4
 633 0002 82B0     		sub	sp, sp, #8
 634              	.LCFI36:
 635              		.cfi_def_cfa_offset 16
 636 0004 00AF     		add	r7, sp, #0
 637              	.LCFI37:
 638              		.cfi_def_cfa_register 7
 639 0006 7860     		str	r0, [r7, #4]
ARM GAS  C:\Users\X0217454\AppData\Local\Temp\ccHIP2aS.s 			page 16


 217:..\..\../board.c **** }
 640              		.loc 1 217 0
 641 0008 BD46     		mov	sp, r7
 642 000a 02B0     		add	sp, sp, #8
 643              		@ sp needed for prologue
 644 000c 80BD     		pop	{r7, pc}
 645              		.cfi_endproc
 646              	.LFE48:
 647              		.size	SelAntenna, .-SelAntenna
 648 000e C046     		.section	.text.Delay,"ax",%progbits
 649              		.align	2
 650              		.global	Delay
 651              		.code	16
 652              		.thumb_func
 653              		.type	Delay, %function
 654              	Delay:
 655              	.LFB49:
 218:..\..\../board.c **** 
 219:..\..\../board.c **** void Delay(unsigned long interval)
 220:..\..\../board.c **** {
 656              		.loc 1 220 0
 657              		.cfi_startproc
 658 0000 80B5     		push	{r7, lr}
 659              	.LCFI38:
 660              		.cfi_def_cfa_offset 8
 661              		.cfi_offset 7, -8
 662              		.cfi_offset 14, -4
 663 0002 82B0     		sub	sp, sp, #8
 664              	.LCFI39:
 665              		.cfi_def_cfa_offset 16
 666 0004 00AF     		add	r7, sp, #0
 667              	.LCFI40:
 668              		.cfi_def_cfa_register 7
 669 0006 7860     		str	r0, [r7, #4]
 221:..\..\../board.c ****     while(interval > 0)
 670              		.loc 1 221 0
 671 0008 07E0     		b	.L38
 672              	.L39:
 222:..\..\../board.c ****     {
 223:..\..\../board.c ****         CyDelay(1000u);
 673              		.loc 1 223 0
 674 000a FA23     		mov	r3, #250
 675 000c 9B00     		lsl	r3, r3, #2
 676 000e 181C     		mov	r0, r3
 677 0010 FFF7FEFF 		bl	CyDelay
 224:..\..\../board.c ****         interval--;
 678              		.loc 1 224 0
 679 0014 7B68     		ldr	r3, [r7, #4]
 680 0016 013B     		sub	r3, r3, #1
 681 0018 7B60     		str	r3, [r7, #4]
 682              	.L38:
 221:..\..\../board.c ****     while(interval > 0)
 683              		.loc 1 221 0 discriminator 1
 684 001a 7B68     		ldr	r3, [r7, #4]
 685 001c 002B     		cmp	r3, #0
 686 001e F4D1     		bne	.L39
 225:..\..\../board.c ****     }
ARM GAS  C:\Users\X0217454\AppData\Local\Temp\ccHIP2aS.s 			page 17


 226:..\..\../board.c **** }...
 687              		.loc 1 226 0
 688 0020 BD46     		mov	sp, r7
 689 0022 02B0     		add	sp, sp, #8
 690              		@ sp needed for prologue
 691 0024 80BD     		pop	{r7, pc}
 692              		.cfi_endproc
 693              	.LFE49:
 694              		.size	Delay, .-Delay
 695 0026 C046     		.text
 696              	.Letext0:
 697              		.file 2 "..\\..\\../board.h"
 698              		.file 3 "..\\..\\..\\..\\..\\simplelink\\include/../source/datatypes.h"
 699              		.section	.debug_info,"",%progbits
 700              	.Ldebug_info0:
 701 0000 F9020000 		.4byte	0x2f9
 702 0004 0200     		.2byte	0x2
 703 0006 00000000 		.4byte	.Ldebug_abbrev0
 704 000a 04       		.byte	0x4
 705 000b 01       		.uleb128 0x1
 706 000c 87020000 		.4byte	.LASF41
 707 0010 01       		.byte	0x1
 708 0011 4B020000 		.4byte	.LASF42
 709 0015 8E000000 		.4byte	.LASF43
 710 0019 00000000 		.4byte	.Ldebug_ranges0+0
 711 001d 00000000 		.4byte	0
 712 0021 00000000 		.4byte	0
 713 0025 00000000 		.4byte	.Ldebug_line0
 714 0029 02       		.uleb128 0x2
 715 002a 01       		.byte	0x1
 716 002b 06       		.byte	0x6
 717 002c 6C020000 		.4byte	.LASF0
 718 0030 02       		.uleb128 0x2
 719 0031 01       		.byte	0x1
 720 0032 08       		.byte	0x8
 721 0033 54000000 		.4byte	.LASF1
 722 0037 02       		.uleb128 0x2
 723 0038 02       		.byte	0x2
 724 0039 05       		.byte	0x5
 725 003a 07020000 		.4byte	.LASF2
 726 003e 02       		.uleb128 0x2
 727 003f 02       		.byte	0x2
 728 0040 07       		.byte	0x7
 729 0041 32000000 		.4byte	.LASF3
 730 0045 03       		.uleb128 0x3
 731 0046 04       		.byte	0x4
 732 0047 05       		.byte	0x5
 733 0048 696E7400 		.ascii	"int\000"
 734 004c 02       		.uleb128 0x2
 735 004d 04       		.byte	0x4
 736 004e 07       		.byte	0x7
 737 004f 6C010000 		.4byte	.LASF4
 738 0053 02       		.uleb128 0x2
 739 0054 08       		.byte	0x8
 740 0055 05       		.byte	0x5
 741 0056 CF010000 		.4byte	.LASF5
 742 005a 02       		.uleb128 0x2
ARM GAS  C:\Users\X0217454\AppData\Local\Temp\ccHIP2aS.s 			page 18


 743 005b 08       		.byte	0x8
 744 005c 07       		.byte	0x7
 745 005d 83010000 		.4byte	.LASF6
 746 0061 02       		.uleb128 0x2
 747 0062 04       		.byte	0x4
 748 0063 05       		.byte	0x5
 749 0064 3D020000 		.4byte	.LASF7
 750 0068 02       		.uleb128 0x2
 751 0069 04       		.byte	0x4
 752 006a 07       		.byte	0x7
 753 006b C6010000 		.4byte	.LASF8
 754 006f 04       		.uleb128 0x4
 755 0070 04       		.byte	0x4
 756 0071 02       		.uleb128 0x2
 757 0072 04       		.byte	0x4
 758 0073 07       		.byte	0x7
 759 0074 6E000000 		.4byte	.LASF9
 760 0078 02       		.uleb128 0x2
 761 0079 01       		.byte	0x1
 762 007a 08       		.byte	0x8
 763 007b 46020000 		.4byte	.LASF10
 764 007f 05       		.uleb128 0x5
 765 0080 5C020000 		.4byte	.LASF14
 766 0084 02       		.byte	0x2
 767 0085 35       		.byte	0x35
 768 0086 8A000000 		.4byte	0x8a
 769 008a 06       		.uleb128 0x6
 770 008b 04       		.byte	0x4
 771 008c 90000000 		.4byte	0x90
 772 0090 07       		.uleb128 0x7
 773 0091 01       		.byte	0x1
 774 0092 9C000000 		.4byte	0x9c
 775 0096 08       		.uleb128 0x8
 776 0097 6F000000 		.4byte	0x6f
 777 009b 00       		.byte	0
 778 009c 09       		.uleb128 0x9
 779 009d 01       		.byte	0x1
 780 009e 02       		.byte	0x2
 781 009f 44       		.byte	0x44
 782 00a0 B7000000 		.4byte	0xb7
 783 00a4 0A       		.uleb128 0xa
 784 00a5 65010000 		.4byte	.LASF11
 785 00a9 00       		.sleb128 0
 786 00aa 0A       		.uleb128 0xa
 787 00ab FD010000 		.4byte	.LASF12
 788 00af 01       		.sleb128 1
 789 00b0 0A       		.uleb128 0xa
 790 00b1 02020000 		.4byte	.LASF13
 791 00b5 02       		.sleb128 2
 792 00b6 00       		.byte	0
 793 00b7 05       		.uleb128 0x5
 794 00b8 4C000000 		.4byte	.LASF15
 795 00bc 03       		.byte	0x3
 796 00bd 54       		.byte	0x54
 797 00be 30000000 		.4byte	0x30
 798 00c2 02       		.uleb128 0x2
 799 00c3 04       		.byte	0x4
ARM GAS  C:\Users\X0217454\AppData\Local\Temp\ccHIP2aS.s 			page 19


 800 00c4 04       		.byte	0x4
 801 00c5 07000000 		.4byte	.LASF16
 802 00c9 02       		.uleb128 0x2
 803 00ca 08       		.byte	0x8
 804 00cb 04       		.byte	0x4
 805 00cc 38010000 		.4byte	.LASF17
 806 00d0 0B       		.uleb128 0xb
 807 00d1 01       		.byte	0x1
 808 00d2 DD010000 		.4byte	.LASF44
 809 00d6 01       		.byte	0x1
 810 00d7 3D       		.byte	0x3d
 811 00d8 01       		.byte	0x1
 812 00d9 45000000 		.4byte	0x45
 813 00dd 00000000 		.4byte	.LFB33
 814 00e1 20000000 		.4byte	.LFE33
 815 00e5 00000000 		.4byte	.LLST0
 816 00e9 01       		.byte	0x1
 817 00ea 0B010000 		.4byte	0x10b
 818 00ee 0C       		.uleb128 0xc
 819 00ef B0010000 		.4byte	.LASF18
 820 00f3 01       		.byte	0x1
 821 00f4 3D       		.byte	0x3d
 822 00f5 7F000000 		.4byte	0x7f
 823 00f9 02       		.byte	0x2
 824 00fa 91       		.byte	0x91
 825 00fb 74       		.sleb128 -12
 826 00fc 0C       		.uleb128 0xc
 827 00fd 00000000 		.4byte	.LASF19
 828 0101 01       		.byte	0x1
 829 0102 3D       		.byte	0x3d
 830 0103 6F000000 		.4byte	0x6f
 831 0107 02       		.byte	0x2
 832 0108 91       		.byte	0x91
 833 0109 70       		.sleb128 -16
 834 010a 00       		.byte	0
 835 010b 0D       		.uleb128 0xd
 836 010c 01       		.byte	0x1
 837 010d 23000000 		.4byte	.LASF20
 838 0111 01       		.byte	0x1
 839 0112 44       		.byte	0x44
 840 0113 00000000 		.4byte	.LFB34
 841 0117 0E000000 		.4byte	.LFE34
 842 011b 38000000 		.4byte	.LLST1
 843 011f 01       		.byte	0x1
 844 0120 0D       		.uleb128 0xd
 845 0121 01       		.byte	0x1
 846 0122 0D000000 		.4byte	.LASF21
 847 0126 01       		.byte	0x1
 848 0127 4A       		.byte	0x4a
 849 0128 00000000 		.4byte	.LFB35
 850 012c 0E000000 		.4byte	.LFE35
 851 0130 64000000 		.4byte	.LLST2
 852 0134 01       		.byte	0x1
 853 0135 0E       		.uleb128 0xe
 854 0136 01       		.byte	0x1
 855 0137 19010000 		.4byte	.LASF25
 856 013b 01       		.byte	0x1
ARM GAS  C:\Users\X0217454\AppData\Local\Temp\ccHIP2aS.s 			page 20


 857 013c 4F       		.byte	0x4f
 858 013d 01       		.byte	0x1
 859 013e 00000000 		.4byte	.LFB36
 860 0142 0E000000 		.4byte	.LFE36
 861 0146 90000000 		.4byte	.LLST3
 862 014a 01       		.byte	0x1
 863 014b 0D       		.uleb128 0xd
 864 014c 01       		.byte	0x1
 865 014d 3F010000 		.4byte	.LASF22
 866 0151 01       		.byte	0x1
 867 0152 63       		.byte	0x63
 868 0153 00000000 		.4byte	.LFB37
 869 0157 0E000000 		.4byte	.LFE37
 870 015b BC000000 		.4byte	.LLST4
 871 015f 01       		.byte	0x1
 872 0160 0F       		.uleb128 0xf
 873 0161 01       		.byte	0x1
 874 0162 A4010000 		.4byte	.LASF23
 875 0166 01       		.byte	0x1
 876 0167 77       		.byte	0x77
 877 0168 00000000 		.4byte	.LFB38
 878 016c 14000000 		.4byte	.LFE38
 879 0170 E8000000 		.4byte	.LLST5
 880 0174 01       		.byte	0x1
 881 0175 0F       		.uleb128 0xf
 882 0176 01       		.byte	0x1
 883 0177 80000000 		.4byte	.LASF24
 884 017b 01       		.byte	0x1
 885 017c 7C       		.byte	0x7c
 886 017d 00000000 		.4byte	.LFB39
 887 0181 14000000 		.4byte	.LFE39
 888 0185 14010000 		.4byte	.LLST6
 889 0189 01       		.byte	0x1
 890 018a 0E       		.uleb128 0xe
 891 018b 01       		.byte	0x1
 892 018c 5D010000 		.4byte	.LASF26
 893 0190 01       		.byte	0x1
 894 0191 81       		.byte	0x81
 895 0192 01       		.byte	0x1
 896 0193 00000000 		.4byte	.LFB40
 897 0197 14000000 		.4byte	.LFE40
 898 019b 40010000 		.4byte	.LLST7
 899 019f 01       		.byte	0x1
 900 01a0 0D       		.uleb128 0xd
 901 01a1 01       		.byte	0x1
 902 01a2 30010000 		.4byte	.LASF27
 903 01a6 01       		.byte	0x1
 904 01a7 8A       		.byte	0x8a
 905 01a8 00000000 		.4byte	.LFB41
 906 01ac 1A000000 		.4byte	.LFE41
 907 01b0 6C010000 		.4byte	.LLST8
 908 01b4 01       		.byte	0x1
 909 01b5 0D       		.uleb128 0xd
 910 01b6 01       		.byte	0x1
 911 01b7 BD010000 		.4byte	.LASF28
 912 01bb 01       		.byte	0x1
 913 01bc 91       		.byte	0x91
ARM GAS  C:\Users\X0217454\AppData\Local\Temp\ccHIP2aS.s 			page 21


 914 01bd 00000000 		.4byte	.LFB42
 915 01c1 14000000 		.4byte	.LFE42
 916 01c5 98010000 		.4byte	.LLST9
 917 01c9 01       		.byte	0x1
 918 01ca 10       		.uleb128 0x10
 919 01cb 01       		.byte	0x1
 920 01cc 79010000 		.4byte	.LASF30
 921 01d0 01       		.byte	0x1
 922 01d1 9A       		.byte	0x9a
 923 01d2 01       		.byte	0x1
 924 01d3 00000000 		.4byte	.LFB43
 925 01d7 30000000 		.4byte	.LFE43
 926 01db C4010000 		.4byte	.LLST10
 927 01df 01       		.byte	0x1
 928 01e0 F3010000 		.4byte	0x1f3
 929 01e4 0C       		.uleb128 0xc
 930 01e5 F6010000 		.4byte	.LASF29
 931 01e9 01       		.byte	0x1
 932 01ea 9A       		.byte	0x9a
 933 01eb 78000000 		.4byte	0x78
 934 01ef 02       		.byte	0x2
 935 01f0 91       		.byte	0x91
 936 01f1 77       		.sleb128 -9
 937 01f2 00       		.byte	0
 938 01f3 10       		.uleb128 0x10
 939 01f4 01       		.byte	0x1
 940 01f5 32020000 		.4byte	.LASF31
 941 01f9 01       		.byte	0x1
 942 01fa A8       		.byte	0xa8
 943 01fb 01       		.byte	0x1
 944 01fc 00000000 		.4byte	.LFB44
 945 0200 30000000 		.4byte	.LFE44
 946 0204 FC010000 		.4byte	.LLST11
 947 0208 01       		.byte	0x1
 948 0209 1C020000 		.4byte	0x21c
 949 020d 0C       		.uleb128 0xc
 950 020e F6010000 		.4byte	.LASF29
 951 0212 01       		.byte	0x1
 952 0213 A8       		.byte	0xa8
 953 0214 78000000 		.4byte	0x78
 954 0218 02       		.byte	0x2
 955 0219 91       		.byte	0x91
 956 021a 77       		.sleb128 -9
 957 021b 00       		.byte	0
 958 021c 10       		.uleb128 0x10
 959 021d 01       		.byte	0x1
 960 021e 9A010000 		.4byte	.LASF32
 961 0222 01       		.byte	0x1
 962 0223 B5       		.byte	0xb5
 963 0224 01       		.byte	0x1
 964 0225 00000000 		.4byte	.LFB45
 965 0229 44000000 		.4byte	.LFE45
 966 022d 34020000 		.4byte	.LLST12
 967 0231 01       		.byte	0x1
 968 0232 45020000 		.4byte	0x245
 969 0236 0C       		.uleb128 0xc
 970 0237 F6010000 		.4byte	.LASF29
ARM GAS  C:\Users\X0217454\AppData\Local\Temp\ccHIP2aS.s 			page 22


 971 023b 01       		.byte	0x1
 972 023c B5       		.byte	0xb5
 973 023d 78000000 		.4byte	0x78
 974 0241 02       		.byte	0x2
 975 0242 91       		.byte	0x91
 976 0243 77       		.sleb128 -9
 977 0244 00       		.byte	0
 978 0245 11       		.uleb128 0x11
 979 0246 01       		.byte	0x1
 980 0247 25020000 		.4byte	.LASF33
 981 024b 01       		.byte	0x1
 982 024c C3       		.byte	0xc3
 983 024d 30000000 		.4byte	0x30
 984 0251 00000000 		.4byte	.LFB46
 985 0255 52000000 		.4byte	.LFE46
 986 0259 6C020000 		.4byte	.LLST13
 987 025d 01       		.byte	0x1
 988 025e 71020000 		.4byte	0x271
 989 0262 12       		.uleb128 0x12
 990 0263 45000000 		.4byte	.LASF45
 991 0267 01       		.byte	0x1
 992 0268 C5       		.byte	0xc5
 993 0269 30000000 		.4byte	0x30
 994 026d 02       		.byte	0x2
 995 026e 91       		.byte	0x91
 996 026f 77       		.sleb128 -9
 997 0270 00       		.byte	0
 998 0271 0F       		.uleb128 0xf
 999 0272 01       		.byte	0x1
 1000 0273 78020000 		.4byte	.LASF34
 1001 0277 01       		.byte	0x1
 1002 0278 D3       		.byte	0xd3
 1003 0279 00000000 		.4byte	.LFB47
 1004 027d 08000000 		.4byte	.LFE47
 1005 0281 A4020000 		.4byte	.LLST14
 1006 0285 01       		.byte	0x1
 1007 0286 13       		.uleb128 0x13
 1008 0287 01       		.byte	0x1
 1009 0288 11020000 		.4byte	.LASF35
 1010 028c 01       		.byte	0x1
 1011 028d D7       		.byte	0xd7
 1012 028e 01       		.byte	0x1
 1013 028f 00000000 		.4byte	.LFB48
 1014 0293 0E000000 		.4byte	.LFE48
 1015 0297 D0020000 		.4byte	.LLST15
 1016 029b 01       		.byte	0x1
 1017 029c AF020000 		.4byte	0x2af
 1018 02a0 0C       		.uleb128 0xc
 1019 02a1 1B000000 		.4byte	.LASF36
 1020 02a5 01       		.byte	0x1
 1021 02a6 D7       		.byte	0xd7
 1022 02a7 45000000 		.4byte	0x45
 1023 02ab 02       		.byte	0x2
 1024 02ac 91       		.byte	0x91
 1025 02ad 74       		.sleb128 -12
 1026 02ae 00       		.byte	0
 1027 02af 10       		.uleb128 0x10
ARM GAS  C:\Users\X0217454\AppData\Local\Temp\ccHIP2aS.s 			page 23


 1028 02b0 01       		.byte	0x1
 1029 02b1 57010000 		.4byte	.LASF37
 1030 02b5 01       		.byte	0x1
 1031 02b6 DB       		.byte	0xdb
 1032 02b7 01       		.byte	0x1
 1033 02b8 00000000 		.4byte	.LFB49
 1034 02bc 26000000 		.4byte	.LFE49
 1035 02c0 08030000 		.4byte	.LLST16
 1036 02c4 01       		.byte	0x1
 1037 02c5 D8020000 		.4byte	0x2d8
 1038 02c9 0C       		.uleb128 0xc
 1039 02ca 1C020000 		.4byte	.LASF38
 1040 02ce 01       		.byte	0x1
 1041 02cf DB       		.byte	0xdb
 1042 02d0 71000000 		.4byte	0x71
 1043 02d4 02       		.byte	0x2
 1044 02d5 91       		.byte	0x91
 1045 02d6 74       		.sleb128 -12
 1046 02d7 00       		.byte	0
 1047 02d8 14       		.uleb128 0x14
 1048 02d9 D0020000 		.4byte	.LASF39
 1049 02dd 01       		.byte	0x1
 1050 02de 31       		.byte	0x31
 1051 02df 7F000000 		.4byte	0x7f
 1052 02e3 01       		.byte	0x1
 1053 02e4 05       		.byte	0x5
 1054 02e5 03       		.byte	0x3
 1055 02e6 00000000 		.4byte	pIrqEventHandler
 1056 02ea 14       		.uleb128 0x14
 1057 02eb 62000000 		.4byte	.LASF40
 1058 02ef 01       		.byte	0x1
 1059 02f0 33       		.byte	0x33
 1060 02f1 B7000000 		.4byte	0xb7
 1061 02f5 01       		.byte	0x1
 1062 02f6 05       		.byte	0x5
 1063 02f7 03       		.byte	0x3
 1064 02f8 00000000 		.4byte	IntIsMasked
 1065 02fc 00       		.byte	0
 1066              		.section	.debug_abbrev,"",%progbits
 1067              	.Ldebug_abbrev0:
 1068 0000 01       		.uleb128 0x1
 1069 0001 11       		.uleb128 0x11
 1070 0002 01       		.byte	0x1
 1071 0003 25       		.uleb128 0x25
 1072 0004 0E       		.uleb128 0xe
 1073 0005 13       		.uleb128 0x13
 1074 0006 0B       		.uleb128 0xb
 1075 0007 03       		.uleb128 0x3
 1076 0008 0E       		.uleb128 0xe
 1077 0009 1B       		.uleb128 0x1b
 1078 000a 0E       		.uleb128 0xe
 1079 000b 55       		.uleb128 0x55
 1080 000c 06       		.uleb128 0x6
 1081 000d 11       		.uleb128 0x11
 1082 000e 01       		.uleb128 0x1
 1083 000f 52       		.uleb128 0x52
 1084 0010 01       		.uleb128 0x1
ARM GAS  C:\Users\X0217454\AppData\Local\Temp\ccHIP2aS.s 			page 24


 1085 0011 10       		.uleb128 0x10
 1086 0012 06       		.uleb128 0x6
 1087 0013 00       		.byte	0
 1088 0014 00       		.byte	0
 1089 0015 02       		.uleb128 0x2
 1090 0016 24       		.uleb128 0x24
 1091 0017 00       		.byte	0
 1092 0018 0B       		.uleb128 0xb
 1093 0019 0B       		.uleb128 0xb
 1094 001a 3E       		.uleb128 0x3e
 1095 001b 0B       		.uleb128 0xb
 1096 001c 03       		.uleb128 0x3
 1097 001d 0E       		.uleb128 0xe
 1098 001e 00       		.byte	0
 1099 001f 00       		.byte	0
 1100 0020 03       		.uleb128 0x3
 1101 0021 24       		.uleb128 0x24
 1102 0022 00       		.byte	0
 1103 0023 0B       		.uleb128 0xb
 1104 0024 0B       		.uleb128 0xb
 1105 0025 3E       		.uleb128 0x3e
 1106 0026 0B       		.uleb128 0xb
 1107 0027 03       		.uleb128 0x3
 1108 0028 08       		.uleb128 0x8
 1109 0029 00       		.byte	0
 1110 002a 00       		.byte	0
 1111 002b 04       		.uleb128 0x4
 1112 002c 0F       		.uleb128 0xf
 1113 002d 00       		.byte	0
 1114 002e 0B       		.uleb128 0xb
 1115 002f 0B       		.uleb128 0xb
 1116 0030 00       		.byte	0
 1117 0031 00       		.byte	0
 1118 0032 05       		.uleb128 0x5
 1119 0033 16       		.uleb128 0x16
 1120 0034 00       		.byte	0
 1121 0035 03       		.uleb128 0x3
 1122 0036 0E       		.uleb128 0xe
 1123 0037 3A       		.uleb128 0x3a
 1124 0038 0B       		.uleb128 0xb
 1125 0039 3B       		.uleb128 0x3b
 1126 003a 0B       		.uleb128 0xb
 1127 003b 49       		.uleb128 0x49
 1128 003c 13       		.uleb128 0x13
 1129 003d 00       		.byte	0
 1130 003e 00       		.byte	0
 1131 003f 06       		.uleb128 0x6
 1132 0040 0F       		.uleb128 0xf
 1133 0041 00       		.byte	0
 1134 0042 0B       		.uleb128 0xb
 1135 0043 0B       		.uleb128 0xb
 1136 0044 49       		.uleb128 0x49
 1137 0045 13       		.uleb128 0x13
 1138 0046 00       		.byte	0
 1139 0047 00       		.byte	0
 1140 0048 07       		.uleb128 0x7
 1141 0049 15       		.uleb128 0x15
ARM GAS  C:\Users\X0217454\AppData\Local\Temp\ccHIP2aS.s 			page 25


 1142 004a 01       		.byte	0x1
 1143 004b 27       		.uleb128 0x27
 1144 004c 0C       		.uleb128 0xc
 1145 004d 01       		.uleb128 0x1
 1146 004e 13       		.uleb128 0x13
 1147 004f 00       		.byte	0
 1148 0050 00       		.byte	0
 1149 0051 08       		.uleb128 0x8
 1150 0052 05       		.uleb128 0x5
 1151 0053 00       		.byte	0
 1152 0054 49       		.uleb128 0x49
 1153 0055 13       		.uleb128 0x13
 1154 0056 00       		.byte	0
 1155 0057 00       		.byte	0
 1156 0058 09       		.uleb128 0x9
 1157 0059 04       		.uleb128 0x4
 1158 005a 01       		.byte	0x1
 1159 005b 0B       		.uleb128 0xb
 1160 005c 0B       		.uleb128 0xb
 1161 005d 3A       		.uleb128 0x3a
 1162 005e 0B       		.uleb128 0xb
 1163 005f 3B       		.uleb128 0x3b
 1164 0060 0B       		.uleb128 0xb
 1165 0061 01       		.uleb128 0x1
 1166 0062 13       		.uleb128 0x13
 1167 0063 00       		.byte	0
 1168 0064 00       		.byte	0
 1169 0065 0A       		.uleb128 0xa
 1170 0066 28       		.uleb128 0x28
 1171 0067 00       		.byte	0
 1172 0068 03       		.uleb128 0x3
 1173 0069 0E       		.uleb128 0xe
 1174 006a 1C       		.uleb128 0x1c
 1175 006b 0D       		.uleb128 0xd
 1176 006c 00       		.byte	0
 1177 006d 00       		.byte	0
 1178 006e 0B       		.uleb128 0xb
 1179 006f 2E       		.uleb128 0x2e
 1180 0070 01       		.byte	0x1
 1181 0071 3F       		.uleb128 0x3f
 1182 0072 0C       		.uleb128 0xc
 1183 0073 03       		.uleb128 0x3
 1184 0074 0E       		.uleb128 0xe
 1185 0075 3A       		.uleb128 0x3a
 1186 0076 0B       		.uleb128 0xb
 1187 0077 3B       		.uleb128 0x3b
 1188 0078 0B       		.uleb128 0xb
 1189 0079 27       		.uleb128 0x27
 1190 007a 0C       		.uleb128 0xc
 1191 007b 49       		.uleb128 0x49
 1192 007c 13       		.uleb128 0x13
 1193 007d 11       		.uleb128 0x11
 1194 007e 01       		.uleb128 0x1
 1195 007f 12       		.uleb128 0x12
 1196 0080 01       		.uleb128 0x1
 1197 0081 40       		.uleb128 0x40
 1198 0082 06       		.uleb128 0x6
ARM GAS  C:\Users\X0217454\AppData\Local\Temp\ccHIP2aS.s 			page 26


 1199 0083 9742     		.uleb128 0x2117
 1200 0085 0C       		.uleb128 0xc
 1201 0086 01       		.uleb128 0x1
 1202 0087 13       		.uleb128 0x13
 1203 0088 00       		.byte	0
 1204 0089 00       		.byte	0
 1205 008a 0C       		.uleb128 0xc
 1206 008b 05       		.uleb128 0x5
 1207 008c 00       		.byte	0
 1208 008d 03       		.uleb128 0x3
 1209 008e 0E       		.uleb128 0xe
 1210 008f 3A       		.uleb128 0x3a
 1211 0090 0B       		.uleb128 0xb
 1212 0091 3B       		.uleb128 0x3b
 1213 0092 0B       		.uleb128 0xb
 1214 0093 49       		.uleb128 0x49
 1215 0094 13       		.uleb128 0x13
 1216 0095 02       		.uleb128 0x2
 1217 0096 0A       		.uleb128 0xa
 1218 0097 00       		.byte	0
 1219 0098 00       		.byte	0
 1220 0099 0D       		.uleb128 0xd
 1221 009a 2E       		.uleb128 0x2e
 1222 009b 00       		.byte	0
 1223 009c 3F       		.uleb128 0x3f
 1224 009d 0C       		.uleb128 0xc
 1225 009e 03       		.uleb128 0x3
 1226 009f 0E       		.uleb128 0xe
 1227 00a0 3A       		.uleb128 0x3a
 1228 00a1 0B       		.uleb128 0xb
 1229 00a2 3B       		.uleb128 0x3b
 1230 00a3 0B       		.uleb128 0xb
 1231 00a4 11       		.uleb128 0x11
 1232 00a5 01       		.uleb128 0x1
 1233 00a6 12       		.uleb128 0x12
 1234 00a7 01       		.uleb128 0x1
 1235 00a8 40       		.uleb128 0x40
 1236 00a9 06       		.uleb128 0x6
 1237 00aa 9642     		.uleb128 0x2116
 1238 00ac 0C       		.uleb128 0xc
 1239 00ad 00       		.byte	0
 1240 00ae 00       		.byte	0
 1241 00af 0E       		.uleb128 0xe
 1242 00b0 2E       		.uleb128 0x2e
 1243 00b1 00       		.byte	0
 1244 00b2 3F       		.uleb128 0x3f
 1245 00b3 0C       		.uleb128 0xc
 1246 00b4 03       		.uleb128 0x3
 1247 00b5 0E       		.uleb128 0xe
 1248 00b6 3A       		.uleb128 0x3a
 1249 00b7 0B       		.uleb128 0xb
 1250 00b8 3B       		.uleb128 0x3b
 1251 00b9 0B       		.uleb128 0xb
 1252 00ba 27       		.uleb128 0x27
 1253 00bb 0C       		.uleb128 0xc
 1254 00bc 11       		.uleb128 0x11
 1255 00bd 01       		.uleb128 0x1
ARM GAS  C:\Users\X0217454\AppData\Local\Temp\ccHIP2aS.s 			page 27


 1256 00be 12       		.uleb128 0x12
 1257 00bf 01       		.uleb128 0x1
 1258 00c0 40       		.uleb128 0x40
 1259 00c1 06       		.uleb128 0x6
 1260 00c2 9642     		.uleb128 0x2116
 1261 00c4 0C       		.uleb128 0xc
 1262 00c5 00       		.byte	0
 1263 00c6 00       		.byte	0
 1264 00c7 0F       		.uleb128 0xf
 1265 00c8 2E       		.uleb128 0x2e
 1266 00c9 00       		.byte	0
 1267 00ca 3F       		.uleb128 0x3f
 1268 00cb 0C       		.uleb128 0xc
 1269 00cc 03       		.uleb128 0x3
 1270 00cd 0E       		.uleb128 0xe
 1271 00ce 3A       		.uleb128 0x3a
 1272 00cf 0B       		.uleb128 0xb
 1273 00d0 3B       		.uleb128 0x3b
 1274 00d1 0B       		.uleb128 0xb
 1275 00d2 11       		.uleb128 0x11
 1276 00d3 01       		.uleb128 0x1
 1277 00d4 12       		.uleb128 0x12
 1278 00d5 01       		.uleb128 0x1
 1279 00d6 40       		.uleb128 0x40
 1280 00d7 06       		.uleb128 0x6
 1281 00d8 9742     		.uleb128 0x2117
 1282 00da 0C       		.uleb128 0xc
 1283 00db 00       		.byte	0
 1284 00dc 00       		.byte	0
 1285 00dd 10       		.uleb128 0x10
 1286 00de 2E       		.uleb128 0x2e
 1287 00df 01       		.byte	0x1
 1288 00e0 3F       		.uleb128 0x3f
 1289 00e1 0C       		.uleb128 0xc
 1290 00e2 03       		.uleb128 0x3
 1291 00e3 0E       		.uleb128 0xe
 1292 00e4 3A       		.uleb128 0x3a
 1293 00e5 0B       		.uleb128 0xb
 1294 00e6 3B       		.uleb128 0x3b
 1295 00e7 0B       		.uleb128 0xb
 1296 00e8 27       		.uleb128 0x27
 1297 00e9 0C       		.uleb128 0xc
 1298 00ea 11       		.uleb128 0x11
 1299 00eb 01       		.uleb128 0x1
 1300 00ec 12       		.uleb128 0x12
 1301 00ed 01       		.uleb128 0x1
 1302 00ee 40       		.uleb128 0x40
 1303 00ef 06       		.uleb128 0x6
 1304 00f0 9642     		.uleb128 0x2116
 1305 00f2 0C       		.uleb128 0xc
 1306 00f3 01       		.uleb128 0x1
 1307 00f4 13       		.uleb128 0x13
 1308 00f5 00       		.byte	0
 1309 00f6 00       		.byte	0
 1310 00f7 11       		.uleb128 0x11
 1311 00f8 2E       		.uleb128 0x2e
 1312 00f9 01       		.byte	0x1
ARM GAS  C:\Users\X0217454\AppData\Local\Temp\ccHIP2aS.s 			page 28


 1313 00fa 3F       		.uleb128 0x3f
 1314 00fb 0C       		.uleb128 0xc
 1315 00fc 03       		.uleb128 0x3
 1316 00fd 0E       		.uleb128 0xe
 1317 00fe 3A       		.uleb128 0x3a
 1318 00ff 0B       		.uleb128 0xb
 1319 0100 3B       		.uleb128 0x3b
 1320 0101 0B       		.uleb128 0xb
 1321 0102 49       		.uleb128 0x49
 1322 0103 13       		.uleb128 0x13
 1323 0104 11       		.uleb128 0x11
 1324 0105 01       		.uleb128 0x1
 1325 0106 12       		.uleb128 0x12
 1326 0107 01       		.uleb128 0x1
 1327 0108 40       		.uleb128 0x40
 1328 0109 06       		.uleb128 0x6
 1329 010a 9642     		.uleb128 0x2116
 1330 010c 0C       		.uleb128 0xc
 1331 010d 01       		.uleb128 0x1
 1332 010e 13       		.uleb128 0x13
 1333 010f 00       		.byte	0
 1334 0110 00       		.byte	0
 1335 0111 12       		.uleb128 0x12
 1336 0112 34       		.uleb128 0x34
 1337 0113 00       		.byte	0
 1338 0114 03       		.uleb128 0x3
 1339 0115 0E       		.uleb128 0xe
 1340 0116 3A       		.uleb128 0x3a
 1341 0117 0B       		.uleb128 0xb
 1342 0118 3B       		.uleb128 0x3b
 1343 0119 0B       		.uleb128 0xb
 1344 011a 49       		.uleb128 0x49
 1345 011b 13       		.uleb128 0x13
 1346 011c 02       		.uleb128 0x2
 1347 011d 0A       		.uleb128 0xa
 1348 011e 00       		.byte	0
 1349 011f 00       		.byte	0
 1350 0120 13       		.uleb128 0x13
 1351 0121 2E       		.uleb128 0x2e
 1352 0122 01       		.byte	0x1
 1353 0123 3F       		.uleb128 0x3f
 1354 0124 0C       		.uleb128 0xc
 1355 0125 03       		.uleb128 0x3
 1356 0126 0E       		.uleb128 0xe
 1357 0127 3A       		.uleb128 0x3a
 1358 0128 0B       		.uleb128 0xb
 1359 0129 3B       		.uleb128 0x3b
 1360 012a 0B       		.uleb128 0xb
 1361 012b 27       		.uleb128 0x27
 1362 012c 0C       		.uleb128 0xc
 1363 012d 11       		.uleb128 0x11
 1364 012e 01       		.uleb128 0x1
 1365 012f 12       		.uleb128 0x12
 1366 0130 01       		.uleb128 0x1
 1367 0131 40       		.uleb128 0x40
 1368 0132 06       		.uleb128 0x6
 1369 0133 9742     		.uleb128 0x2117
ARM GAS  C:\Users\X0217454\AppData\Local\Temp\ccHIP2aS.s 			page 29


 1370 0135 0C       		.uleb128 0xc
 1371 0136 01       		.uleb128 0x1
 1372 0137 13       		.uleb128 0x13
 1373 0138 00       		.byte	0
 1374 0139 00       		.byte	0
 1375 013a 14       		.uleb128 0x14
 1376 013b 34       		.uleb128 0x34
 1377 013c 00       		.byte	0
 1378 013d 03       		.uleb128 0x3
 1379 013e 0E       		.uleb128 0xe
 1380 013f 3A       		.uleb128 0x3a
 1381 0140 0B       		.uleb128 0xb
 1382 0141 3B       		.uleb128 0x3b
 1383 0142 0B       		.uleb128 0xb
 1384 0143 49       		.uleb128 0x49
 1385 0144 13       		.uleb128 0x13
 1386 0145 3F       		.uleb128 0x3f
 1387 0146 0C       		.uleb128 0xc
 1388 0147 02       		.uleb128 0x2
 1389 0148 0A       		.uleb128 0xa
 1390 0149 00       		.byte	0
 1391 014a 00       		.byte	0
 1392 014b 00       		.byte	0
 1393              		.section	.debug_loc,"",%progbits
 1394              	.Ldebug_loc0:
 1395              	.LLST0:
 1396 0000 00000000 		.4byte	.LFB33
 1397 0004 02000000 		.4byte	.LCFI0
 1398 0008 0200     		.2byte	0x2
 1399 000a 7D       		.byte	0x7d
 1400 000b 00       		.sleb128 0
 1401 000c 02000000 		.4byte	.LCFI0
 1402 0010 04000000 		.4byte	.LCFI1
 1403 0014 0200     		.2byte	0x2
 1404 0016 7D       		.byte	0x7d
 1405 0017 08       		.sleb128 8
 1406 0018 04000000 		.4byte	.LCFI1
 1407 001c 06000000 		.4byte	.LCFI2
 1408 0020 0200     		.2byte	0x2
 1409 0022 7D       		.byte	0x7d
 1410 0023 10       		.sleb128 16
 1411 0024 06000000 		.4byte	.LCFI2
 1412 0028 20000000 		.4byte	.LFE33
 1413 002c 0200     		.2byte	0x2
 1414 002e 77       		.byte	0x77
 1415 002f 10       		.sleb128 16
 1416 0030 00000000 		.4byte	0
 1417 0034 00000000 		.4byte	0
 1418              	.LLST1:
 1419 0038 00000000 		.4byte	.LFB34
 1420 003c 02000000 		.4byte	.LCFI3
 1421 0040 0200     		.2byte	0x2
 1422 0042 7D       		.byte	0x7d
 1423 0043 00       		.sleb128 0
 1424 0044 02000000 		.4byte	.LCFI3
 1425 0048 04000000 		.4byte	.LCFI4
 1426 004c 0200     		.2byte	0x2
ARM GAS  C:\Users\X0217454\AppData\Local\Temp\ccHIP2aS.s 			page 30


 1427 004e 7D       		.byte	0x7d
 1428 004f 08       		.sleb128 8
 1429 0050 04000000 		.4byte	.LCFI4
 1430 0054 0E000000 		.4byte	.LFE34
 1431 0058 0200     		.2byte	0x2
 1432 005a 77       		.byte	0x77
 1433 005b 08       		.sleb128 8
 1434 005c 00000000 		.4byte	0
 1435 0060 00000000 		.4byte	0
 1436              	.LLST2:
 1437 0064 00000000 		.4byte	.LFB35
 1438 0068 02000000 		.4byte	.LCFI5
 1439 006c 0200     		.2byte	0x2
 1440 006e 7D       		.byte	0x7d
 1441 006f 00       		.sleb128 0
 1442 0070 02000000 		.4byte	.LCFI5
 1443 0074 04000000 		.4byte	.LCFI6
 1444 0078 0200     		.2byte	0x2
 1445 007a 7D       		.byte	0x7d
 1446 007b 08       		.sleb128 8
 1447 007c 04000000 		.4byte	.LCFI6
 1448 0080 0E000000 		.4byte	.LFE35
 1449 0084 0200     		.2byte	0x2
 1450 0086 77       		.byte	0x77
 1451 0087 08       		.sleb128 8
 1452 0088 00000000 		.4byte	0
 1453 008c 00000000 		.4byte	0
 1454              	.LLST3:
 1455 0090 00000000 		.4byte	.LFB36
 1456 0094 02000000 		.4byte	.LCFI7
 1457 0098 0200     		.2byte	0x2
 1458 009a 7D       		.byte	0x7d
 1459 009b 00       		.sleb128 0
 1460 009c 02000000 		.4byte	.LCFI7
 1461 00a0 04000000 		.4byte	.LCFI8
 1462 00a4 0200     		.2byte	0x2
 1463 00a6 7D       		.byte	0x7d
 1464 00a7 08       		.sleb128 8
 1465 00a8 04000000 		.4byte	.LCFI8
 1466 00ac 0E000000 		.4byte	.LFE36
 1467 00b0 0200     		.2byte	0x2
 1468 00b2 77       		.byte	0x77
 1469 00b3 08       		.sleb128 8
 1470 00b4 00000000 		.4byte	0
 1471 00b8 00000000 		.4byte	0
 1472              	.LLST4:
 1473 00bc 00000000 		.4byte	.LFB37
 1474 00c0 02000000 		.4byte	.LCFI9
 1475 00c4 0200     		.2byte	0x2
 1476 00c6 7D       		.byte	0x7d
 1477 00c7 00       		.sleb128 0
 1478 00c8 02000000 		.4byte	.LCFI9
 1479 00cc 04000000 		.4byte	.LCFI10
 1480 00d0 0200     		.2byte	0x2
 1481 00d2 7D       		.byte	0x7d
 1482 00d3 08       		.sleb128 8
 1483 00d4 04000000 		.4byte	.LCFI10
ARM GAS  C:\Users\X0217454\AppData\Local\Temp\ccHIP2aS.s 			page 31


 1484 00d8 0E000000 		.4byte	.LFE37
 1485 00dc 0200     		.2byte	0x2
 1486 00de 77       		.byte	0x77
 1487 00df 08       		.sleb128 8
 1488 00e0 00000000 		.4byte	0
 1489 00e4 00000000 		.4byte	0
 1490              	.LLST5:
 1491 00e8 00000000 		.4byte	.LFB38
 1492 00ec 02000000 		.4byte	.LCFI11
 1493 00f0 0200     		.2byte	0x2
 1494 00f2 7D       		.byte	0x7d
 1495 00f3 00       		.sleb128 0
 1496 00f4 02000000 		.4byte	.LCFI11
 1497 00f8 04000000 		.4byte	.LCFI12
 1498 00fc 0200     		.2byte	0x2
 1499 00fe 7D       		.byte	0x7d
 1500 00ff 08       		.sleb128 8
 1501 0100 04000000 		.4byte	.LCFI12
 1502 0104 14000000 		.4byte	.LFE38
 1503 0108 0200     		.2byte	0x2
 1504 010a 77       		.byte	0x77
 1505 010b 08       		.sleb128 8
 1506 010c 00000000 		.4byte	0
 1507 0110 00000000 		.4byte	0
 1508              	.LLST6:
 1509 0114 00000000 		.4byte	.LFB39
 1510 0118 02000000 		.4byte	.LCFI13
 1511 011c 0200     		.2byte	0x2
 1512 011e 7D       		.byte	0x7d
 1513 011f 00       		.sleb128 0
 1514 0120 02000000 		.4byte	.LCFI13
 1515 0124 04000000 		.4byte	.LCFI14
 1516 0128 0200     		.2byte	0x2
 1517 012a 7D       		.byte	0x7d
 1518 012b 08       		.sleb128 8
 1519 012c 04000000 		.4byte	.LCFI14
 1520 0130 14000000 		.4byte	.LFE39
 1521 0134 0200     		.2byte	0x2
 1522 0136 77       		.byte	0x77
 1523 0137 08       		.sleb128 8
 1524 0138 00000000 		.4byte	0
 1525 013c 00000000 		.4byte	0
 1526              	.LLST7:
 1527 0140 00000000 		.4byte	.LFB40
 1528 0144 02000000 		.4byte	.LCFI15
 1529 0148 0200     		.2byte	0x2
 1530 014a 7D       		.byte	0x7d
 1531 014b 00       		.sleb128 0
 1532 014c 02000000 		.4byte	.LCFI15
 1533 0150 04000000 		.4byte	.LCFI16
 1534 0154 0200     		.2byte	0x2
 1535 0156 7D       		.byte	0x7d
 1536 0157 08       		.sleb128 8
 1537 0158 04000000 		.4byte	.LCFI16
 1538 015c 14000000 		.4byte	.LFE40
 1539 0160 0200     		.2byte	0x2
 1540 0162 77       		.byte	0x77
ARM GAS  C:\Users\X0217454\AppData\Local\Temp\ccHIP2aS.s 			page 32


 1541 0163 08       		.sleb128 8
 1542 0164 00000000 		.4byte	0
 1543 0168 00000000 		.4byte	0
 1544              	.LLST8:
 1545 016c 00000000 		.4byte	.LFB41
 1546 0170 02000000 		.4byte	.LCFI17
 1547 0174 0200     		.2byte	0x2
 1548 0176 7D       		.byte	0x7d
 1549 0177 00       		.sleb128 0
 1550 0178 02000000 		.4byte	.LCFI17
 1551 017c 04000000 		.4byte	.LCFI18
 1552 0180 0200     		.2byte	0x2
 1553 0182 7D       		.byte	0x7d
 1554 0183 08       		.sleb128 8
 1555 0184 04000000 		.4byte	.LCFI18
 1556 0188 1A000000 		.4byte	.LFE41
 1557 018c 0200     		.2byte	0x2
 1558 018e 77       		.byte	0x77
 1559 018f 08       		.sleb128 8
 1560 0190 00000000 		.4byte	0
 1561 0194 00000000 		.4byte	0
 1562              	.LLST9:
 1563 0198 00000000 		.4byte	.LFB42
 1564 019c 02000000 		.4byte	.LCFI19
 1565 01a0 0200     		.2byte	0x2
 1566 01a2 7D       		.byte	0x7d
 1567 01a3 00       		.sleb128 0
 1568 01a4 02000000 		.4byte	.LCFI19
 1569 01a8 04000000 		.4byte	.LCFI20
 1570 01ac 0200     		.2byte	0x2
 1571 01ae 7D       		.byte	0x7d
 1572 01af 08       		.sleb128 8
 1573 01b0 04000000 		.4byte	.LCFI20
 1574 01b4 14000000 		.4byte	.LFE42
 1575 01b8 0200     		.2byte	0x2
 1576 01ba 77       		.byte	0x77
 1577 01bb 08       		.sleb128 8
 1578 01bc 00000000 		.4byte	0
 1579 01c0 00000000 		.4byte	0
 1580              	.LLST10:
 1581 01c4 00000000 		.4byte	.LFB43
 1582 01c8 02000000 		.4byte	.LCFI21
 1583 01cc 0200     		.2byte	0x2
 1584 01ce 7D       		.byte	0x7d
 1585 01cf 00       		.sleb128 0
 1586 01d0 02000000 		.4byte	.LCFI21
 1587 01d4 04000000 		.4byte	.LCFI22
 1588 01d8 0200     		.2byte	0x2
 1589 01da 7D       		.byte	0x7d
 1590 01db 08       		.sleb128 8
 1591 01dc 04000000 		.4byte	.LCFI22
 1592 01e0 06000000 		.4byte	.LCFI23
 1593 01e4 0200     		.2byte	0x2
 1594 01e6 7D       		.byte	0x7d
 1595 01e7 10       		.sleb128 16
 1596 01e8 06000000 		.4byte	.LCFI23
 1597 01ec 30000000 		.4byte	.LFE43
ARM GAS  C:\Users\X0217454\AppData\Local\Temp\ccHIP2aS.s 			page 33


 1598 01f0 0200     		.2byte	0x2
 1599 01f2 77       		.byte	0x77
 1600 01f3 10       		.sleb128 16
 1601 01f4 00000000 		.4byte	0
 1602 01f8 00000000 		.4byte	0
 1603              	.LLST11:
 1604 01fc 00000000 		.4byte	.LFB44
 1605 0200 02000000 		.4byte	.LCFI24
 1606 0204 0200     		.2byte	0x2
 1607 0206 7D       		.byte	0x7d
 1608 0207 00       		.sleb128 0
 1609 0208 02000000 		.4byte	.LCFI24
 1610 020c 04000000 		.4byte	.LCFI25
 1611 0210 0200     		.2byte	0x2
 1612 0212 7D       		.byte	0x7d
 1613 0213 08       		.sleb128 8
 1614 0214 04000000 		.4byte	.LCFI25
 1615 0218 06000000 		.4byte	.LCFI26
 1616 021c 0200     		.2byte	0x2
 1617 021e 7D       		.byte	0x7d
 1618 021f 10       		.sleb128 16
 1619 0220 06000000 		.4byte	.LCFI26
 1620 0224 30000000 		.4byte	.LFE44
 1621 0228 0200     		.2byte	0x2
 1622 022a 77       		.byte	0x77
 1623 022b 10       		.sleb128 16
 1624 022c 00000000 		.4byte	0
 1625 0230 00000000 		.4byte	0
 1626              	.LLST12:
 1627 0234 00000000 		.4byte	.LFB45
 1628 0238 02000000 		.4byte	.LCFI27
 1629 023c 0200     		.2byte	0x2
 1630 023e 7D       		.byte	0x7d
 1631 023f 00       		.sleb128 0
 1632 0240 02000000 		.4byte	.LCFI27
 1633 0244 04000000 		.4byte	.LCFI28
 1634 0248 0200     		.2byte	0x2
 1635 024a 7D       		.byte	0x7d
 1636 024b 08       		.sleb128 8
 1637 024c 04000000 		.4byte	.LCFI28
 1638 0250 06000000 		.4byte	.LCFI29
 1639 0254 0200     		.2byte	0x2
 1640 0256 7D       		.byte	0x7d
 1641 0257 10       		.sleb128 16
 1642 0258 06000000 		.4byte	.LCFI29
 1643 025c 44000000 		.4byte	.LFE45
 1644 0260 0200     		.2byte	0x2
 1645 0262 77       		.byte	0x77
 1646 0263 10       		.sleb128 16
 1647 0264 00000000 		.4byte	0
 1648 0268 00000000 		.4byte	0
 1649              	.LLST13:
 1650 026c 00000000 		.4byte	.LFB46
 1651 0270 02000000 		.4byte	.LCFI30
 1652 0274 0200     		.2byte	0x2
 1653 0276 7D       		.byte	0x7d
 1654 0277 00       		.sleb128 0
ARM GAS  C:\Users\X0217454\AppData\Local\Temp\ccHIP2aS.s 			page 34


 1655 0278 02000000 		.4byte	.LCFI30
 1656 027c 04000000 		.4byte	.LCFI31
 1657 0280 0200     		.2byte	0x2
 1658 0282 7D       		.byte	0x7d
 1659 0283 08       		.sleb128 8
 1660 0284 04000000 		.4byte	.LCFI31
 1661 0288 06000000 		.4byte	.LCFI32
 1662 028c 0200     		.2byte	0x2
 1663 028e 7D       		.byte	0x7d
 1664 028f 10       		.sleb128 16
 1665 0290 06000000 		.4byte	.LCFI32
 1666 0294 52000000 		.4byte	.LFE46
 1667 0298 0200     		.2byte	0x2
 1668 029a 77       		.byte	0x77
 1669 029b 10       		.sleb128 16
 1670 029c 00000000 		.4byte	0
 1671 02a0 00000000 		.4byte	0
 1672              	.LLST14:
 1673 02a4 00000000 		.4byte	.LFB47
 1674 02a8 02000000 		.4byte	.LCFI33
 1675 02ac 0200     		.2byte	0x2
 1676 02ae 7D       		.byte	0x7d
 1677 02af 00       		.sleb128 0
 1678 02b0 02000000 		.4byte	.LCFI33
 1679 02b4 04000000 		.4byte	.LCFI34
 1680 02b8 0200     		.2byte	0x2
 1681 02ba 7D       		.byte	0x7d
 1682 02bb 08       		.sleb128 8
 1683 02bc 04000000 		.4byte	.LCFI34
 1684 02c0 08000000 		.4byte	.LFE47
 1685 02c4 0200     		.2byte	0x2
 1686 02c6 77       		.byte	0x77
 1687 02c7 08       		.sleb128 8
 1688 02c8 00000000 		.4byte	0
 1689 02cc 00000000 		.4byte	0
 1690              	.LLST15:
 1691 02d0 00000000 		.4byte	.LFB48
 1692 02d4 02000000 		.4byte	.LCFI35
 1693 02d8 0200     		.2byte	0x2
 1694 02da 7D       		.byte	0x7d
 1695 02db 00       		.sleb128 0
 1696 02dc 02000000 		.4byte	.LCFI35
 1697 02e0 04000000 		.4byte	.LCFI36
 1698 02e4 0200     		.2byte	0x2
 1699 02e6 7D       		.byte	0x7d
 1700 02e7 08       		.sleb128 8
 1701 02e8 04000000 		.4byte	.LCFI36
 1702 02ec 06000000 		.4byte	.LCFI37
 1703 02f0 0200     		.2byte	0x2
 1704 02f2 7D       		.byte	0x7d
 1705 02f3 10       		.sleb128 16
 1706 02f4 06000000 		.4byte	.LCFI37
 1707 02f8 0E000000 		.4byte	.LFE48
 1708 02fc 0200     		.2byte	0x2
 1709 02fe 77       		.byte	0x77
 1710 02ff 10       		.sleb128 16
 1711 0300 00000000 		.4byte	0
ARM GAS  C:\Users\X0217454\AppData\Local\Temp\ccHIP2aS.s 			page 35


 1712 0304 00000000 		.4byte	0
 1713              	.LLST16:
 1714 0308 00000000 		.4byte	.LFB49
 1715 030c 02000000 		.4byte	.LCFI38
 1716 0310 0200     		.2byte	0x2
 1717 0312 7D       		.byte	0x7d
 1718 0313 00       		.sleb128 0
 1719 0314 02000000 		.4byte	.LCFI38
 1720 0318 04000000 		.4byte	.LCFI39
 1721 031c 0200     		.2byte	0x2
 1722 031e 7D       		.byte	0x7d
 1723 031f 08       		.sleb128 8
 1724 0320 04000000 		.4byte	.LCFI39
 1725 0324 06000000 		.4byte	.LCFI40
 1726 0328 0200     		.2byte	0x2
 1727 032a 7D       		.byte	0x7d
 1728 032b 10       		.sleb128 16
 1729 032c 06000000 		.4byte	.LCFI40
 1730 0330 26000000 		.4byte	.LFE49
 1731 0334 0200     		.2byte	0x2
 1732 0336 77       		.byte	0x77
 1733 0337 10       		.sleb128 16
 1734 0338 00000000 		.4byte	0
 1735 033c 00000000 		.4byte	0
 1736              		.section	.debug_aranges,"",%progbits
 1737 0000 9C000000 		.4byte	0x9c
 1738 0004 0200     		.2byte	0x2
 1739 0006 00000000 		.4byte	.Ldebug_info0
 1740 000a 04       		.byte	0x4
 1741 000b 00       		.byte	0
 1742 000c 0000     		.2byte	0
 1743 000e 0000     		.2byte	0
 1744 0010 00000000 		.4byte	.LFB33
 1745 0014 20000000 		.4byte	.LFE33-.LFB33
 1746 0018 00000000 		.4byte	.LFB34
 1747 001c 0E000000 		.4byte	.LFE34-.LFB34
 1748 0020 00000000 		.4byte	.LFB35
 1749 0024 0E000000 		.4byte	.LFE35-.LFB35
 1750 0028 00000000 		.4byte	.LFB36
 1751 002c 0E000000 		.4byte	.LFE36-.LFB36
 1752 0030 00000000 		.4byte	.LFB37
 1753 0034 0E000000 		.4byte	.LFE37-.LFB37
 1754 0038 00000000 		.4byte	.LFB38
 1755 003c 14000000 		.4byte	.LFE38-.LFB38
 1756 0040 00000000 		.4byte	.LFB39
 1757 0044 14000000 		.4byte	.LFE39-.LFB39
 1758 0048 00000000 		.4byte	.LFB40
 1759 004c 14000000 		.4byte	.LFE40-.LFB40
 1760 0050 00000000 		.4byte	.LFB41
 1761 0054 1A000000 		.4byte	.LFE41-.LFB41
 1762 0058 00000000 		.4byte	.LFB42
 1763 005c 14000000 		.4byte	.LFE42-.LFB42
 1764 0060 00000000 		.4byte	.LFB43
 1765 0064 30000000 		.4byte	.LFE43-.LFB43
 1766 0068 00000000 		.4byte	.LFB44
 1767 006c 30000000 		.4byte	.LFE44-.LFB44
 1768 0070 00000000 		.4byte	.LFB45
ARM GAS  C:\Users\X0217454\AppData\Local\Temp\ccHIP2aS.s 			page 36


 1769 0074 44000000 		.4byte	.LFE45-.LFB45
 1770 0078 00000000 		.4byte	.LFB46
 1771 007c 52000000 		.4byte	.LFE46-.LFB46
 1772 0080 00000000 		.4byte	.LFB47
 1773 0084 08000000 		.4byte	.LFE47-.LFB47
 1774 0088 00000000 		.4byte	.LFB48
 1775 008c 0E000000 		.4byte	.LFE48-.LFB48
 1776 0090 00000000 		.4byte	.LFB49
 1777 0094 26000000 		.4byte	.LFE49-.LFB49
 1778 0098 00000000 		.4byte	0
 1779 009c 00000000 		.4byte	0
 1780              		.section	.debug_ranges,"",%progbits
 1781              	.Ldebug_ranges0:
 1782 0000 00000000 		.4byte	.LFB33
 1783 0004 20000000 		.4byte	.LFE33
 1784 0008 00000000 		.4byte	.LFB34
 1785 000c 0E000000 		.4byte	.LFE34
 1786 0010 00000000 		.4byte	.LFB35
 1787 0014 0E000000 		.4byte	.LFE35
 1788 0018 00000000 		.4byte	.LFB36
 1789 001c 0E000000 		.4byte	.LFE36
 1790 0020 00000000 		.4byte	.LFB37
 1791 0024 0E000000 		.4byte	.LFE37
 1792 0028 00000000 		.4byte	.LFB38
 1793 002c 14000000 		.4byte	.LFE38
 1794 0030 00000000 		.4byte	.LFB39
 1795 0034 14000000 		.4byte	.LFE39
 1796 0038 00000000 		.4byte	.LFB40
 1797 003c 14000000 		.4byte	.LFE40
 1798 0040 00000000 		.4byte	.LFB41
 1799 0044 1A000000 		.4byte	.LFE41
 1800 0048 00000000 		.4byte	.LFB42
 1801 004c 14000000 		.4byte	.LFE42
 1802 0050 00000000 		.4byte	.LFB43
 1803 0054 30000000 		.4byte	.LFE43
 1804 0058 00000000 		.4byte	.LFB44
 1805 005c 30000000 		.4byte	.LFE44
 1806 0060 00000000 		.4byte	.LFB45
 1807 0064 44000000 		.4byte	.LFE45
 1808 0068 00000000 		.4byte	.LFB46
 1809 006c 52000000 		.4byte	.LFE46
 1810 0070 00000000 		.4byte	.LFB47
 1811 0074 08000000 		.4byte	.LFE47
 1812 0078 00000000 		.4byte	.LFB48
 1813 007c 0E000000 		.4byte	.LFE48
 1814 0080 00000000 		.4byte	.LFB49
 1815 0084 26000000 		.4byte	.LFE49
 1816 0088 00000000 		.4byte	0
 1817 008c 00000000 		.4byte	0
 1818              		.section	.debug_line,"",%progbits
 1819              	.Ldebug_line0:
 1820 0000 CF010000 		.section	.debug_str,"MS",%progbits,1
 1820      02006D00 
 1820      00000201 
 1820      FB0E0D00 
 1820      01010101 
 1821              	.LASF19:
ARM GAS  C:\Users\X0217454\AppData\Local\Temp\ccHIP2aS.s 			page 37


 1822 0000 7056616C 		.ascii	"pValue\000"
 1822      756500
 1823              	.LASF16:
 1824 0007 666C6F61 		.ascii	"float\000"
 1824      7400
 1825              	.LASF21:
 1826 000d 43433331 		.ascii	"CC3100_enable\000"
 1826      30305F65 
 1826      6E61626C 
 1826      6500
 1827              	.LASF36:
 1828 001b 616E7465 		.ascii	"antenna\000"
 1828      6E6E6100 
 1829              	.LASF20:
 1830 0023 43433331 		.ascii	"CC3100_disable\000"
 1830      30305F64 
 1830      69736162 
 1830      6C6500
 1831              	.LASF3:
 1832 0032 73686F72 		.ascii	"short unsigned int\000"
 1832      7420756E 
 1832      7369676E 
 1832      65642069 
 1832      6E7400
 1833              	.LASF45:
 1834 0045 73746174 		.ascii	"status\000"
 1834      757300
 1835              	.LASF15:
 1836 004c 424F4F4C 		.ascii	"BOOLEAN\000"
 1836      45414E00 
 1837              	.LASF1:
 1838 0054 756E7369 		.ascii	"unsigned char\000"
 1838      676E6564 
 1838      20636861 
 1838      7200
 1839              	.LASF40:
 1840 0062 496E7449 		.ascii	"IntIsMasked\000"
 1840      734D6173 
 1840      6B656400 
 1841              	.LASF9:
 1842 006e 6C6F6E67 		.ascii	"long unsigned int\000"
 1842      20756E73 
 1842      69676E65 
 1842      6420696E 
 1842      7400
 1843              	.LASF24:
 1844 0080 556E4D61 		.ascii	"UnMaskIntHdlr\000"
 1844      736B496E 
 1844      7448646C 
 1844      7200
 1845              	.LASF43:
 1846 008e 433A5C55 		.ascii	"C:\\Users\\X0217454\\Desktop\\CC31xx\\CC3100 - 0.5\\"
 1846      73657273 
 1846      5C583032 
 1846      31373435 
 1846      345C4465 
 1847 00bc 43433331 		.ascii	"CC3100 SDK 0.5\\cc3100-sdk\\platform\\cypress_SDK.5"
ARM GAS  C:\Users\X0217454\AppData\Local\Temp\ccHIP2aS.s 			page 38


 1847      30302053 
 1847      444B2030 
 1847      2E355C63 
 1847      63333130 
 1848 00ec 5C657861 		.ascii	"\\example\\spi_debug_tool\\spi_debug_tool.cydsn\000"
 1848      6D706C65 
 1848      5C737069 
 1848      5F646562 
 1848      75675F74 
 1849              	.LASF25:
 1850 0119 43433331 		.ascii	"CC3100_InterruptEnable\000"
 1850      30305F49 
 1850      6E746572 
 1850      72757074 
 1850      456E6162 
 1851              	.LASF27:
 1852 0130 73746F70 		.ascii	"stopWDT\000"
 1852      57445400 
 1853              	.LASF17:
 1854 0138 646F7562 		.ascii	"double\000"
 1854      6C6500
 1855              	.LASF22:
 1856 013f 43433331 		.ascii	"CC3100_InterruptDisable\000"
 1856      30305F49 
 1856      6E746572 
 1856      72757074 
 1856      44697361 
 1857              	.LASF37:
 1858 0157 44656C61 		.ascii	"Delay\000"
 1858      7900
 1859              	.LASF26:
 1860 015d 696E6974 		.ascii	"initClk\000"
 1860      436C6B00 
 1861              	.LASF11:
 1862 0165 4E4F5F4C 		.ascii	"NO_LED\000"
 1862      454400
 1863              	.LASF4:
 1864 016c 756E7369 		.ascii	"unsigned int\000"
 1864      676E6564 
 1864      20696E74 
 1864      00
 1865              	.LASF30:
 1866 0179 7475726E 		.ascii	"turnLedOn\000"
 1866      4C65644F 
 1866      6E00
 1867              	.LASF6:
 1868 0183 6C6F6E67 		.ascii	"long long unsigned int\000"
 1868      206C6F6E 
 1868      6720756E 
 1868      7369676E 
 1868      65642069 
 1869              	.LASF32:
 1870 019a 746F6767 		.ascii	"toggleLed\000"
 1870      6C654C65 
 1870      6400
 1871              	.LASF23:
 1872 01a4 4D61736B 		.ascii	"MaskIntHdlr\000"
ARM GAS  C:\Users\X0217454\AppData\Local\Temp\ccHIP2aS.s 			page 39


 1872      496E7448 
 1872      646C7200 
 1873              	.LASF18:
 1874 01b0 496E7465 		.ascii	"InterruptHdl\000"
 1874      72727570 
 1874      7448646C 
 1874      00
 1875              	.LASF28:
 1876 01bd 696E6974 		.ascii	"initLEDs\000"
 1876      4C454473 
 1876      00
 1877              	.LASF8:
 1878 01c6 73697A65 		.ascii	"sizetype\000"
 1878      74797065 
 1878      00
 1879              	.LASF5:
 1880 01cf 6C6F6E67 		.ascii	"long long int\000"
 1880      206C6F6E 
 1880      6720696E 
 1880      7400
 1881              	.LASF44:
 1882 01dd 72656769 		.ascii	"registerInterruptHandler\000"
 1882      73746572 
 1882      496E7465 
 1882      72727570 
 1882      7448616E 
 1883              	.LASF29:
 1884 01f6 6C65644E 		.ascii	"ledNum\000"
 1884      756D00
 1885              	.LASF12:
 1886 01fd 4C454431 		.ascii	"LED1\000"
 1886      00
 1887              	.LASF13:
 1888 0202 4C454432 		.ascii	"LED2\000"
 1888      00
 1889              	.LASF2:
 1890 0207 73686F72 		.ascii	"short int\000"
 1890      7420696E 
 1890      7400
 1891              	.LASF35:
 1892 0211 53656C41 		.ascii	"SelAntenna\000"
 1892      6E74656E 
 1892      6E6100
 1893              	.LASF38:
 1894 021c 696E7465 		.ascii	"interval\000"
 1894      7276616C 
 1894      00
 1895              	.LASF33:
 1896 0225 4765744C 		.ascii	"GetLEDStatus\000"
 1896      45445374 
 1896      61747573 
 1896      00
 1897              	.LASF31:
 1898 0232 7475726E 		.ascii	"turnLedOff\000"
 1898      4C65644F 
 1898      666600
 1899              	.LASF7:
ARM GAS  C:\Users\X0217454\AppData\Local\Temp\ccHIP2aS.s 			page 40


 1900 023d 6C6F6E67 		.ascii	"long int\000"
 1900      20696E74 
 1900      00
 1901              	.LASF10:
 1902 0246 63686172 		.ascii	"char\000"
 1902      00
 1903              	.LASF42:
 1904 024b 2E2E5C2E 		.ascii	"..\\..\\..\\board.c\000"
 1904      2E5C2E2E 
 1904      5C626F61 
 1904      72642E63 
 1904      00
 1905              	.LASF14:
 1906 025c 505F4556 		.ascii	"P_EVENT_HANDLER\000"
 1906      454E545F 
 1906      48414E44 
 1906      4C455200 
 1907              	.LASF0:
 1908 026c 7369676E 		.ascii	"signed char\000"
 1908      65642063 
 1908      68617200 
 1909              	.LASF34:
 1910 0278 696E6974 		.ascii	"initAntSelGPIO\000"
 1910      416E7453 
 1910      656C4750 
 1910      494F00
 1911              	.LASF41:
 1912 0287 474E5520 		.ascii	"GNU C 4.7.3 20130312 (release) [ARM/embedded-4_7-br"
 1912      4320342E 
 1912      372E3320 
 1912      32303133 
 1912      30333132 
 1913 02ba 616E6368 		.ascii	"anch revision 196615]\000"
 1913      20726576 
 1913      6973696F 
 1913      6E203139 
 1913      36363135 
 1914              	.LASF39:
 1915 02d0 70497271 		.ascii	"pIrqEventHandler\000"
 1915      4576656E 
 1915      7448616E 
 1915      646C6572 
 1915      00
 1916              		.ident	"GCC: (GNU Tools for ARM Embedded Processors) 4.7.3 20130312 (release) [ARM/embedded-4_7-br
