ARM GAS  C:\Users\X0217454\AppData\Local\Temp\ccc0bbsn.s 			page 1


   1              		.cpu cortex-m0
   2              		.fpu softvfp
   3              		.eabi_attribute 20, 1
   4              		.eabi_attribute 21, 1
   5              		.eabi_attribute 23, 3
   6              		.eabi_attribute 24, 1
   7              		.eabi_attribute 25, 1
   8              		.eabi_attribute 26, 1
   9              		.eabi_attribute 30, 6
  10              		.eabi_attribute 34, 0
  11              		.eabi_attribute 18, 4
  12              		.code	16
  13              		.file	"cli_uart.c"
  14              		.text
  15              	.Ltext0:
  16              		.cfi_sections	.debug_frame
  17              		.comm	g_ucUARTBuffer,4,4
  18              		.global	cli_have_cmd
  19              		.bss
  20              		.align	2
  21              		.type	cli_have_cmd, %object
  22              		.size	cli_have_cmd, 4
  23              	cli_have_cmd:
  24 0000 00000000 		.space	4
  25              		.section	.text.CLI_Read,"ax",%progbits
  26              		.align	2
  27              		.global	CLI_Read
  28              		.code	16
  29              		.thumb_func
  30              		.type	CLI_Read, %function
  31              	CLI_Read:
  32              	.LFB0:
  33              		.file 1 "..\\..\\..\\cli_uart.c"
   1:..\..\../cli_uart.c **** /*
   2:..\..\../cli_uart.c ****  * cli_uart.c - msp430f5529 launchpad application uart interface implementation
   3:..\..\../cli_uart.c ****  *
   4:..\..\../cli_uart.c ****  * Copyright (C) 2014 Texas Instruments Incorporated - http://www.ti.com/ 
   5:..\..\../cli_uart.c ****  * 
   6:..\..\../cli_uart.c ****  * 
   7:..\..\../cli_uart.c ****  *  Redistribution and use in source and binary forms, with or without 
   8:..\..\../cli_uart.c ****  *  modification, are permitted provided that the following conditions 
   9:..\..\../cli_uart.c ****  *  are met:
  10:..\..\../cli_uart.c ****  *
  11:..\..\../cli_uart.c ****  *    Redistributions of source code must retain the above copyright 
  12:..\..\../cli_uart.c ****  *    notice, this list of conditions and the following disclaimer.
  13:..\..\../cli_uart.c ****  *
  14:..\..\../cli_uart.c ****  *    Redistributions in binary form must reproduce the above copyright
  15:..\..\../cli_uart.c ****  *    notice, this list of conditions and the following disclaimer in the 
  16:..\..\../cli_uart.c ****  *    documentation and/or other materials provided with the   
  17:..\..\../cli_uart.c ****  *    distribution.
  18:..\..\../cli_uart.c ****  *
  19:..\..\../cli_uart.c ****  *    Neither the name of Texas Instruments Incorporated nor the names of
  20:..\..\../cli_uart.c ****  *    its contributors may be used to endorse or promote products derived
  21:..\..\../cli_uart.c ****  *    from this software without specific prior written permission.
  22:..\..\../cli_uart.c ****  *
  23:..\..\../cli_uart.c ****  *  THIS SOFTWARE IS PROVIDED BY THE COPYRIGHT HOLDERS AND CONTRIBUTORS 
  24:..\..\../cli_uart.c ****  *  "AS IS" AND ANY EXPRESS OR IMPLIED WARRANTIES, INCLUDING, BUT NOT 
ARM GAS  C:\Users\X0217454\AppData\Local\Temp\ccc0bbsn.s 			page 2


  25:..\..\../cli_uart.c ****  *  LIMITED TO, THE IMPLIED WARRANTIES OF MERCHANTABILITY AND FITNESS FOR
  26:..\..\../cli_uart.c ****  *  A PARTICULAR PURPOSE ARE DISCLAIMED. IN NO EVENT SHALL THE COPYRIGHT 
  27:..\..\../cli_uart.c ****  *  OWNER OR CONTRIBUTORS BE LIABLE FOR ANY DIRECT, INDIRECT, INCIDENTAL, 
  28:..\..\../cli_uart.c ****  *  SPECIAL, EXEMPLARY, OR CONSEQUENTIAL DAMAGES (INCLUDING, BUT NOT 
  29:..\..\../cli_uart.c ****  *  LIMITED TO, PROCUREMENT OF SUBSTITUTE GOODS OR SERVICES; LOSS OF USE,
  30:..\..\../cli_uart.c ****  *  DATA, OR PROFITS; OR BUSINESS INTERRUPTION) HOWEVER CAUSED AND ON ANY
  31:..\..\../cli_uart.c ****  *  THEORY OF LIABILITY, WHETHER IN CONTRACT, STRICT LIABILITY, OR TORT 
  32:..\..\../cli_uart.c ****  *  (INCLUDING NEGLIGENCE OR OTHERWISE) ARISING IN ANY WAY OUT OF THE USE 
  33:..\..\../cli_uart.c ****  *  OF THIS SOFTWARE, EVEN IF ADVISED OF THE POSSIBILITY OF SUCH DAMAGE.
  34:..\..\../cli_uart.c ****  *
  35:..\..\../cli_uart.c **** */
  36:..\..\../cli_uart.c **** 
  37:..\..\../cli_uart.c **** 
  38:..\..\../cli_uart.c **** //*****************************************************************************
  39:..\..\../cli_uart.c **** //
  40:..\..\../cli_uart.c **** //! \addtogroup CLI_UART
  41:..\..\../cli_uart.c **** //! @{
  42:..\..\../cli_uart.c **** //
  43:..\..\../cli_uart.c **** //*****************************************************************************
  44:..\..\../cli_uart.c **** 
  45:..\..\../cli_uart.c **** #include "cli_uart.h"
  46:..\..\../cli_uart.c **** #include <string.h>
  47:..\..\../cli_uart.c **** #include "UART_1_SPI_UART_PVT.h"
  48:..\..\../cli_uart.c **** #include "UART_1.h"
  49:..\..\../cli_uart.c **** #include "UART_1_SPI_UART.h"
  50:..\..\../cli_uart.c **** 
  51:..\..\../cli_uart.c **** #ifdef _USE_CLI_
  52:..\..\../cli_uart.c **** unsigned char *g_ucUARTBuffer;
  53:..\..\../cli_uart.c **** 
  54:..\..\../cli_uart.c **** int cli_have_cmd = 0;
  55:..\..\../cli_uart.c **** #endif
  56:..\..\../cli_uart.c **** 
  57:..\..\../cli_uart.c **** 
  58:..\..\../cli_uart.c **** int
  59:..\..\../cli_uart.c **** CLI_Read(unsigned char *pBuff)
  60:..\..\../cli_uart.c **** {
  34              		.loc 1 60 0
  35              		.cfi_startproc
  36 0000 80B5     		push	{r7, lr}
  37              	.LCFI0:
  38              		.cfi_def_cfa_offset 8
  39              		.cfi_offset 7, -8
  40              		.cfi_offset 14, -4
  41 0002 82B0     		sub	sp, sp, #8
  42              	.LCFI1:
  43              		.cfi_def_cfa_offset 16
  44 0004 00AF     		add	r7, sp, #0
  45              	.LCFI2:
  46              		.cfi_def_cfa_register 7
  47 0006 7860     		str	r0, [r7, #4]
  61:..\..\../cli_uart.c ****     if(pBuff == NULL)
  48              		.loc 1 61 0
  49 0008 7B68     		ldr	r3, [r7, #4]
  50 000a 002B     		cmp	r3, #0
  51 000c 02D1     		bne	.L2
  62:..\..\../cli_uart.c ****         return -1;
  52              		.loc 1 62 0
ARM GAS  C:\Users\X0217454\AppData\Local\Temp\ccc0bbsn.s 			page 3


  53 000e 0123     		mov	r3, #1
  54 0010 5B42     		neg	r3, r3
  55 0012 0BE0     		b	.L3
  56              	.L2:
  63:..\..\../cli_uart.c **** #ifdef _USE_CLI_
  64:..\..\../cli_uart.c ****     cli_have_cmd = 0;
  57              		.loc 1 64 0
  58 0014 074B     		ldr	r3, .L4
  59 0016 0022     		mov	r2, #0
  60 0018 1A60     		str	r2, [r3]
  65:..\..\../cli_uart.c ****     pBuff = (unsigned char *)UART_1_SpiUartReadRxData();
  61              		.loc 1 65 0
  62 001a FFF7FEFF 		bl	UART_1_SpiUartReadRxData
  63 001e 031C     		mov	r3, r0
  64 0020 7B60     		str	r3, [r7, #4]
  66:..\..\../cli_uart.c **** 
  67:..\..\../cli_uart.c ****     return strlen((const char *)pBuff);
  65              		.loc 1 67 0
  66 0022 7B68     		ldr	r3, [r7, #4]
  67 0024 181C     		mov	r0, r3
  68 0026 FFF7FEFF 		bl	strlen
  69 002a 031C     		mov	r3, r0
  70              	.L3:
  68:..\..\../cli_uart.c **** #else
  69:..\..\../cli_uart.c ****     return 0;
  70:..\..\../cli_uart.c **** #endif
  71:..\..\../cli_uart.c **** }
  71              		.loc 1 71 0
  72 002c 181C     		mov	r0, r3
  73 002e BD46     		mov	sp, r7
  74 0030 02B0     		add	sp, sp, #8
  75              		@ sp needed for prologue
  76 0032 80BD     		pop	{r7, pc}
  77              	.L5:
  78              		.align	2
  79              	.L4:
  80 0034 00000000 		.word	cli_have_cmd
  81              		.cfi_endproc
  82              	.LFE0:
  83              		.size	CLI_Read, .-CLI_Read
  84              		.section	.text.CLI_Write,"ax",%progbits
  85              		.align	2
  86              		.global	CLI_Write
  87              		.code	16
  88              		.thumb_func
  89              		.type	CLI_Write, %function
  90              	CLI_Write:
  91              	.LFB1:
  72:..\..\../cli_uart.c **** 
  73:..\..\../cli_uart.c **** 
  74:..\..\../cli_uart.c **** int
  75:..\..\../cli_uart.c **** CLI_Write(unsigned char *inBuff)
  76:..\..\../cli_uart.c **** {
  92              		.loc 1 76 0
  93              		.cfi_startproc
  94 0000 80B5     		push	{r7, lr}
  95              	.LCFI3:
ARM GAS  C:\Users\X0217454\AppData\Local\Temp\ccc0bbsn.s 			page 4


  96              		.cfi_def_cfa_offset 8
  97              		.cfi_offset 7, -8
  98              		.cfi_offset 14, -4
  99 0002 84B0     		sub	sp, sp, #16
 100              	.LCFI4:
 101              		.cfi_def_cfa_offset 24
 102 0004 00AF     		add	r7, sp, #0
 103              	.LCFI5:
 104              		.cfi_def_cfa_register 7
 105 0006 7860     		str	r0, [r7, #4]
  77:..\..\../cli_uart.c ****     if(inBuff == NULL)
 106              		.loc 1 77 0
 107 0008 7B68     		ldr	r3, [r7, #4]
 108 000a 002B     		cmp	r3, #0
 109 000c 02D1     		bne	.L7
  78:..\..\../cli_uart.c ****         return -1;
 110              		.loc 1 78 0
 111 000e 0123     		mov	r3, #1
 112 0010 5B42     		neg	r3, r3
 113 0012 25E0     		b	.L8
 114              	.L7:
  79:..\..\../cli_uart.c **** #ifdef _USE_CLI_
  80:..\..\../cli_uart.c ****     unsigned short ret,usLength = strlen((const char *)inBuff);
 115              		.loc 1 80 0
 116 0014 7B68     		ldr	r3, [r7, #4]
 117 0016 181C     		mov	r0, r3
 118 0018 FFF7FEFF 		bl	strlen
 119 001c 021C     		mov	r2, r0
 120 001e 3B1C     		mov	r3, r7
 121 0020 0E33     		add	r3, r3, #14
 122 0022 1A80     		strh	r2, [r3]
  81:..\..\../cli_uart.c ****     ret = usLength;
 123              		.loc 1 81 0
 124 0024 3B1C     		mov	r3, r7
 125 0026 0C33     		add	r3, r3, #12
 126 0028 3A1C     		mov	r2, r7
 127 002a 0E32     		add	r2, r2, #14
 128 002c 1288     		ldrh	r2, [r2]
 129 002e 1A80     		strh	r2, [r3]
  82:..\..\../cli_uart.c ****     while (usLength)
 130              		.loc 1 82 0
 131 0030 0EE0     		b	.L9
 132              	.L10:
  83:..\..\../cli_uart.c ****     {
  84:..\..\../cli_uart.c ****         UART_1_UartPutChar(*inBuff);
 133              		.loc 1 84 0
 134 0032 7B68     		ldr	r3, [r7, #4]
 135 0034 1B78     		ldrb	r3, [r3]
 136 0036 181C     		mov	r0, r3
 137 0038 FFF7FEFF 		bl	UART_1_SpiUartWriteTxData
  85:..\..\../cli_uart.c ****         usLength--;
 138              		.loc 1 85 0
 139 003c 3B1C     		mov	r3, r7
 140 003e 0E33     		add	r3, r3, #14
 141 0040 3A1C     		mov	r2, r7
 142 0042 0E32     		add	r2, r2, #14
 143 0044 1288     		ldrh	r2, [r2]
ARM GAS  C:\Users\X0217454\AppData\Local\Temp\ccc0bbsn.s 			page 5


 144 0046 013A     		sub	r2, r2, #1
 145 0048 1A80     		strh	r2, [r3]
  86:..\..\../cli_uart.c ****         inBuff++;
 146              		.loc 1 86 0
 147 004a 7B68     		ldr	r3, [r7, #4]
 148 004c 0133     		add	r3, r3, #1
 149 004e 7B60     		str	r3, [r7, #4]
 150              	.L9:
  82:..\..\../cli_uart.c ****     while (usLength)
 151              		.loc 1 82 0 discriminator 1
 152 0050 3B1C     		mov	r3, r7
 153 0052 0E33     		add	r3, r3, #14
 154 0054 1B88     		ldrh	r3, [r3]
 155 0056 002B     		cmp	r3, #0
 156 0058 EBD1     		bne	.L10
  87:..\..\../cli_uart.c ****     }
  88:..\..\../cli_uart.c ****     return (int)ret;
 157              		.loc 1 88 0
 158 005a 3B1C     		mov	r3, r7
 159 005c 0C33     		add	r3, r3, #12
 160 005e 1B88     		ldrh	r3, [r3]
 161              	.L8:
  89:..\..\../cli_uart.c **** #else
  90:..\..\../cli_uart.c ****     return 0;
  91:..\..\../cli_uart.c **** #endif
  92:..\..\../cli_uart.c **** }
 162              		.loc 1 92 0
 163 0060 181C     		mov	r0, r3
 164 0062 BD46     		mov	sp, r7
 165 0064 04B0     		add	sp, sp, #16
 166              		@ sp needed for prologue
 167 0066 80BD     		pop	{r7, pc}
 168              		.cfi_endproc
 169              	.LFE1:
 170              		.size	CLI_Write, .-CLI_Write
 171              		.section	.text.CLI_Configure,"ax",%progbits
 172              		.align	2
 173              		.global	CLI_Configure
 174              		.code	16
 175              		.thumb_func
 176              		.type	CLI_Configure, %function
 177              	CLI_Configure:
 178              	.LFB2:
  93:..\..\../cli_uart.c **** 
  94:..\..\../cli_uart.c **** 
  95:..\..\../cli_uart.c **** void
  96:..\..\../cli_uart.c **** CLI_Configure(void)
  97:..\..\../cli_uart.c **** {
 179              		.loc 1 97 0
 180              		.cfi_startproc
 181 0000 80B5     		push	{r7, lr}
 182              	.LCFI6:
 183              		.cfi_def_cfa_offset 8
 184              		.cfi_offset 7, -8
 185              		.cfi_offset 14, -4
 186 0002 00AF     		add	r7, sp, #0
 187              	.LCFI7:
ARM GAS  C:\Users\X0217454\AppData\Local\Temp\ccc0bbsn.s 			page 6


 188              		.cfi_def_cfa_register 7
  98:..\..\../cli_uart.c **** #ifdef _USE_CLI_
  99:..\..\../cli_uart.c ****     UART_1_UartInit();
 189              		.loc 1 99 0
 190 0004 FFF7FEFF 		bl	UART_1_UartInit
 100:..\..\../cli_uart.c ****     UART_1_Start();
 191              		.loc 1 100 0
 192 0008 FFF7FEFF 		bl	UART_1_Start
 101:..\..\../cli_uart.c **** #endif
 102:..\..\../cli_uart.c **** }
 193              		.loc 1 102 0
 194 000c BD46     		mov	sp, r7
 195              		@ sp needed for prologue
 196 000e 80BD     		pop	{r7, pc}
 197              		.cfi_endproc
 198              	.LFE2:
 199              		.size	CLI_Configure, .-CLI_Configure
 200              		.text
 201              	.Letext0:
 202              		.file 2 "./Generated_Source/PSoC4/cytypes.h"
 203              		.section	.debug_info,"",%progbits
 204              	.Ldebug_info0:
 205 0000 49010000 		.4byte	0x149
 206 0004 0200     		.2byte	0x2
 207 0006 00000000 		.4byte	.Ldebug_abbrev0
 208 000a 04       		.byte	0x4
 209 000b 01       		.uleb128 0x1
 210 000c 30000000 		.4byte	.LASF20
 211 0010 01       		.byte	0x1
 212 0011 59010000 		.4byte	.LASF21
 213 0015 CE000000 		.4byte	.LASF22
 214 0019 00000000 		.4byte	.Ldebug_ranges0+0
 215 001d 00000000 		.4byte	0
 216 0021 00000000 		.4byte	0
 217 0025 00000000 		.4byte	.Ldebug_line0
 218 0029 02       		.uleb128 0x2
 219 002a 01       		.byte	0x1
 220 002b 06       		.byte	0x6
 221 002c 9A010000 		.4byte	.LASF0
 222 0030 02       		.uleb128 0x2
 223 0031 01       		.byte	0x1
 224 0032 08       		.byte	0x8
 225 0033 22000000 		.4byte	.LASF1
 226 0037 02       		.uleb128 0x2
 227 0038 02       		.byte	0x2
 228 0039 05       		.byte	0x5
 229 003a BA010000 		.4byte	.LASF2
 230 003e 02       		.uleb128 0x2
 231 003f 02       		.byte	0x2
 232 0040 07       		.byte	0x7
 233 0041 87010000 		.4byte	.LASF3
 234 0045 03       		.uleb128 0x3
 235 0046 04       		.byte	0x4
 236 0047 05       		.byte	0x5
 237 0048 696E7400 		.ascii	"int\000"
 238 004c 02       		.uleb128 0x2
 239 004d 04       		.byte	0x4
ARM GAS  C:\Users\X0217454\AppData\Local\Temp\ccc0bbsn.s 			page 7


 240 004e 07       		.byte	0x7
 241 004f 15000000 		.4byte	.LASF4
 242 0053 02       		.uleb128 0x2
 243 0054 08       		.byte	0x8
 244 0055 05       		.byte	0x5
 245 0056 00000000 		.4byte	.LASF5
 246 005a 02       		.uleb128 0x2
 247 005b 08       		.byte	0x8
 248 005c 07       		.byte	0x7
 249 005d 8B000000 		.4byte	.LASF6
 250 0061 02       		.uleb128 0x2
 251 0062 04       		.byte	0x4
 252 0063 05       		.byte	0x5
 253 0064 C5000000 		.4byte	.LASF7
 254 0068 02       		.uleb128 0x2
 255 0069 04       		.byte	0x4
 256 006a 07       		.byte	0x7
 257 006b D8010000 		.4byte	.LASF8
 258 006f 02       		.uleb128 0x2
 259 0070 04       		.byte	0x4
 260 0071 07       		.byte	0x7
 261 0072 79000000 		.4byte	.LASF9
 262 0076 04       		.uleb128 0x4
 263 0077 04       		.byte	0x4
 264 0078 30000000 		.4byte	0x30
 265 007c 02       		.uleb128 0x2
 266 007d 01       		.byte	0x1
 267 007e 08       		.byte	0x8
 268 007f C0000000 		.4byte	.LASF10
 269 0083 05       		.uleb128 0x5
 270 0084 0E000000 		.4byte	.LASF23
 271 0088 02       		.byte	0x2
 272 0089 5D       		.byte	0x5d
 273 008a 6F000000 		.4byte	0x6f
 274 008e 02       		.uleb128 0x2
 275 008f 04       		.byte	0x4
 276 0090 04       		.byte	0x4
 277 0091 A6010000 		.4byte	.LASF11
 278 0095 02       		.uleb128 0x2
 279 0096 08       		.byte	0x8
 280 0097 04       		.byte	0x4
 281 0098 6D010000 		.4byte	.LASF12
 282 009c 06       		.uleb128 0x6
 283 009d 01       		.byte	0x1
 284 009e 74010000 		.4byte	.LASF13
 285 00a2 01       		.byte	0x1
 286 00a3 3B       		.byte	0x3b
 287 00a4 01       		.byte	0x1
 288 00a5 45000000 		.4byte	0x45
 289 00a9 00000000 		.4byte	.LFB0
 290 00ad 38000000 		.4byte	.LFE0
 291 00b1 00000000 		.4byte	.LLST0
 292 00b5 01       		.byte	0x1
 293 00b6 C9000000 		.4byte	0xc9
 294 00ba 07       		.uleb128 0x7
 295 00bb AB000000 		.4byte	.LASF15
 296 00bf 01       		.byte	0x1
ARM GAS  C:\Users\X0217454\AppData\Local\Temp\ccc0bbsn.s 			page 8


 297 00c0 3B       		.byte	0x3b
 298 00c1 76000000 		.4byte	0x76
 299 00c5 02       		.byte	0x2
 300 00c6 91       		.byte	0x91
 301 00c7 74       		.sleb128 -12
 302 00c8 00       		.byte	0
 303 00c9 06       		.uleb128 0x6
 304 00ca 01       		.byte	0x1
 305 00cb 7D010000 		.4byte	.LASF14
 306 00cf 01       		.byte	0x1
 307 00d0 4B       		.byte	0x4b
 308 00d1 01       		.byte	0x1
 309 00d2 45000000 		.4byte	0x45
 310 00d6 00000000 		.4byte	.LFB1
 311 00da 68000000 		.4byte	.LFE1
 312 00de 38000000 		.4byte	.LLST1
 313 00e2 01       		.byte	0x1
 314 00e3 12010000 		.4byte	0x112
 315 00e7 07       		.uleb128 0x7
 316 00e8 D1010000 		.4byte	.LASF16
 317 00ec 01       		.byte	0x1
 318 00ed 4B       		.byte	0x4b
 319 00ee 76000000 		.4byte	0x76
 320 00f2 02       		.byte	0x2
 321 00f3 91       		.byte	0x91
 322 00f4 6C       		.sleb128 -20
 323 00f5 08       		.uleb128 0x8
 324 00f6 72657400 		.ascii	"ret\000"
 325 00fa 01       		.byte	0x1
 326 00fb 50       		.byte	0x50
 327 00fc 3E000000 		.4byte	0x3e
 328 0100 02       		.byte	0x2
 329 0101 91       		.byte	0x91
 330 0102 74       		.sleb128 -12
 331 0103 09       		.uleb128 0x9
 332 0104 A2000000 		.4byte	.LASF17
 333 0108 01       		.byte	0x1
 334 0109 50       		.byte	0x50
 335 010a 3E000000 		.4byte	0x3e
 336 010e 02       		.byte	0x2
 337 010f 91       		.byte	0x91
 338 0110 76       		.sleb128 -10
 339 0111 00       		.byte	0
 340 0112 0A       		.uleb128 0xa
 341 0113 01       		.byte	0x1
 342 0114 AC010000 		.4byte	.LASF24
 343 0118 01       		.byte	0x1
 344 0119 60       		.byte	0x60
 345 011a 01       		.byte	0x1
 346 011b 00000000 		.4byte	.LFB2
 347 011f 10000000 		.4byte	.LFE2
 348 0123 70000000 		.4byte	.LLST2
 349 0127 01       		.byte	0x1
 350 0128 0B       		.uleb128 0xb
 351 0129 B1000000 		.4byte	.LASF18
 352 012d 01       		.byte	0x1
 353 012e 34       		.byte	0x34
ARM GAS  C:\Users\X0217454\AppData\Local\Temp\ccc0bbsn.s 			page 9


 354 012f 76000000 		.4byte	0x76
 355 0133 01       		.byte	0x1
 356 0134 05       		.byte	0x5
 357 0135 03       		.byte	0x3
 358 0136 00000000 		.4byte	g_ucUARTBuffer
 359 013a 0B       		.uleb128 0xb
 360 013b C4010000 		.4byte	.LASF19
 361 013f 01       		.byte	0x1
 362 0140 36       		.byte	0x36
 363 0141 45000000 		.4byte	0x45
 364 0145 01       		.byte	0x1
 365 0146 05       		.byte	0x5
 366 0147 03       		.byte	0x3
 367 0148 00000000 		.4byte	cli_have_cmd
 368 014c 00       		.byte	0
 369              		.section	.debug_abbrev,"",%progbits
 370              	.Ldebug_abbrev0:
 371 0000 01       		.uleb128 0x1
 372 0001 11       		.uleb128 0x11
 373 0002 01       		.byte	0x1
 374 0003 25       		.uleb128 0x25
 375 0004 0E       		.uleb128 0xe
 376 0005 13       		.uleb128 0x13
 377 0006 0B       		.uleb128 0xb
 378 0007 03       		.uleb128 0x3
 379 0008 0E       		.uleb128 0xe
 380 0009 1B       		.uleb128 0x1b
 381 000a 0E       		.uleb128 0xe
 382 000b 55       		.uleb128 0x55
 383 000c 06       		.uleb128 0x6
 384 000d 11       		.uleb128 0x11
 385 000e 01       		.uleb128 0x1
 386 000f 52       		.uleb128 0x52
 387 0010 01       		.uleb128 0x1
 388 0011 10       		.uleb128 0x10
 389 0012 06       		.uleb128 0x6
 390 0013 00       		.byte	0
 391 0014 00       		.byte	0
 392 0015 02       		.uleb128 0x2
 393 0016 24       		.uleb128 0x24
 394 0017 00       		.byte	0
 395 0018 0B       		.uleb128 0xb
 396 0019 0B       		.uleb128 0xb
 397 001a 3E       		.uleb128 0x3e
 398 001b 0B       		.uleb128 0xb
 399 001c 03       		.uleb128 0x3
 400 001d 0E       		.uleb128 0xe
 401 001e 00       		.byte	0
 402 001f 00       		.byte	0
 403 0020 03       		.uleb128 0x3
 404 0021 24       		.uleb128 0x24
 405 0022 00       		.byte	0
 406 0023 0B       		.uleb128 0xb
 407 0024 0B       		.uleb128 0xb
 408 0025 3E       		.uleb128 0x3e
 409 0026 0B       		.uleb128 0xb
 410 0027 03       		.uleb128 0x3
ARM GAS  C:\Users\X0217454\AppData\Local\Temp\ccc0bbsn.s 			page 10


 411 0028 08       		.uleb128 0x8
 412 0029 00       		.byte	0
 413 002a 00       		.byte	0
 414 002b 04       		.uleb128 0x4
 415 002c 0F       		.uleb128 0xf
 416 002d 00       		.byte	0
 417 002e 0B       		.uleb128 0xb
 418 002f 0B       		.uleb128 0xb
 419 0030 49       		.uleb128 0x49
 420 0031 13       		.uleb128 0x13
 421 0032 00       		.byte	0
 422 0033 00       		.byte	0
 423 0034 05       		.uleb128 0x5
 424 0035 16       		.uleb128 0x16
 425 0036 00       		.byte	0
 426 0037 03       		.uleb128 0x3
 427 0038 0E       		.uleb128 0xe
 428 0039 3A       		.uleb128 0x3a
 429 003a 0B       		.uleb128 0xb
 430 003b 3B       		.uleb128 0x3b
 431 003c 0B       		.uleb128 0xb
 432 003d 49       		.uleb128 0x49
 433 003e 13       		.uleb128 0x13
 434 003f 00       		.byte	0
 435 0040 00       		.byte	0
 436 0041 06       		.uleb128 0x6
 437 0042 2E       		.uleb128 0x2e
 438 0043 01       		.byte	0x1
 439 0044 3F       		.uleb128 0x3f
 440 0045 0C       		.uleb128 0xc
 441 0046 03       		.uleb128 0x3
 442 0047 0E       		.uleb128 0xe
 443 0048 3A       		.uleb128 0x3a
 444 0049 0B       		.uleb128 0xb
 445 004a 3B       		.uleb128 0x3b
 446 004b 0B       		.uleb128 0xb
 447 004c 27       		.uleb128 0x27
 448 004d 0C       		.uleb128 0xc
 449 004e 49       		.uleb128 0x49
 450 004f 13       		.uleb128 0x13
 451 0050 11       		.uleb128 0x11
 452 0051 01       		.uleb128 0x1
 453 0052 12       		.uleb128 0x12
 454 0053 01       		.uleb128 0x1
 455 0054 40       		.uleb128 0x40
 456 0055 06       		.uleb128 0x6
 457 0056 9642     		.uleb128 0x2116
 458 0058 0C       		.uleb128 0xc
 459 0059 01       		.uleb128 0x1
 460 005a 13       		.uleb128 0x13
 461 005b 00       		.byte	0
 462 005c 00       		.byte	0
 463 005d 07       		.uleb128 0x7
 464 005e 05       		.uleb128 0x5
 465 005f 00       		.byte	0
 466 0060 03       		.uleb128 0x3
 467 0061 0E       		.uleb128 0xe
ARM GAS  C:\Users\X0217454\AppData\Local\Temp\ccc0bbsn.s 			page 11


 468 0062 3A       		.uleb128 0x3a
 469 0063 0B       		.uleb128 0xb
 470 0064 3B       		.uleb128 0x3b
 471 0065 0B       		.uleb128 0xb
 472 0066 49       		.uleb128 0x49
 473 0067 13       		.uleb128 0x13
 474 0068 02       		.uleb128 0x2
 475 0069 0A       		.uleb128 0xa
 476 006a 00       		.byte	0
 477 006b 00       		.byte	0
 478 006c 08       		.uleb128 0x8
 479 006d 34       		.uleb128 0x34
 480 006e 00       		.byte	0
 481 006f 03       		.uleb128 0x3
 482 0070 08       		.uleb128 0x8
 483 0071 3A       		.uleb128 0x3a
 484 0072 0B       		.uleb128 0xb
 485 0073 3B       		.uleb128 0x3b
 486 0074 0B       		.uleb128 0xb
 487 0075 49       		.uleb128 0x49
 488 0076 13       		.uleb128 0x13
 489 0077 02       		.uleb128 0x2
 490 0078 0A       		.uleb128 0xa
 491 0079 00       		.byte	0
 492 007a 00       		.byte	0
 493 007b 09       		.uleb128 0x9
 494 007c 34       		.uleb128 0x34
 495 007d 00       		.byte	0
 496 007e 03       		.uleb128 0x3
 497 007f 0E       		.uleb128 0xe
 498 0080 3A       		.uleb128 0x3a
 499 0081 0B       		.uleb128 0xb
 500 0082 3B       		.uleb128 0x3b
 501 0083 0B       		.uleb128 0xb
 502 0084 49       		.uleb128 0x49
 503 0085 13       		.uleb128 0x13
 504 0086 02       		.uleb128 0x2
 505 0087 0A       		.uleb128 0xa
 506 0088 00       		.byte	0
 507 0089 00       		.byte	0
 508 008a 0A       		.uleb128 0xa
 509 008b 2E       		.uleb128 0x2e
 510 008c 00       		.byte	0
 511 008d 3F       		.uleb128 0x3f
 512 008e 0C       		.uleb128 0xc
 513 008f 03       		.uleb128 0x3
 514 0090 0E       		.uleb128 0xe
 515 0091 3A       		.uleb128 0x3a
 516 0092 0B       		.uleb128 0xb
 517 0093 3B       		.uleb128 0x3b
 518 0094 0B       		.uleb128 0xb
 519 0095 27       		.uleb128 0x27
 520 0096 0C       		.uleb128 0xc
 521 0097 11       		.uleb128 0x11
 522 0098 01       		.uleb128 0x1
 523 0099 12       		.uleb128 0x12
 524 009a 01       		.uleb128 0x1
ARM GAS  C:\Users\X0217454\AppData\Local\Temp\ccc0bbsn.s 			page 12


 525 009b 40       		.uleb128 0x40
 526 009c 06       		.uleb128 0x6
 527 009d 9642     		.uleb128 0x2116
 528 009f 0C       		.uleb128 0xc
 529 00a0 00       		.byte	0
 530 00a1 00       		.byte	0
 531 00a2 0B       		.uleb128 0xb
 532 00a3 34       		.uleb128 0x34
 533 00a4 00       		.byte	0
 534 00a5 03       		.uleb128 0x3
 535 00a6 0E       		.uleb128 0xe
 536 00a7 3A       		.uleb128 0x3a
 537 00a8 0B       		.uleb128 0xb
 538 00a9 3B       		.uleb128 0x3b
 539 00aa 0B       		.uleb128 0xb
 540 00ab 49       		.uleb128 0x49
 541 00ac 13       		.uleb128 0x13
 542 00ad 3F       		.uleb128 0x3f
 543 00ae 0C       		.uleb128 0xc
 544 00af 02       		.uleb128 0x2
 545 00b0 0A       		.uleb128 0xa
 546 00b1 00       		.byte	0
 547 00b2 00       		.byte	0
 548 00b3 00       		.byte	0
 549              		.section	.debug_loc,"",%progbits
 550              	.Ldebug_loc0:
 551              	.LLST0:
 552 0000 00000000 		.4byte	.LFB0
 553 0004 02000000 		.4byte	.LCFI0
 554 0008 0200     		.2byte	0x2
 555 000a 7D       		.byte	0x7d
 556 000b 00       		.sleb128 0
 557 000c 02000000 		.4byte	.LCFI0
 558 0010 04000000 		.4byte	.LCFI1
 559 0014 0200     		.2byte	0x2
 560 0016 7D       		.byte	0x7d
 561 0017 08       		.sleb128 8
 562 0018 04000000 		.4byte	.LCFI1
 563 001c 06000000 		.4byte	.LCFI2
 564 0020 0200     		.2byte	0x2
 565 0022 7D       		.byte	0x7d
 566 0023 10       		.sleb128 16
 567 0024 06000000 		.4byte	.LCFI2
 568 0028 38000000 		.4byte	.LFE0
 569 002c 0200     		.2byte	0x2
 570 002e 77       		.byte	0x77
 571 002f 10       		.sleb128 16
 572 0030 00000000 		.4byte	0
 573 0034 00000000 		.4byte	0
 574              	.LLST1:
 575 0038 00000000 		.4byte	.LFB1
 576 003c 02000000 		.4byte	.LCFI3
 577 0040 0200     		.2byte	0x2
 578 0042 7D       		.byte	0x7d
 579 0043 00       		.sleb128 0
 580 0044 02000000 		.4byte	.LCFI3
 581 0048 04000000 		.4byte	.LCFI4
ARM GAS  C:\Users\X0217454\AppData\Local\Temp\ccc0bbsn.s 			page 13


 582 004c 0200     		.2byte	0x2
 583 004e 7D       		.byte	0x7d
 584 004f 08       		.sleb128 8
 585 0050 04000000 		.4byte	.LCFI4
 586 0054 06000000 		.4byte	.LCFI5
 587 0058 0200     		.2byte	0x2
 588 005a 7D       		.byte	0x7d
 589 005b 18       		.sleb128 24
 590 005c 06000000 		.4byte	.LCFI5
 591 0060 68000000 		.4byte	.LFE1
 592 0064 0200     		.2byte	0x2
 593 0066 77       		.byte	0x77
 594 0067 18       		.sleb128 24
 595 0068 00000000 		.4byte	0
 596 006c 00000000 		.4byte	0
 597              	.LLST2:
 598 0070 00000000 		.4byte	.LFB2
 599 0074 02000000 		.4byte	.LCFI6
 600 0078 0200     		.2byte	0x2
 601 007a 7D       		.byte	0x7d
 602 007b 00       		.sleb128 0
 603 007c 02000000 		.4byte	.LCFI6
 604 0080 04000000 		.4byte	.LCFI7
 605 0084 0200     		.2byte	0x2
 606 0086 7D       		.byte	0x7d
 607 0087 08       		.sleb128 8
 608 0088 04000000 		.4byte	.LCFI7
 609 008c 10000000 		.4byte	.LFE2
 610 0090 0200     		.2byte	0x2
 611 0092 77       		.byte	0x77
 612 0093 08       		.sleb128 8
 613 0094 00000000 		.4byte	0
 614 0098 00000000 		.4byte	0
 615              		.section	.debug_aranges,"",%progbits
 616 0000 2C000000 		.4byte	0x2c
 617 0004 0200     		.2byte	0x2
 618 0006 00000000 		.4byte	.Ldebug_info0
 619 000a 04       		.byte	0x4
 620 000b 00       		.byte	0
 621 000c 0000     		.2byte	0
 622 000e 0000     		.2byte	0
 623 0010 00000000 		.4byte	.LFB0
 624 0014 38000000 		.4byte	.LFE0-.LFB0
 625 0018 00000000 		.4byte	.LFB1
 626 001c 68000000 		.4byte	.LFE1-.LFB1
 627 0020 00000000 		.4byte	.LFB2
 628 0024 10000000 		.4byte	.LFE2-.LFB2
 629 0028 00000000 		.4byte	0
 630 002c 00000000 		.4byte	0
 631              		.section	.debug_ranges,"",%progbits
 632              	.Ldebug_ranges0:
 633 0000 00000000 		.4byte	.LFB0
 634 0004 38000000 		.4byte	.LFE0
 635 0008 00000000 		.4byte	.LFB1
 636 000c 68000000 		.4byte	.LFE1
 637 0010 00000000 		.4byte	.LFB2
 638 0014 10000000 		.4byte	.LFE2
ARM GAS  C:\Users\X0217454\AppData\Local\Temp\ccc0bbsn.s 			page 14


 639 0018 00000000 		.4byte	0
 640 001c 00000000 		.4byte	0
 641              		.section	.debug_line,"",%progbits
 642              	.Ldebug_line0:
 643 0000 9D000000 		.section	.debug_str,"MS",%progbits,1
 643      02005000 
 643      00000201 
 643      FB0E0D00 
 643      01010101 
 644              	.LASF5:
 645 0000 6C6F6E67 		.ascii	"long long int\000"
 645      206C6F6E 
 645      6720696E 
 645      7400
 646              	.LASF23:
 647 000e 75696E74 		.ascii	"uint32\000"
 647      333200
 648              	.LASF4:
 649 0015 756E7369 		.ascii	"unsigned int\000"
 649      676E6564 
 649      20696E74 
 649      00
 650              	.LASF1:
 651 0022 756E7369 		.ascii	"unsigned char\000"
 651      676E6564 
 651      20636861 
 651      7200
 652              	.LASF20:
 653 0030 474E5520 		.ascii	"GNU C 4.7.3 20130312 (release) [ARM/embedded-4_7-br"
 653      4320342E 
 653      372E3320 
 653      32303133 
 653      30333132 
 654 0063 616E6368 		.ascii	"anch revision 196615]\000"
 654      20726576 
 654      6973696F 
 654      6E203139 
 654      36363135 
 655              	.LASF9:
 656 0079 6C6F6E67 		.ascii	"long unsigned int\000"
 656      20756E73 
 656      69676E65 
 656      6420696E 
 656      7400
 657              	.LASF6:
 658 008b 6C6F6E67 		.ascii	"long long unsigned int\000"
 658      206C6F6E 
 658      6720756E 
 658      7369676E 
 658      65642069 
 659              	.LASF17:
 660 00a2 75734C65 		.ascii	"usLength\000"
 660      6E677468 
 660      00
 661              	.LASF15:
 662 00ab 70427566 		.ascii	"pBuff\000"
 662      6600
ARM GAS  C:\Users\X0217454\AppData\Local\Temp\ccc0bbsn.s 			page 15


 663              	.LASF18:
 664 00b1 675F7563 		.ascii	"g_ucUARTBuffer\000"
 664      55415254 
 664      42756666 
 664      657200
 665              	.LASF10:
 666 00c0 63686172 		.ascii	"char\000"
 666      00
 667              	.LASF7:
 668 00c5 6C6F6E67 		.ascii	"long int\000"
 668      20696E74 
 668      00
 669              	.LASF22:
 670 00ce 433A5C55 		.ascii	"C:\\Users\\X0217454\\Desktop\\CC31xx\\CC3100 - 0.5\\"
 670      73657273 
 670      5C583032 
 670      31373435 
 670      345C4465 
 671 00fc 43433331 		.ascii	"CC3100 SDK 0.5\\cc3100-sdk\\platform\\cypress_SDK.5"
 671      30302053 
 671      444B2030 
 671      2E355C63 
 671      63333130 
 672 012c 5C657861 		.ascii	"\\example\\spi_debug_tool\\spi_debug_tool.cydsn\000"
 672      6D706C65 
 672      5C737069 
 672      5F646562 
 672      75675F74 
 673              	.LASF21:
 674 0159 2E2E5C2E 		.ascii	"..\\..\\..\\cli_uart.c\000"
 674      2E5C2E2E 
 674      5C636C69 
 674      5F756172 
 674      742E6300 
 675              	.LASF12:
 676 016d 646F7562 		.ascii	"double\000"
 676      6C6500
 677              	.LASF13:
 678 0174 434C495F 		.ascii	"CLI_Read\000"
 678      52656164 
 678      00
 679              	.LASF14:
 680 017d 434C495F 		.ascii	"CLI_Write\000"
 680      57726974 
 680      6500
 681              	.LASF3:
 682 0187 73686F72 		.ascii	"short unsigned int\000"
 682      7420756E 
 682      7369676E 
 682      65642069 
 682      6E7400
 683              	.LASF0:
 684 019a 7369676E 		.ascii	"signed char\000"
 684      65642063 
 684      68617200 
 685              	.LASF11:
 686 01a6 666C6F61 		.ascii	"float\000"
ARM GAS  C:\Users\X0217454\AppData\Local\Temp\ccc0bbsn.s 			page 16


 686      7400
 687              	.LASF24:
 688 01ac 434C495F 		.ascii	"CLI_Configure\000"
 688      436F6E66 
 688      69677572 
 688      6500
 689              	.LASF2:
 690 01ba 73686F72 		.ascii	"short int\000"
 690      7420696E 
 690      7400
 691              	.LASF19:
 692 01c4 636C695F 		.ascii	"cli_have_cmd\000"
 692      68617665 
 692      5F636D64 
 692      00
 693              	.LASF16:
 694 01d1 696E4275 		.ascii	"inBuff\000"
 694      666600
 695              	.LASF8:
 696 01d8 73697A65 		.ascii	"sizetype\000"
 696      74797065 
 696      00
 697              		.ident	"GCC: (GNU Tools for ARM Embedded Processors) 4.7.3 20130312 (release) [ARM/embedded-4_7-br
