ARM GAS  C:\Users\X0217454\AppData\Local\Temp\cciAi5Kk.s 			page 1


   1              		.cpu cortex-m0
   2              		.fpu softvfp
   3              		.eabi_attribute 20, 1
   4              		.eabi_attribute 21, 1
   5              		.eabi_attribute 23, 3
   6              		.eabi_attribute 24, 1
   7              		.eabi_attribute 25, 1
   8              		.eabi_attribute 26, 1
   9              		.eabi_attribute 30, 6
  10              		.eabi_attribute 34, 0
  11              		.eabi_attribute 18, 4
  12              		.code	16
  13              		.file	"board.c"
  14              		.text
  15              	.Ltext0:
  16              		.cfi_sections	.debug_frame
  17              		.global	pIrqEventHandler
  18              		.bss
  19              		.align	2
  20              		.type	pIrqEventHandler, %object
  21              		.size	pIrqEventHandler, 4
  22              	pIrqEventHandler:
  23 0000 00000000 		.space	4
  24              		.comm	IntIsMasked,1,1
  25              		.global	error_overrun
  26              		.type	error_overrun, %object
  27              		.size	error_overrun, 1
  28              	error_overrun:
  29 0004 00       		.space	1
  30              		.comm	uartFlowctrl,20,4
  31              		.global	puartFlowctrl
  32 0005 000000   		.data
  33              		.align	2
  34              		.type	puartFlowctrl, %object
  35              		.size	puartFlowctrl, 4
  36              	puartFlowctrl:
  37 0000 00000000 		.word	uartFlowctrl
  38              		.section	.text.registerInterruptHandler,"ax",%progbits
  39              		.align	2
  40              		.global	registerInterruptHandler
  41              		.code	16
  42              		.thumb_func
  43              		.type	registerInterruptHandler, %function
  44              	registerInterruptHandler:
  45              	.LFB33:
  46              		.file 1 "..\\..\\..\\board.c"
   1:..\..\../board.c **** /*
   2:..\..\../board.c ****  * board.c - msp430f5529 launchpad configuration
   3:..\..\../board.c ****  *
   4:..\..\../board.c ****  * Copyright (C) 2014 Texas Instruments Incorporated - http://www.ti.com/
   5:..\..\../board.c ****  *
   6:..\..\../board.c ****  *
   7:..\..\../board.c ****  *  Redistribution and use in source and binary forms, with or without
   8:..\..\../board.c ****  *  modification, are permitted provided that the following conditions
   9:..\..\../board.c ****  *  are met:
  10:..\..\../board.c ****  *
  11:..\..\../board.c ****  *    Redistributions of source code must retain the above copyright
ARM GAS  C:\Users\X0217454\AppData\Local\Temp\cciAi5Kk.s 			page 2


  12:..\..\../board.c ****  *    notice, this list of conditions and the following disclaimer.
  13:..\..\../board.c ****  *
  14:..\..\../board.c ****  *    Redistributions in binary form must reproduce the above copyright
  15:..\..\../board.c ****  *    notice, this list of conditions and the following disclaimer in the
  16:..\..\../board.c ****  *    documentation and/or other materials provided with the
  17:..\..\../board.c ****  *    distribution.
  18:..\..\../board.c ****  *
  19:..\..\../board.c ****  *    Neither the name of Texas Instruments Incorporated nor the names of
  20:..\..\../board.c ****  *    its contributors may be used to endorse or promote products derived
  21:..\..\../board.c ****  *    from this software without specific prior written permission.
  22:..\..\../board.c ****  *
  23:..\..\../board.c ****  *  THIS SOFTWARE IS PROVIDED BY THE COPYRIGHT HOLDERS AND CONTRIBUTORS
  24:..\..\../board.c ****  *  "AS IS" AND ANY EXPRESS OR IMPLIED WARRANTIES, INCLUDING, BUT NOT
  25:..\..\../board.c ****  *  LIMITED TO, THE IMPLIED WARRANTIES OF MERCHANTABILITY AND FITNESS FOR
  26:..\..\../board.c ****  *  A PARTICULAR PURPOSE ARE DISCLAIMED. IN NO EVENT SHALL THE COPYRIGHT
  27:..\..\../board.c ****  *  OWNER OR CONTRIBUTORS BE LIABLE FOR ANY DIRECT, INDIRECT, INCIDENTAL,
  28:..\..\../board.c ****  *  SPECIAL, EXEMPLARY, OR CONSEQUENTIAL DAMAGES (INCLUDING, BUT NOT
  29:..\..\../board.c ****  *  LIMITED TO, PROCUREMENT OF SUBSTITUTE GOODS OR SERVICES; LOSS OF USE,
  30:..\..\../board.c ****  *  DATA, OR PROFITS; OR BUSINESS INTERRUPTION) HOWEVER CAUSED AND ON ANY
  31:..\..\../board.c ****  *  THEORY OF LIABILITY, WHETHER IN CONTRACT, STRICT LIABILITY, OR TORT
  32:..\..\../board.c ****  *  (INCLUDING NEGLIGENCE OR OTHERWISE) ARISING IN ANY WAY OUT OF THE USE
  33:..\..\../board.c ****  *  OF THIS SOFTWARE, EVEN IF ADVISED OF THE POSSIBILITY OF SUCH DAMAGE.
  34:..\..\../board.c ****  *
  35:..\..\../board.c **** */
  36:..\..\../board.c **** 
  37:..\..\../board.c **** #include "simplelink.h"
  38:..\..\../board.c **** #include "board.h"
  39:..\..\../board.c **** #include<project.h>
  40:..\..\../board.c **** 
  41:..\..\../board.c **** #ifdef SL_IF_TYPE_UART
  42:..\..\../board.c **** #include "UARTM.h"
  43:..\..\../board.c **** #endif
  44:..\..\../board.c **** 
  45:..\..\../board.c **** #define PMM_STATUS_ERROR  1
  46:..\..\../board.c **** #define PMM_STATUS_OK     0
  47:..\..\../board.c **** #define XT1HFOFFG   0
  48:..\..\../board.c **** 
  49:..\..\../board.c **** P_EVENT_HANDLER                pIrqEventHandler = 0;
  50:..\..\../board.c **** 
  51:..\..\../board.c **** BOOLEAN IntIsMasked;
  52:..\..\../board.c **** 
  53:..\..\../board.c **** #ifdef SL_IF_TYPE_UART
  54:..\..\../board.c **** #define ASSERT_UART(expr) {  if (!(expr)) { while(1) ;}}
  55:..\..\../board.c **** 
  56:..\..\../board.c **** unsigned char error_overrun = FALSE;
  57:..\..\../board.c **** _uartFlowctrl uartFlowctrl;
  58:..\..\../board.c **** _uartFlowctrl *puartFlowctrl = &uartFlowctrl;
  59:..\..\../board.c **** #endif
  60:..\..\../board.c **** 
  61:..\..\../board.c **** int registerInterruptHandler(P_EVENT_HANDLER InterruptHdl , void* pValue)
  62:..\..\../board.c **** {
  47              		.loc 1 62 0
  48              		.cfi_startproc
  49 0000 80B5     		push	{r7, lr}
  50              	.LCFI0:
  51              		.cfi_def_cfa_offset 8
  52              		.cfi_offset 7, -8
ARM GAS  C:\Users\X0217454\AppData\Local\Temp\cciAi5Kk.s 			page 3


  53              		.cfi_offset 14, -4
  54 0002 82B0     		sub	sp, sp, #8
  55              	.LCFI1:
  56              		.cfi_def_cfa_offset 16
  57 0004 00AF     		add	r7, sp, #0
  58              	.LCFI2:
  59              		.cfi_def_cfa_register 7
  60 0006 7860     		str	r0, [r7, #4]
  61 0008 3960     		str	r1, [r7]
  63:..\..\../board.c ****     pIrqEventHandler = InterruptHdl;
  62              		.loc 1 63 0
  63 000a 044B     		ldr	r3, .L3
  64 000c 7A68     		ldr	r2, [r7, #4]
  65 000e 1A60     		str	r2, [r3]
  64:..\..\../board.c **** 
  65:..\..\../board.c ****     return 0;
  66              		.loc 1 65 0
  67 0010 0023     		mov	r3, #0
  66:..\..\../board.c **** }
  68              		.loc 1 66 0
  69 0012 181C     		mov	r0, r3
  70 0014 BD46     		mov	sp, r7
  71 0016 02B0     		add	sp, sp, #8
  72              		@ sp needed for prologue
  73 0018 80BD     		pop	{r7, pc}
  74              	.L4:
  75 001a C046     		.align	2
  76              	.L3:
  77 001c 00000000 		.word	pIrqEventHandler
  78              		.cfi_endproc
  79              	.LFE33:
  80              		.size	registerInterruptHandler, .-registerInterruptHandler
  81              		.section	.text.CC3100_disable,"ax",%progbits
  82              		.align	2
  83              		.global	CC3100_disable
  84              		.code	16
  85              		.thumb_func
  86              		.type	CC3100_disable, %function
  87              	CC3100_disable:
  88              	.LFB34:
  67:..\..\../board.c **** 
  68:..\..\../board.c **** void CC3100_disable()
  69:..\..\../board.c **** {
  89              		.loc 1 69 0
  90              		.cfi_startproc
  91 0000 80B5     		push	{r7, lr}
  92              	.LCFI3:
  93              		.cfi_def_cfa_offset 8
  94              		.cfi_offset 7, -8
  95              		.cfi_offset 14, -4
  96 0002 00AF     		add	r7, sp, #0
  97              	.LCFI4:
  98              		.cfi_def_cfa_register 7
  70:..\..\../board.c ****     nHIB_Write(0);
  99              		.loc 1 70 0
 100 0004 0020     		mov	r0, #0
 101 0006 FFF7FEFF 		bl	nHIB_Write
ARM GAS  C:\Users\X0217454\AppData\Local\Temp\cciAi5Kk.s 			page 4


  71:..\..\../board.c **** }
 102              		.loc 1 71 0
 103 000a BD46     		mov	sp, r7
 104              		@ sp needed for prologue
 105 000c 80BD     		pop	{r7, pc}
 106              		.cfi_endproc
 107              	.LFE34:
 108              		.size	CC3100_disable, .-CC3100_disable
 109 000e C046     		.section	.text.CC3100_enable,"ax",%progbits
 110              		.align	2
 111              		.global	CC3100_enable
 112              		.code	16
 113              		.thumb_func
 114              		.type	CC3100_enable, %function
 115              	CC3100_enable:
 116              	.LFB35:
  72:..\..\../board.c **** 
  73:..\..\../board.c **** 
  74:..\..\../board.c **** void CC3100_enable()
  75:..\..\../board.c **** {
 117              		.loc 1 75 0
 118              		.cfi_startproc
 119 0000 80B5     		push	{r7, lr}
 120              	.LCFI5:
 121              		.cfi_def_cfa_offset 8
 122              		.cfi_offset 7, -8
 123              		.cfi_offset 14, -4
 124 0002 00AF     		add	r7, sp, #0
 125              	.LCFI6:
 126              		.cfi_def_cfa_register 7
  76:..\..\../board.c ****     nHIB_Write(1);
 127              		.loc 1 76 0
 128 0004 0120     		mov	r0, #1
 129 0006 FFF7FEFF 		bl	nHIB_Write
  77:..\..\../board.c **** }
 130              		.loc 1 77 0
 131 000a BD46     		mov	sp, r7
 132              		@ sp needed for prologue
 133 000c 80BD     		pop	{r7, pc}
 134              		.cfi_endproc
 135              	.LFE35:
 136              		.size	CC3100_enable, .-CC3100_enable
 137 000e C046     		.section	.text.CC3100_InterruptEnable,"ax",%progbits
 138              		.align	2
 139              		.global	CC3100_InterruptEnable
 140              		.code	16
 141              		.thumb_func
 142              		.type	CC3100_InterruptEnable, %function
 143              	CC3100_InterruptEnable:
 144              	.LFB36:
  78:..\..\../board.c **** 
  79:..\..\../board.c **** void CC3100_InterruptEnable(void)
  80:..\..\../board.c **** {
 145              		.loc 1 80 0
 146              		.cfi_startproc
 147 0000 80B5     		push	{r7, lr}
 148              	.LCFI7:
ARM GAS  C:\Users\X0217454\AppData\Local\Temp\cciAi5Kk.s 			page 5


 149              		.cfi_def_cfa_offset 8
 150              		.cfi_offset 7, -8
 151              		.cfi_offset 14, -4
 152 0002 00AF     		add	r7, sp, #0
 153              	.LCFI8:
 154              		.cfi_def_cfa_register 7
  81:..\..\../board.c ****     /* Configure and enable interrupt */
  82:..\..\../board.c **** #ifndef SL_IF_TYPE_UART
  83:..\..\../board.c ****     isr_1_Start();
  84:..\..\../board.c **** #endif
  85:..\..\../board.c **** 
  86:..\..\../board.c **** #ifdef SL_IF_TYPE_UART
  87:..\..\../board.c ****     Rx_ISR_Start();
 155              		.loc 1 87 0
 156 0004 FFF7FEFF 		bl	Rx_ISR_Start
  88:..\..\../board.c **** #endif
  89:..\..\../board.c ****     
  90:..\..\../board.c **** #if(UARTM_RX_ENABLED || UARTM_HD_ENABLED)
  91:..\..\../board.c ****     #if(UARTM_RX_INTERRUPT_ENABLED)
  92:..\..\../board.c ****        UARTM_EnableRxInt();
  93:..\..\../board.c ****     #endif
  94:..\..\../board.c **** #endif
  95:..\..\../board.c **** 
  96:..\..\../board.c ****     CyGlobalIntEnable;
 157              		.loc 1 96 0
 158              	@ 96 "..\..\..\board.c" 1
 159 0008 62B6     		CPSIE   i
 160              	@ 0 "" 2
  97:..\..\../board.c **** }
 161              		.loc 1 97 0
 162              		.code	16
 163 000a BD46     		mov	sp, r7
 164              		@ sp needed for prologue
 165 000c 80BD     		pop	{r7, pc}
 166              		.cfi_endproc
 167              	.LFE36:
 168              		.size	CC3100_InterruptEnable, .-CC3100_InterruptEnable
 169 000e C046     		.section	.text.CC3100_InterruptDisable,"ax",%progbits
 170              		.align	2
 171              		.global	CC3100_InterruptDisable
 172              		.code	16
 173              		.thumb_func
 174              		.type	CC3100_InterruptDisable, %function
 175              	CC3100_InterruptDisable:
 176              	.LFB37:
  98:..\..\../board.c **** 
  99:..\..\../board.c **** void CC3100_InterruptDisable()
 100:..\..\../board.c **** {
 177              		.loc 1 100 0
 178              		.cfi_startproc
 179 0000 80B5     		push	{r7, lr}
 180              	.LCFI9:
 181              		.cfi_def_cfa_offset 8
 182              		.cfi_offset 7, -8
 183              		.cfi_offset 14, -4
 184 0002 00AF     		add	r7, sp, #0
 185              	.LCFI10:
ARM GAS  C:\Users\X0217454\AppData\Local\Temp\cciAi5Kk.s 			page 6


 186              		.cfi_def_cfa_register 7
 101:..\..\../board.c ****      /* Configure and enable interrupt */
 102:..\..\../board.c **** #ifndef SL_IF_TYPE_UART
 103:..\..\../board.c ****     isr_1_Disable();
 104:..\..\../board.c **** #endif
 105:..\..\../board.c **** 
 106:..\..\../board.c **** #ifdef SL_IF_TYPE_UART
 107:..\..\../board.c ****     Rx_ISR_Disable();
 187              		.loc 1 107 0
 188 0004 FFF7FEFF 		bl	Rx_ISR_Disable
 108:..\..\../board.c **** #endif
 109:..\..\../board.c ****     
 110:..\..\../board.c **** #if(UARTM_RX_ENABLED || UARTM_HD_ENABLED)
 111:..\..\../board.c ****     #if(UARTM_RX_INTERRUPT_ENABLED)
 112:..\..\../board.c ****         UARTM_DisableRxInt();
 113:..\..\../board.c ****     #endif
 114:..\..\../board.c **** #endif
 115:..\..\../board.c **** 
 116:..\..\../board.c ****     CyGlobalIntDisable;
 189              		.loc 1 116 0
 190              	@ 116 "..\..\..\board.c" 1
 191 0008 72B6     		CPSID   i
 192              	@ 0 "" 2
 117:..\..\../board.c **** }
 193              		.loc 1 117 0
 194              		.code	16
 195 000a BD46     		mov	sp, r7
 196              		@ sp needed for prologue
 197 000c 80BD     		pop	{r7, pc}
 198              		.cfi_endproc
 199              	.LFE37:
 200              		.size	CC3100_InterruptDisable, .-CC3100_InterruptDisable
 201 000e C046     		.section	.text.MaskIntHdlr,"ax",%progbits
 202              		.align	2
 203              		.global	MaskIntHdlr
 204              		.code	16
 205              		.thumb_func
 206              		.type	MaskIntHdlr, %function
 207              	MaskIntHdlr:
 208              	.LFB38:
 118:..\..\../board.c **** 
 119:..\..\../board.c **** void MaskIntHdlr()
 120:..\..\../board.c **** {
 209              		.loc 1 120 0
 210              		.cfi_startproc
 211 0000 80B5     		push	{r7, lr}
 212              	.LCFI11:
 213              		.cfi_def_cfa_offset 8
 214              		.cfi_offset 7, -8
 215              		.cfi_offset 14, -4
 216 0002 00AF     		add	r7, sp, #0
 217              	.LCFI12:
 218              		.cfi_def_cfa_register 7
 121:..\..\../board.c ****     IntIsMasked = TRUE;
 219              		.loc 1 121 0
 220 0004 024B     		ldr	r3, .L10
 221 0006 0122     		mov	r2, #1
ARM GAS  C:\Users\X0217454\AppData\Local\Temp\cciAi5Kk.s 			page 7


 222 0008 1A70     		strb	r2, [r3]
 122:..\..\../board.c **** }
 223              		.loc 1 122 0
 224 000a BD46     		mov	sp, r7
 225              		@ sp needed for prologue
 226 000c 80BD     		pop	{r7, pc}
 227              	.L11:
 228 000e C046     		.align	2
 229              	.L10:
 230 0010 00000000 		.word	IntIsMasked
 231              		.cfi_endproc
 232              	.LFE38:
 233              		.size	MaskIntHdlr, .-MaskIntHdlr
 234              		.section	.text.UnMaskIntHdlr,"ax",%progbits
 235              		.align	2
 236              		.global	UnMaskIntHdlr
 237              		.code	16
 238              		.thumb_func
 239              		.type	UnMaskIntHdlr, %function
 240              	UnMaskIntHdlr:
 241              	.LFB39:
 123:..\..\../board.c **** 
 124:..\..\../board.c **** void UnMaskIntHdlr()
 125:..\..\../board.c **** {
 242              		.loc 1 125 0
 243              		.cfi_startproc
 244 0000 80B5     		push	{r7, lr}
 245              	.LCFI13:
 246              		.cfi_def_cfa_offset 8
 247              		.cfi_offset 7, -8
 248              		.cfi_offset 14, -4
 249 0002 00AF     		add	r7, sp, #0
 250              	.LCFI14:
 251              		.cfi_def_cfa_register 7
 126:..\..\../board.c ****     IntIsMasked = FALSE;
 252              		.loc 1 126 0
 253 0004 024B     		ldr	r3, .L13
 254 0006 0022     		mov	r2, #0
 255 0008 1A70     		strb	r2, [r3]
 127:..\..\../board.c **** }
 256              		.loc 1 127 0
 257 000a BD46     		mov	sp, r7
 258              		@ sp needed for prologue
 259 000c 80BD     		pop	{r7, pc}
 260              	.L14:
 261 000e C046     		.align	2
 262              	.L13:
 263 0010 00000000 		.word	IntIsMasked
 264              		.cfi_endproc
 265              	.LFE39:
 266              		.size	UnMaskIntHdlr, .-UnMaskIntHdlr
 267              		.section	.text.initClk,"ax",%progbits
 268              		.align	2
 269              		.global	initClk
 270              		.code	16
 271              		.thumb_func
 272              		.type	initClk, %function
ARM GAS  C:\Users\X0217454\AppData\Local\Temp\cciAi5Kk.s 			page 8


 273              	initClk:
 274              	.LFB40:
 128:..\..\../board.c **** 
 129:..\..\../board.c **** void initClk(void)
 130:..\..\../board.c **** {
 275              		.loc 1 130 0
 276              		.cfi_startproc
 277 0000 80B5     		push	{r7, lr}
 278              	.LCFI15:
 279              		.cfi_def_cfa_offset 8
 280              		.cfi_offset 7, -8
 281              		.cfi_offset 14, -4
 282 0002 00AF     		add	r7, sp, #0
 283              	.LCFI16:
 284              		.cfi_def_cfa_register 7
 131:..\..\../board.c ****     CySysClkImoStart();
 285              		.loc 1 131 0
 286 0004 FFF7FEFF 		bl	CySysClkImoStart
 132:..\..\../board.c ****     CySysClkWriteImoFreq(24u);
 287              		.loc 1 132 0
 288 0008 1820     		mov	r0, #24
 289 000a FFF7FEFF 		bl	CySysClkWriteImoFreq
 133:..\..\../board.c ****         
 134:..\..\../board.c ****     /* Globally enable interrupts */
 135:..\..\../board.c ****     CyGlobalIntEnable;
 290              		.loc 1 135 0
 291              	@ 135 "..\..\..\board.c" 1
 292 000e 62B6     		CPSIE   i
 293              	@ 0 "" 2
 136:..\..\../board.c **** }
 294              		.loc 1 136 0
 295              		.code	16
 296 0010 BD46     		mov	sp, r7
 297              		@ sp needed for prologue
 298 0012 80BD     		pop	{r7, pc}
 299              		.cfi_endproc
 300              	.LFE40:
 301              		.size	initClk, .-initClk
 302              		.section	.text.stopWDT,"ax",%progbits
 303              		.align	2
 304              		.global	stopWDT
 305              		.code	16
 306              		.thumb_func
 307              		.type	stopWDT, %function
 308              	stopWDT:
 309              	.LFB41:
 137:..\..\../board.c **** 
 138:..\..\../board.c **** void stopWDT()
 139:..\..\../board.c **** {
 310              		.loc 1 139 0
 311              		.cfi_startproc
 312 0000 80B5     		push	{r7, lr}
 313              	.LCFI17:
 314              		.cfi_def_cfa_offset 8
 315              		.cfi_offset 7, -8
 316              		.cfi_offset 14, -4
 317 0002 00AF     		add	r7, sp, #0
ARM GAS  C:\Users\X0217454\AppData\Local\Temp\cciAi5Kk.s 			page 9


 318              	.LCFI18:
 319              		.cfi_def_cfa_register 7
 140:..\..\../board.c ****     CySysWdtDisable(1u);
 320              		.loc 1 140 0
 321 0004 0120     		mov	r0, #1
 322 0006 FFF7FEFF 		bl	CySysWdtDisable
 141:..\..\../board.c ****     CySysWdtDisable(2u);
 323              		.loc 1 141 0
 324 000a 0220     		mov	r0, #2
 325 000c FFF7FEFF 		bl	CySysWdtDisable
 142:..\..\../board.c ****     CySysWdtDisable(3u);
 326              		.loc 1 142 0
 327 0010 0320     		mov	r0, #3
 328 0012 FFF7FEFF 		bl	CySysWdtDisable
 143:..\..\../board.c **** }
 329              		.loc 1 143 0
 330 0016 BD46     		mov	sp, r7
 331              		@ sp needed for prologue
 332 0018 80BD     		pop	{r7, pc}
 333              		.cfi_endproc
 334              	.LFE41:
 335              		.size	stopWDT, .-stopWDT
 336 001a C046     		.section	.text.initLEDs,"ax",%progbits
 337              		.align	2
 338              		.global	initLEDs
 339              		.code	16
 340              		.thumb_func
 341              		.type	initLEDs, %function
 342              	initLEDs:
 343              	.LFB42:
 144:..\..\../board.c **** 
 145:..\..\../board.c **** void initLEDs()
 146:..\..\../board.c **** {
 344              		.loc 1 146 0
 345              		.cfi_startproc
 346 0000 80B5     		push	{r7, lr}
 347              	.LCFI19:
 348              		.cfi_def_cfa_offset 8
 349              		.cfi_offset 7, -8
 350              		.cfi_offset 14, -4
 351 0002 00AF     		add	r7, sp, #0
 352              	.LCFI20:
 353              		.cfi_def_cfa_register 7
 147:..\..\../board.c ****     turnLedOff(LED1);
 354              		.loc 1 147 0
 355 0004 0120     		mov	r0, #1
 356 0006 FFF7FEFF 		bl	turnLedOff
 148:..\..\../board.c ****     turnLedOff(LED2);
 357              		.loc 1 148 0
 358 000a 0220     		mov	r0, #2
 359 000c FFF7FEFF 		bl	turnLedOff
 149:..\..\../board.c **** }
 360              		.loc 1 149 0
 361 0010 BD46     		mov	sp, r7
 362              		@ sp needed for prologue
 363 0012 80BD     		pop	{r7, pc}
 364              		.cfi_endproc
ARM GAS  C:\Users\X0217454\AppData\Local\Temp\cciAi5Kk.s 			page 10


 365              	.LFE42:
 366              		.size	initLEDs, .-initLEDs
 367              		.section	.text.turnLedOn,"ax",%progbits
 368              		.align	2
 369              		.global	turnLedOn
 370              		.code	16
 371              		.thumb_func
 372              		.type	turnLedOn, %function
 373              	turnLedOn:
 374              	.LFB43:
 150:..\..\../board.c **** 
 151:..\..\../board.c **** /* BLUE LED - LED1
 152:..\..\../board.c ****    GREEN LED - LED2 */
 153:..\..\../board.c **** 
 154:..\..\../board.c **** void turnLedOn(char ledNum)
 155:..\..\../board.c **** {
 375              		.loc 1 155 0
 376              		.cfi_startproc
 377 0000 80B5     		push	{r7, lr}
 378              	.LCFI21:
 379              		.cfi_def_cfa_offset 8
 380              		.cfi_offset 7, -8
 381              		.cfi_offset 14, -4
 382 0002 82B0     		sub	sp, sp, #8
 383              	.LCFI22:
 384              		.cfi_def_cfa_offset 16
 385 0004 00AF     		add	r7, sp, #0
 386              	.LCFI23:
 387              		.cfi_def_cfa_register 7
 388 0006 021C     		mov	r2, r0
 389 0008 FB1D     		add	r3, r7, #7
 390 000a 1A70     		strb	r2, [r3]
 156:..\..\../board.c ****     switch(ledNum)
 391              		.loc 1 156 0
 392 000c FB1D     		add	r3, r7, #7
 393 000e 1B78     		ldrb	r3, [r3]
 394 0010 012B     		cmp	r3, #1
 395 0012 02D0     		beq	.L20
 396 0014 022B     		cmp	r3, #2
 397 0016 04D0     		beq	.L21
 398 0018 07E0     		b	.L18
 399              	.L20:
 157:..\..\../board.c ****     {
 158:..\..\../board.c ****       case LED1:
 159:..\..\../board.c ****         LED_BLUE_Write(0);
 400              		.loc 1 159 0
 401 001a 0020     		mov	r0, #0
 402 001c FFF7FEFF 		bl	LED_BLUE_Write
 160:..\..\../board.c ****         break;
 403              		.loc 1 160 0
 404 0020 03E0     		b	.L18
 405              	.L21:
 161:..\..\../board.c ****       case LED2:
 162:..\..\../board.c ****         LED_GREEN_Write(0);
 406              		.loc 1 162 0
 407 0022 0020     		mov	r0, #0
 408 0024 FFF7FEFF 		bl	LED_GREEN_Write
ARM GAS  C:\Users\X0217454\AppData\Local\Temp\cciAi5Kk.s 			page 11


 163:..\..\../board.c ****         break;
 409              		.loc 1 163 0
 410 0028 C046     		mov	r8, r8
 411              	.L18:
 164:..\..\../board.c ****     }
 165:..\..\../board.c **** 
 166:..\..\../board.c **** }
 412              		.loc 1 166 0
 413 002a BD46     		mov	sp, r7
 414 002c 02B0     		add	sp, sp, #8
 415              		@ sp needed for prologue
 416 002e 80BD     		pop	{r7, pc}
 417              		.cfi_endproc
 418              	.LFE43:
 419              		.size	turnLedOn, .-turnLedOn
 420              		.section	.text.turnLedOff,"ax",%progbits
 421              		.align	2
 422              		.global	turnLedOff
 423              		.code	16
 424              		.thumb_func
 425              		.type	turnLedOff, %function
 426              	turnLedOff:
 427              	.LFB44:
 167:..\..\../board.c **** 
 168:..\..\../board.c **** void turnLedOff(char ledNum)
 169:..\..\../board.c **** {
 428              		.loc 1 169 0
 429              		.cfi_startproc
 430 0000 80B5     		push	{r7, lr}
 431              	.LCFI24:
 432              		.cfi_def_cfa_offset 8
 433              		.cfi_offset 7, -8
 434              		.cfi_offset 14, -4
 435 0002 82B0     		sub	sp, sp, #8
 436              	.LCFI25:
 437              		.cfi_def_cfa_offset 16
 438 0004 00AF     		add	r7, sp, #0
 439              	.LCFI26:
 440              		.cfi_def_cfa_register 7
 441 0006 021C     		mov	r2, r0
 442 0008 FB1D     		add	r3, r7, #7
 443 000a 1A70     		strb	r2, [r3]
 170:..\..\../board.c ****     switch(ledNum)
 444              		.loc 1 170 0
 445 000c FB1D     		add	r3, r7, #7
 446 000e 1B78     		ldrb	r3, [r3]
 447 0010 012B     		cmp	r3, #1
 448 0012 02D0     		beq	.L24
 449 0014 022B     		cmp	r3, #2
 450 0016 04D0     		beq	.L25
 451 0018 07E0     		b	.L22
 452              	.L24:
 171:..\..\../board.c ****     {
 172:..\..\../board.c ****       case LED1:
 173:..\..\../board.c ****         LED_BLUE_Write(1);
 453              		.loc 1 173 0
 454 001a 0120     		mov	r0, #1
ARM GAS  C:\Users\X0217454\AppData\Local\Temp\cciAi5Kk.s 			page 12


 455 001c FFF7FEFF 		bl	LED_BLUE_Write
 174:..\..\../board.c ****         break;
 456              		.loc 1 174 0
 457 0020 03E0     		b	.L22
 458              	.L25:
 175:..\..\../board.c ****       case LED2:
 176:..\..\../board.c ****         LED_GREEN_Write(1);
 459              		.loc 1 176 0
 460 0022 0120     		mov	r0, #1
 461 0024 FFF7FEFF 		bl	LED_GREEN_Write
 177:..\..\../board.c ****         break;
 462              		.loc 1 177 0
 463 0028 C046     		mov	r8, r8
 464              	.L22:
 178:..\..\../board.c ****     }  
 179:..\..\../board.c **** }
 465              		.loc 1 179 0
 466 002a BD46     		mov	sp, r7
 467 002c 02B0     		add	sp, sp, #8
 468              		@ sp needed for prologue
 469 002e 80BD     		pop	{r7, pc}
 470              		.cfi_endproc
 471              	.LFE44:
 472              		.size	turnLedOff, .-turnLedOff
 473              		.section	.text.toggleLed,"ax",%progbits
 474              		.align	2
 475              		.global	toggleLed
 476              		.code	16
 477              		.thumb_func
 478              		.type	toggleLed, %function
 479              	toggleLed:
 480              	.LFB45:
 180:..\..\../board.c **** 
 181:..\..\../board.c **** void toggleLed(char ledNum)
 182:..\..\../board.c **** {
 481              		.loc 1 182 0
 482              		.cfi_startproc
 483 0000 80B5     		push	{r7, lr}
 484              	.LCFI27:
 485              		.cfi_def_cfa_offset 8
 486              		.cfi_offset 7, -8
 487              		.cfi_offset 14, -4
 488 0002 82B0     		sub	sp, sp, #8
 489              	.LCFI28:
 490              		.cfi_def_cfa_offset 16
 491 0004 00AF     		add	r7, sp, #0
 492              	.LCFI29:
 493              		.cfi_def_cfa_register 7
 494 0006 021C     		mov	r2, r0
 495 0008 FB1D     		add	r3, r7, #7
 496 000a 1A70     		strb	r2, [r3]
 183:..\..\../board.c ****     switch(ledNum)
 497              		.loc 1 183 0
 498 000c FB1D     		add	r3, r7, #7
 499 000e 1B78     		ldrb	r3, [r3]
 500 0010 012B     		cmp	r3, #1
 501 0012 02D0     		beq	.L28
ARM GAS  C:\Users\X0217454\AppData\Local\Temp\cciAi5Kk.s 			page 13


 502 0014 022B     		cmp	r3, #2
 503 0016 09D0     		beq	.L29
 504 0018 11E0     		b	.L26
 505              	.L28:
 184:..\..\../board.c ****     {
 185:..\..\../board.c ****       case LED1:
 186:..\..\../board.c ****         LED_BLUE_Write(~LED_BLUE_Read());
 506              		.loc 1 186 0
 507 001a FFF7FEFF 		bl	LED_BLUE_Read
 508 001e 031C     		mov	r3, r0
 509 0020 DB43     		mvn	r3, r3
 510 0022 DBB2     		uxtb	r3, r3
 511 0024 181C     		mov	r0, r3
 512 0026 FFF7FEFF 		bl	LED_BLUE_Write
 187:..\..\../board.c ****         break;
 513              		.loc 1 187 0
 514 002a 08E0     		b	.L26
 515              	.L29:
 188:..\..\../board.c ****       case LED2:
 189:..\..\../board.c ****         LED_GREEN_Write(~LED_GREEN_Read());
 516              		.loc 1 189 0
 517 002c FFF7FEFF 		bl	LED_GREEN_Read
 518 0030 031C     		mov	r3, r0
 519 0032 DB43     		mvn	r3, r3
 520 0034 DBB2     		uxtb	r3, r3
 521 0036 181C     		mov	r0, r3
 522 0038 FFF7FEFF 		bl	LED_GREEN_Write
 190:..\..\../board.c ****         break;
 523              		.loc 1 190 0
 524 003c C046     		mov	r8, r8
 525              	.L26:
 191:..\..\../board.c ****     }
 192:..\..\../board.c **** 
 193:..\..\../board.c **** }
 526              		.loc 1 193 0
 527 003e BD46     		mov	sp, r7
 528 0040 02B0     		add	sp, sp, #8
 529              		@ sp needed for prologue
 530 0042 80BD     		pop	{r7, pc}
 531              		.cfi_endproc
 532              	.LFE45:
 533              		.size	toggleLed, .-toggleLed
 534              		.section	.text.GetLEDStatus,"ax",%progbits
 535              		.align	2
 536              		.global	GetLEDStatus
 537              		.code	16
 538              		.thumb_func
 539              		.type	GetLEDStatus, %function
 540              	GetLEDStatus:
 541              	.LFB46:
 194:..\..\../board.c **** 
 195:..\..\../board.c **** unsigned char GetLEDStatus()
 196:..\..\../board.c **** {
 542              		.loc 1 196 0
 543              		.cfi_startproc
 544 0000 80B5     		push	{r7, lr}
 545              	.LCFI30:
ARM GAS  C:\Users\X0217454\AppData\Local\Temp\cciAi5Kk.s 			page 14


 546              		.cfi_def_cfa_offset 8
 547              		.cfi_offset 7, -8
 548              		.cfi_offset 14, -4
 549 0002 82B0     		sub	sp, sp, #8
 550              	.LCFI31:
 551              		.cfi_def_cfa_offset 16
 552 0004 00AF     		add	r7, sp, #0
 553              	.LCFI32:
 554              		.cfi_def_cfa_register 7
 197:..\..\../board.c ****   unsigned char status = 0;
 555              		.loc 1 197 0
 556 0006 FB1D     		add	r3, r7, #7
 557 0008 0022     		mov	r2, #0
 558 000a 1A70     		strb	r2, [r3]
 198:..\..\../board.c ****     
 199:..\..\../board.c ****   if(LED_BLUE_Read() && LED_GREEN_Read())
 559              		.loc 1 199 0
 560 000c FFF7FEFF 		bl	LED_BLUE_Read
 561 0010 031C     		mov	r3, r0
 562 0012 002B     		cmp	r3, #0
 563 0014 07D0     		beq	.L31
 564              		.loc 1 199 0 is_stmt 0 discriminator 1
 565 0016 FFF7FEFF 		bl	LED_GREEN_Read
 566 001a 031C     		mov	r3, r0
 567 001c 002B     		cmp	r3, #0
 568 001e 02D0     		beq	.L31
 200:..\..\../board.c ****     status = 4;
 569              		.loc 1 200 0 is_stmt 1
 570 0020 FB1D     		add	r3, r7, #7
 571 0022 0422     		mov	r2, #4
 572 0024 1A70     		strb	r2, [r3]
 573              	.L31:
 201:..\..\../board.c ****   if(LED_BLUE_Read())
 574              		.loc 1 201 0
 575 0026 FFF7FEFF 		bl	LED_BLUE_Read
 576 002a 031C     		mov	r3, r0
 577 002c 002B     		cmp	r3, #0
 578 002e 02D0     		beq	.L32
 202:..\..\../board.c ****     status = 1;
 579              		.loc 1 202 0
 580 0030 FB1D     		add	r3, r7, #7
 581 0032 0122     		mov	r2, #1
 582 0034 1A70     		strb	r2, [r3]
 583              	.L32:
 203:..\..\../board.c ****     //status |= (1 << 0);
 204:..\..\../board.c ****   if(LED_GREEN_Read())
 584              		.loc 1 204 0
 585 0036 FFF7FEFF 		bl	LED_GREEN_Read
 586 003a 031C     		mov	r3, r0
 587 003c 002B     		cmp	r3, #0
 588 003e 02D0     		beq	.L33
 205:..\..\../board.c ****     status = 2;
 589              		.loc 1 205 0
 590 0040 FB1D     		add	r3, r7, #7
 591 0042 0222     		mov	r2, #2
 592 0044 1A70     		strb	r2, [r3]
 593              	.L33:
ARM GAS  C:\Users\X0217454\AppData\Local\Temp\cciAi5Kk.s 			page 15


 206:..\..\../board.c ****     //status |= (1 << 1);
 207:..\..\../board.c **** 
 208:..\..\../board.c ****   return status;
 594              		.loc 1 208 0
 595 0046 FB1D     		add	r3, r7, #7
 596 0048 1B78     		ldrb	r3, [r3]
 209:..\..\../board.c **** }
 597              		.loc 1 209 0
 598 004a 181C     		mov	r0, r3
 599 004c BD46     		mov	sp, r7
 600 004e 02B0     		add	sp, sp, #8
 601              		@ sp needed for prologue
 602 0050 80BD     		pop	{r7, pc}
 603              		.cfi_endproc
 604              	.LFE46:
 605              		.size	GetLEDStatus, .-GetLEDStatus
 606 0052 C046     		.section	.text.initAntSelGPIO,"ax",%progbits
 607              		.align	2
 608              		.global	initAntSelGPIO
 609              		.code	16
 610              		.thumb_func
 611              		.type	initAntSelGPIO, %function
 612              	initAntSelGPIO:
 613              	.LFB47:
 210:..\..\../board.c **** 
 211:..\..\../board.c **** void initAntSelGPIO()
 212:..\..\../board.c **** {
 614              		.loc 1 212 0
 615              		.cfi_startproc
 616 0000 80B5     		push	{r7, lr}
 617              	.LCFI33:
 618              		.cfi_def_cfa_offset 8
 619              		.cfi_offset 7, -8
 620              		.cfi_offset 14, -4
 621 0002 00AF     		add	r7, sp, #0
 622              	.LCFI34:
 623              		.cfi_def_cfa_register 7
 213:..\..\../board.c **** }
 624              		.loc 1 213 0
 625 0004 BD46     		mov	sp, r7
 626              		@ sp needed for prologue
 627 0006 80BD     		pop	{r7, pc}
 628              		.cfi_endproc
 629              	.LFE47:
 630              		.size	initAntSelGPIO, .-initAntSelGPIO
 631              		.section	.text.SelAntenna,"ax",%progbits
 632              		.align	2
 633              		.global	SelAntenna
 634              		.code	16
 635              		.thumb_func
 636              		.type	SelAntenna, %function
 637              	SelAntenna:
 638              	.LFB48:
 214:..\..\../board.c **** 
 215:..\..\../board.c **** void SelAntenna(int antenna)
 216:..\..\../board.c **** {
 639              		.loc 1 216 0
ARM GAS  C:\Users\X0217454\AppData\Local\Temp\cciAi5Kk.s 			page 16


 640              		.cfi_startproc
 641 0000 80B5     		push	{r7, lr}
 642              	.LCFI35:
 643              		.cfi_def_cfa_offset 8
 644              		.cfi_offset 7, -8
 645              		.cfi_offset 14, -4
 646 0002 82B0     		sub	sp, sp, #8
 647              	.LCFI36:
 648              		.cfi_def_cfa_offset 16
 649 0004 00AF     		add	r7, sp, #0
 650              	.LCFI37:
 651              		.cfi_def_cfa_register 7
 652 0006 7860     		str	r0, [r7, #4]
 217:..\..\../board.c **** }
 653              		.loc 1 217 0
 654 0008 BD46     		mov	sp, r7
 655 000a 02B0     		add	sp, sp, #8
 656              		@ sp needed for prologue
 657 000c 80BD     		pop	{r7, pc}
 658              		.cfi_endproc
 659              	.LFE48:
 660              		.size	SelAntenna, .-SelAntenna
 661 000e C046     		.section	.text.Delay,"ax",%progbits
 662              		.align	2
 663              		.global	Delay
 664              		.code	16
 665              		.thumb_func
 666              		.type	Delay, %function
 667              	Delay:
 668              	.LFB49:
 218:..\..\../board.c **** 
 219:..\..\../board.c **** void Delay(unsigned long interval)
 220:..\..\../board.c **** {
 669              		.loc 1 220 0
 670              		.cfi_startproc
 671 0000 80B5     		push	{r7, lr}
 672              	.LCFI38:
 673              		.cfi_def_cfa_offset 8
 674              		.cfi_offset 7, -8
 675              		.cfi_offset 14, -4
 676 0002 82B0     		sub	sp, sp, #8
 677              	.LCFI39:
 678              		.cfi_def_cfa_offset 16
 679 0004 00AF     		add	r7, sp, #0
 680              	.LCFI40:
 681              		.cfi_def_cfa_register 7
 682 0006 7860     		str	r0, [r7, #4]
 221:..\..\../board.c ****     while(interval > 0)
 683              		.loc 1 221 0
 684 0008 07E0     		b	.L38
 685              	.L39:
 222:..\..\../board.c ****     {
 223:..\..\../board.c ****         CyDelay(1000u);
 686              		.loc 1 223 0
 687 000a FA23     		mov	r3, #250
 688 000c 9B00     		lsl	r3, r3, #2
 689 000e 181C     		mov	r0, r3
ARM GAS  C:\Users\X0217454\AppData\Local\Temp\cciAi5Kk.s 			page 17


 690 0010 FFF7FEFF 		bl	CyDelay
 224:..\..\../board.c ****         interval--;
 691              		.loc 1 224 0
 692 0014 7B68     		ldr	r3, [r7, #4]
 693 0016 013B     		sub	r3, r3, #1
 694 0018 7B60     		str	r3, [r7, #4]
 695              	.L38:
 221:..\..\../board.c ****     while(interval > 0)
 696              		.loc 1 221 0 discriminator 1
 697 001a 7B68     		ldr	r3, [r7, #4]
 698 001c 002B     		cmp	r3, #0
 699 001e F4D1     		bne	.L39
 225:..\..\../board.c ****     }
 226:..\..\../board.c **** }...
 700              		.loc 1 226 0
 701 0020 BD46     		mov	sp, r7
 702 0022 02B0     		add	sp, sp, #8
 703              		@ sp needed for prologue
 704 0024 80BD     		pop	{r7, pc}
 705              		.cfi_endproc
 706              	.LFE49:
 707              		.size	Delay, .-Delay
 708 0026 C046     		.text
 709              	.Letext0:
 710              		.file 2 "..\\..\\../board.h"
 711              		.file 3 "..\\..\\..\\..\\..\\simplelink\\include/../source/datatypes.h"
 712              		.section	.debug_info,"",%progbits
 713              	.Ldebug_info0:
 714 0000 CF030000 		.4byte	0x3cf
 715 0004 0200     		.2byte	0x2
 716 0006 00000000 		.4byte	.Ldebug_abbrev0
 717 000a 04       		.byte	0x4
 718 000b 01       		.uleb128 0x1
 719 000c 3D030000 		.4byte	.LASF53
 720 0010 01       		.byte	0x1
 721 0011 01030000 		.4byte	.LASF54
 722 0015 F4010000 		.4byte	.LASF55
 723 0019 00000000 		.4byte	.Ldebug_ranges0+0
 724 001d 00000000 		.4byte	0
 725 0021 00000000 		.4byte	0
 726 0025 00000000 		.4byte	.Ldebug_line0
 727 0029 02       		.uleb128 0x2
 728 002a 01       		.byte	0x1
 729 002b 06       		.byte	0x6
 730 002c 22030000 		.4byte	.LASF0
 731 0030 02       		.uleb128 0x2
 732 0031 01       		.byte	0x1
 733 0032 08       		.byte	0x8
 734 0033 93000000 		.4byte	.LASF1
 735 0037 02       		.uleb128 0x2
 736 0038 02       		.byte	0x2
 737 0039 05       		.byte	0x5
 738 003a A1020000 		.4byte	.LASF2
 739 003e 02       		.uleb128 0x2
 740 003f 02       		.byte	0x2
 741 0040 07       		.byte	0x7
 742 0041 41000000 		.4byte	.LASF3
ARM GAS  C:\Users\X0217454\AppData\Local\Temp\cciAi5Kk.s 			page 18


 743 0045 03       		.uleb128 0x3
 744 0046 04       		.byte	0x4
 745 0047 05       		.byte	0x5
 746 0048 696E7400 		.ascii	"int\000"
 747 004c 02       		.uleb128 0x2
 748 004d 04       		.byte	0x4
 749 004e 07       		.byte	0x7
 750 004f 4D010000 		.4byte	.LASF4
 751 0053 02       		.uleb128 0x2
 752 0054 08       		.byte	0x8
 753 0055 05       		.byte	0x5
 754 0056 CD010000 		.4byte	.LASF5
 755 005a 02       		.uleb128 0x2
 756 005b 08       		.byte	0x8
 757 005c 07       		.byte	0x7
 758 005d 73010000 		.4byte	.LASF6
 759 0061 02       		.uleb128 0x2
 760 0062 04       		.byte	0x4
 761 0063 05       		.byte	0x5
 762 0064 E3020000 		.4byte	.LASF7
 763 0068 04       		.uleb128 0x4
 764 0069 30000000 		.4byte	0x30
 765 006d 78000000 		.4byte	0x78
 766 0071 05       		.uleb128 0x5
 767 0072 78000000 		.4byte	0x78
 768 0076 03       		.byte	0x3
 769 0077 00       		.byte	0
 770 0078 02       		.uleb128 0x2
 771 0079 04       		.byte	0x4
 772 007a 07       		.byte	0x7
 773 007b C4010000 		.4byte	.LASF8
 774 007f 06       		.uleb128 0x6
 775 0080 04       		.byte	0x4
 776 0081 02       		.uleb128 0x2
 777 0082 04       		.byte	0x4
 778 0083 07       		.byte	0x7
 779 0084 B7000000 		.4byte	.LASF9
 780 0088 07       		.uleb128 0x7
 781 0089 04       		.byte	0x4
 782 008a 30000000 		.4byte	0x30
 783 008e 02       		.uleb128 0x2
 784 008f 01       		.byte	0x1
 785 0090 08       		.byte	0x8
 786 0091 00000000 		.4byte	.LASF10
 787 0095 08       		.uleb128 0x8
 788 0096 12030000 		.4byte	.LASF19
 789 009a 02       		.byte	0x2
 790 009b 35       		.byte	0x35
 791 009c A0000000 		.4byte	0xa0
 792 00a0 07       		.uleb128 0x7
 793 00a1 04       		.byte	0x4
 794 00a2 A6000000 		.4byte	0xa6
 795 00a6 09       		.uleb128 0x9
 796 00a7 01       		.byte	0x1
 797 00a8 B2000000 		.4byte	0xb2
 798 00ac 0A       		.uleb128 0xa
 799 00ad 7F000000 		.4byte	0x7f
ARM GAS  C:\Users\X0217454\AppData\Local\Temp\cciAi5Kk.s 			page 19


 800 00b1 00       		.byte	0
 801 00b2 0B       		.uleb128 0xb
 802 00b3 14       		.byte	0x14
 803 00b4 02       		.byte	0x2
 804 00b5 37       		.byte	0x37
 805 00b6 2B010000 		.4byte	0x12b
 806 00ba 0C       		.uleb128 0xc
 807 00bb B0030000 		.4byte	.LASF11
 808 00bf 02       		.byte	0x2
 809 00c0 39       		.byte	0x39
 810 00c1 68000000 		.4byte	0x68
 811 00c5 02       		.byte	0x2
 812 00c6 23       		.byte	0x23
 813 00c7 00       		.uleb128 0
 814 00c8 0C       		.uleb128 0xc
 815 00c9 31010000 		.4byte	.LASF12
 816 00cd 02       		.byte	0x2
 817 00ce 3A       		.byte	0x3a
 818 00cf 30000000 		.4byte	0x30
 819 00d3 02       		.byte	0x2
 820 00d4 23       		.byte	0x23
 821 00d5 04       		.uleb128 0x4
 822 00d6 0C       		.uleb128 0xc
 823 00d7 7F000000 		.4byte	.LASF13
 824 00db 02       		.byte	0x2
 825 00dc 3B       		.byte	0x3b
 826 00dd 30000000 		.4byte	0x30
 827 00e1 02       		.byte	0x2
 828 00e2 23       		.byte	0x23
 829 00e3 05       		.uleb128 0x5
 830 00e4 0C       		.uleb128 0xc
 831 00e5 A1000000 		.4byte	.LASF14
 832 00e9 02       		.byte	0x2
 833 00ea 3C       		.byte	0x3c
 834 00eb 30000000 		.4byte	0x30
 835 00ef 02       		.byte	0x2
 836 00f0 23       		.byte	0x23
 837 00f1 06       		.uleb128 0x6
 838 00f2 0C       		.uleb128 0xc
 839 00f3 EC020000 		.4byte	.LASF15
 840 00f7 02       		.byte	0x2
 841 00f8 3D       		.byte	0x3d
 842 00f9 30000000 		.4byte	0x30
 843 00fd 02       		.byte	0x2
 844 00fe 23       		.byte	0x23
 845 00ff 07       		.uleb128 0x7
 846 0100 0C       		.uleb128 0xc
 847 0101 86030000 		.4byte	.LASF16
 848 0105 02       		.byte	0x2
 849 0106 3E       		.byte	0x3e
 850 0107 30000000 		.4byte	0x30
 851 010b 02       		.byte	0x2
 852 010c 23       		.byte	0x23
 853 010d 08       		.uleb128 0x8
 854 010e 0C       		.uleb128 0xc
 855 010f B6010000 		.4byte	.LASF17
 856 0113 02       		.byte	0x2
ARM GAS  C:\Users\X0217454\AppData\Local\Temp\cciAi5Kk.s 			page 20


 857 0114 3F       		.byte	0x3f
 858 0115 88000000 		.4byte	0x88
 859 0119 02       		.byte	0x2
 860 011a 23       		.byte	0x23
 861 011b 0C       		.uleb128 0xc
 862 011c 0C       		.uleb128 0xc
 863 011d 28000000 		.4byte	.LASF18
 864 0121 02       		.byte	0x2
 865 0122 40       		.byte	0x40
 866 0123 3E000000 		.4byte	0x3e
 867 0127 02       		.byte	0x2
 868 0128 23       		.byte	0x23
 869 0129 10       		.uleb128 0x10
 870 012a 00       		.byte	0
 871 012b 08       		.uleb128 0x8
 872 012c 1B010000 		.4byte	.LASF20
 873 0130 02       		.byte	0x2
 874 0131 41       		.byte	0x41
 875 0132 B2000000 		.4byte	0xb2
 876 0136 0D       		.uleb128 0xd
 877 0137 01       		.byte	0x1
 878 0138 02       		.byte	0x2
 879 0139 44       		.byte	0x44
 880 013a 51010000 		.4byte	0x151
 881 013e 0E       		.uleb128 0xe
 882 013f 46010000 		.4byte	.LASF21
 883 0143 00       		.sleb128 0
 884 0144 0E       		.uleb128 0xe
 885 0145 97020000 		.4byte	.LASF22
 886 0149 01       		.sleb128 1
 887 014a 0E       		.uleb128 0xe
 888 014b 9C020000 		.4byte	.LASF23
 889 014f 02       		.sleb128 2
 890 0150 00       		.byte	0
 891 0151 08       		.uleb128 0x8
 892 0152 77000000 		.4byte	.LASF24
 893 0156 03       		.byte	0x3
 894 0157 54       		.byte	0x54
 895 0158 30000000 		.4byte	0x30
 896 015c 02       		.uleb128 0x2
 897 015d 04       		.byte	0x4
 898 015e 04       		.byte	0x4
 899 015f 0C000000 		.4byte	.LASF25
 900 0163 02       		.uleb128 0x2
 901 0164 08       		.byte	0x8
 902 0165 04       		.byte	0x4
 903 0166 F6000000 		.4byte	.LASF26
 904 016a 0F       		.uleb128 0xf
 905 016b 01       		.byte	0x1
 906 016c DB010000 		.4byte	.LASF56
 907 0170 01       		.byte	0x1
 908 0171 3D       		.byte	0x3d
 909 0172 01       		.byte	0x1
 910 0173 45000000 		.4byte	0x45
 911 0177 00000000 		.4byte	.LFB33
 912 017b 20000000 		.4byte	.LFE33
 913 017f 00000000 		.4byte	.LLST0
ARM GAS  C:\Users\X0217454\AppData\Local\Temp\cciAi5Kk.s 			page 21


 914 0183 01       		.byte	0x1
 915 0184 A5010000 		.4byte	0x1a5
 916 0188 10       		.uleb128 0x10
 917 0189 A0010000 		.4byte	.LASF27
 918 018d 01       		.byte	0x1
 919 018e 3D       		.byte	0x3d
 920 018f 95000000 		.4byte	0x95
 921 0193 02       		.byte	0x2
 922 0194 91       		.byte	0x91
 923 0195 74       		.sleb128 -12
 924 0196 10       		.uleb128 0x10
 925 0197 05000000 		.4byte	.LASF28
 926 019b 01       		.byte	0x1
 927 019c 3D       		.byte	0x3d
 928 019d 7F000000 		.4byte	0x7f
 929 01a1 02       		.byte	0x2
 930 01a2 91       		.byte	0x91
 931 01a3 70       		.sleb128 -16
 932 01a4 00       		.byte	0
 933 01a5 11       		.uleb128 0x11
 934 01a6 01       		.byte	0x1
 935 01a7 64010000 		.4byte	.LASF29
 936 01ab 01       		.byte	0x1
 937 01ac 44       		.byte	0x44
 938 01ad 00000000 		.4byte	.LFB34
 939 01b1 0E000000 		.4byte	.LFE34
 940 01b5 38000000 		.4byte	.LLST1
 941 01b9 01       		.byte	0x1
 942 01ba 11       		.uleb128 0x11
 943 01bb 01       		.byte	0x1
 944 01bc 12000000 		.4byte	.LASF30
 945 01c0 01       		.byte	0x1
 946 01c1 4A       		.byte	0x4a
 947 01c2 00000000 		.4byte	.LFB35
 948 01c6 0E000000 		.4byte	.LFE35
 949 01ca 64000000 		.4byte	.LLST2
 950 01ce 01       		.byte	0x1
 951 01cf 12       		.uleb128 0x12
 952 01d0 01       		.byte	0x1
 953 01d1 D7000000 		.4byte	.LASF34
 954 01d5 01       		.byte	0x1
 955 01d6 4F       		.byte	0x4f
 956 01d7 01       		.byte	0x1
 957 01d8 00000000 		.4byte	.LFB36
 958 01dc 0E000000 		.4byte	.LFE36
 959 01e0 90000000 		.4byte	.LLST3
 960 01e4 01       		.byte	0x1
 961 01e5 11       		.uleb128 0x11
 962 01e6 01       		.byte	0x1
 963 01e7 FD000000 		.4byte	.LASF31
 964 01eb 01       		.byte	0x1
 965 01ec 63       		.byte	0x63
 966 01ed 00000000 		.4byte	.LFB37
 967 01f1 0E000000 		.4byte	.LFE37
 968 01f5 BC000000 		.4byte	.LLST4
 969 01f9 01       		.byte	0x1
 970 01fa 13       		.uleb128 0x13
ARM GAS  C:\Users\X0217454\AppData\Local\Temp\cciAi5Kk.s 			page 22


 971 01fb 01       		.byte	0x1
 972 01fc 94010000 		.4byte	.LASF32
 973 0200 01       		.byte	0x1
 974 0201 77       		.byte	0x77
 975 0202 00000000 		.4byte	.LFB38
 976 0206 14000000 		.4byte	.LFE38
 977 020a E8000000 		.4byte	.LLST5
 978 020e 01       		.byte	0x1
 979 020f 13       		.uleb128 0x13
 980 0210 01       		.byte	0x1
 981 0211 C9000000 		.4byte	.LASF33
 982 0215 01       		.byte	0x1
 983 0216 7C       		.byte	0x7c
 984 0217 00000000 		.4byte	.LFB39
 985 021b 14000000 		.4byte	.LFE39
 986 021f 14010000 		.4byte	.LLST6
 987 0223 01       		.byte	0x1
 988 0224 12       		.uleb128 0x12
 989 0225 01       		.byte	0x1
 990 0226 29010000 		.4byte	.LASF35
 991 022a 01       		.byte	0x1
 992 022b 81       		.byte	0x81
 993 022c 01       		.byte	0x1
 994 022d 00000000 		.4byte	.LFB40
 995 0231 14000000 		.4byte	.LFE40
 996 0235 40010000 		.4byte	.LLST7
 997 0239 01       		.byte	0x1
 998 023a 11       		.uleb128 0x11
 999 023b 01       		.byte	0x1
 1000 023c EE000000 		.4byte	.LASF36
 1001 0240 01       		.byte	0x1
 1002 0241 8A       		.byte	0x8a
 1003 0242 00000000 		.4byte	.LFB41
 1004 0246 1A000000 		.4byte	.LFE41
 1005 024a 6C010000 		.4byte	.LLST8
 1006 024e 01       		.byte	0x1
 1007 024f 11       		.uleb128 0x11
 1008 0250 01       		.byte	0x1
 1009 0251 AD010000 		.4byte	.LASF37
 1010 0255 01       		.byte	0x1
 1011 0256 91       		.byte	0x91
 1012 0257 00000000 		.4byte	.LFB42
 1013 025b 14000000 		.4byte	.LFE42
 1014 025f 98010000 		.4byte	.LLST9
 1015 0263 01       		.byte	0x1
 1016 0264 14       		.uleb128 0x14
 1017 0265 01       		.byte	0x1
 1018 0266 5A010000 		.4byte	.LASF39
 1019 026a 01       		.byte	0x1
 1020 026b 9A       		.byte	0x9a
 1021 026c 01       		.byte	0x1
 1022 026d 00000000 		.4byte	.LFB43
 1023 0271 30000000 		.4byte	.LFE43
 1024 0275 C4010000 		.4byte	.LLST10
 1025 0279 01       		.byte	0x1
 1026 027a 8D020000 		.4byte	0x28d
 1027 027e 10       		.uleb128 0x10
ARM GAS  C:\Users\X0217454\AppData\Local\Temp\cciAi5Kk.s 			page 23


 1028 027f 83020000 		.4byte	.LASF38
 1029 0283 01       		.byte	0x1
 1030 0284 9A       		.byte	0x9a
 1031 0285 8E000000 		.4byte	0x8e
 1032 0289 02       		.byte	0x2
 1033 028a 91       		.byte	0x91
 1034 028b 77       		.sleb128 -9
 1035 028c 00       		.byte	0
 1036 028d 14       		.uleb128 0x14
 1037 028e 01       		.byte	0x1
 1038 028f D8020000 		.4byte	.LASF40
 1039 0293 01       		.byte	0x1
 1040 0294 A8       		.byte	0xa8
 1041 0295 01       		.byte	0x1
 1042 0296 00000000 		.4byte	.LFB44
 1043 029a 30000000 		.4byte	.LFE44
 1044 029e FC010000 		.4byte	.LLST11
 1045 02a2 01       		.byte	0x1
 1046 02a3 B6020000 		.4byte	0x2b6
 1047 02a7 10       		.uleb128 0x10
 1048 02a8 83020000 		.4byte	.LASF38
 1049 02ac 01       		.byte	0x1
 1050 02ad A8       		.byte	0xa8
 1051 02ae 8E000000 		.4byte	0x8e
 1052 02b2 02       		.byte	0x2
 1053 02b3 91       		.byte	0x91
 1054 02b4 77       		.sleb128 -9
 1055 02b5 00       		.byte	0
 1056 02b6 14       		.uleb128 0x14
 1057 02b7 01       		.byte	0x1
 1058 02b8 8A010000 		.4byte	.LASF41
 1059 02bc 01       		.byte	0x1
 1060 02bd B5       		.byte	0xb5
 1061 02be 01       		.byte	0x1
 1062 02bf 00000000 		.4byte	.LFB45
 1063 02c3 44000000 		.4byte	.LFE45
 1064 02c7 34020000 		.4byte	.LLST12
 1065 02cb 01       		.byte	0x1
 1066 02cc DF020000 		.4byte	0x2df
 1067 02d0 10       		.uleb128 0x10
 1068 02d1 83020000 		.4byte	.LASF38
 1069 02d5 01       		.byte	0x1
 1070 02d6 B5       		.byte	0xb5
 1071 02d7 8E000000 		.4byte	0x8e
 1072 02db 02       		.byte	0x2
 1073 02dc 91       		.byte	0x91
 1074 02dd 77       		.sleb128 -9
 1075 02de 00       		.byte	0
 1076 02df 15       		.uleb128 0x15
 1077 02e0 01       		.byte	0x1
 1078 02e1 BF020000 		.4byte	.LASF42
 1079 02e5 01       		.byte	0x1
 1080 02e6 C3       		.byte	0xc3
 1081 02e7 30000000 		.4byte	0x30
 1082 02eb 00000000 		.4byte	.LFB46
 1083 02ef 52000000 		.4byte	.LFE46
 1084 02f3 6C020000 		.4byte	.LLST13
ARM GAS  C:\Users\X0217454\AppData\Local\Temp\cciAi5Kk.s 			page 24


 1085 02f7 01       		.byte	0x1
 1086 02f8 0B030000 		.4byte	0x30b
 1087 02fc 16       		.uleb128 0x16
 1088 02fd 70000000 		.4byte	.LASF57
 1089 0301 01       		.byte	0x1
 1090 0302 C5       		.byte	0xc5
 1091 0303 30000000 		.4byte	0x30
 1092 0307 02       		.byte	0x2
 1093 0308 91       		.byte	0x91
 1094 0309 77       		.sleb128 -9
 1095 030a 00       		.byte	0
 1096 030b 13       		.uleb128 0x13
 1097 030c 01       		.byte	0x1
 1098 030d 2E030000 		.4byte	.LASF43
 1099 0311 01       		.byte	0x1
 1100 0312 D3       		.byte	0xd3
 1101 0313 00000000 		.4byte	.LFB47
 1102 0317 08000000 		.4byte	.LFE47
 1103 031b A4020000 		.4byte	.LLST14
 1104 031f 01       		.byte	0x1
 1105 0320 17       		.uleb128 0x17
 1106 0321 01       		.byte	0x1
 1107 0322 AB020000 		.4byte	.LASF44
 1108 0326 01       		.byte	0x1
 1109 0327 D7       		.byte	0xd7
 1110 0328 01       		.byte	0x1
 1111 0329 00000000 		.4byte	.LFB48
 1112 032d 0E000000 		.4byte	.LFE48
 1113 0331 D0020000 		.4byte	.LLST15
 1114 0335 01       		.byte	0x1
 1115 0336 49030000 		.4byte	0x349
 1116 033a 10       		.uleb128 0x10
 1117 033b 20000000 		.4byte	.LASF45
 1118 033f 01       		.byte	0x1
 1119 0340 D7       		.byte	0xd7
 1120 0341 45000000 		.4byte	0x45
 1121 0345 02       		.byte	0x2
 1122 0346 91       		.byte	0x91
 1123 0347 74       		.sleb128 -12
 1124 0348 00       		.byte	0
 1125 0349 14       		.uleb128 0x14
 1126 034a 01       		.byte	0x1
 1127 034b 15010000 		.4byte	.LASF46
 1128 034f 01       		.byte	0x1
 1129 0350 DB       		.byte	0xdb
 1130 0351 01       		.byte	0x1
 1131 0352 00000000 		.4byte	.LFB49
 1132 0356 26000000 		.4byte	.LFE49
 1133 035a 08030000 		.4byte	.LLST16
 1134 035e 01       		.byte	0x1
 1135 035f 72030000 		.4byte	0x372
 1136 0363 10       		.uleb128 0x10
 1137 0364 B6020000 		.4byte	.LASF47
 1138 0368 01       		.byte	0x1
 1139 0369 DB       		.byte	0xdb
 1140 036a 81000000 		.4byte	0x81
 1141 036e 02       		.byte	0x2
ARM GAS  C:\Users\X0217454\AppData\Local\Temp\cciAi5Kk.s 			page 25


 1142 036f 91       		.byte	0x91
 1143 0370 74       		.sleb128 -12
 1144 0371 00       		.byte	0
 1145 0372 18       		.uleb128 0x18
 1146 0373 9F030000 		.4byte	.LASF48
 1147 0377 01       		.byte	0x1
 1148 0378 31       		.byte	0x31
 1149 0379 95000000 		.4byte	0x95
 1150 037d 01       		.byte	0x1
 1151 037e 05       		.byte	0x5
 1152 037f 03       		.byte	0x3
 1153 0380 00000000 		.4byte	pIrqEventHandler
 1154 0384 18       		.uleb128 0x18
 1155 0385 CC020000 		.4byte	.LASF49
 1156 0389 01       		.byte	0x1
 1157 038a 33       		.byte	0x33
 1158 038b 51010000 		.4byte	0x151
 1159 038f 01       		.byte	0x1
 1160 0390 05       		.byte	0x5
 1161 0391 03       		.byte	0x3
 1162 0392 00000000 		.4byte	IntIsMasked
 1163 0396 18       		.uleb128 0x18
 1164 0397 62000000 		.4byte	.LASF50
 1165 039b 01       		.byte	0x1
 1166 039c 38       		.byte	0x38
 1167 039d 30000000 		.4byte	0x30
 1168 03a1 01       		.byte	0x1
 1169 03a2 05       		.byte	0x5
 1170 03a3 03       		.byte	0x3
 1171 03a4 00000000 		.4byte	error_overrun
 1172 03a8 18       		.uleb128 0x18
 1173 03a9 8A020000 		.4byte	.LASF51
 1174 03ad 01       		.byte	0x1
 1175 03ae 39       		.byte	0x39
 1176 03af 2B010000 		.4byte	0x12b
 1177 03b3 01       		.byte	0x1
 1178 03b4 05       		.byte	0x5
 1179 03b5 03       		.byte	0x3
 1180 03b6 00000000 		.4byte	uartFlowctrl
 1181 03ba 18       		.uleb128 0x18
 1182 03bb 54000000 		.4byte	.LASF52
 1183 03bf 01       		.byte	0x1
 1184 03c0 3A       		.byte	0x3a
 1185 03c1 CC030000 		.4byte	0x3cc
 1186 03c5 01       		.byte	0x1
 1187 03c6 05       		.byte	0x5
 1188 03c7 03       		.byte	0x3
 1189 03c8 00000000 		.4byte	puartFlowctrl
 1190 03cc 07       		.uleb128 0x7
 1191 03cd 04       		.byte	0x4
 1192 03ce 2B010000 		.4byte	0x12b
 1193 03d2 00       		.byte	0
 1194              		.section	.debug_abbrev,"",%progbits
 1195              	.Ldebug_abbrev0:
 1196 0000 01       		.uleb128 0x1
 1197 0001 11       		.uleb128 0x11
 1198 0002 01       		.byte	0x1
ARM GAS  C:\Users\X0217454\AppData\Local\Temp\cciAi5Kk.s 			page 26


 1199 0003 25       		.uleb128 0x25
 1200 0004 0E       		.uleb128 0xe
 1201 0005 13       		.uleb128 0x13
 1202 0006 0B       		.uleb128 0xb
 1203 0007 03       		.uleb128 0x3
 1204 0008 0E       		.uleb128 0xe
 1205 0009 1B       		.uleb128 0x1b
 1206 000a 0E       		.uleb128 0xe
 1207 000b 55       		.uleb128 0x55
 1208 000c 06       		.uleb128 0x6
 1209 000d 11       		.uleb128 0x11
 1210 000e 01       		.uleb128 0x1
 1211 000f 52       		.uleb128 0x52
 1212 0010 01       		.uleb128 0x1
 1213 0011 10       		.uleb128 0x10
 1214 0012 06       		.uleb128 0x6
 1215 0013 00       		.byte	0
 1216 0014 00       		.byte	0
 1217 0015 02       		.uleb128 0x2
 1218 0016 24       		.uleb128 0x24
 1219 0017 00       		.byte	0
 1220 0018 0B       		.uleb128 0xb
 1221 0019 0B       		.uleb128 0xb
 1222 001a 3E       		.uleb128 0x3e
 1223 001b 0B       		.uleb128 0xb
 1224 001c 03       		.uleb128 0x3
 1225 001d 0E       		.uleb128 0xe
 1226 001e 00       		.byte	0
 1227 001f 00       		.byte	0
 1228 0020 03       		.uleb128 0x3
 1229 0021 24       		.uleb128 0x24
 1230 0022 00       		.byte	0
 1231 0023 0B       		.uleb128 0xb
 1232 0024 0B       		.uleb128 0xb
 1233 0025 3E       		.uleb128 0x3e
 1234 0026 0B       		.uleb128 0xb
 1235 0027 03       		.uleb128 0x3
 1236 0028 08       		.uleb128 0x8
 1237 0029 00       		.byte	0
 1238 002a 00       		.byte	0
 1239 002b 04       		.uleb128 0x4
 1240 002c 01       		.uleb128 0x1
 1241 002d 01       		.byte	0x1
 1242 002e 49       		.uleb128 0x49
 1243 002f 13       		.uleb128 0x13
 1244 0030 01       		.uleb128 0x1
 1245 0031 13       		.uleb128 0x13
 1246 0032 00       		.byte	0
 1247 0033 00       		.byte	0
 1248 0034 05       		.uleb128 0x5
 1249 0035 21       		.uleb128 0x21
 1250 0036 00       		.byte	0
 1251 0037 49       		.uleb128 0x49
 1252 0038 13       		.uleb128 0x13
 1253 0039 2F       		.uleb128 0x2f
 1254 003a 0B       		.uleb128 0xb
 1255 003b 00       		.byte	0
ARM GAS  C:\Users\X0217454\AppData\Local\Temp\cciAi5Kk.s 			page 27


 1256 003c 00       		.byte	0
 1257 003d 06       		.uleb128 0x6
 1258 003e 0F       		.uleb128 0xf
 1259 003f 00       		.byte	0
 1260 0040 0B       		.uleb128 0xb
 1261 0041 0B       		.uleb128 0xb
 1262 0042 00       		.byte	0
 1263 0043 00       		.byte	0
 1264 0044 07       		.uleb128 0x7
 1265 0045 0F       		.uleb128 0xf
 1266 0046 00       		.byte	0
 1267 0047 0B       		.uleb128 0xb
 1268 0048 0B       		.uleb128 0xb
 1269 0049 49       		.uleb128 0x49
 1270 004a 13       		.uleb128 0x13
 1271 004b 00       		.byte	0
 1272 004c 00       		.byte	0
 1273 004d 08       		.uleb128 0x8
 1274 004e 16       		.uleb128 0x16
 1275 004f 00       		.byte	0
 1276 0050 03       		.uleb128 0x3
 1277 0051 0E       		.uleb128 0xe
 1278 0052 3A       		.uleb128 0x3a
 1279 0053 0B       		.uleb128 0xb
 1280 0054 3B       		.uleb128 0x3b
 1281 0055 0B       		.uleb128 0xb
 1282 0056 49       		.uleb128 0x49
 1283 0057 13       		.uleb128 0x13
 1284 0058 00       		.byte	0
 1285 0059 00       		.byte	0
 1286 005a 09       		.uleb128 0x9
 1287 005b 15       		.uleb128 0x15
 1288 005c 01       		.byte	0x1
 1289 005d 27       		.uleb128 0x27
 1290 005e 0C       		.uleb128 0xc
 1291 005f 01       		.uleb128 0x1
 1292 0060 13       		.uleb128 0x13
 1293 0061 00       		.byte	0
 1294 0062 00       		.byte	0
 1295 0063 0A       		.uleb128 0xa
 1296 0064 05       		.uleb128 0x5
 1297 0065 00       		.byte	0
 1298 0066 49       		.uleb128 0x49
 1299 0067 13       		.uleb128 0x13
 1300 0068 00       		.byte	0
 1301 0069 00       		.byte	0
 1302 006a 0B       		.uleb128 0xb
 1303 006b 13       		.uleb128 0x13
 1304 006c 01       		.byte	0x1
 1305 006d 0B       		.uleb128 0xb
 1306 006e 0B       		.uleb128 0xb
 1307 006f 3A       		.uleb128 0x3a
 1308 0070 0B       		.uleb128 0xb
 1309 0071 3B       		.uleb128 0x3b
 1310 0072 0B       		.uleb128 0xb
 1311 0073 01       		.uleb128 0x1
 1312 0074 13       		.uleb128 0x13
ARM GAS  C:\Users\X0217454\AppData\Local\Temp\cciAi5Kk.s 			page 28


 1313 0075 00       		.byte	0
 1314 0076 00       		.byte	0
 1315 0077 0C       		.uleb128 0xc
 1316 0078 0D       		.uleb128 0xd
 1317 0079 00       		.byte	0
 1318 007a 03       		.uleb128 0x3
 1319 007b 0E       		.uleb128 0xe
 1320 007c 3A       		.uleb128 0x3a
 1321 007d 0B       		.uleb128 0xb
 1322 007e 3B       		.uleb128 0x3b
 1323 007f 0B       		.uleb128 0xb
 1324 0080 49       		.uleb128 0x49
 1325 0081 13       		.uleb128 0x13
 1326 0082 38       		.uleb128 0x38
 1327 0083 0A       		.uleb128 0xa
 1328 0084 00       		.byte	0
 1329 0085 00       		.byte	0
 1330 0086 0D       		.uleb128 0xd
 1331 0087 04       		.uleb128 0x4
 1332 0088 01       		.byte	0x1
 1333 0089 0B       		.uleb128 0xb
 1334 008a 0B       		.uleb128 0xb
 1335 008b 3A       		.uleb128 0x3a
 1336 008c 0B       		.uleb128 0xb
 1337 008d 3B       		.uleb128 0x3b
 1338 008e 0B       		.uleb128 0xb
 1339 008f 01       		.uleb128 0x1
 1340 0090 13       		.uleb128 0x13
 1341 0091 00       		.byte	0
 1342 0092 00       		.byte	0
 1343 0093 0E       		.uleb128 0xe
 1344 0094 28       		.uleb128 0x28
 1345 0095 00       		.byte	0
 1346 0096 03       		.uleb128 0x3
 1347 0097 0E       		.uleb128 0xe
 1348 0098 1C       		.uleb128 0x1c
 1349 0099 0D       		.uleb128 0xd
 1350 009a 00       		.byte	0
 1351 009b 00       		.byte	0
 1352 009c 0F       		.uleb128 0xf
 1353 009d 2E       		.uleb128 0x2e
 1354 009e 01       		.byte	0x1
 1355 009f 3F       		.uleb128 0x3f
 1356 00a0 0C       		.uleb128 0xc
 1357 00a1 03       		.uleb128 0x3
 1358 00a2 0E       		.uleb128 0xe
 1359 00a3 3A       		.uleb128 0x3a
 1360 00a4 0B       		.uleb128 0xb
 1361 00a5 3B       		.uleb128 0x3b
 1362 00a6 0B       		.uleb128 0xb
 1363 00a7 27       		.uleb128 0x27
 1364 00a8 0C       		.uleb128 0xc
 1365 00a9 49       		.uleb128 0x49
 1366 00aa 13       		.uleb128 0x13
 1367 00ab 11       		.uleb128 0x11
 1368 00ac 01       		.uleb128 0x1
 1369 00ad 12       		.uleb128 0x12
ARM GAS  C:\Users\X0217454\AppData\Local\Temp\cciAi5Kk.s 			page 29


 1370 00ae 01       		.uleb128 0x1
 1371 00af 40       		.uleb128 0x40
 1372 00b0 06       		.uleb128 0x6
 1373 00b1 9742     		.uleb128 0x2117
 1374 00b3 0C       		.uleb128 0xc
 1375 00b4 01       		.uleb128 0x1
 1376 00b5 13       		.uleb128 0x13
 1377 00b6 00       		.byte	0
 1378 00b7 00       		.byte	0
 1379 00b8 10       		.uleb128 0x10
 1380 00b9 05       		.uleb128 0x5
 1381 00ba 00       		.byte	0
 1382 00bb 03       		.uleb128 0x3
 1383 00bc 0E       		.uleb128 0xe
 1384 00bd 3A       		.uleb128 0x3a
 1385 00be 0B       		.uleb128 0xb
 1386 00bf 3B       		.uleb128 0x3b
 1387 00c0 0B       		.uleb128 0xb
 1388 00c1 49       		.uleb128 0x49
 1389 00c2 13       		.uleb128 0x13
 1390 00c3 02       		.uleb128 0x2
 1391 00c4 0A       		.uleb128 0xa
 1392 00c5 00       		.byte	0
 1393 00c6 00       		.byte	0
 1394 00c7 11       		.uleb128 0x11
 1395 00c8 2E       		.uleb128 0x2e
 1396 00c9 00       		.byte	0
 1397 00ca 3F       		.uleb128 0x3f
 1398 00cb 0C       		.uleb128 0xc
 1399 00cc 03       		.uleb128 0x3
 1400 00cd 0E       		.uleb128 0xe
 1401 00ce 3A       		.uleb128 0x3a
 1402 00cf 0B       		.uleb128 0xb
 1403 00d0 3B       		.uleb128 0x3b
 1404 00d1 0B       		.uleb128 0xb
 1405 00d2 11       		.uleb128 0x11
 1406 00d3 01       		.uleb128 0x1
 1407 00d4 12       		.uleb128 0x12
 1408 00d5 01       		.uleb128 0x1
 1409 00d6 40       		.uleb128 0x40
 1410 00d7 06       		.uleb128 0x6
 1411 00d8 9642     		.uleb128 0x2116
 1412 00da 0C       		.uleb128 0xc
 1413 00db 00       		.byte	0
 1414 00dc 00       		.byte	0
 1415 00dd 12       		.uleb128 0x12
 1416 00de 2E       		.uleb128 0x2e
 1417 00df 00       		.byte	0
 1418 00e0 3F       		.uleb128 0x3f
 1419 00e1 0C       		.uleb128 0xc
 1420 00e2 03       		.uleb128 0x3
 1421 00e3 0E       		.uleb128 0xe
 1422 00e4 3A       		.uleb128 0x3a
 1423 00e5 0B       		.uleb128 0xb
 1424 00e6 3B       		.uleb128 0x3b
 1425 00e7 0B       		.uleb128 0xb
 1426 00e8 27       		.uleb128 0x27
ARM GAS  C:\Users\X0217454\AppData\Local\Temp\cciAi5Kk.s 			page 30


 1427 00e9 0C       		.uleb128 0xc
 1428 00ea 11       		.uleb128 0x11
 1429 00eb 01       		.uleb128 0x1
 1430 00ec 12       		.uleb128 0x12
 1431 00ed 01       		.uleb128 0x1
 1432 00ee 40       		.uleb128 0x40
 1433 00ef 06       		.uleb128 0x6
 1434 00f0 9642     		.uleb128 0x2116
 1435 00f2 0C       		.uleb128 0xc
 1436 00f3 00       		.byte	0
 1437 00f4 00       		.byte	0
 1438 00f5 13       		.uleb128 0x13
 1439 00f6 2E       		.uleb128 0x2e
 1440 00f7 00       		.byte	0
 1441 00f8 3F       		.uleb128 0x3f
 1442 00f9 0C       		.uleb128 0xc
 1443 00fa 03       		.uleb128 0x3
 1444 00fb 0E       		.uleb128 0xe
 1445 00fc 3A       		.uleb128 0x3a
 1446 00fd 0B       		.uleb128 0xb
 1447 00fe 3B       		.uleb128 0x3b
 1448 00ff 0B       		.uleb128 0xb
 1449 0100 11       		.uleb128 0x11
 1450 0101 01       		.uleb128 0x1
 1451 0102 12       		.uleb128 0x12
 1452 0103 01       		.uleb128 0x1
 1453 0104 40       		.uleb128 0x40
 1454 0105 06       		.uleb128 0x6
 1455 0106 9742     		.uleb128 0x2117
 1456 0108 0C       		.uleb128 0xc
 1457 0109 00       		.byte	0
 1458 010a 00       		.byte	0
 1459 010b 14       		.uleb128 0x14
 1460 010c 2E       		.uleb128 0x2e
 1461 010d 01       		.byte	0x1
 1462 010e 3F       		.uleb128 0x3f
 1463 010f 0C       		.uleb128 0xc
 1464 0110 03       		.uleb128 0x3
 1465 0111 0E       		.uleb128 0xe
 1466 0112 3A       		.uleb128 0x3a
 1467 0113 0B       		.uleb128 0xb
 1468 0114 3B       		.uleb128 0x3b
 1469 0115 0B       		.uleb128 0xb
 1470 0116 27       		.uleb128 0x27
 1471 0117 0C       		.uleb128 0xc
 1472 0118 11       		.uleb128 0x11
 1473 0119 01       		.uleb128 0x1
 1474 011a 12       		.uleb128 0x12
 1475 011b 01       		.uleb128 0x1
 1476 011c 40       		.uleb128 0x40
 1477 011d 06       		.uleb128 0x6
 1478 011e 9642     		.uleb128 0x2116
 1479 0120 0C       		.uleb128 0xc
 1480 0121 01       		.uleb128 0x1
 1481 0122 13       		.uleb128 0x13
 1482 0123 00       		.byte	0
 1483 0124 00       		.byte	0
ARM GAS  C:\Users\X0217454\AppData\Local\Temp\cciAi5Kk.s 			page 31


 1484 0125 15       		.uleb128 0x15
 1485 0126 2E       		.uleb128 0x2e
 1486 0127 01       		.byte	0x1
 1487 0128 3F       		.uleb128 0x3f
 1488 0129 0C       		.uleb128 0xc
 1489 012a 03       		.uleb128 0x3
 1490 012b 0E       		.uleb128 0xe
 1491 012c 3A       		.uleb128 0x3a
 1492 012d 0B       		.uleb128 0xb
 1493 012e 3B       		.uleb128 0x3b
 1494 012f 0B       		.uleb128 0xb
 1495 0130 49       		.uleb128 0x49
 1496 0131 13       		.uleb128 0x13
 1497 0132 11       		.uleb128 0x11
 1498 0133 01       		.uleb128 0x1
 1499 0134 12       		.uleb128 0x12
 1500 0135 01       		.uleb128 0x1
 1501 0136 40       		.uleb128 0x40
 1502 0137 06       		.uleb128 0x6
 1503 0138 9642     		.uleb128 0x2116
 1504 013a 0C       		.uleb128 0xc
 1505 013b 01       		.uleb128 0x1
 1506 013c 13       		.uleb128 0x13
 1507 013d 00       		.byte	0
 1508 013e 00       		.byte	0
 1509 013f 16       		.uleb128 0x16
 1510 0140 34       		.uleb128 0x34
 1511 0141 00       		.byte	0
 1512 0142 03       		.uleb128 0x3
 1513 0143 0E       		.uleb128 0xe
 1514 0144 3A       		.uleb128 0x3a
 1515 0145 0B       		.uleb128 0xb
 1516 0146 3B       		.uleb128 0x3b
 1517 0147 0B       		.uleb128 0xb
 1518 0148 49       		.uleb128 0x49
 1519 0149 13       		.uleb128 0x13
 1520 014a 02       		.uleb128 0x2
 1521 014b 0A       		.uleb128 0xa
 1522 014c 00       		.byte	0
 1523 014d 00       		.byte	0
 1524 014e 17       		.uleb128 0x17
 1525 014f 2E       		.uleb128 0x2e
 1526 0150 01       		.byte	0x1
 1527 0151 3F       		.uleb128 0x3f
 1528 0152 0C       		.uleb128 0xc
 1529 0153 03       		.uleb128 0x3
 1530 0154 0E       		.uleb128 0xe
 1531 0155 3A       		.uleb128 0x3a
 1532 0156 0B       		.uleb128 0xb
 1533 0157 3B       		.uleb128 0x3b
 1534 0158 0B       		.uleb128 0xb
 1535 0159 27       		.uleb128 0x27
 1536 015a 0C       		.uleb128 0xc
 1537 015b 11       		.uleb128 0x11
 1538 015c 01       		.uleb128 0x1
 1539 015d 12       		.uleb128 0x12
 1540 015e 01       		.uleb128 0x1
ARM GAS  C:\Users\X0217454\AppData\Local\Temp\cciAi5Kk.s 			page 32


 1541 015f 40       		.uleb128 0x40
 1542 0160 06       		.uleb128 0x6
 1543 0161 9742     		.uleb128 0x2117
 1544 0163 0C       		.uleb128 0xc
 1545 0164 01       		.uleb128 0x1
 1546 0165 13       		.uleb128 0x13
 1547 0166 00       		.byte	0
 1548 0167 00       		.byte	0
 1549 0168 18       		.uleb128 0x18
 1550 0169 34       		.uleb128 0x34
 1551 016a 00       		.byte	0
 1552 016b 03       		.uleb128 0x3
 1553 016c 0E       		.uleb128 0xe
 1554 016d 3A       		.uleb128 0x3a
 1555 016e 0B       		.uleb128 0xb
 1556 016f 3B       		.uleb128 0x3b
 1557 0170 0B       		.uleb128 0xb
 1558 0171 49       		.uleb128 0x49
 1559 0172 13       		.uleb128 0x13
 1560 0173 3F       		.uleb128 0x3f
 1561 0174 0C       		.uleb128 0xc
 1562 0175 02       		.uleb128 0x2
 1563 0176 0A       		.uleb128 0xa
 1564 0177 00       		.byte	0
 1565 0178 00       		.byte	0
 1566 0179 00       		.byte	0
 1567              		.section	.debug_loc,"",%progbits
 1568              	.Ldebug_loc0:
 1569              	.LLST0:
 1570 0000 00000000 		.4byte	.LFB33
 1571 0004 02000000 		.4byte	.LCFI0
 1572 0008 0200     		.2byte	0x2
 1573 000a 7D       		.byte	0x7d
 1574 000b 00       		.sleb128 0
 1575 000c 02000000 		.4byte	.LCFI0
 1576 0010 04000000 		.4byte	.LCFI1
 1577 0014 0200     		.2byte	0x2
 1578 0016 7D       		.byte	0x7d
 1579 0017 08       		.sleb128 8
 1580 0018 04000000 		.4byte	.LCFI1
 1581 001c 06000000 		.4byte	.LCFI2
 1582 0020 0200     		.2byte	0x2
 1583 0022 7D       		.byte	0x7d
 1584 0023 10       		.sleb128 16
 1585 0024 06000000 		.4byte	.LCFI2
 1586 0028 20000000 		.4byte	.LFE33
 1587 002c 0200     		.2byte	0x2
 1588 002e 77       		.byte	0x77
 1589 002f 10       		.sleb128 16
 1590 0030 00000000 		.4byte	0
 1591 0034 00000000 		.4byte	0
 1592              	.LLST1:
 1593 0038 00000000 		.4byte	.LFB34
 1594 003c 02000000 		.4byte	.LCFI3
 1595 0040 0200     		.2byte	0x2
 1596 0042 7D       		.byte	0x7d
 1597 0043 00       		.sleb128 0
ARM GAS  C:\Users\X0217454\AppData\Local\Temp\cciAi5Kk.s 			page 33


 1598 0044 02000000 		.4byte	.LCFI3
 1599 0048 04000000 		.4byte	.LCFI4
 1600 004c 0200     		.2byte	0x2
 1601 004e 7D       		.byte	0x7d
 1602 004f 08       		.sleb128 8
 1603 0050 04000000 		.4byte	.LCFI4
 1604 0054 0E000000 		.4byte	.LFE34
 1605 0058 0200     		.2byte	0x2
 1606 005a 77       		.byte	0x77
 1607 005b 08       		.sleb128 8
 1608 005c 00000000 		.4byte	0
 1609 0060 00000000 		.4byte	0
 1610              	.LLST2:
 1611 0064 00000000 		.4byte	.LFB35
 1612 0068 02000000 		.4byte	.LCFI5
 1613 006c 0200     		.2byte	0x2
 1614 006e 7D       		.byte	0x7d
 1615 006f 00       		.sleb128 0
 1616 0070 02000000 		.4byte	.LCFI5
 1617 0074 04000000 		.4byte	.LCFI6
 1618 0078 0200     		.2byte	0x2
 1619 007a 7D       		.byte	0x7d
 1620 007b 08       		.sleb128 8
 1621 007c 04000000 		.4byte	.LCFI6
 1622 0080 0E000000 		.4byte	.LFE35
 1623 0084 0200     		.2byte	0x2
 1624 0086 77       		.byte	0x77
 1625 0087 08       		.sleb128 8
 1626 0088 00000000 		.4byte	0
 1627 008c 00000000 		.4byte	0
 1628              	.LLST3:
 1629 0090 00000000 		.4byte	.LFB36
 1630 0094 02000000 		.4byte	.LCFI7
 1631 0098 0200     		.2byte	0x2
 1632 009a 7D       		.byte	0x7d
 1633 009b 00       		.sleb128 0
 1634 009c 02000000 		.4byte	.LCFI7
 1635 00a0 04000000 		.4byte	.LCFI8
 1636 00a4 0200     		.2byte	0x2
 1637 00a6 7D       		.byte	0x7d
 1638 00a7 08       		.sleb128 8
 1639 00a8 04000000 		.4byte	.LCFI8
 1640 00ac 0E000000 		.4byte	.LFE36
 1641 00b0 0200     		.2byte	0x2
 1642 00b2 77       		.byte	0x77
 1643 00b3 08       		.sleb128 8
 1644 00b4 00000000 		.4byte	0
 1645 00b8 00000000 		.4byte	0
 1646              	.LLST4:
 1647 00bc 00000000 		.4byte	.LFB37
 1648 00c0 02000000 		.4byte	.LCFI9
 1649 00c4 0200     		.2byte	0x2
 1650 00c6 7D       		.byte	0x7d
 1651 00c7 00       		.sleb128 0
 1652 00c8 02000000 		.4byte	.LCFI9
 1653 00cc 04000000 		.4byte	.LCFI10
 1654 00d0 0200     		.2byte	0x2
ARM GAS  C:\Users\X0217454\AppData\Local\Temp\cciAi5Kk.s 			page 34


 1655 00d2 7D       		.byte	0x7d
 1656 00d3 08       		.sleb128 8
 1657 00d4 04000000 		.4byte	.LCFI10
 1658 00d8 0E000000 		.4byte	.LFE37
 1659 00dc 0200     		.2byte	0x2
 1660 00de 77       		.byte	0x77
 1661 00df 08       		.sleb128 8
 1662 00e0 00000000 		.4byte	0
 1663 00e4 00000000 		.4byte	0
 1664              	.LLST5:
 1665 00e8 00000000 		.4byte	.LFB38
 1666 00ec 02000000 		.4byte	.LCFI11
 1667 00f0 0200     		.2byte	0x2
 1668 00f2 7D       		.byte	0x7d
 1669 00f3 00       		.sleb128 0
 1670 00f4 02000000 		.4byte	.LCFI11
 1671 00f8 04000000 		.4byte	.LCFI12
 1672 00fc 0200     		.2byte	0x2
 1673 00fe 7D       		.byte	0x7d
 1674 00ff 08       		.sleb128 8
 1675 0100 04000000 		.4byte	.LCFI12
 1676 0104 14000000 		.4byte	.LFE38
 1677 0108 0200     		.2byte	0x2
 1678 010a 77       		.byte	0x77
 1679 010b 08       		.sleb128 8
 1680 010c 00000000 		.4byte	0
 1681 0110 00000000 		.4byte	0
 1682              	.LLST6:
 1683 0114 00000000 		.4byte	.LFB39
 1684 0118 02000000 		.4byte	.LCFI13
 1685 011c 0200     		.2byte	0x2
 1686 011e 7D       		.byte	0x7d
 1687 011f 00       		.sleb128 0
 1688 0120 02000000 		.4byte	.LCFI13
 1689 0124 04000000 		.4byte	.LCFI14
 1690 0128 0200     		.2byte	0x2
 1691 012a 7D       		.byte	0x7d
 1692 012b 08       		.sleb128 8
 1693 012c 04000000 		.4byte	.LCFI14
 1694 0130 14000000 		.4byte	.LFE39
 1695 0134 0200     		.2byte	0x2
 1696 0136 77       		.byte	0x77
 1697 0137 08       		.sleb128 8
 1698 0138 00000000 		.4byte	0
 1699 013c 00000000 		.4byte	0
 1700              	.LLST7:
 1701 0140 00000000 		.4byte	.LFB40
 1702 0144 02000000 		.4byte	.LCFI15
 1703 0148 0200     		.2byte	0x2
 1704 014a 7D       		.byte	0x7d
 1705 014b 00       		.sleb128 0
 1706 014c 02000000 		.4byte	.LCFI15
 1707 0150 04000000 		.4byte	.LCFI16
 1708 0154 0200     		.2byte	0x2
 1709 0156 7D       		.byte	0x7d
 1710 0157 08       		.sleb128 8
 1711 0158 04000000 		.4byte	.LCFI16
ARM GAS  C:\Users\X0217454\AppData\Local\Temp\cciAi5Kk.s 			page 35


 1712 015c 14000000 		.4byte	.LFE40
 1713 0160 0200     		.2byte	0x2
 1714 0162 77       		.byte	0x77
 1715 0163 08       		.sleb128 8
 1716 0164 00000000 		.4byte	0
 1717 0168 00000000 		.4byte	0
 1718              	.LLST8:
 1719 016c 00000000 		.4byte	.LFB41
 1720 0170 02000000 		.4byte	.LCFI17
 1721 0174 0200     		.2byte	0x2
 1722 0176 7D       		.byte	0x7d
 1723 0177 00       		.sleb128 0
 1724 0178 02000000 		.4byte	.LCFI17
 1725 017c 04000000 		.4byte	.LCFI18
 1726 0180 0200     		.2byte	0x2
 1727 0182 7D       		.byte	0x7d
 1728 0183 08       		.sleb128 8
 1729 0184 04000000 		.4byte	.LCFI18
 1730 0188 1A000000 		.4byte	.LFE41
 1731 018c 0200     		.2byte	0x2
 1732 018e 77       		.byte	0x77
 1733 018f 08       		.sleb128 8
 1734 0190 00000000 		.4byte	0
 1735 0194 00000000 		.4byte	0
 1736              	.LLST9:
 1737 0198 00000000 		.4byte	.LFB42
 1738 019c 02000000 		.4byte	.LCFI19
 1739 01a0 0200     		.2byte	0x2
 1740 01a2 7D       		.byte	0x7d
 1741 01a3 00       		.sleb128 0
 1742 01a4 02000000 		.4byte	.LCFI19
 1743 01a8 04000000 		.4byte	.LCFI20
 1744 01ac 0200     		.2byte	0x2
 1745 01ae 7D       		.byte	0x7d
 1746 01af 08       		.sleb128 8
 1747 01b0 04000000 		.4byte	.LCFI20
 1748 01b4 14000000 		.4byte	.LFE42
 1749 01b8 0200     		.2byte	0x2
 1750 01ba 77       		.byte	0x77
 1751 01bb 08       		.sleb128 8
 1752 01bc 00000000 		.4byte	0
 1753 01c0 00000000 		.4byte	0
 1754              	.LLST10:
 1755 01c4 00000000 		.4byte	.LFB43
 1756 01c8 02000000 		.4byte	.LCFI21
 1757 01cc 0200     		.2byte	0x2
 1758 01ce 7D       		.byte	0x7d
 1759 01cf 00       		.sleb128 0
 1760 01d0 02000000 		.4byte	.LCFI21
 1761 01d4 04000000 		.4byte	.LCFI22
 1762 01d8 0200     		.2byte	0x2
 1763 01da 7D       		.byte	0x7d
 1764 01db 08       		.sleb128 8
 1765 01dc 04000000 		.4byte	.LCFI22
 1766 01e0 06000000 		.4byte	.LCFI23
 1767 01e4 0200     		.2byte	0x2
 1768 01e6 7D       		.byte	0x7d
ARM GAS  C:\Users\X0217454\AppData\Local\Temp\cciAi5Kk.s 			page 36


 1769 01e7 10       		.sleb128 16
 1770 01e8 06000000 		.4byte	.LCFI23
 1771 01ec 30000000 		.4byte	.LFE43
 1772 01f0 0200     		.2byte	0x2
 1773 01f2 77       		.byte	0x77
 1774 01f3 10       		.sleb128 16
 1775 01f4 00000000 		.4byte	0
 1776 01f8 00000000 		.4byte	0
 1777              	.LLST11:
 1778 01fc 00000000 		.4byte	.LFB44
 1779 0200 02000000 		.4byte	.LCFI24
 1780 0204 0200     		.2byte	0x2
 1781 0206 7D       		.byte	0x7d
 1782 0207 00       		.sleb128 0
 1783 0208 02000000 		.4byte	.LCFI24
 1784 020c 04000000 		.4byte	.LCFI25
 1785 0210 0200     		.2byte	0x2
 1786 0212 7D       		.byte	0x7d
 1787 0213 08       		.sleb128 8
 1788 0214 04000000 		.4byte	.LCFI25
 1789 0218 06000000 		.4byte	.LCFI26
 1790 021c 0200     		.2byte	0x2
 1791 021e 7D       		.byte	0x7d
 1792 021f 10       		.sleb128 16
 1793 0220 06000000 		.4byte	.LCFI26
 1794 0224 30000000 		.4byte	.LFE44
 1795 0228 0200     		.2byte	0x2
 1796 022a 77       		.byte	0x77
 1797 022b 10       		.sleb128 16
 1798 022c 00000000 		.4byte	0
 1799 0230 00000000 		.4byte	0
 1800              	.LLST12:
 1801 0234 00000000 		.4byte	.LFB45
 1802 0238 02000000 		.4byte	.LCFI27
 1803 023c 0200     		.2byte	0x2
 1804 023e 7D       		.byte	0x7d
 1805 023f 00       		.sleb128 0
 1806 0240 02000000 		.4byte	.LCFI27
 1807 0244 04000000 		.4byte	.LCFI28
 1808 0248 0200     		.2byte	0x2
 1809 024a 7D       		.byte	0x7d
 1810 024b 08       		.sleb128 8
 1811 024c 04000000 		.4byte	.LCFI28
 1812 0250 06000000 		.4byte	.LCFI29
 1813 0254 0200     		.2byte	0x2
 1814 0256 7D       		.byte	0x7d
 1815 0257 10       		.sleb128 16
 1816 0258 06000000 		.4byte	.LCFI29
 1817 025c 44000000 		.4byte	.LFE45
 1818 0260 0200     		.2byte	0x2
 1819 0262 77       		.byte	0x77
 1820 0263 10       		.sleb128 16
 1821 0264 00000000 		.4byte	0
 1822 0268 00000000 		.4byte	0
 1823              	.LLST13:
 1824 026c 00000000 		.4byte	.LFB46
 1825 0270 02000000 		.4byte	.LCFI30
ARM GAS  C:\Users\X0217454\AppData\Local\Temp\cciAi5Kk.s 			page 37


 1826 0274 0200     		.2byte	0x2
 1827 0276 7D       		.byte	0x7d
 1828 0277 00       		.sleb128 0
 1829 0278 02000000 		.4byte	.LCFI30
 1830 027c 04000000 		.4byte	.LCFI31
 1831 0280 0200     		.2byte	0x2
 1832 0282 7D       		.byte	0x7d
 1833 0283 08       		.sleb128 8
 1834 0284 04000000 		.4byte	.LCFI31
 1835 0288 06000000 		.4byte	.LCFI32
 1836 028c 0200     		.2byte	0x2
 1837 028e 7D       		.byte	0x7d
 1838 028f 10       		.sleb128 16
 1839 0290 06000000 		.4byte	.LCFI32
 1840 0294 52000000 		.4byte	.LFE46
 1841 0298 0200     		.2byte	0x2
 1842 029a 77       		.byte	0x77
 1843 029b 10       		.sleb128 16
 1844 029c 00000000 		.4byte	0
 1845 02a0 00000000 		.4byte	0
 1846              	.LLST14:
 1847 02a4 00000000 		.4byte	.LFB47
 1848 02a8 02000000 		.4byte	.LCFI33
 1849 02ac 0200     		.2byte	0x2
 1850 02ae 7D       		.byte	0x7d
 1851 02af 00       		.sleb128 0
 1852 02b0 02000000 		.4byte	.LCFI33
 1853 02b4 04000000 		.4byte	.LCFI34
 1854 02b8 0200     		.2byte	0x2
 1855 02ba 7D       		.byte	0x7d
 1856 02bb 08       		.sleb128 8
 1857 02bc 04000000 		.4byte	.LCFI34
 1858 02c0 08000000 		.4byte	.LFE47
 1859 02c4 0200     		.2byte	0x2
 1860 02c6 77       		.byte	0x77
 1861 02c7 08       		.sleb128 8
 1862 02c8 00000000 		.4byte	0
 1863 02cc 00000000 		.4byte	0
 1864              	.LLST15:
 1865 02d0 00000000 		.4byte	.LFB48
 1866 02d4 02000000 		.4byte	.LCFI35
 1867 02d8 0200     		.2byte	0x2
 1868 02da 7D       		.byte	0x7d
 1869 02db 00       		.sleb128 0
 1870 02dc 02000000 		.4byte	.LCFI35
 1871 02e0 04000000 		.4byte	.LCFI36
 1872 02e4 0200     		.2byte	0x2
 1873 02e6 7D       		.byte	0x7d
 1874 02e7 08       		.sleb128 8
 1875 02e8 04000000 		.4byte	.LCFI36
 1876 02ec 06000000 		.4byte	.LCFI37
 1877 02f0 0200     		.2byte	0x2
 1878 02f2 7D       		.byte	0x7d
 1879 02f3 10       		.sleb128 16
 1880 02f4 06000000 		.4byte	.LCFI37
 1881 02f8 0E000000 		.4byte	.LFE48
 1882 02fc 0200     		.2byte	0x2
ARM GAS  C:\Users\X0217454\AppData\Local\Temp\cciAi5Kk.s 			page 38


 1883 02fe 77       		.byte	0x77
 1884 02ff 10       		.sleb128 16
 1885 0300 00000000 		.4byte	0
 1886 0304 00000000 		.4byte	0
 1887              	.LLST16:
 1888 0308 00000000 		.4byte	.LFB49
 1889 030c 02000000 		.4byte	.LCFI38
 1890 0310 0200     		.2byte	0x2
 1891 0312 7D       		.byte	0x7d
 1892 0313 00       		.sleb128 0
 1893 0314 02000000 		.4byte	.LCFI38
 1894 0318 04000000 		.4byte	.LCFI39
 1895 031c 0200     		.2byte	0x2
 1896 031e 7D       		.byte	0x7d
 1897 031f 08       		.sleb128 8
 1898 0320 04000000 		.4byte	.LCFI39
 1899 0324 06000000 		.4byte	.LCFI40
 1900 0328 0200     		.2byte	0x2
 1901 032a 7D       		.byte	0x7d
 1902 032b 10       		.sleb128 16
 1903 032c 06000000 		.4byte	.LCFI40
 1904 0330 26000000 		.4byte	.LFE49
 1905 0334 0200     		.2byte	0x2
 1906 0336 77       		.byte	0x77
 1907 0337 10       		.sleb128 16
 1908 0338 00000000 		.4byte	0
 1909 033c 00000000 		.4byte	0
 1910              		.section	.debug_aranges,"",%progbits
 1911 0000 9C000000 		.4byte	0x9c
 1912 0004 0200     		.2byte	0x2
 1913 0006 00000000 		.4byte	.Ldebug_info0
 1914 000a 04       		.byte	0x4
 1915 000b 00       		.byte	0
 1916 000c 0000     		.2byte	0
 1917 000e 0000     		.2byte	0
 1918 0010 00000000 		.4byte	.LFB33
 1919 0014 20000000 		.4byte	.LFE33-.LFB33
 1920 0018 00000000 		.4byte	.LFB34
 1921 001c 0E000000 		.4byte	.LFE34-.LFB34
 1922 0020 00000000 		.4byte	.LFB35
 1923 0024 0E000000 		.4byte	.LFE35-.LFB35
 1924 0028 00000000 		.4byte	.LFB36
 1925 002c 0E000000 		.4byte	.LFE36-.LFB36
 1926 0030 00000000 		.4byte	.LFB37
 1927 0034 0E000000 		.4byte	.LFE37-.LFB37
 1928 0038 00000000 		.4byte	.LFB38
 1929 003c 14000000 		.4byte	.LFE38-.LFB38
 1930 0040 00000000 		.4byte	.LFB39
 1931 0044 14000000 		.4byte	.LFE39-.LFB39
 1932 0048 00000000 		.4byte	.LFB40
 1933 004c 14000000 		.4byte	.LFE40-.LFB40
 1934 0050 00000000 		.4byte	.LFB41
 1935 0054 1A000000 		.4byte	.LFE41-.LFB41
 1936 0058 00000000 		.4byte	.LFB42
 1937 005c 14000000 		.4byte	.LFE42-.LFB42
 1938 0060 00000000 		.4byte	.LFB43
 1939 0064 30000000 		.4byte	.LFE43-.LFB43
ARM GAS  C:\Users\X0217454\AppData\Local\Temp\cciAi5Kk.s 			page 39


 1940 0068 00000000 		.4byte	.LFB44
 1941 006c 30000000 		.4byte	.LFE44-.LFB44
 1942 0070 00000000 		.4byte	.LFB45
 1943 0074 44000000 		.4byte	.LFE45-.LFB45
 1944 0078 00000000 		.4byte	.LFB46
 1945 007c 52000000 		.4byte	.LFE46-.LFB46
 1946 0080 00000000 		.4byte	.LFB47
 1947 0084 08000000 		.4byte	.LFE47-.LFB47
 1948 0088 00000000 		.4byte	.LFB48
 1949 008c 0E000000 		.4byte	.LFE48-.LFB48
 1950 0090 00000000 		.4byte	.LFB49
 1951 0094 26000000 		.4byte	.LFE49-.LFB49
 1952 0098 00000000 		.4byte	0
 1953 009c 00000000 		.4byte	0
 1954              		.section	.debug_ranges,"",%progbits
 1955              	.Ldebug_ranges0:
 1956 0000 00000000 		.4byte	.LFB33
 1957 0004 20000000 		.4byte	.LFE33
 1958 0008 00000000 		.4byte	.LFB34
 1959 000c 0E000000 		.4byte	.LFE34
 1960 0010 00000000 		.4byte	.LFB35
 1961 0014 0E000000 		.4byte	.LFE35
 1962 0018 00000000 		.4byte	.LFB36
 1963 001c 0E000000 		.4byte	.LFE36
 1964 0020 00000000 		.4byte	.LFB37
 1965 0024 0E000000 		.4byte	.LFE37
 1966 0028 00000000 		.4byte	.LFB38
 1967 002c 14000000 		.4byte	.LFE38
 1968 0030 00000000 		.4byte	.LFB39
 1969 0034 14000000 		.4byte	.LFE39
 1970 0038 00000000 		.4byte	.LFB40
 1971 003c 14000000 		.4byte	.LFE40
 1972 0040 00000000 		.4byte	.LFB41
 1973 0044 1A000000 		.4byte	.LFE41
 1974 0048 00000000 		.4byte	.LFB42
 1975 004c 14000000 		.4byte	.LFE42
 1976 0050 00000000 		.4byte	.LFB43
 1977 0054 30000000 		.4byte	.LFE43
 1978 0058 00000000 		.4byte	.LFB44
 1979 005c 30000000 		.4byte	.LFE44
 1980 0060 00000000 		.4byte	.LFB45
 1981 0064 44000000 		.4byte	.LFE45
 1982 0068 00000000 		.4byte	.LFB46
 1983 006c 52000000 		.4byte	.LFE46
 1984 0070 00000000 		.4byte	.LFB47
 1985 0074 08000000 		.4byte	.LFE47
 1986 0078 00000000 		.4byte	.LFB48
 1987 007c 0E000000 		.4byte	.LFE48
 1988 0080 00000000 		.4byte	.LFB49
 1989 0084 26000000 		.4byte	.LFE49
 1990 0088 00000000 		.4byte	0
 1991 008c 00000000 		.4byte	0
 1992              		.section	.debug_line,"",%progbits
 1993              	.Ldebug_line0:
 1994 0000 CF010000 		.section	.debug_str,"MS",%progbits,1
 1994      02006D00 
 1994      00000201 
ARM GAS  C:\Users\X0217454\AppData\Local\Temp\cciAi5Kk.s 			page 40


 1994      FB0E0D00 
 1994      01010101 
 1995              	.LASF10:
 1996 0000 63686172 		.ascii	"char\000"
 1996      00
 1997              	.LASF28:
 1998 0005 7056616C 		.ascii	"pValue\000"
 1998      756500
 1999              	.LASF25:
 2000 000c 666C6F61 		.ascii	"float\000"
 2000      7400
 2001              	.LASF30:
 2002 0012 43433331 		.ascii	"CC3100_enable\000"
 2002      30305F65 
 2002      6E61626C 
 2002      6500
 2003              	.LASF45:
 2004 0020 616E7465 		.ascii	"antenna\000"
 2004      6E6E6100 
 2005              	.LASF18:
 2006 0028 41637469 		.ascii	"ActiveBufferWriteCounter\000"
 2006      76654275 
 2006      66666572 
 2006      57726974 
 2006      65436F75 
 2007              	.LASF3:
 2008 0041 73686F72 		.ascii	"short unsigned int\000"
 2008      7420756E 
 2008      7369676E 
 2008      65642069 
 2008      6E7400
 2009              	.LASF52:
 2010 0054 70756172 		.ascii	"puartFlowctrl\000"
 2010      74466C6F 
 2010      77637472 
 2010      6C00
 2011              	.LASF50:
 2012 0062 6572726F 		.ascii	"error_overrun\000"
 2012      725F6F76 
 2012      65727275 
 2012      6E00
 2013              	.LASF57:
 2014 0070 73746174 		.ascii	"status\000"
 2014      757300
 2015              	.LASF24:
 2016 0077 424F4F4C 		.ascii	"BOOLEAN\000"
 2016      45414E00 
 2017              	.LASF13:
 2018 007f 4A697474 		.ascii	"JitterBufferReadIdx\000"
 2018      65724275 
 2018      66666572 
 2018      52656164 
 2018      49647800 
 2019              	.LASF1:
 2020 0093 756E7369 		.ascii	"unsigned char\000"
 2020      676E6564 
 2020      20636861 
ARM GAS  C:\Users\X0217454\AppData\Local\Temp\cciAi5Kk.s 			page 41


 2020      7200
 2021              	.LASF14:
 2022 00a1 4A697474 		.ascii	"JitterBufferFreeBytes\000"
 2022      65724275 
 2022      66666572 
 2022      46726565 
 2022      42797465 
 2023              	.LASF9:
 2024 00b7 6C6F6E67 		.ascii	"long unsigned int\000"
 2024      20756E73 
 2024      69676E65 
 2024      6420696E 
 2024      7400
 2025              	.LASF33:
 2026 00c9 556E4D61 		.ascii	"UnMaskIntHdlr\000"
 2026      736B496E 
 2026      7448646C 
 2026      7200
 2027              	.LASF34:
 2028 00d7 43433331 		.ascii	"CC3100_InterruptEnable\000"
 2028      30305F49 
 2028      6E746572 
 2028      72757074 
 2028      456E6162 
 2029              	.LASF36:
 2030 00ee 73746F70 		.ascii	"stopWDT\000"
 2030      57445400 
 2031              	.LASF26:
 2032 00f6 646F7562 		.ascii	"double\000"
 2032      6C6500
 2033              	.LASF31:
 2034 00fd 43433331 		.ascii	"CC3100_InterruptDisable\000"
 2034      30305F49 
 2034      6E746572 
 2034      72757074 
 2034      44697361 
 2035              	.LASF46:
 2036 0115 44656C61 		.ascii	"Delay\000"
 2036      7900
 2037              	.LASF20:
 2038 011b 5F756172 		.ascii	"_uartFlowctrl\000"
 2038      74466C6F 
 2038      77637472 
 2038      6C00
 2039              	.LASF35:
 2040 0129 696E6974 		.ascii	"initClk\000"
 2040      436C6B00 
 2041              	.LASF12:
 2042 0131 4A697474 		.ascii	"JitterBufferWriteIdx\000"
 2042      65724275 
 2042      66666572 
 2042      57726974 
 2042      65496478 
 2043              	.LASF21:
 2044 0146 4E4F5F4C 		.ascii	"NO_LED\000"
 2044      454400
 2045              	.LASF4:
ARM GAS  C:\Users\X0217454\AppData\Local\Temp\cciAi5Kk.s 			page 42


 2046 014d 756E7369 		.ascii	"unsigned int\000"
 2046      676E6564 
 2046      20696E74 
 2046      00
 2047              	.LASF39:
 2048 015a 7475726E 		.ascii	"turnLedOn\000"
 2048      4C65644F 
 2048      6E00
 2049              	.LASF29:
 2050 0164 43433331 		.ascii	"CC3100_disable\000"
 2050      30305F64 
 2050      69736162 
 2050      6C6500
 2051              	.LASF6:
 2052 0173 6C6F6E67 		.ascii	"long long unsigned int\000"
 2052      206C6F6E 
 2052      6720756E 
 2052      7369676E 
 2052      65642069 
 2053              	.LASF41:
 2054 018a 746F6767 		.ascii	"toggleLed\000"
 2054      6C654C65 
 2054      6400
 2055              	.LASF32:
 2056 0194 4D61736B 		.ascii	"MaskIntHdlr\000"
 2056      496E7448 
 2056      646C7200 
 2057              	.LASF27:
 2058 01a0 496E7465 		.ascii	"InterruptHdl\000"
 2058      72727570 
 2058      7448646C 
 2058      00
 2059              	.LASF37:
 2060 01ad 696E6974 		.ascii	"initLEDs\000"
 2060      4C454473 
 2060      00
 2061              	.LASF17:
 2062 01b6 70416374 		.ascii	"pActiveBuffer\000"
 2062      69766542 
 2062      75666665 
 2062      7200
 2063              	.LASF8:
 2064 01c4 73697A65 		.ascii	"sizetype\000"
 2064      74797065 
 2064      00
 2065              	.LASF5:
 2066 01cd 6C6F6E67 		.ascii	"long long int\000"
 2066      206C6F6E 
 2066      6720696E 
 2066      7400
 2067              	.LASF56:
 2068 01db 72656769 		.ascii	"registerInterruptHandler\000"
 2068      73746572 
 2068      496E7465 
 2068      72727570 
 2068      7448616E 
 2069              	.LASF55:
ARM GAS  C:\Users\X0217454\AppData\Local\Temp\cciAi5Kk.s 			page 43


 2070 01f4 433A5C55 		.ascii	"C:\\Users\\X0217454\\Desktop\\CC31xx\\CC3100 - 0.5\\"
 2070      73657273 
 2070      5C583032 
 2070      31373435 
 2070      345C4465 
 2071 0222 43433331 		.ascii	"CC3100 SDK 0.5\\cc3100-sdk\\platform\\cypress_SDK.5"
 2071      30302053 
 2071      444B2030 
 2071      2E355C63 
 2071      63333130 
 2072 0252 5C657861 		.ascii	"\\example\\wlan_station_spi\\wlan_station_spi.cydsn"
 2072      6D706C65 
 2072      5C776C61 
 2072      6E5F7374 
 2072      6174696F 
 2073 0282 00       		.ascii	"\000"
 2074              	.LASF38:
 2075 0283 6C65644E 		.ascii	"ledNum\000"
 2075      756D00
 2076              	.LASF51:
 2077 028a 75617274 		.ascii	"uartFlowctrl\000"
 2077      466C6F77 
 2077      6374726C 
 2077      00
 2078              	.LASF22:
 2079 0297 4C454431 		.ascii	"LED1\000"
 2079      00
 2080              	.LASF23:
 2081 029c 4C454432 		.ascii	"LED2\000"
 2081      00
 2082              	.LASF2:
 2083 02a1 73686F72 		.ascii	"short int\000"
 2083      7420696E 
 2083      7400
 2084              	.LASF44:
 2085 02ab 53656C41 		.ascii	"SelAntenna\000"
 2085      6E74656E 
 2085      6E6100
 2086              	.LASF47:
 2087 02b6 696E7465 		.ascii	"interval\000"
 2087      7276616C 
 2087      00
 2088              	.LASF42:
 2089 02bf 4765744C 		.ascii	"GetLEDStatus\000"
 2089      45445374 
 2089      61747573 
 2089      00
 2090              	.LASF49:
 2091 02cc 496E7449 		.ascii	"IntIsMasked\000"
 2091      734D6173 
 2091      6B656400 
 2092              	.LASF40:
 2093 02d8 7475726E 		.ascii	"turnLedOff\000"
 2093      4C65644F 
 2093      666600
 2094              	.LASF7:
 2095 02e3 6C6F6E67 		.ascii	"long int\000"
ARM GAS  C:\Users\X0217454\AppData\Local\Temp\cciAi5Kk.s 			page 44


 2095      20696E74 
 2095      00
 2096              	.LASF15:
 2097 02ec 62527473 		.ascii	"bRtsSetByFlowControl\000"
 2097      53657442 
 2097      79466C6F 
 2097      77436F6E 
 2097      74726F6C 
 2098              	.LASF54:
 2099 0301 2E2E5C2E 		.ascii	"..\\..\\..\\board.c\000"
 2099      2E5C2E2E 
 2099      5C626F61 
 2099      72642E63 
 2099      00
 2100              	.LASF19:
 2101 0312 505F4556 		.ascii	"P_EVENT_HANDLER\000"
 2101      454E545F 
 2101      48414E44 
 2101      4C455200 
 2102              	.LASF0:
 2103 0322 7369676E 		.ascii	"signed char\000"
 2103      65642063 
 2103      68617200 
 2104              	.LASF43:
 2105 032e 696E6974 		.ascii	"initAntSelGPIO\000"
 2105      416E7453 
 2105      656C4750 
 2105      494F00
 2106              	.LASF53:
 2107 033d 474E5520 		.ascii	"GNU C 4.7.3 20130312 (release) [ARM/embedded-4_7-br"
 2107      4320342E 
 2107      372E3320 
 2107      32303133 
 2107      30333132 
 2108 0370 616E6368 		.ascii	"anch revision 196615]\000"
 2108      20726576 
 2108      6973696F 
 2108      6E203139 
 2108      36363135 
 2109              	.LASF16:
 2110 0386 62416374 		.ascii	"bActiveBufferIsJitterOne\000"
 2110      69766542 
 2110      75666665 
 2110      7249734A 
 2110      69747465 
 2111              	.LASF48:
 2112 039f 70497271 		.ascii	"pIrqEventHandler\000"
 2112      4576656E 
 2112      7448616E 
 2112      646C6572 
 2112      00
 2113              	.LASF11:
 2114 03b0 4A697474 		.ascii	"JitterBuffer\000"
 2114      65724275 
 2114      66666572 
 2114      00
 2115              		.ident	"GCC: (GNU Tools for ARM Embedded Processors) 4.7.3 20130312 (release) [ARM/embedded-4_7-br
ARM GAS  C:\Users\X0217454\AppData\Local\Temp\cciAi5Kk.s 			page 45


