ARM GAS  C:\Users\X0217454\AppData\Local\Temp\cceSOYtC.s 			page 1


   1              		.cpu cortex-m0
   2              		.fpu softvfp
   3              		.eabi_attribute 20, 1
   4              		.eabi_attribute 21, 1
   5              		.eabi_attribute 23, 3
   6              		.eabi_attribute 24, 1
   7              		.eabi_attribute 25, 1
   8              		.eabi_attribute 26, 1
   9              		.eabi_attribute 30, 6
  10              		.eabi_attribute 34, 0
  11              		.eabi_attribute 18, 4
  12              		.code	16
  13              		.file	"flowcont.c"
  14              		.text
  15              	.Ltext0:
  16              		.cfi_sections	.debug_frame
  17              		.section	.text._SlDrvFlowContInit,"ax",%progbits
  18              		.align	2
  19              		.global	_SlDrvFlowContInit
  20              		.code	16
  21              		.thumb_func
  22              		.type	_SlDrvFlowContInit, %function
  23              	_SlDrvFlowContInit:
  24              	.LFB0:
  25              		.file 1 "..\\..\\..\\..\\..\\simplelink\\source\\flowcont.c"
   1:..\..\..\..\..\simplelink\source/flowcont.c **** /*
   2:..\..\..\..\..\simplelink\source/flowcont.c ****  * flowcont.c - CC31xx/CC32xx Host Driver Implementation
   3:..\..\..\..\..\simplelink\source/flowcont.c ****  *
   4:..\..\..\..\..\simplelink\source/flowcont.c ****  * Copyright (C) 2014 Texas Instruments Incorporated - http://www.ti.com/ 
   5:..\..\..\..\..\simplelink\source/flowcont.c ****  * 
   6:..\..\..\..\..\simplelink\source/flowcont.c ****  * 
   7:..\..\..\..\..\simplelink\source/flowcont.c ****  *  Redistribution and use in source and binary forms, with or without 
   8:..\..\..\..\..\simplelink\source/flowcont.c ****  *  modification, are permitted provided that the following conditions 
   9:..\..\..\..\..\simplelink\source/flowcont.c ****  *  are met:
  10:..\..\..\..\..\simplelink\source/flowcont.c ****  *
  11:..\..\..\..\..\simplelink\source/flowcont.c ****  *    Redistributions of source code must retain the above copyright 
  12:..\..\..\..\..\simplelink\source/flowcont.c ****  *    notice, this list of conditions and the following disclaimer.
  13:..\..\..\..\..\simplelink\source/flowcont.c ****  *
  14:..\..\..\..\..\simplelink\source/flowcont.c ****  *    Redistributions in binary form must reproduce the above copyright
  15:..\..\..\..\..\simplelink\source/flowcont.c ****  *    notice, this list of conditions and the following disclaimer in the 
  16:..\..\..\..\..\simplelink\source/flowcont.c ****  *    documentation and/or other materials provided with the   
  17:..\..\..\..\..\simplelink\source/flowcont.c ****  *    distribution.
  18:..\..\..\..\..\simplelink\source/flowcont.c ****  *
  19:..\..\..\..\..\simplelink\source/flowcont.c ****  *    Neither the name of Texas Instruments Incorporated nor the names of
  20:..\..\..\..\..\simplelink\source/flowcont.c ****  *    its contributors may be used to endorse or promote products derived
  21:..\..\..\..\..\simplelink\source/flowcont.c ****  *    from this software without specific prior written permission.
  22:..\..\..\..\..\simplelink\source/flowcont.c ****  *
  23:..\..\..\..\..\simplelink\source/flowcont.c ****  *  THIS SOFTWARE IS PROVIDED BY THE COPYRIGHT HOLDERS AND CONTRIBUTORS 
  24:..\..\..\..\..\simplelink\source/flowcont.c ****  *  "AS IS" AND ANY EXPRESS OR IMPLIED WARRANTIES, INCLUDING, BUT NOT 
  25:..\..\..\..\..\simplelink\source/flowcont.c ****  *  LIMITED TO, THE IMPLIED WARRANTIES OF MERCHANTABILITY AND FITNESS FOR
  26:..\..\..\..\..\simplelink\source/flowcont.c ****  *  A PARTICULAR PURPOSE ARE DISCLAIMED. IN NO EVENT SHALL THE COPYRIGHT 
  27:..\..\..\..\..\simplelink\source/flowcont.c ****  *  OWNER OR CONTRIBUTORS BE LIABLE FOR ANY DIRECT, INDIRECT, INCIDENTAL, 
  28:..\..\..\..\..\simplelink\source/flowcont.c ****  *  SPECIAL, EXEMPLARY, OR CONSEQUENTIAL DAMAGES (INCLUDING, BUT NOT 
  29:..\..\..\..\..\simplelink\source/flowcont.c ****  *  LIMITED TO, PROCUREMENT OF SUBSTITUTE GOODS OR SERVICES; LOSS OF USE,
  30:..\..\..\..\..\simplelink\source/flowcont.c ****  *  DATA, OR PROFITS; OR BUSINESS INTERRUPTION) HOWEVER CAUSED AND ON ANY
  31:..\..\..\..\..\simplelink\source/flowcont.c ****  *  THEORY OF LIABILITY, WHETHER IN CONTRACT, STRICT LIABILITY, OR TORT 
  32:..\..\..\..\..\simplelink\source/flowcont.c ****  *  (INCLUDING NEGLIGENCE OR OTHERWISE) ARISING IN ANY WAY OUT OF THE USE 
ARM GAS  C:\Users\X0217454\AppData\Local\Temp\cceSOYtC.s 			page 2


  33:..\..\..\..\..\simplelink\source/flowcont.c ****  *  OF THIS SOFTWARE, EVEN IF ADVISED OF THE POSSIBILITY OF SUCH DAMAGE.
  34:..\..\..\..\..\simplelink\source/flowcont.c ****  *
  35:..\..\..\..\..\simplelink\source/flowcont.c **** */
  36:..\..\..\..\..\simplelink\source/flowcont.c **** 
  37:..\..\..\..\..\simplelink\source/flowcont.c **** #include "datatypes.h"
  38:..\..\..\..\..\simplelink\source/flowcont.c **** #include "simplelink.h"
  39:..\..\..\..\..\simplelink\source/flowcont.c **** #include "protocol.h"
  40:..\..\..\..\..\simplelink\source/flowcont.c **** #include "driver.h"
  41:..\..\..\..\..\simplelink\source/flowcont.c **** #include "flowcont.h"
  42:..\..\..\..\..\simplelink\source/flowcont.c **** 
  43:..\..\..\..\..\simplelink\source/flowcont.c **** 
  44:..\..\..\..\..\simplelink\source/flowcont.c **** 
  45:..\..\..\..\..\simplelink\source/flowcont.c **** /*****************************************************************************/
  46:..\..\..\..\..\simplelink\source/flowcont.c **** /* _SlDrvFlowContInit */
  47:..\..\..\..\..\simplelink\source/flowcont.c **** /*****************************************************************************/
  48:..\..\..\..\..\simplelink\source/flowcont.c **** void _SlDrvFlowContInit(void)
  49:..\..\..\..\..\simplelink\source/flowcont.c **** {
  26              		.loc 1 49 0
  27              		.cfi_startproc
  28 0000 80B5     		push	{r7, lr}
  29              	.LCFI0:
  30              		.cfi_def_cfa_offset 8
  31              		.cfi_offset 7, -8
  32              		.cfi_offset 14, -4
  33 0002 82B0     		sub	sp, sp, #8
  34              	.LCFI1:
  35              		.cfi_def_cfa_offset 16
  36 0004 00AF     		add	r7, sp, #0
  37              	.LCFI2:
  38              		.cfi_def_cfa_register 7
  50:..\..\..\..\..\simplelink\source/flowcont.c ****     g_pCB->FlowContCB.TxPoolCnt = FLOW_CONT_MIN;
  39              		.loc 1 50 0
  40 0006 114B     		ldr	r3, .L6
  41 0008 1A68     		ldr	r2, [r3]
  42 000a 9323     		mov	r3, #147
  43 000c 0121     		mov	r1, #1
  44 000e D154     		strb	r1, [r2, r3]
  45              	.LBB2:
  51:..\..\..\..\..\simplelink\source/flowcont.c **** 
  52:..\..\..\..\..\simplelink\source/flowcont.c ****     OSI_RET_OK_CHECK(sl_LockObjCreate(&g_pCB->FlowContCB.TxLockObj, "TxLockObj"));
  46              		.loc 1 52 0
  47 0010 0E4B     		ldr	r3, .L6
  48 0012 1B68     		ldr	r3, [r3]
  49 0014 9433     		add	r3, r3, #148
  50 0016 181C     		mov	r0, r3
  51 0018 3321     		mov	r1, #51
  52 001a FFF7FEFF 		bl	_SlNonOsSemSet
  53 001e 031C     		mov	r3, r0
  54 0020 7B60     		str	r3, [r7, #4]
  55 0022 7B68     		ldr	r3, [r7, #4]
  56 0024 002B     		cmp	r3, #0
  57 0026 00D0     		beq	.L2
  58              	.L3:
  59              		.loc 1 52 0 is_stmt 0 discriminator 1
  60 0028 FEE7     		b	.L3
  61              	.L2:
  62              	.LBE2:
ARM GAS  C:\Users\X0217454\AppData\Local\Temp\cceSOYtC.s 			page 3


  63              	.LBB3:
  53:..\..\..\..\..\simplelink\source/flowcont.c **** 
  54:..\..\..\..\..\simplelink\source/flowcont.c ****     OSI_RET_OK_CHECK(sl_SyncObjCreate(&g_pCB->FlowContCB.TxSyncObj, "TxSyncObj"));
  64              		.loc 1 54 0 is_stmt 1
  65 002a 084B     		ldr	r3, .L6
  66 002c 1B68     		ldr	r3, [r3]
  67 002e 9533     		add	r3, r3, #149
  68 0030 181C     		mov	r0, r3
  69 0032 1121     		mov	r1, #17
  70 0034 FFF7FEFF 		bl	_SlNonOsSemSet
  71 0038 031C     		mov	r3, r0
  72 003a 3B60     		str	r3, [r7]
  73 003c 3B68     		ldr	r3, [r7]
  74 003e 002B     		cmp	r3, #0
  75 0040 00D0     		beq	.L1
  76              	.L5:
  77              		.loc 1 54 0 is_stmt 0 discriminator 1
  78 0042 FEE7     		b	.L5
  79              	.L1:
  80              	.LBE3:
  55:..\..\..\..\..\simplelink\source/flowcont.c **** 
  56:..\..\..\..\..\simplelink\source/flowcont.c **** }
  81              		.loc 1 56 0 is_stmt 1
  82 0044 BD46     		mov	sp, r7
  83 0046 02B0     		add	sp, sp, #8
  84              		@ sp needed for prologue
  85 0048 80BD     		pop	{r7, pc}
  86              	.L7:
  87 004a C046     		.align	2
  88              	.L6:
  89 004c 00000000 		.word	g_pCB
  90              		.cfi_endproc
  91              	.LFE0:
  92              		.size	_SlDrvFlowContInit, .-_SlDrvFlowContInit
  93              		.section	.text._SlDrvFlowContDeinit,"ax",%progbits
  94              		.align	2
  95              		.global	_SlDrvFlowContDeinit
  96              		.code	16
  97              		.thumb_func
  98              		.type	_SlDrvFlowContDeinit, %function
  99              	_SlDrvFlowContDeinit:
 100              	.LFB1:
  57:..\..\..\..\..\simplelink\source/flowcont.c **** 
  58:..\..\..\..\..\simplelink\source/flowcont.c **** /*****************************************************************************/
  59:..\..\..\..\..\simplelink\source/flowcont.c **** /* _SlDrvFlowContDeinit */
  60:..\..\..\..\..\simplelink\source/flowcont.c **** /*****************************************************************************/
  61:..\..\..\..\..\simplelink\source/flowcont.c **** void _SlDrvFlowContDeinit(void)
  62:..\..\..\..\..\simplelink\source/flowcont.c **** {
 101              		.loc 1 62 0
 102              		.cfi_startproc
 103 0000 80B5     		push	{r7, lr}
 104              	.LCFI3:
 105              		.cfi_def_cfa_offset 8
 106              		.cfi_offset 7, -8
 107              		.cfi_offset 14, -4
 108 0002 82B0     		sub	sp, sp, #8
 109              	.LCFI4:
ARM GAS  C:\Users\X0217454\AppData\Local\Temp\cceSOYtC.s 			page 4


 110              		.cfi_def_cfa_offset 16
 111 0004 00AF     		add	r7, sp, #0
 112              	.LCFI5:
 113              		.cfi_def_cfa_register 7
  63:..\..\..\..\..\simplelink\source/flowcont.c ****     g_pCB->FlowContCB.TxPoolCnt = 0;
 114              		.loc 1 63 0
 115 0006 114B     		ldr	r3, .L13
 116 0008 1A68     		ldr	r2, [r3]
 117 000a 9323     		mov	r3, #147
 118 000c 0021     		mov	r1, #0
 119 000e D154     		strb	r1, [r2, r3]
 120              	.LBB4:
  64:..\..\..\..\..\simplelink\source/flowcont.c **** 
  65:..\..\..\..\..\simplelink\source/flowcont.c ****     OSI_RET_OK_CHECK(sl_LockObjDelete(&g_pCB->FlowContCB.TxLockObj));
 121              		.loc 1 65 0
 122 0010 0E4B     		ldr	r3, .L13
 123 0012 1B68     		ldr	r3, [r3]
 124 0014 9433     		add	r3, r3, #148
 125 0016 181C     		mov	r0, r3
 126 0018 0021     		mov	r1, #0
 127 001a FFF7FEFF 		bl	_SlNonOsSemSet
 128 001e 031C     		mov	r3, r0
 129 0020 7B60     		str	r3, [r7, #4]
 130 0022 7B68     		ldr	r3, [r7, #4]
 131 0024 002B     		cmp	r3, #0
 132 0026 00D0     		beq	.L9
 133              	.L10:
 134              		.loc 1 65 0 is_stmt 0 discriminator 1
 135 0028 FEE7     		b	.L10
 136              	.L9:
 137              	.LBE4:
 138              	.LBB5:
  66:..\..\..\..\..\simplelink\source/flowcont.c **** 
  67:..\..\..\..\..\simplelink\source/flowcont.c ****     OSI_RET_OK_CHECK(sl_SyncObjDelete(&g_pCB->FlowContCB.TxSyncObj));
 139              		.loc 1 67 0 is_stmt 1
 140 002a 084B     		ldr	r3, .L13
 141 002c 1B68     		ldr	r3, [r3]
 142 002e 9533     		add	r3, r3, #149
 143 0030 181C     		mov	r0, r3
 144 0032 0021     		mov	r1, #0
 145 0034 FFF7FEFF 		bl	_SlNonOsSemSet
 146 0038 031C     		mov	r3, r0
 147 003a 3B60     		str	r3, [r7]
 148 003c 3B68     		ldr	r3, [r7]
 149 003e 002B     		cmp	r3, #0
 150 0040 00D0     		beq	.L8
 151              	.L12:
 152              		.loc 1 67 0 is_stmt 0 discriminator 1
 153 0042 FEE7     		b	.L12
 154              	.L8:
 155              	.LBE5:
  68:..\..\..\..\..\simplelink\source/flowcont.c **** 
  69:..\..\..\..\..\simplelink\source/flowcont.c **** 
  70:..\..\..\..\..\simplelink\source/flowcont.c **** }
 156              		.loc 1 70 0 is_stmt 1
 157 0044 BD46     		mov	sp, r7
 158 0046 02B0     		add	sp, sp, #8
ARM GAS  C:\Users\X0217454\AppData\Local\Temp\cceSOYtC.s 			page 5


 159              		@ sp needed for prologue
 160 0048 80BD     		pop	{r7, pc}
 161              	.L14:
 162 004a C046     		.align	2
 163              	.L13:
 164 004c 00000000 		.word	g_pCB
 165              		.cfi_endproc
 166              	.LFE1:
 167              		.size	_SlDrvFlowContDeinit, .-_SlDrvFlowContDeinit
 168              		.text
 169              	.Letext0:
 170              		.file 2 "..\\..\\..\\..\\..\\simplelink\\source\\datatypes.h"
 171              		.file 3 "..\\..\\..\\..\\..\\simplelink\\include/simplelink.h"
 172              		.file 4 "..\\..\\..\\..\\..\\simplelink\\include/../source/nonos.h"
 173              		.file 5 "..\\..\\..\\..\\..\\simplelink\\include/device.h"
 174              		.file 6 "..\\..\\..\\..\\..\\simplelink\\source\\protocol.h"
 175              		.file 7 "..\\..\\..\\..\\..\\simplelink\\source\\driver.h"
 176              		.section	.debug_info,"",%progbits
 177              	.Ldebug_info0:
 178 0000 5D050000 		.4byte	0x55d
 179 0004 0200     		.2byte	0x2
 180 0006 00000000 		.4byte	.Ldebug_abbrev0
 181 000a 04       		.byte	0x4
 182 000b 01       		.uleb128 0x1
 183 000c 9A020000 		.4byte	.LASF82
 184 0010 01       		.byte	0x1
 185 0011 58030000 		.4byte	.LASF83
 186 0015 8C000000 		.4byte	.LASF84
 187 0019 00000000 		.4byte	.Ldebug_ranges0+0
 188 001d 00000000 		.4byte	0
 189 0021 00000000 		.4byte	0
 190 0025 00000000 		.4byte	.Ldebug_line0
 191 0029 02       		.uleb128 0x2
 192 002a 01       		.byte	0x1
 193 002b 06       		.byte	0x6
 194 002c 00030000 		.4byte	.LASF0
 195 0030 03       		.uleb128 0x3
 196 0031 2C010000 		.4byte	.LASF3
 197 0035 02       		.byte	0x2
 198 0036 45       		.byte	0x45
 199 0037 3B000000 		.4byte	0x3b
 200 003b 02       		.uleb128 0x2
 201 003c 01       		.byte	0x1
 202 003d 08       		.byte	0x8
 203 003e F2020000 		.4byte	.LASF1
 204 0042 02       		.uleb128 0x2
 205 0043 02       		.byte	0x2
 206 0044 05       		.byte	0x5
 207 0045 6F000000 		.4byte	.LASF2
 208 0049 03       		.uleb128 0x3
 209 004a B7030000 		.4byte	.LASF4
 210 004e 02       		.byte	0x2
 211 004f 4F       		.byte	0x4f
 212 0050 54000000 		.4byte	0x54
 213 0054 02       		.uleb128 0x2
 214 0055 02       		.byte	0x2
 215 0056 07       		.byte	0x7
ARM GAS  C:\Users\X0217454\AppData\Local\Temp\cceSOYtC.s 			page 6


 216 0057 A4030000 		.4byte	.LASF5
 217 005b 02       		.uleb128 0x2
 218 005c 04       		.byte	0x4
 219 005d 05       		.byte	0x5
 220 005e 3E020000 		.4byte	.LASF6
 221 0062 03       		.uleb128 0x3
 222 0063 25010000 		.4byte	.LASF7
 223 0067 02       		.byte	0x2
 224 0068 63       		.byte	0x63
 225 0069 6D000000 		.4byte	0x6d
 226 006d 02       		.uleb128 0x2
 227 006e 04       		.byte	0x4
 228 006f 07       		.byte	0x7
 229 0070 2D040000 		.4byte	.LASF8
 230 0074 02       		.uleb128 0x2
 231 0075 08       		.byte	0x8
 232 0076 07       		.byte	0x7
 233 0077 1C030000 		.4byte	.LASF9
 234 007b 04       		.uleb128 0x4
 235 007c 494E5400 		.ascii	"INT\000"
 236 0080 02       		.byte	0x2
 237 0081 6D       		.byte	0x6d
 238 0082 86000000 		.4byte	0x86
 239 0086 05       		.uleb128 0x5
 240 0087 04       		.byte	0x4
 241 0088 05       		.byte	0x5
 242 0089 696E7400 		.ascii	"int\000"
 243 008d 02       		.uleb128 0x2
 244 008e 01       		.byte	0x1
 245 008f 08       		.byte	0x8
 246 0090 BE030000 		.4byte	.LASF10
 247 0094 02       		.uleb128 0x2
 248 0095 04       		.byte	0x4
 249 0096 04       		.byte	0x4
 250 0097 D8010000 		.4byte	.LASF11
 251 009b 02       		.uleb128 0x2
 252 009c 08       		.byte	0x8
 253 009d 04       		.byte	0x4
 254 009e 49040000 		.4byte	.LASF12
 255 00a2 03       		.uleb128 0x3
 256 00a3 DD040000 		.4byte	.LASF13
 257 00a7 02       		.byte	0x2
 258 00a8 73       		.byte	0x73
 259 00a9 49000000 		.4byte	0x49
 260 00ad 03       		.uleb128 0x3
 261 00ae 89040000 		.4byte	.LASF14
 262 00b2 02       		.byte	0x2
 263 00b3 74       		.byte	0x74
 264 00b4 30000000 		.4byte	0x30
 265 00b8 03       		.uleb128 0x3
 266 00b9 07050000 		.4byte	.LASF15
 267 00bd 02       		.byte	0x2
 268 00be 76       		.byte	0x76
 269 00bf 7B000000 		.4byte	0x7b
 270 00c3 02       		.uleb128 0x2
 271 00c4 04       		.byte	0x4
 272 00c5 07       		.byte	0x7
ARM GAS  C:\Users\X0217454\AppData\Local\Temp\cceSOYtC.s 			page 7


 273 00c6 DE010000 		.4byte	.LASF16
 274 00ca 02       		.uleb128 0x2
 275 00cb 08       		.byte	0x8
 276 00cc 05       		.byte	0x5
 277 00cd F7010000 		.4byte	.LASF17
 278 00d1 02       		.uleb128 0x2
 279 00d2 04       		.byte	0x4
 280 00d3 07       		.byte	0x7
 281 00d4 83000000 		.4byte	.LASF18
 282 00d8 06       		.uleb128 0x6
 283 00d9 04       		.byte	0x4
 284 00da 07       		.uleb128 0x7
 285 00db 04       		.byte	0x4
 286 00dc E0000000 		.4byte	0xe0
 287 00e0 08       		.uleb128 0x8
 288 00e1 01       		.byte	0x1
 289 00e2 EC000000 		.4byte	0xec
 290 00e6 09       		.uleb128 0x9
 291 00e7 D8000000 		.4byte	0xd8
 292 00eb 00       		.byte	0
 293 00ec 0A       		.uleb128 0xa
 294 00ed 04040000 		.4byte	.LASF19
 295 00f1 03       		.byte	0x3
 296 00f2 2001     		.2byte	0x120
 297 00f4 DA000000 		.4byte	0xda
 298 00f8 03       		.uleb128 0x3
 299 00f9 59010000 		.4byte	.LASF20
 300 00fd 04       		.byte	0x4
 301 00fe 50       		.byte	0x50
 302 00ff 3B000000 		.4byte	0x3b
 303 0103 03       		.uleb128 0x3
 304 0104 79040000 		.4byte	.LASF21
 305 0108 05       		.byte	0x5
 306 0109 2E       		.byte	0x2e
 307 010a 0E010000 		.4byte	0x10e
 308 010e 07       		.uleb128 0x7
 309 010f 04       		.byte	0x4
 310 0110 14010000 		.4byte	0x114
 311 0114 08       		.uleb128 0x8
 312 0115 01       		.byte	0x1
 313 0116 20010000 		.4byte	0x120
 314 011a 09       		.uleb128 0x9
 315 011b 6D000000 		.4byte	0x6d
 316 011f 00       		.byte	0
 317 0120 0B       		.uleb128 0xb
 318 0121 04       		.byte	0x4
 319 0122 06       		.byte	0x6
 320 0123 4E       		.byte	0x4e
 321 0124 45010000 		.4byte	0x145
 322 0128 0C       		.uleb128 0xc
 323 0129 EB020000 		.4byte	.LASF22
 324 012d 06       		.byte	0x6
 325 012e 50       		.byte	0x50
 326 012f 49000000 		.4byte	0x49
 327 0133 02       		.byte	0x2
 328 0134 23       		.byte	0x23
 329 0135 00       		.uleb128 0
ARM GAS  C:\Users\X0217454\AppData\Local\Temp\cceSOYtC.s 			page 8


 330 0136 0D       		.uleb128 0xd
 331 0137 4C656E00 		.ascii	"Len\000"
 332 013b 06       		.byte	0x6
 333 013c 51       		.byte	0x51
 334 013d 49000000 		.4byte	0x49
 335 0141 02       		.byte	0x2
 336 0142 23       		.byte	0x23
 337 0143 02       		.uleb128 0x2
 338 0144 00       		.byte	0
 339 0145 03       		.uleb128 0x3
 340 0146 91030000 		.4byte	.LASF23
 341 014a 06       		.byte	0x6
 342 014b 52       		.byte	0x52
 343 014c 20010000 		.4byte	0x120
 344 0150 03       		.uleb128 0x3
 345 0151 BA010000 		.4byte	.LASF24
 346 0155 06       		.byte	0x6
 347 0156 5D       		.byte	0x5d
 348 0157 45010000 		.4byte	0x145
 349 015b 0B       		.uleb128 0xb
 350 015c 04       		.byte	0x4
 351 015d 07       		.byte	0x7
 352 015e 28       		.byte	0x28
 353 015f 8E010000 		.4byte	0x18e
 354 0163 0C       		.uleb128 0xc
 355 0164 EB020000 		.4byte	.LASF22
 356 0168 07       		.byte	0x7
 357 0169 2A       		.byte	0x2a
 358 016a A2000000 		.4byte	0xa2
 359 016e 02       		.byte	0x2
 360 016f 23       		.byte	0x23
 361 0170 00       		.uleb128 0
 362 0171 0C       		.uleb128 0xc
 363 0172 32010000 		.4byte	.LASF25
 364 0176 07       		.byte	0x7
 365 0177 2B       		.byte	0x2b
 366 0178 AD000000 		.4byte	0xad
 367 017c 02       		.byte	0x2
 368 017d 23       		.byte	0x23
 369 017e 02       		.uleb128 0x2
 370 017f 0C       		.uleb128 0xc
 371 0180 79000000 		.4byte	.LASF26
 372 0184 07       		.byte	0x7
 373 0185 2C       		.byte	0x2c
 374 0186 AD000000 		.4byte	0xad
 375 018a 02       		.byte	0x2
 376 018b 23       		.byte	0x23
 377 018c 03       		.uleb128 0x3
 378 018d 00       		.byte	0
 379 018e 03       		.uleb128 0x3
 380 018f 84030000 		.4byte	.LASF27
 381 0193 07       		.byte	0x7
 382 0194 2D       		.byte	0x2d
 383 0195 5B010000 		.4byte	0x15b
 384 0199 0B       		.uleb128 0xb
 385 019a 10       		.byte	0x10
 386 019b 07       		.byte	0x7
ARM GAS  C:\Users\X0217454\AppData\Local\Temp\cceSOYtC.s 			page 9


 387 019c 2F       		.byte	0x2f
 388 019d E8010000 		.4byte	0x1e8
 389 01a1 0C       		.uleb128 0xc
 390 01a2 CE030000 		.4byte	.LASF28
 391 01a6 07       		.byte	0x7
 392 01a7 31       		.byte	0x31
 393 01a8 49000000 		.4byte	0x49
 394 01ac 02       		.byte	0x2
 395 01ad 23       		.byte	0x23
 396 01ae 00       		.uleb128 0
 397 01af 0C       		.uleb128 0xc
 398 01b0 62000000 		.4byte	.LASF29
 399 01b4 07       		.byte	0x7
 400 01b5 32       		.byte	0x32
 401 01b6 49000000 		.4byte	0x49
 402 01ba 02       		.byte	0x2
 403 01bb 23       		.byte	0x23
 404 01bc 02       		.uleb128 0x2
 405 01bd 0C       		.uleb128 0xc
 406 01be 3C010000 		.4byte	.LASF30
 407 01c2 07       		.byte	0x7
 408 01c3 33       		.byte	0x33
 409 01c4 49000000 		.4byte	0x49
 410 01c8 02       		.byte	0x2
 411 01c9 23       		.byte	0x23
 412 01ca 04       		.uleb128 0x4
 413 01cb 0C       		.uleb128 0xc
 414 01cc 74020000 		.4byte	.LASF31
 415 01d0 07       		.byte	0x7
 416 01d1 34       		.byte	0x34
 417 01d2 E8010000 		.4byte	0x1e8
 418 01d6 02       		.byte	0x2
 419 01d7 23       		.byte	0x23
 420 01d8 08       		.uleb128 0x8
 421 01d9 0C       		.uleb128 0xc
 422 01da 0A000000 		.4byte	.LASF32
 423 01de 07       		.byte	0x7
 424 01df 35       		.byte	0x35
 425 01e0 E8010000 		.4byte	0x1e8
 426 01e4 02       		.byte	0x2
 427 01e5 23       		.byte	0x23
 428 01e6 0C       		.uleb128 0xc
 429 01e7 00       		.byte	0
 430 01e8 07       		.uleb128 0x7
 431 01e9 04       		.byte	0x4
 432 01ea 30000000 		.4byte	0x30
 433 01ee 03       		.uleb128 0x3
 434 01ef 24020000 		.4byte	.LASF33
 435 01f3 07       		.byte	0x7
 436 01f4 36       		.byte	0x36
 437 01f5 99010000 		.4byte	0x199
 438 01f9 0E       		.uleb128 0xe
 439 01fa 47000000 		.4byte	.LASF39
 440 01fe 0C       		.byte	0xc
 441 01ff 07       		.byte	0x7
 442 0200 40       		.byte	0x40
 443 0201 4C020000 		.4byte	0x24c
ARM GAS  C:\Users\X0217454\AppData\Local\Temp\cceSOYtC.s 			page 10


 444 0205 0C       		.uleb128 0xc
 445 0206 D5040000 		.4byte	.LASF34
 446 020a 07       		.byte	0x7
 447 020b 42       		.byte	0x42
 448 020c F8000000 		.4byte	0xf8
 449 0210 02       		.byte	0x2
 450 0211 23       		.byte	0x23
 451 0212 00       		.uleb128 0
 452 0213 0C       		.uleb128 0xc
 453 0214 4F010000 		.4byte	.LASF35
 454 0218 07       		.byte	0x7
 455 0219 43       		.byte	0x43
 456 021a E8010000 		.4byte	0x1e8
 457 021e 02       		.byte	0x2
 458 021f 23       		.byte	0x23
 459 0220 04       		.uleb128 0x4
 460 0221 0C       		.uleb128 0xc
 461 0222 33030000 		.4byte	.LASF36
 462 0226 07       		.byte	0x7
 463 0227 44       		.byte	0x44
 464 0228 30000000 		.4byte	0x30
 465 022c 02       		.byte	0x2
 466 022d 23       		.byte	0x23
 467 022e 08       		.uleb128 0x8
 468 022f 0C       		.uleb128 0xc
 469 0230 6A010000 		.4byte	.LASF37
 470 0234 07       		.byte	0x7
 471 0235 45       		.byte	0x45
 472 0236 30000000 		.4byte	0x30
 473 023a 02       		.byte	0x2
 474 023b 23       		.byte	0x23
 475 023c 09       		.uleb128 0x9
 476 023d 0C       		.uleb128 0xc
 477 023e FD040000 		.4byte	.LASF38
 478 0242 07       		.byte	0x7
 479 0243 46       		.byte	0x46
 480 0244 30000000 		.4byte	0x30
 481 0248 02       		.byte	0x2
 482 0249 23       		.byte	0x23
 483 024a 0A       		.uleb128 0xa
 484 024b 00       		.byte	0
 485 024c 03       		.uleb128 0x3
 486 024d 47000000 		.4byte	.LASF39
 487 0251 07       		.byte	0x7
 488 0252 48       		.byte	0x48
 489 0253 F9010000 		.4byte	0x1f9
 490 0257 0B       		.uleb128 0xb
 491 0258 03       		.byte	0x3
 492 0259 07       		.byte	0x7
 493 025a 69       		.byte	0x69
 494 025b 8A020000 		.4byte	0x28a
 495 025f 0C       		.uleb128 0xc
 496 0260 00000000 		.4byte	.LASF40
 497 0264 07       		.byte	0x7
 498 0265 6B       		.byte	0x6b
 499 0266 30000000 		.4byte	0x30
 500 026a 02       		.byte	0x2
ARM GAS  C:\Users\X0217454\AppData\Local\Temp\cceSOYtC.s 			page 11


 501 026b 23       		.byte	0x23
 502 026c 00       		.uleb128 0
 503 026d 0C       		.uleb128 0xc
 504 026e 1B010000 		.4byte	.LASF41
 505 0272 07       		.byte	0x7
 506 0273 6C       		.byte	0x6c
 507 0274 F8000000 		.4byte	0xf8
 508 0278 02       		.byte	0x2
 509 0279 23       		.byte	0x23
 510 027a 01       		.uleb128 0x1
 511 027b 0C       		.uleb128 0xc
 512 027c 60040000 		.4byte	.LASF42
 513 0280 07       		.byte	0x7
 514 0281 6D       		.byte	0x6d
 515 0282 F8000000 		.4byte	0xf8
 516 0286 02       		.byte	0x2
 517 0287 23       		.byte	0x23
 518 0288 02       		.uleb128 0x2
 519 0289 00       		.byte	0
 520 028a 03       		.uleb128 0x3
 521 028b 50040000 		.4byte	.LASF43
 522 028f 07       		.byte	0x7
 523 0290 6E       		.byte	0x6e
 524 0291 57020000 		.4byte	0x257
 525 0295 0F       		.uleb128 0xf
 526 0296 01       		.byte	0x1
 527 0297 07       		.byte	0x7
 528 0298 71       		.byte	0x71
 529 0299 B6020000 		.4byte	0x2b6
 530 029d 10       		.uleb128 0x10
 531 029e F4030000 		.4byte	.LASF44
 532 02a2 00       		.sleb128 0
 533 02a3 10       		.uleb128 0x10
 534 02a4 65020000 		.4byte	.LASF45
 535 02a8 01       		.sleb128 1
 536 02a9 10       		.uleb128 0x10
 537 02aa 47020000 		.4byte	.LASF46
 538 02ae 02       		.sleb128 2
 539 02af 10       		.uleb128 0x10
 540 02b0 96040000 		.4byte	.LASF47
 541 02b4 03       		.sleb128 3
 542 02b5 00       		.byte	0
 543 02b6 03       		.uleb128 0x3
 544 02b7 AA010000 		.4byte	.LASF48
 545 02bb 07       		.byte	0x7
 546 02bc 76       		.byte	0x76
 547 02bd 95020000 		.4byte	0x295
 548 02c1 0B       		.uleb128 0xb
 549 02c2 10       		.byte	0x10
 550 02c3 07       		.byte	0x7
 551 02c4 78       		.byte	0x78
 552 02c5 02030000 		.4byte	0x302
 553 02c9 0C       		.uleb128 0xc
 554 02ca 82010000 		.4byte	.LASF49
 555 02ce 07       		.byte	0x7
 556 02cf 7A       		.byte	0x7a
 557 02d0 E8010000 		.4byte	0x1e8
ARM GAS  C:\Users\X0217454\AppData\Local\Temp\cceSOYtC.s 			page 12


 558 02d4 02       		.byte	0x2
 559 02d5 23       		.byte	0x23
 560 02d6 00       		.uleb128 0
 561 02d7 0C       		.uleb128 0xc
 562 02d8 EB010000 		.4byte	.LASF50
 563 02dc 07       		.byte	0x7
 564 02dd 7B       		.byte	0x7b
 565 02de 30000000 		.4byte	0x30
 566 02e2 02       		.byte	0x2
 567 02e3 23       		.byte	0x23
 568 02e4 04       		.uleb128 0x4
 569 02e5 0C       		.uleb128 0xc
 570 02e6 E4030000 		.4byte	.LASF51
 571 02ea 07       		.byte	0x7
 572 02eb 7C       		.byte	0x7c
 573 02ec EC000000 		.4byte	0xec
 574 02f0 02       		.byte	0x2
 575 02f1 23       		.byte	0x23
 576 02f2 08       		.uleb128 0x8
 577 02f3 0C       		.uleb128 0xc
 578 02f4 20000000 		.4byte	.LASF52
 579 02f8 07       		.byte	0x7
 580 02f9 7D       		.byte	0x7d
 581 02fa B6020000 		.4byte	0x2b6
 582 02fe 02       		.byte	0x2
 583 02ff 23       		.byte	0x23
 584 0300 0C       		.uleb128 0xc
 585 0301 00       		.byte	0
 586 0302 03       		.uleb128 0x3
 587 0303 15000000 		.4byte	.LASF53
 588 0307 07       		.byte	0x7
 589 0308 7E       		.byte	0x7e
 590 0309 C1020000 		.4byte	0x2c1
 591 030d 0B       		.uleb128 0xb
 592 030e 1C       		.byte	0x1c
 593 030f 07       		.byte	0x7
 594 0310 82       		.byte	0x82
 595 0311 4E030000 		.4byte	0x34e
 596 0315 0C       		.uleb128 0xc
 597 0316 DB030000 		.4byte	.LASF54
 598 031a 07       		.byte	0x7
 599 031b 84       		.byte	0x84
 600 031c 4E030000 		.4byte	0x34e
 601 0320 02       		.byte	0x2
 602 0321 23       		.byte	0x23
 603 0322 00       		.uleb128 0
 604 0323 0C       		.uleb128 0xc
 605 0324 30020000 		.4byte	.LASF55
 606 0328 07       		.byte	0x7
 607 0329 85       		.byte	0x85
 608 032a E8010000 		.4byte	0x1e8
 609 032e 02       		.byte	0x2
 610 032f 23       		.byte	0x23
 611 0330 04       		.uleb128 0x4
 612 0331 0C       		.uleb128 0xc
 613 0332 E3020000 		.4byte	.LASF56
 614 0336 07       		.byte	0x7
ARM GAS  C:\Users\X0217454\AppData\Local\Temp\cceSOYtC.s 			page 13


 615 0337 86       		.byte	0x86
 616 0338 54030000 		.4byte	0x354
 617 033c 02       		.byte	0x2
 618 033d 23       		.byte	0x23
 619 033e 08       		.uleb128 0x8
 620 033f 0C       		.uleb128 0xc
 621 0340 79010000 		.4byte	.LASF57
 622 0344 07       		.byte	0x7
 623 0345 87       		.byte	0x87
 624 0346 02030000 		.4byte	0x302
 625 034a 02       		.byte	0x2
 626 034b 23       		.byte	0x23
 627 034c 0C       		.uleb128 0xc
 628 034d 00       		.byte	0
 629 034e 07       		.uleb128 0x7
 630 034f 04       		.byte	0x4
 631 0350 8E010000 		.4byte	0x18e
 632 0354 07       		.uleb128 0x7
 633 0355 04       		.byte	0x4
 634 0356 EE010000 		.4byte	0x1ee
 635 035a 03       		.uleb128 0x3
 636 035b E9040000 		.4byte	.LASF58
 637 035f 07       		.byte	0x7
 638 0360 88       		.byte	0x88
 639 0361 0D030000 		.4byte	0x30d
 640 0365 0B       		.uleb128 0xb
 641 0366 B8       		.byte	0xb8
 642 0367 07       		.byte	0x7
 643 0368 8B       		.byte	0x8b
 644 0369 94040000 		.4byte	0x494
 645 036d 0D       		.uleb128 0xd
 646 036e 464400   		.ascii	"FD\000"
 647 0371 07       		.byte	0x7
 648 0372 8D       		.byte	0x8d
 649 0373 86000000 		.4byte	0x86
 650 0377 02       		.byte	0x2
 651 0378 23       		.byte	0x23
 652 0379 00       		.uleb128 0
 653 037a 0C       		.uleb128 0xc
 654 037b 57020000 		.4byte	.LASF59
 655 037f 07       		.byte	0x7
 656 0380 8E       		.byte	0x8e
 657 0381 F8000000 		.4byte	0xf8
 658 0385 02       		.byte	0x2
 659 0386 23       		.byte	0x23
 660 0387 04       		.uleb128 0x4
 661 0388 0C       		.uleb128 0xc
 662 0389 34000000 		.4byte	.LASF60
 663 038d 07       		.byte	0x7
 664 038e 8F       		.byte	0x8f
 665 038f 50010000 		.4byte	0x150
 666 0393 02       		.byte	0x2
 667 0394 23       		.byte	0x23
 668 0395 06       		.uleb128 0x6
 669 0396 0C       		.uleb128 0xc
 670 0397 3C030000 		.4byte	.LASF61
 671 039b 07       		.byte	0x7
ARM GAS  C:\Users\X0217454\AppData\Local\Temp\cceSOYtC.s 			page 14


 672 039c 90       		.byte	0x90
 673 039d 03010000 		.4byte	0x103
 674 03a1 02       		.byte	0x2
 675 03a2 23       		.byte	0x23
 676 03a3 0C       		.uleb128 0xc
 677 03a4 0C       		.uleb128 0xc
 678 03a5 05020000 		.4byte	.LASF62
 679 03a9 07       		.byte	0x7
 680 03aa 92       		.byte	0x92
 681 03ab 94040000 		.4byte	0x494
 682 03af 02       		.byte	0x2
 683 03b0 23       		.byte	0x23
 684 03b1 10       		.uleb128 0x10
 685 03b2 0C       		.uleb128 0xc
 686 03b3 9E010000 		.4byte	.LASF63
 687 03b7 07       		.byte	0x7
 688 03b8 93       		.byte	0x93
 689 03b9 30000000 		.4byte	0x30
 690 03bd 03       		.byte	0x3
 691 03be 23       		.byte	0x23
 692 03bf 8801     		.uleb128 0x88
 693 03c1 0C       		.uleb128 0xc
 694 03c2 6A040000 		.4byte	.LASF64
 695 03c6 07       		.byte	0x7
 696 03c7 94       		.byte	0x94
 697 03c8 30000000 		.4byte	0x30
 698 03cc 03       		.byte	0x3
 699 03cd 23       		.byte	0x23
 700 03ce 8901     		.uleb128 0x89
 701 03d0 0C       		.uleb128 0xc
 702 03d1 54000000 		.4byte	.LASF65
 703 03d5 07       		.byte	0x7
 704 03d6 95       		.byte	0x95
 705 03d7 30000000 		.4byte	0x30
 706 03db 03       		.byte	0x3
 707 03dc 23       		.byte	0x23
 708 03dd 8A01     		.uleb128 0x8a
 709 03df 0C       		.uleb128 0xc
 710 03e0 A6040000 		.4byte	.LASF66
 711 03e4 07       		.byte	0x7
 712 03e5 96       		.byte	0x96
 713 03e6 62000000 		.4byte	0x62
 714 03ea 03       		.byte	0x3
 715 03eb 23       		.byte	0x23
 716 03ec 8C01     		.uleb128 0x8c
 717 03ee 0C       		.uleb128 0xc
 718 03ef 8C010000 		.4byte	.LASF67
 719 03f3 07       		.byte	0x7
 720 03f4 97       		.byte	0x97
 721 03f5 F8000000 		.4byte	0xf8
 722 03f9 03       		.byte	0x3
 723 03fa 23       		.byte	0x23
 724 03fb 9001     		.uleb128 0x90
 725 03fd 0C       		.uleb128 0xc
 726 03fe CD010000 		.4byte	.LASF68
 727 0402 07       		.byte	0x7
 728 0403 99       		.byte	0x99
ARM GAS  C:\Users\X0217454\AppData\Local\Temp\cceSOYtC.s 			page 15


 729 0404 F8000000 		.4byte	0xf8
 730 0408 03       		.byte	0x3
 731 0409 23       		.byte	0x23
 732 040a 9101     		.uleb128 0x91
 733 040c 0C       		.uleb128 0xc
 734 040d 0C030000 		.4byte	.LASF69
 735 0411 07       		.byte	0x7
 736 0412 9A       		.byte	0x9a
 737 0413 30000000 		.4byte	0x30
 738 0417 03       		.byte	0x3
 739 0418 23       		.byte	0x23
 740 0419 9201     		.uleb128 0x92
 741 041b 0C       		.uleb128 0xc
 742 041c C3030000 		.4byte	.LASF70
 743 0420 07       		.byte	0x7
 744 0421 9C       		.byte	0x9c
 745 0422 8A020000 		.4byte	0x28a
 746 0426 03       		.byte	0x3
 747 0427 23       		.byte	0x23
 748 0428 9301     		.uleb128 0x93
 749 042a 0C       		.uleb128 0xc
 750 042b 7F020000 		.4byte	.LASF71
 751 042f 07       		.byte	0x7
 752 0430 9E       		.byte	0x9e
 753 0431 30000000 		.4byte	0x30
 754 0435 03       		.byte	0x3
 755 0436 23       		.byte	0x23
 756 0437 9601     		.uleb128 0x96
 757 0439 0C       		.uleb128 0xc
 758 043a 2B000000 		.4byte	.LASF72
 759 043e 07       		.byte	0x7
 760 043f 9F       		.byte	0x9f
 761 0440 30000000 		.4byte	0x30
 762 0444 03       		.byte	0x3
 763 0445 23       		.byte	0x23
 764 0446 9701     		.uleb128 0x97
 765 0448 0C       		.uleb128 0xc
 766 0449 3F040000 		.4byte	.LASF73
 767 044d 07       		.byte	0x7
 768 044e A0       		.byte	0xa0
 769 044f 30000000 		.4byte	0x30
 770 0453 03       		.byte	0x3
 771 0454 23       		.byte	0x23
 772 0455 9801     		.uleb128 0x98
 773 0457 0C       		.uleb128 0xc
 774 0458 88020000 		.4byte	.LASF74
 775 045c 07       		.byte	0x7
 776 045d A1       		.byte	0xa1
 777 045e 30000000 		.4byte	0x30
 778 0462 03       		.byte	0x3
 779 0463 23       		.byte	0x23
 780 0464 9901     		.uleb128 0x99
 781 0466 0C       		.uleb128 0xc
 782 0467 25050000 		.4byte	.LASF75
 783 046b 07       		.byte	0x7
 784 046c A2       		.byte	0xa2
 785 046d 30000000 		.4byte	0x30
ARM GAS  C:\Users\X0217454\AppData\Local\Temp\cceSOYtC.s 			page 16


 786 0471 03       		.byte	0x3
 787 0472 23       		.byte	0x23
 788 0473 9A01     		.uleb128 0x9a
 789 0475 0C       		.uleb128 0xc
 790 0476 0D020000 		.4byte	.LASF76
 791 047a 07       		.byte	0x7
 792 047b A3       		.byte	0xa3
 793 047c 30000000 		.4byte	0x30
 794 0480 03       		.byte	0x3
 795 0481 23       		.byte	0x23
 796 0482 9B01     		.uleb128 0x9b
 797 0484 0C       		.uleb128 0xc
 798 0485 16050000 		.4byte	.LASF77
 799 0489 07       		.byte	0x7
 800 048a A5       		.byte	0xa5
 801 048b 5A030000 		.4byte	0x35a
 802 048f 03       		.byte	0x3
 803 0490 23       		.byte	0x23
 804 0491 9C01     		.uleb128 0x9c
 805 0493 00       		.byte	0
 806 0494 11       		.uleb128 0x11
 807 0495 4C020000 		.4byte	0x24c
 808 0499 A4040000 		.4byte	0x4a4
 809 049d 12       		.uleb128 0x12
 810 049e D1000000 		.4byte	0xd1
 811 04a2 09       		.byte	0x9
 812 04a3 00       		.byte	0
 813 04a4 03       		.uleb128 0x3
 814 04a5 4A030000 		.4byte	.LASF78
 815 04a9 07       		.byte	0x7
 816 04aa A7       		.byte	0xa7
 817 04ab 65030000 		.4byte	0x365
 818 04af 13       		.uleb128 0x13
 819 04b0 01       		.byte	0x1
 820 04b1 BA040000 		.4byte	.LASF80
 821 04b5 01       		.byte	0x1
 822 04b6 30       		.byte	0x30
 823 04b7 01       		.byte	0x1
 824 04b8 00000000 		.4byte	.LFB0
 825 04bc 50000000 		.4byte	.LFE0
 826 04c0 00000000 		.4byte	.LLST0
 827 04c4 01       		.byte	0x1
 828 04c5 FE040000 		.4byte	0x4fe
 829 04c9 14       		.uleb128 0x14
 830 04ca 10000000 		.4byte	.LBB2
 831 04ce 2A000000 		.4byte	.LBE2
 832 04d2 E5040000 		.4byte	0x4e5
 833 04d6 15       		.uleb128 0x15
 834 04d7 CD040000 		.4byte	.LASF79
 835 04db 01       		.byte	0x1
 836 04dc 34       		.byte	0x34
 837 04dd B8000000 		.4byte	0xb8
 838 04e1 02       		.byte	0x2
 839 04e2 91       		.byte	0x91
 840 04e3 74       		.sleb128 -12
 841 04e4 00       		.byte	0
 842 04e5 16       		.uleb128 0x16
ARM GAS  C:\Users\X0217454\AppData\Local\Temp\cceSOYtC.s 			page 17


 843 04e6 2A000000 		.4byte	.LBB3
 844 04ea 44000000 		.4byte	.LBE3
 845 04ee 15       		.uleb128 0x15
 846 04ef CD040000 		.4byte	.LASF79
 847 04f3 01       		.byte	0x1
 848 04f4 36       		.byte	0x36
 849 04f5 B8000000 		.4byte	0xb8
 850 04f9 02       		.byte	0x2
 851 04fa 91       		.byte	0x91
 852 04fb 70       		.sleb128 -16
 853 04fc 00       		.byte	0
 854 04fd 00       		.byte	0
 855 04fe 13       		.uleb128 0x13
 856 04ff 01       		.byte	0x1
 857 0500 18040000 		.4byte	.LASF81
 858 0504 01       		.byte	0x1
 859 0505 3D       		.byte	0x3d
 860 0506 01       		.byte	0x1
 861 0507 00000000 		.4byte	.LFB1
 862 050b 50000000 		.4byte	.LFE1
 863 050f 38000000 		.4byte	.LLST1
 864 0513 01       		.byte	0x1
 865 0514 4D050000 		.4byte	0x54d
 866 0518 14       		.uleb128 0x14
 867 0519 10000000 		.4byte	.LBB4
 868 051d 2A000000 		.4byte	.LBE4
 869 0521 34050000 		.4byte	0x534
 870 0525 15       		.uleb128 0x15
 871 0526 CD040000 		.4byte	.LASF79
 872 052a 01       		.byte	0x1
 873 052b 41       		.byte	0x41
 874 052c B8000000 		.4byte	0xb8
 875 0530 02       		.byte	0x2
 876 0531 91       		.byte	0x91
 877 0532 74       		.sleb128 -12
 878 0533 00       		.byte	0
 879 0534 16       		.uleb128 0x16
 880 0535 2A000000 		.4byte	.LBB5
 881 0539 44000000 		.4byte	.LBE5
 882 053d 15       		.uleb128 0x15
 883 053e CD040000 		.4byte	.LASF79
 884 0542 01       		.byte	0x1
 885 0543 43       		.byte	0x43
 886 0544 B8000000 		.4byte	0xb8
 887 0548 02       		.byte	0x2
 888 0549 91       		.byte	0x91
 889 054a 70       		.sleb128 -16
 890 054b 00       		.byte	0
 891 054c 00       		.byte	0
 892 054d 17       		.uleb128 0x17
 893 054e 35050000 		.4byte	.LASF85
 894 0552 07       		.byte	0x7
 895 0553 A9       		.byte	0xa9
 896 0554 5A050000 		.4byte	0x55a
 897 0558 01       		.byte	0x1
 898 0559 01       		.byte	0x1
 899 055a 07       		.uleb128 0x7
ARM GAS  C:\Users\X0217454\AppData\Local\Temp\cceSOYtC.s 			page 18


 900 055b 04       		.byte	0x4
 901 055c A4040000 		.4byte	0x4a4
 902 0560 00       		.byte	0
 903              		.section	.debug_abbrev,"",%progbits
 904              	.Ldebug_abbrev0:
 905 0000 01       		.uleb128 0x1
 906 0001 11       		.uleb128 0x11
 907 0002 01       		.byte	0x1
 908 0003 25       		.uleb128 0x25
 909 0004 0E       		.uleb128 0xe
 910 0005 13       		.uleb128 0x13
 911 0006 0B       		.uleb128 0xb
 912 0007 03       		.uleb128 0x3
 913 0008 0E       		.uleb128 0xe
 914 0009 1B       		.uleb128 0x1b
 915 000a 0E       		.uleb128 0xe
 916 000b 55       		.uleb128 0x55
 917 000c 06       		.uleb128 0x6
 918 000d 11       		.uleb128 0x11
 919 000e 01       		.uleb128 0x1
 920 000f 52       		.uleb128 0x52
 921 0010 01       		.uleb128 0x1
 922 0011 10       		.uleb128 0x10
 923 0012 06       		.uleb128 0x6
 924 0013 00       		.byte	0
 925 0014 00       		.byte	0
 926 0015 02       		.uleb128 0x2
 927 0016 24       		.uleb128 0x24
 928 0017 00       		.byte	0
 929 0018 0B       		.uleb128 0xb
 930 0019 0B       		.uleb128 0xb
 931 001a 3E       		.uleb128 0x3e
 932 001b 0B       		.uleb128 0xb
 933 001c 03       		.uleb128 0x3
 934 001d 0E       		.uleb128 0xe
 935 001e 00       		.byte	0
 936 001f 00       		.byte	0
 937 0020 03       		.uleb128 0x3
 938 0021 16       		.uleb128 0x16
 939 0022 00       		.byte	0
 940 0023 03       		.uleb128 0x3
 941 0024 0E       		.uleb128 0xe
 942 0025 3A       		.uleb128 0x3a
 943 0026 0B       		.uleb128 0xb
 944 0027 3B       		.uleb128 0x3b
 945 0028 0B       		.uleb128 0xb
 946 0029 49       		.uleb128 0x49
 947 002a 13       		.uleb128 0x13
 948 002b 00       		.byte	0
 949 002c 00       		.byte	0
 950 002d 04       		.uleb128 0x4
 951 002e 16       		.uleb128 0x16
 952 002f 00       		.byte	0
 953 0030 03       		.uleb128 0x3
 954 0031 08       		.uleb128 0x8
 955 0032 3A       		.uleb128 0x3a
 956 0033 0B       		.uleb128 0xb
ARM GAS  C:\Users\X0217454\AppData\Local\Temp\cceSOYtC.s 			page 19


 957 0034 3B       		.uleb128 0x3b
 958 0035 0B       		.uleb128 0xb
 959 0036 49       		.uleb128 0x49
 960 0037 13       		.uleb128 0x13
 961 0038 00       		.byte	0
 962 0039 00       		.byte	0
 963 003a 05       		.uleb128 0x5
 964 003b 24       		.uleb128 0x24
 965 003c 00       		.byte	0
 966 003d 0B       		.uleb128 0xb
 967 003e 0B       		.uleb128 0xb
 968 003f 3E       		.uleb128 0x3e
 969 0040 0B       		.uleb128 0xb
 970 0041 03       		.uleb128 0x3
 971 0042 08       		.uleb128 0x8
 972 0043 00       		.byte	0
 973 0044 00       		.byte	0
 974 0045 06       		.uleb128 0x6
 975 0046 0F       		.uleb128 0xf
 976 0047 00       		.byte	0
 977 0048 0B       		.uleb128 0xb
 978 0049 0B       		.uleb128 0xb
 979 004a 00       		.byte	0
 980 004b 00       		.byte	0
 981 004c 07       		.uleb128 0x7
 982 004d 0F       		.uleb128 0xf
 983 004e 00       		.byte	0
 984 004f 0B       		.uleb128 0xb
 985 0050 0B       		.uleb128 0xb
 986 0051 49       		.uleb128 0x49
 987 0052 13       		.uleb128 0x13
 988 0053 00       		.byte	0
 989 0054 00       		.byte	0
 990 0055 08       		.uleb128 0x8
 991 0056 15       		.uleb128 0x15
 992 0057 01       		.byte	0x1
 993 0058 27       		.uleb128 0x27
 994 0059 0C       		.uleb128 0xc
 995 005a 01       		.uleb128 0x1
 996 005b 13       		.uleb128 0x13
 997 005c 00       		.byte	0
 998 005d 00       		.byte	0
 999 005e 09       		.uleb128 0x9
 1000 005f 05       		.uleb128 0x5
 1001 0060 00       		.byte	0
 1002 0061 49       		.uleb128 0x49
 1003 0062 13       		.uleb128 0x13
 1004 0063 00       		.byte	0
 1005 0064 00       		.byte	0
 1006 0065 0A       		.uleb128 0xa
 1007 0066 16       		.uleb128 0x16
 1008 0067 00       		.byte	0
 1009 0068 03       		.uleb128 0x3
 1010 0069 0E       		.uleb128 0xe
 1011 006a 3A       		.uleb128 0x3a
 1012 006b 0B       		.uleb128 0xb
 1013 006c 3B       		.uleb128 0x3b
ARM GAS  C:\Users\X0217454\AppData\Local\Temp\cceSOYtC.s 			page 20


 1014 006d 05       		.uleb128 0x5
 1015 006e 49       		.uleb128 0x49
 1016 006f 13       		.uleb128 0x13
 1017 0070 00       		.byte	0
 1018 0071 00       		.byte	0
 1019 0072 0B       		.uleb128 0xb
 1020 0073 13       		.uleb128 0x13
 1021 0074 01       		.byte	0x1
 1022 0075 0B       		.uleb128 0xb
 1023 0076 0B       		.uleb128 0xb
 1024 0077 3A       		.uleb128 0x3a
 1025 0078 0B       		.uleb128 0xb
 1026 0079 3B       		.uleb128 0x3b
 1027 007a 0B       		.uleb128 0xb
 1028 007b 01       		.uleb128 0x1
 1029 007c 13       		.uleb128 0x13
 1030 007d 00       		.byte	0
 1031 007e 00       		.byte	0
 1032 007f 0C       		.uleb128 0xc
 1033 0080 0D       		.uleb128 0xd
 1034 0081 00       		.byte	0
 1035 0082 03       		.uleb128 0x3
 1036 0083 0E       		.uleb128 0xe
 1037 0084 3A       		.uleb128 0x3a
 1038 0085 0B       		.uleb128 0xb
 1039 0086 3B       		.uleb128 0x3b
 1040 0087 0B       		.uleb128 0xb
 1041 0088 49       		.uleb128 0x49
 1042 0089 13       		.uleb128 0x13
 1043 008a 38       		.uleb128 0x38
 1044 008b 0A       		.uleb128 0xa
 1045 008c 00       		.byte	0
 1046 008d 00       		.byte	0
 1047 008e 0D       		.uleb128 0xd
 1048 008f 0D       		.uleb128 0xd
 1049 0090 00       		.byte	0
 1050 0091 03       		.uleb128 0x3
 1051 0092 08       		.uleb128 0x8
 1052 0093 3A       		.uleb128 0x3a
 1053 0094 0B       		.uleb128 0xb
 1054 0095 3B       		.uleb128 0x3b
 1055 0096 0B       		.uleb128 0xb
 1056 0097 49       		.uleb128 0x49
 1057 0098 13       		.uleb128 0x13
 1058 0099 38       		.uleb128 0x38
 1059 009a 0A       		.uleb128 0xa
 1060 009b 00       		.byte	0
 1061 009c 00       		.byte	0
 1062 009d 0E       		.uleb128 0xe
 1063 009e 13       		.uleb128 0x13
 1064 009f 01       		.byte	0x1
 1065 00a0 03       		.uleb128 0x3
 1066 00a1 0E       		.uleb128 0xe
 1067 00a2 0B       		.uleb128 0xb
 1068 00a3 0B       		.uleb128 0xb
 1069 00a4 3A       		.uleb128 0x3a
 1070 00a5 0B       		.uleb128 0xb
ARM GAS  C:\Users\X0217454\AppData\Local\Temp\cceSOYtC.s 			page 21


 1071 00a6 3B       		.uleb128 0x3b
 1072 00a7 0B       		.uleb128 0xb
 1073 00a8 01       		.uleb128 0x1
 1074 00a9 13       		.uleb128 0x13
 1075 00aa 00       		.byte	0
 1076 00ab 00       		.byte	0
 1077 00ac 0F       		.uleb128 0xf
 1078 00ad 04       		.uleb128 0x4
 1079 00ae 01       		.byte	0x1
 1080 00af 0B       		.uleb128 0xb
 1081 00b0 0B       		.uleb128 0xb
 1082 00b1 3A       		.uleb128 0x3a
 1083 00b2 0B       		.uleb128 0xb
 1084 00b3 3B       		.uleb128 0x3b
 1085 00b4 0B       		.uleb128 0xb
 1086 00b5 01       		.uleb128 0x1
 1087 00b6 13       		.uleb128 0x13
 1088 00b7 00       		.byte	0
 1089 00b8 00       		.byte	0
 1090 00b9 10       		.uleb128 0x10
 1091 00ba 28       		.uleb128 0x28
 1092 00bb 00       		.byte	0
 1093 00bc 03       		.uleb128 0x3
 1094 00bd 0E       		.uleb128 0xe
 1095 00be 1C       		.uleb128 0x1c
 1096 00bf 0D       		.uleb128 0xd
 1097 00c0 00       		.byte	0
 1098 00c1 00       		.byte	0
 1099 00c2 11       		.uleb128 0x11
 1100 00c3 01       		.uleb128 0x1
 1101 00c4 01       		.byte	0x1
 1102 00c5 49       		.uleb128 0x49
 1103 00c6 13       		.uleb128 0x13
 1104 00c7 01       		.uleb128 0x1
 1105 00c8 13       		.uleb128 0x13
 1106 00c9 00       		.byte	0
 1107 00ca 00       		.byte	0
 1108 00cb 12       		.uleb128 0x12
 1109 00cc 21       		.uleb128 0x21
 1110 00cd 00       		.byte	0
 1111 00ce 49       		.uleb128 0x49
 1112 00cf 13       		.uleb128 0x13
 1113 00d0 2F       		.uleb128 0x2f
 1114 00d1 0B       		.uleb128 0xb
 1115 00d2 00       		.byte	0
 1116 00d3 00       		.byte	0
 1117 00d4 13       		.uleb128 0x13
 1118 00d5 2E       		.uleb128 0x2e
 1119 00d6 01       		.byte	0x1
 1120 00d7 3F       		.uleb128 0x3f
 1121 00d8 0C       		.uleb128 0xc
 1122 00d9 03       		.uleb128 0x3
 1123 00da 0E       		.uleb128 0xe
 1124 00db 3A       		.uleb128 0x3a
 1125 00dc 0B       		.uleb128 0xb
 1126 00dd 3B       		.uleb128 0x3b
 1127 00de 0B       		.uleb128 0xb
ARM GAS  C:\Users\X0217454\AppData\Local\Temp\cceSOYtC.s 			page 22


 1128 00df 27       		.uleb128 0x27
 1129 00e0 0C       		.uleb128 0xc
 1130 00e1 11       		.uleb128 0x11
 1131 00e2 01       		.uleb128 0x1
 1132 00e3 12       		.uleb128 0x12
 1133 00e4 01       		.uleb128 0x1
 1134 00e5 40       		.uleb128 0x40
 1135 00e6 06       		.uleb128 0x6
 1136 00e7 9642     		.uleb128 0x2116
 1137 00e9 0C       		.uleb128 0xc
 1138 00ea 01       		.uleb128 0x1
 1139 00eb 13       		.uleb128 0x13
 1140 00ec 00       		.byte	0
 1141 00ed 00       		.byte	0
 1142 00ee 14       		.uleb128 0x14
 1143 00ef 0B       		.uleb128 0xb
 1144 00f0 01       		.byte	0x1
 1145 00f1 11       		.uleb128 0x11
 1146 00f2 01       		.uleb128 0x1
 1147 00f3 12       		.uleb128 0x12
 1148 00f4 01       		.uleb128 0x1
 1149 00f5 01       		.uleb128 0x1
 1150 00f6 13       		.uleb128 0x13
 1151 00f7 00       		.byte	0
 1152 00f8 00       		.byte	0
 1153 00f9 15       		.uleb128 0x15
 1154 00fa 34       		.uleb128 0x34
 1155 00fb 00       		.byte	0
 1156 00fc 03       		.uleb128 0x3
 1157 00fd 0E       		.uleb128 0xe
 1158 00fe 3A       		.uleb128 0x3a
 1159 00ff 0B       		.uleb128 0xb
 1160 0100 3B       		.uleb128 0x3b
 1161 0101 0B       		.uleb128 0xb
 1162 0102 49       		.uleb128 0x49
 1163 0103 13       		.uleb128 0x13
 1164 0104 02       		.uleb128 0x2
 1165 0105 0A       		.uleb128 0xa
 1166 0106 00       		.byte	0
 1167 0107 00       		.byte	0
 1168 0108 16       		.uleb128 0x16
 1169 0109 0B       		.uleb128 0xb
 1170 010a 01       		.byte	0x1
 1171 010b 11       		.uleb128 0x11
 1172 010c 01       		.uleb128 0x1
 1173 010d 12       		.uleb128 0x12
 1174 010e 01       		.uleb128 0x1
 1175 010f 00       		.byte	0
 1176 0110 00       		.byte	0
 1177 0111 17       		.uleb128 0x17
 1178 0112 34       		.uleb128 0x34
 1179 0113 00       		.byte	0
 1180 0114 03       		.uleb128 0x3
 1181 0115 0E       		.uleb128 0xe
 1182 0116 3A       		.uleb128 0x3a
 1183 0117 0B       		.uleb128 0xb
 1184 0118 3B       		.uleb128 0x3b
ARM GAS  C:\Users\X0217454\AppData\Local\Temp\cceSOYtC.s 			page 23


 1185 0119 0B       		.uleb128 0xb
 1186 011a 49       		.uleb128 0x49
 1187 011b 13       		.uleb128 0x13
 1188 011c 3F       		.uleb128 0x3f
 1189 011d 0C       		.uleb128 0xc
 1190 011e 3C       		.uleb128 0x3c
 1191 011f 0C       		.uleb128 0xc
 1192 0120 00       		.byte	0
 1193 0121 00       		.byte	0
 1194 0122 00       		.byte	0
 1195              		.section	.debug_loc,"",%progbits
 1196              	.Ldebug_loc0:
 1197              	.LLST0:
 1198 0000 00000000 		.4byte	.LFB0
 1199 0004 02000000 		.4byte	.LCFI0
 1200 0008 0200     		.2byte	0x2
 1201 000a 7D       		.byte	0x7d
 1202 000b 00       		.sleb128 0
 1203 000c 02000000 		.4byte	.LCFI0
 1204 0010 04000000 		.4byte	.LCFI1
 1205 0014 0200     		.2byte	0x2
 1206 0016 7D       		.byte	0x7d
 1207 0017 08       		.sleb128 8
 1208 0018 04000000 		.4byte	.LCFI1
 1209 001c 06000000 		.4byte	.LCFI2
 1210 0020 0200     		.2byte	0x2
 1211 0022 7D       		.byte	0x7d
 1212 0023 10       		.sleb128 16
 1213 0024 06000000 		.4byte	.LCFI2
 1214 0028 50000000 		.4byte	.LFE0
 1215 002c 0200     		.2byte	0x2
 1216 002e 77       		.byte	0x77
 1217 002f 10       		.sleb128 16
 1218 0030 00000000 		.4byte	0
 1219 0034 00000000 		.4byte	0
 1220              	.LLST1:
 1221 0038 00000000 		.4byte	.LFB1
 1222 003c 02000000 		.4byte	.LCFI3
 1223 0040 0200     		.2byte	0x2
 1224 0042 7D       		.byte	0x7d
 1225 0043 00       		.sleb128 0
 1226 0044 02000000 		.4byte	.LCFI3
 1227 0048 04000000 		.4byte	.LCFI4
 1228 004c 0200     		.2byte	0x2
 1229 004e 7D       		.byte	0x7d
 1230 004f 08       		.sleb128 8
 1231 0050 04000000 		.4byte	.LCFI4
 1232 0054 06000000 		.4byte	.LCFI5
 1233 0058 0200     		.2byte	0x2
 1234 005a 7D       		.byte	0x7d
 1235 005b 10       		.sleb128 16
 1236 005c 06000000 		.4byte	.LCFI5
 1237 0060 50000000 		.4byte	.LFE1
 1238 0064 0200     		.2byte	0x2
 1239 0066 77       		.byte	0x77
 1240 0067 10       		.sleb128 16
 1241 0068 00000000 		.4byte	0
ARM GAS  C:\Users\X0217454\AppData\Local\Temp\cceSOYtC.s 			page 24


 1242 006c 00000000 		.4byte	0
 1243              		.section	.debug_aranges,"",%progbits
 1244 0000 24000000 		.4byte	0x24
 1245 0004 0200     		.2byte	0x2
 1246 0006 00000000 		.4byte	.Ldebug_info0
 1247 000a 04       		.byte	0x4
 1248 000b 00       		.byte	0
 1249 000c 0000     		.2byte	0
 1250 000e 0000     		.2byte	0
 1251 0010 00000000 		.4byte	.LFB0
 1252 0014 50000000 		.4byte	.LFE0-.LFB0
 1253 0018 00000000 		.4byte	.LFB1
 1254 001c 50000000 		.4byte	.LFE1-.LFB1
 1255 0020 00000000 		.4byte	0
 1256 0024 00000000 		.4byte	0
 1257              		.section	.debug_ranges,"",%progbits
 1258              	.Ldebug_ranges0:
 1259 0000 00000000 		.4byte	.LFB0
 1260 0004 50000000 		.4byte	.LFE0
 1261 0008 00000000 		.4byte	.LFB1
 1262 000c 50000000 		.4byte	.LFE1
 1263 0010 00000000 		.4byte	0
 1264 0014 00000000 		.4byte	0
 1265              		.section	.debug_line,"",%progbits
 1266              	.Ldebug_line0:
 1267 0000 28010000 		.section	.debug_str,"MS",%progbits,1
 1267      0200E000 
 1267      00000201 
 1267      FB0E0D00 
 1267      01010101 
 1268              	.LASF40:
 1269 0000 5478506F 		.ascii	"TxPoolCnt\000"
 1269      6F6C436E 
 1269      7400
 1270              	.LASF32:
 1271 000a 70527850 		.ascii	"pRxPayload\000"
 1271      61796C6F 
 1271      616400
 1272              	.LASF53:
 1273 0015 4173796E 		.ascii	"AsyncExt_t\000"
 1273      63457874 
 1273      5F7400
 1274              	.LASF52:
 1275 0020 52784D73 		.ascii	"RxMsgClass\000"
 1275      67436C61 
 1275      737300
 1276              	.LASF72:
 1277 002b 52784972 		.ascii	"RxIrqCnt\000"
 1277      71436E74 
 1277      00
 1278              	.LASF60:
 1279 0034 54656D70 		.ascii	"TempProtocolHeader\000"
 1279      50726F74 
 1279      6F636F6C 
 1279      48656164 
 1279      657200
 1280              	.LASF39:
ARM GAS  C:\Users\X0217454\AppData\Local\Temp\cceSOYtC.s 			page 25


 1281 0047 5F536C50 		.ascii	"_SlPoolObj_t\000"
 1281      6F6F6C4F 
 1281      626A5F74 
 1281      00
 1282              	.LASF65:
 1283 0054 41637469 		.ascii	"ActivePoolIdx\000"
 1283      7665506F 
 1283      6F6C4964 
 1283      7800
 1284              	.LASF29:
 1285 0062 52785061 		.ascii	"RxPayloadLen\000"
 1285      796C6F61 
 1285      644C656E 
 1285      00
 1286              	.LASF2:
 1287 006f 73686F72 		.ascii	"short int\000"
 1287      7420696E 
 1287      7400
 1288              	.LASF26:
 1289 0079 52784465 		.ascii	"RxDescLen\000"
 1289      73634C65 
 1289      6E00
 1290              	.LASF18:
 1291 0083 73697A65 		.ascii	"sizetype\000"
 1291      74797065 
 1291      00
 1292              	.LASF84:
 1293 008c 433A5C55 		.ascii	"C:\\Users\\X0217454\\Desktop\\CC31xx\\CC3100 - 0.5\\"
 1293      73657273 
 1293      5C583032 
 1293      31373435 
 1293      345C4465 
 1294 00ba 43433331 		.ascii	"CC3100 SDK 0.5\\cc3100-sdk\\platform\\cypress_SDK.5"
 1294      30302053 
 1294      444B2030 
 1294      2E355C63 
 1294      63333130 
 1295 00ea 5C657861 		.ascii	"\\example\\wlan_station_spi\\wlan_station_spi.cydsn"
 1295      6D706C65 
 1295      5C776C61 
 1295      6E5F7374 
 1295      6174696F 
 1296 011a 00       		.ascii	"\000"
 1297              	.LASF41:
 1298 011b 54784C6F 		.ascii	"TxLockObj\000"
 1298      636B4F62 
 1298      6A00
 1299              	.LASF7:
 1300 0125 55494E54 		.ascii	"UINT32\000"
 1300      333200
 1301              	.LASF3:
 1302 012c 55494E54 		.ascii	"UINT8\000"
 1302      3800
 1303              	.LASF25:
 1304 0132 54784465 		.ascii	"TxDescLen\000"
 1304      73634C65 
 1304      6E00
ARM GAS  C:\Users\X0217454\AppData\Local\Temp\cceSOYtC.s 			page 26


 1305              	.LASF30:
 1306 013c 41637475 		.ascii	"ActualRxPayloadLen\000"
 1306      616C5278 
 1306      5061796C 
 1306      6F61644C 
 1306      656E00
 1307              	.LASF35:
 1308 014f 70526573 		.ascii	"pRespArgs\000"
 1308      70417267 
 1308      7300
 1309              	.LASF20:
 1310 0159 5F536C4E 		.ascii	"_SlNonOsSemObj_t\000"
 1310      6F6E4F73 
 1310      53656D4F 
 1310      626A5F74 
 1310      00
 1311              	.LASF37:
 1312 016a 41646469 		.ascii	"AdditionalData\000"
 1312      74696F6E 
 1312      616C4461 
 1312      746100
 1313              	.LASF57:
 1314 0179 4173796E 		.ascii	"AsyncExt\000"
 1314      63457874 
 1314      00
 1315              	.LASF49:
 1316 0182 70417379 		.ascii	"pAsyncBuf\000"
 1316      6E634275 
 1316      6600
 1317              	.LASF67:
 1318 018c 50726F74 		.ascii	"ProtectionLockObj\000"
 1318      65637469 
 1318      6F6E4C6F 
 1318      636B4F62 
 1318      6A00
 1319              	.LASF63:
 1320 019e 46726565 		.ascii	"FreePoolIdx\000"
 1320      506F6F6C 
 1320      49647800 
 1321              	.LASF48:
 1322 01aa 5F536C52 		.ascii	"_SlRxMsgClass_e\000"
 1322      784D7367 
 1322      436C6173 
 1322      735F6500 
 1323              	.LASF24:
 1324 01ba 5F536C43 		.ascii	"_SlCommandHeader_t\000"
 1324      6F6D6D61 
 1324      6E644865 
 1324      61646572 
 1324      5F7400
 1325              	.LASF68:
 1326 01cd 436D6453 		.ascii	"CmdSyncObj\000"
 1326      796E634F 
 1326      626A00
 1327              	.LASF11:
 1328 01d8 666C6F61 		.ascii	"float\000"
 1328      7400
ARM GAS  C:\Users\X0217454\AppData\Local\Temp\cceSOYtC.s 			page 27


 1329              	.LASF16:
 1330 01de 756E7369 		.ascii	"unsigned int\000"
 1330      676E6564 
 1330      20696E74 
 1330      00
 1331              	.LASF50:
 1332 01eb 41637469 		.ascii	"ActionIndex\000"
 1332      6F6E496E 
 1332      64657800 
 1333              	.LASF17:
 1334 01f7 6C6F6E67 		.ascii	"long long int\000"
 1334      206C6F6E 
 1334      6720696E 
 1334      7400
 1335              	.LASF62:
 1336 0205 4F626A50 		.ascii	"ObjPool\000"
 1336      6F6F6C00 
 1337              	.LASF76:
 1338 020d 52656C61 		.ascii	"RelayFlagsViaRxPayload\000"
 1338      79466C61 
 1338      67735669 
 1338      61527850 
 1338      61796C6F 
 1339              	.LASF33:
 1340 0224 5F536C43 		.ascii	"_SlCmdExt_t\000"
 1340      6D644578 
 1340      745F7400 
 1341              	.LASF55:
 1342 0230 70547852 		.ascii	"pTxRxDescBuff\000"
 1342      78446573 
 1342      63427566 
 1342      6600
 1343              	.LASF6:
 1344 023e 6C6F6E67 		.ascii	"long int\000"
 1344      20696E74 
 1344      00
 1345              	.LASF46:
 1346 0247 4153594E 		.ascii	"ASYNC_EVT_CLASS\000"
 1346      435F4556 
 1346      545F434C 
 1346      41535300 
 1347              	.LASF59:
 1348 0257 476C6F62 		.ascii	"GlobalLockObj\000"
 1348      616C4C6F 
 1348      636B4F62 
 1348      6A00
 1349              	.LASF45:
 1350 0265 434D445F 		.ascii	"CMD_RESP_CLASS\000"
 1350      52455350 
 1350      5F434C41 
 1350      535300
 1351              	.LASF31:
 1352 0274 70547850 		.ascii	"pTxPayload\000"
 1352      61796C6F 
 1352      616400
 1353              	.LASF71:
 1354 027f 54785365 		.ascii	"TxSeqNum\000"
ARM GAS  C:\Users\X0217454\AppData\Local\Temp\cceSOYtC.s 			page 28


 1354      714E756D 
 1354      00
 1355              	.LASF74:
 1356 0288 536F636B 		.ascii	"SocketNonBlocking\000"
 1356      65744E6F 
 1356      6E426C6F 
 1356      636B696E 
 1356      6700
 1357              	.LASF82:
 1358 029a 474E5520 		.ascii	"GNU C 4.7.3 20130312 (release) [ARM/embedded-4_7-br"
 1358      4320342E 
 1358      372E3320 
 1358      32303133 
 1358      30333132 
 1359 02cd 616E6368 		.ascii	"anch revision 196615]\000"
 1359      20726576 
 1359      6973696F 
 1359      6E203139 
 1359      36363135 
 1360              	.LASF56:
 1361 02e3 70436D64 		.ascii	"pCmdExt\000"
 1361      45787400 
 1362              	.LASF22:
 1363 02eb 4F70636F 		.ascii	"Opcode\000"
 1363      646500
 1364              	.LASF1:
 1365 02f2 756E7369 		.ascii	"unsigned char\000"
 1365      676E6564 
 1365      20636861 
 1365      7200
 1366              	.LASF0:
 1367 0300 7369676E 		.ascii	"signed char\000"
 1367      65642063 
 1367      68617200 
 1368              	.LASF69:
 1369 030c 4973436D 		.ascii	"IsCmdRespWaited\000"
 1369      64526573 
 1369      70576169 
 1369      74656400 
 1370              	.LASF9:
 1371 031c 6C6F6E67 		.ascii	"long long unsigned int\000"
 1371      206C6F6E 
 1371      6720756E 
 1371      7369676E 
 1371      65642069 
 1372              	.LASF36:
 1373 0333 41637469 		.ascii	"ActionID\000"
 1373      6F6E4944 
 1373      00
 1374              	.LASF61:
 1375 033c 70496E69 		.ascii	"pInitCallback\000"
 1375      7443616C 
 1375      6C626163 
 1375      6B00
 1376              	.LASF78:
 1377 034a 5F536C44 		.ascii	"_SlDriverCb_t\000"
 1377      72697665 
ARM GAS  C:\Users\X0217454\AppData\Local\Temp\cceSOYtC.s 			page 29


 1377      7243625F 
 1377      7400
 1378              	.LASF83:
 1379 0358 2E2E5C2E 		.ascii	"..\\..\\..\\..\\..\\simplelink\\source\\flowcont.c\000"
 1379      2E5C2E2E 
 1379      5C2E2E5C 
 1379      2E2E5C73 
 1379      696D706C 
 1380              	.LASF27:
 1381 0384 5F536C43 		.ascii	"_SlCmdCtrl_t\000"
 1381      6D644374 
 1381      726C5F74 
 1381      00
 1382              	.LASF23:
 1383 0391 5F536C47 		.ascii	"_SlGenericHeader_t\000"
 1383      656E6572 
 1383      69634865 
 1383      61646572 
 1383      5F7400
 1384              	.LASF5:
 1385 03a4 73686F72 		.ascii	"short unsigned int\000"
 1385      7420756E 
 1385      7369676E 
 1385      65642069 
 1385      6E7400
 1386              	.LASF4:
 1387 03b7 55494E54 		.ascii	"UINT16\000"
 1387      313600
 1388              	.LASF10:
 1389 03be 63686172 		.ascii	"char\000"
 1389      00
 1390              	.LASF70:
 1391 03c3 466C6F77 		.ascii	"FlowContCB\000"
 1391      436F6E74 
 1391      434200
 1392              	.LASF28:
 1393 03ce 54785061 		.ascii	"TxPayloadLen\000"
 1393      796C6F61 
 1393      644C656E 
 1393      00
 1394              	.LASF54:
 1395 03db 70436D64 		.ascii	"pCmdCtrl\000"
 1395      4374726C 
 1395      00
 1396              	.LASF51:
 1397 03e4 4173796E 		.ascii	"AsyncEvtHandler\000"
 1397      63457674 
 1397      48616E64 
 1397      6C657200 
 1398              	.LASF44:
 1399 03f4 52454356 		.ascii	"RECV_RESP_CLASS\000"
 1399      5F524553 
 1399      505F434C 
 1399      41535300 
 1400              	.LASF19:
 1401 0404 5F536C53 		.ascii	"_SlSpawnEntryFunc_t\000"
 1401      7061776E 
ARM GAS  C:\Users\X0217454\AppData\Local\Temp\cceSOYtC.s 			page 30


 1401      456E7472 
 1401      7946756E 
 1401      635F7400 
 1402              	.LASF81:
 1403 0418 5F536C44 		.ascii	"_SlDrvFlowContDeinit\000"
 1403      7276466C 
 1403      6F77436F 
 1403      6E744465 
 1403      696E6974 
 1404              	.LASF8:
 1405 042d 6C6F6E67 		.ascii	"long unsigned int\000"
 1405      20756E73 
 1405      69676E65 
 1405      6420696E 
 1405      7400
 1406              	.LASF73:
 1407 043f 5278446F 		.ascii	"RxDoneCnt\000"
 1407      6E65436E 
 1407      7400
 1408              	.LASF12:
 1409 0449 646F7562 		.ascii	"double\000"
 1409      6C6500
 1410              	.LASF43:
 1411 0450 5F536C46 		.ascii	"_SlFlowContCB_t\000"
 1411      6C6F7743 
 1411      6F6E7443 
 1411      425F7400 
 1412              	.LASF42:
 1413 0460 54785379 		.ascii	"TxSyncObj\000"
 1413      6E634F62 
 1413      6A00
 1414              	.LASF64:
 1415 046a 50656E64 		.ascii	"PendingPoolIdx\000"
 1415      696E6750 
 1415      6F6F6C49 
 1415      647800
 1416              	.LASF21:
 1417 0479 505F494E 		.ascii	"P_INIT_CALLBACK\000"
 1417      49545F43 
 1417      414C4C42 
 1417      41434B00 
 1418              	.LASF14:
 1419 0489 5F536C41 		.ascii	"_SlArgSize_t\000"
 1419      72675369 
 1419      7A655F74 
 1419      00
 1420              	.LASF47:
 1421 0496 44554D4D 		.ascii	"DUMMY_MSG_CLASS\000"
 1421      595F4D53 
 1421      475F434C 
 1421      41535300 
 1422              	.LASF66:
 1423 04a6 41637469 		.ascii	"ActiveActionsBitmap\000"
 1423      76654163 
 1423      74696F6E 
 1423      73426974 
 1423      6D617000 
ARM GAS  C:\Users\X0217454\AppData\Local\Temp\cceSOYtC.s 			page 31


 1424              	.LASF80:
 1425 04ba 5F536C44 		.ascii	"_SlDrvFlowContInit\000"
 1425      7276466C 
 1425      6F77436F 
 1425      6E74496E 
 1425      697400
 1426              	.LASF79:
 1427 04cd 5F526574 		.ascii	"_RetVal\000"
 1427      56616C00 
 1428              	.LASF34:
 1429 04d5 53796E63 		.ascii	"SyncObj\000"
 1429      4F626A00 
 1430              	.LASF13:
 1431 04dd 5F536C4F 		.ascii	"_SlOpcode_t\000"
 1431      70636F64 
 1431      655F7400 
 1432              	.LASF58:
 1433 04e9 5F536C46 		.ascii	"_SlFunctionParams_t\000"
 1433      756E6374 
 1433      696F6E50 
 1433      6172616D 
 1433      735F7400 
 1434              	.LASF38:
 1435 04fd 4E657874 		.ascii	"NextIndex\000"
 1435      496E6465 
 1435      7800
 1436              	.LASF15:
 1437 0507 5F536C52 		.ascii	"_SlReturnVal_t\000"
 1437      65747572 
 1437      6E56616C 
 1437      5F7400
 1438              	.LASF77:
 1439 0516 46756E63 		.ascii	"FunctionParams\000"
 1439      74696F6E 
 1439      50617261 
 1439      6D7300
 1440              	.LASF75:
 1441 0525 536F636B 		.ascii	"SocketTXFailure\000"
 1441      65745458 
 1441      4661696C 
 1441      75726500 
 1442              	.LASF85:
 1443 0535 675F7043 		.ascii	"g_pCB\000"
 1443      4200
 1444              		.ident	"GCC: (GNU Tools for ARM Embedded Processors) 4.7.3 20130312 (release) [ARM/embedded-4_7-br
