ARM GAS  C:\Users\X0217454\AppData\Local\Temp\ccM0BSSN.s 			page 1


   1              		.cpu cortex-m0
   2              		.fpu softvfp
   3              		.eabi_attribute 20, 1
   4              		.eabi_attribute 21, 1
   5              		.eabi_attribute 23, 3
   6              		.eabi_attribute 24, 1
   7              		.eabi_attribute 25, 1
   8              		.eabi_attribute 26, 1
   9              		.eabi_attribute 30, 6
  10              		.eabi_attribute 34, 0
  11              		.eabi_attribute 18, 4
  12              		.code	16
  13              		.file	"isr_1.c"
  14              		.text
  15              	.Ltext0:
  16              		.cfi_sections	.debug_frame
  17              		.section	.text.isr_1_Start,"ax",%progbits
  18              		.align	2
  19              		.global	isr_1_Start
  20              		.code	16
  21              		.thumb_func
  22              		.type	isr_1_Start, %function
  23              	isr_1_Start:
  24              	.LFB0:
  25              		.file 1 ".\\Generated_Source\\PSoC4\\isr_1.c"
   1:.\Generated_Source\PSoC4/isr_1.c **** /*******************************************************************************
   2:.\Generated_Source\PSoC4/isr_1.c **** * File Name: isr_1.c  
   3:.\Generated_Source\PSoC4/isr_1.c **** * Version 1.70
   4:.\Generated_Source\PSoC4/isr_1.c **** *
   5:.\Generated_Source\PSoC4/isr_1.c **** *  Description:
   6:.\Generated_Source\PSoC4/isr_1.c **** *   API for controlling the state of an interrupt.
   7:.\Generated_Source\PSoC4/isr_1.c **** *
   8:.\Generated_Source\PSoC4/isr_1.c **** *
   9:.\Generated_Source\PSoC4/isr_1.c **** *  Note:
  10:.\Generated_Source\PSoC4/isr_1.c **** *
  11:.\Generated_Source\PSoC4/isr_1.c **** ********************************************************************************
  12:.\Generated_Source\PSoC4/isr_1.c **** * Copyright 2008-2012, Cypress Semiconductor Corporation.  All rights reserved.
  13:.\Generated_Source\PSoC4/isr_1.c **** * You may use this file only in accordance with the license, terms, conditions, 
  14:.\Generated_Source\PSoC4/isr_1.c **** * disclaimers, and limitations in the end user license agreement accompanying 
  15:.\Generated_Source\PSoC4/isr_1.c **** * the software package with which this file was provided.
  16:.\Generated_Source\PSoC4/isr_1.c **** *******************************************************************************/
  17:.\Generated_Source\PSoC4/isr_1.c **** 
  18:.\Generated_Source\PSoC4/isr_1.c **** 
  19:.\Generated_Source\PSoC4/isr_1.c **** #include <cydevice_trm.h>
  20:.\Generated_Source\PSoC4/isr_1.c **** #include <CyLib.h>
  21:.\Generated_Source\PSoC4/isr_1.c **** #include <isr_1.h>
  22:.\Generated_Source\PSoC4/isr_1.c **** 
  23:.\Generated_Source\PSoC4/isr_1.c **** #if !defined(isr_1__REMOVED) /* Check for removal by optimization */
  24:.\Generated_Source\PSoC4/isr_1.c **** 
  25:.\Generated_Source\PSoC4/isr_1.c **** /*******************************************************************************
  26:.\Generated_Source\PSoC4/isr_1.c **** *  Place your includes, defines and code here 
  27:.\Generated_Source\PSoC4/isr_1.c **** ********************************************************************************/
  28:.\Generated_Source\PSoC4/isr_1.c **** /* `#START isr_1_intc` */
  29:.\Generated_Source\PSoC4/isr_1.c **** #include "board.h"
  30:.\Generated_Source\PSoC4/isr_1.c **** extern P_EVENT_HANDLER pIrqEventHandler;
  31:.\Generated_Source\PSoC4/isr_1.c **** extern uint8 IRQ_Pin_ClearInterrupt();
  32:.\Generated_Source\PSoC4/isr_1.c ****     
ARM GAS  C:\Users\X0217454\AppData\Local\Temp\ccM0BSSN.s 			page 2


  33:.\Generated_Source\PSoC4/isr_1.c **** /* `#END` */
  34:.\Generated_Source\PSoC4/isr_1.c **** 
  35:.\Generated_Source\PSoC4/isr_1.c **** extern cyisraddress CyRamVectors[CYINT_IRQ_BASE + CY_NUM_INTERRUPTS];
  36:.\Generated_Source\PSoC4/isr_1.c **** 
  37:.\Generated_Source\PSoC4/isr_1.c **** /* Declared in startup, used to set unused interrupts to. */
  38:.\Generated_Source\PSoC4/isr_1.c **** CY_ISR_PROTO(IntDefaultHandler);
  39:.\Generated_Source\PSoC4/isr_1.c **** 
  40:.\Generated_Source\PSoC4/isr_1.c **** 
  41:.\Generated_Source\PSoC4/isr_1.c **** /*******************************************************************************
  42:.\Generated_Source\PSoC4/isr_1.c **** * Function Name: isr_1_Start
  43:.\Generated_Source\PSoC4/isr_1.c **** ********************************************************************************
  44:.\Generated_Source\PSoC4/isr_1.c **** *
  45:.\Generated_Source\PSoC4/isr_1.c **** * Summary:
  46:.\Generated_Source\PSoC4/isr_1.c **** *  Set up the interrupt and enable it.
  47:.\Generated_Source\PSoC4/isr_1.c **** *
  48:.\Generated_Source\PSoC4/isr_1.c **** * Parameters:  
  49:.\Generated_Source\PSoC4/isr_1.c **** *   None
  50:.\Generated_Source\PSoC4/isr_1.c **** *
  51:.\Generated_Source\PSoC4/isr_1.c **** * Return:
  52:.\Generated_Source\PSoC4/isr_1.c **** *   None
  53:.\Generated_Source\PSoC4/isr_1.c **** *
  54:.\Generated_Source\PSoC4/isr_1.c **** *******************************************************************************/
  55:.\Generated_Source\PSoC4/isr_1.c **** void isr_1_Start(void)
  56:.\Generated_Source\PSoC4/isr_1.c **** {
  26              		.loc 1 56 0
  27              		.cfi_startproc
  28 0000 80B5     		push	{r7, lr}
  29              	.LCFI0:
  30              		.cfi_def_cfa_offset 8
  31              		.cfi_offset 7, -8
  32              		.cfi_offset 14, -4
  33 0002 00AF     		add	r7, sp, #0
  34              	.LCFI1:
  35              		.cfi_def_cfa_register 7
  57:.\Generated_Source\PSoC4/isr_1.c ****     /* For all we know the interrupt is active. */
  58:.\Generated_Source\PSoC4/isr_1.c ****     isr_1_Disable();
  36              		.loc 1 58 0
  37 0004 FFF7FEFF 		bl	isr_1_Disable
  59:.\Generated_Source\PSoC4/isr_1.c **** 
  60:.\Generated_Source\PSoC4/isr_1.c ****     /* Set the ISR to point to the isr_1 Interrupt. */
  61:.\Generated_Source\PSoC4/isr_1.c ****     isr_1_SetVector(&isr_1_Interrupt);
  38              		.loc 1 61 0
  39 0008 054B     		ldr	r3, .L2
  40 000a 181C     		mov	r0, r3
  41 000c FFF7FEFF 		bl	isr_1_SetVector
  62:.\Generated_Source\PSoC4/isr_1.c **** 
  63:.\Generated_Source\PSoC4/isr_1.c ****     /* Set the priority. */
  64:.\Generated_Source\PSoC4/isr_1.c ****     isr_1_SetPriority((uint8)isr_1_INTC_PRIOR_NUMBER);
  42              		.loc 1 64 0
  43 0010 0320     		mov	r0, #3
  44 0012 FFF7FEFF 		bl	isr_1_SetPriority
  65:.\Generated_Source\PSoC4/isr_1.c **** 
  66:.\Generated_Source\PSoC4/isr_1.c ****     /* Enable it. */
  67:.\Generated_Source\PSoC4/isr_1.c ****     isr_1_Enable();
  45              		.loc 1 67 0
  46 0016 FFF7FEFF 		bl	isr_1_Enable
  68:.\Generated_Source\PSoC4/isr_1.c **** }
ARM GAS  C:\Users\X0217454\AppData\Local\Temp\ccM0BSSN.s 			page 3


  47              		.loc 1 68 0
  48 001a BD46     		mov	sp, r7
  49              		@ sp needed for prologue
  50 001c 80BD     		pop	{r7, pc}
  51              	.L3:
  52 001e C046     		.align	2
  53              	.L2:
  54 0020 00000000 		.word	isr_1_Interrupt
  55              		.cfi_endproc
  56              	.LFE0:
  57              		.size	isr_1_Start, .-isr_1_Start
  58              		.section	.text.isr_1_StartEx,"ax",%progbits
  59              		.align	2
  60              		.global	isr_1_StartEx
  61              		.code	16
  62              		.thumb_func
  63              		.type	isr_1_StartEx, %function
  64              	isr_1_StartEx:
  65              	.LFB1:
  69:.\Generated_Source\PSoC4/isr_1.c **** 
  70:.\Generated_Source\PSoC4/isr_1.c **** 
  71:.\Generated_Source\PSoC4/isr_1.c **** /*******************************************************************************
  72:.\Generated_Source\PSoC4/isr_1.c **** * Function Name: isr_1_StartEx
  73:.\Generated_Source\PSoC4/isr_1.c **** ********************************************************************************
  74:.\Generated_Source\PSoC4/isr_1.c **** *
  75:.\Generated_Source\PSoC4/isr_1.c **** * Summary:
  76:.\Generated_Source\PSoC4/isr_1.c **** *  Set up the interrupt and enable it.
  77:.\Generated_Source\PSoC4/isr_1.c **** *
  78:.\Generated_Source\PSoC4/isr_1.c **** * Parameters:  
  79:.\Generated_Source\PSoC4/isr_1.c **** *   address: Address of the ISR to set in the interrupt vector table.
  80:.\Generated_Source\PSoC4/isr_1.c **** *
  81:.\Generated_Source\PSoC4/isr_1.c **** * Return:
  82:.\Generated_Source\PSoC4/isr_1.c **** *   None
  83:.\Generated_Source\PSoC4/isr_1.c **** *
  84:.\Generated_Source\PSoC4/isr_1.c **** *******************************************************************************/
  85:.\Generated_Source\PSoC4/isr_1.c **** void isr_1_StartEx(cyisraddress address)
  86:.\Generated_Source\PSoC4/isr_1.c **** {
  66              		.loc 1 86 0
  67              		.cfi_startproc
  68 0000 80B5     		push	{r7, lr}
  69              	.LCFI2:
  70              		.cfi_def_cfa_offset 8
  71              		.cfi_offset 7, -8
  72              		.cfi_offset 14, -4
  73 0002 82B0     		sub	sp, sp, #8
  74              	.LCFI3:
  75              		.cfi_def_cfa_offset 16
  76 0004 00AF     		add	r7, sp, #0
  77              	.LCFI4:
  78              		.cfi_def_cfa_register 7
  79 0006 7860     		str	r0, [r7, #4]
  87:.\Generated_Source\PSoC4/isr_1.c ****     /* For all we know the interrupt is active. */
  88:.\Generated_Source\PSoC4/isr_1.c ****     isr_1_Disable();
  80              		.loc 1 88 0
  81 0008 FFF7FEFF 		bl	isr_1_Disable
  89:.\Generated_Source\PSoC4/isr_1.c **** 
  90:.\Generated_Source\PSoC4/isr_1.c ****     /* Set the ISR to point to the isr_1 Interrupt. */
ARM GAS  C:\Users\X0217454\AppData\Local\Temp\ccM0BSSN.s 			page 4


  91:.\Generated_Source\PSoC4/isr_1.c ****     isr_1_SetVector(address);
  82              		.loc 1 91 0
  83 000c 7B68     		ldr	r3, [r7, #4]
  84 000e 181C     		mov	r0, r3
  85 0010 FFF7FEFF 		bl	isr_1_SetVector
  92:.\Generated_Source\PSoC4/isr_1.c **** 
  93:.\Generated_Source\PSoC4/isr_1.c ****     /* Set the priority. */
  94:.\Generated_Source\PSoC4/isr_1.c ****     isr_1_SetPriority((uint8)isr_1_INTC_PRIOR_NUMBER);
  86              		.loc 1 94 0
  87 0014 0320     		mov	r0, #3
  88 0016 FFF7FEFF 		bl	isr_1_SetPriority
  95:.\Generated_Source\PSoC4/isr_1.c **** 
  96:.\Generated_Source\PSoC4/isr_1.c ****     /* Enable it. */
  97:.\Generated_Source\PSoC4/isr_1.c ****     isr_1_Enable();
  89              		.loc 1 97 0
  90 001a FFF7FEFF 		bl	isr_1_Enable
  98:.\Generated_Source\PSoC4/isr_1.c **** }
  91              		.loc 1 98 0
  92 001e BD46     		mov	sp, r7
  93 0020 02B0     		add	sp, sp, #8
  94              		@ sp needed for prologue
  95 0022 80BD     		pop	{r7, pc}
  96              		.cfi_endproc
  97              	.LFE1:
  98              		.size	isr_1_StartEx, .-isr_1_StartEx
  99              		.section	.text.isr_1_Stop,"ax",%progbits
 100              		.align	2
 101              		.global	isr_1_Stop
 102              		.code	16
 103              		.thumb_func
 104              		.type	isr_1_Stop, %function
 105              	isr_1_Stop:
 106              	.LFB2:
  99:.\Generated_Source\PSoC4/isr_1.c **** 
 100:.\Generated_Source\PSoC4/isr_1.c **** 
 101:.\Generated_Source\PSoC4/isr_1.c **** /*******************************************************************************
 102:.\Generated_Source\PSoC4/isr_1.c **** * Function Name: isr_1_Stop
 103:.\Generated_Source\PSoC4/isr_1.c **** ********************************************************************************
 104:.\Generated_Source\PSoC4/isr_1.c **** *
 105:.\Generated_Source\PSoC4/isr_1.c **** * Summary:
 106:.\Generated_Source\PSoC4/isr_1.c **** *   Disables and removes the interrupt.
 107:.\Generated_Source\PSoC4/isr_1.c **** *
 108:.\Generated_Source\PSoC4/isr_1.c **** * Parameters:  
 109:.\Generated_Source\PSoC4/isr_1.c **** *
 110:.\Generated_Source\PSoC4/isr_1.c **** * Return:
 111:.\Generated_Source\PSoC4/isr_1.c **** *   None
 112:.\Generated_Source\PSoC4/isr_1.c **** *
 113:.\Generated_Source\PSoC4/isr_1.c **** *******************************************************************************/
 114:.\Generated_Source\PSoC4/isr_1.c **** void isr_1_Stop(void)
 115:.\Generated_Source\PSoC4/isr_1.c **** {
 107              		.loc 1 115 0
 108              		.cfi_startproc
 109 0000 80B5     		push	{r7, lr}
 110              	.LCFI5:
 111              		.cfi_def_cfa_offset 8
 112              		.cfi_offset 7, -8
 113              		.cfi_offset 14, -4
ARM GAS  C:\Users\X0217454\AppData\Local\Temp\ccM0BSSN.s 			page 5


 114 0002 00AF     		add	r7, sp, #0
 115              	.LCFI6:
 116              		.cfi_def_cfa_register 7
 116:.\Generated_Source\PSoC4/isr_1.c ****     /* Disable this interrupt. */
 117:.\Generated_Source\PSoC4/isr_1.c ****     isr_1_Disable();
 117              		.loc 1 117 0
 118 0004 FFF7FEFF 		bl	isr_1_Disable
 118:.\Generated_Source\PSoC4/isr_1.c **** 
 119:.\Generated_Source\PSoC4/isr_1.c ****     /* Set the ISR to point to the passive one. */
 120:.\Generated_Source\PSoC4/isr_1.c ****     isr_1_SetVector(&IntDefaultHandler);
 119              		.loc 1 120 0
 120 0008 024B     		ldr	r3, .L6
 121 000a 181C     		mov	r0, r3
 122 000c FFF7FEFF 		bl	isr_1_SetVector
 121:.\Generated_Source\PSoC4/isr_1.c **** }
 123              		.loc 1 121 0
 124 0010 BD46     		mov	sp, r7
 125              		@ sp needed for prologue
 126 0012 80BD     		pop	{r7, pc}
 127              	.L7:
 128              		.align	2
 129              	.L6:
 130 0014 00000000 		.word	IntDefaultHandler
 131              		.cfi_endproc
 132              	.LFE2:
 133              		.size	isr_1_Stop, .-isr_1_Stop
 134              		.section	.text.isr_1_Interrupt,"ax",%progbits
 135              		.align	2
 136              		.global	isr_1_Interrupt
 137              		.code	16
 138              		.thumb_func
 139              		.type	isr_1_Interrupt, %function
 140              	isr_1_Interrupt:
 141              	.LFB3:
 122:.\Generated_Source\PSoC4/isr_1.c **** 
 123:.\Generated_Source\PSoC4/isr_1.c **** 
 124:.\Generated_Source\PSoC4/isr_1.c **** /*******************************************************************************
 125:.\Generated_Source\PSoC4/isr_1.c **** * Function Name: isr_1_Interrupt
 126:.\Generated_Source\PSoC4/isr_1.c **** ********************************************************************************
 127:.\Generated_Source\PSoC4/isr_1.c **** *
 128:.\Generated_Source\PSoC4/isr_1.c **** * Summary:
 129:.\Generated_Source\PSoC4/isr_1.c **** *   The default Interrupt Service Routine for isr_1.
 130:.\Generated_Source\PSoC4/isr_1.c **** *
 131:.\Generated_Source\PSoC4/isr_1.c **** *   Add custom code between the coments to keep the next version of this file
 132:.\Generated_Source\PSoC4/isr_1.c **** *   from over writting your code.
 133:.\Generated_Source\PSoC4/isr_1.c **** *
 134:.\Generated_Source\PSoC4/isr_1.c **** * Parameters:  
 135:.\Generated_Source\PSoC4/isr_1.c **** *   None
 136:.\Generated_Source\PSoC4/isr_1.c **** *
 137:.\Generated_Source\PSoC4/isr_1.c **** * Return:
 138:.\Generated_Source\PSoC4/isr_1.c **** *   None
 139:.\Generated_Source\PSoC4/isr_1.c **** *
 140:.\Generated_Source\PSoC4/isr_1.c **** *******************************************************************************/
 141:.\Generated_Source\PSoC4/isr_1.c **** CY_ISR(isr_1_Interrupt)
 142:.\Generated_Source\PSoC4/isr_1.c **** {
 142              		.loc 1 142 0
 143              		.cfi_startproc
ARM GAS  C:\Users\X0217454\AppData\Local\Temp\ccM0BSSN.s 			page 6


 144 0000 80B5     		push	{r7, lr}
 145              	.LCFI7:
 146              		.cfi_def_cfa_offset 8
 147              		.cfi_offset 7, -8
 148              		.cfi_offset 14, -4
 149 0002 00AF     		add	r7, sp, #0
 150              	.LCFI8:
 151              		.cfi_def_cfa_register 7
 143:.\Generated_Source\PSoC4/isr_1.c ****     /*  Place your Interrupt code here. */
 144:.\Generated_Source\PSoC4/isr_1.c ****     /* `#START isr_1_Interrupt` */
 145:.\Generated_Source\PSoC4/isr_1.c **** #ifndef SL_IF_TYPE_UART
 146:.\Generated_Source\PSoC4/isr_1.c ****     if(pIrqEventHandler)
 152              		.loc 1 146 0
 153 0004 054B     		ldr	r3, .L10
 154 0006 1B68     		ldr	r3, [r3]
 155 0008 002B     		cmp	r3, #0
 156 000a 03D0     		beq	.L9
 147:.\Generated_Source\PSoC4/isr_1.c ****     {
 148:.\Generated_Source\PSoC4/isr_1.c ****         pIrqEventHandler(0);
 157              		.loc 1 148 0
 158 000c 034B     		ldr	r3, .L10
 159 000e 1B68     		ldr	r3, [r3]
 160 0010 0020     		mov	r0, #0
 161 0012 9847     		blx	r3
 162              	.L9:
 149:.\Generated_Source\PSoC4/isr_1.c ****     }
 150:.\Generated_Source\PSoC4/isr_1.c **** #endif
 151:.\Generated_Source\PSoC4/isr_1.c ****     
 152:.\Generated_Source\PSoC4/isr_1.c ****     IRQ_Pin_ClearInterrupt();
 163              		.loc 1 152 0
 164 0014 FFF7FEFF 		bl	IRQ_Pin_ClearInterrupt
 153:.\Generated_Source\PSoC4/isr_1.c **** 
 154:.\Generated_Source\PSoC4/isr_1.c ****     /* `#END` */
 155:.\Generated_Source\PSoC4/isr_1.c **** }
 165              		.loc 1 155 0
 166 0018 BD46     		mov	sp, r7
 167              		@ sp needed for prologue
 168 001a 80BD     		pop	{r7, pc}
 169              	.L11:
 170              		.align	2
 171              	.L10:
 172 001c 00000000 		.word	pIrqEventHandler
 173              		.cfi_endproc
 174              	.LFE3:
 175              		.size	isr_1_Interrupt, .-isr_1_Interrupt
 176              		.section	.text.isr_1_SetVector,"ax",%progbits
 177              		.align	2
 178              		.global	isr_1_SetVector
 179              		.code	16
 180              		.thumb_func
 181              		.type	isr_1_SetVector, %function
 182              	isr_1_SetVector:
 183              	.LFB4:
 156:.\Generated_Source\PSoC4/isr_1.c **** 
 157:.\Generated_Source\PSoC4/isr_1.c **** 
 158:.\Generated_Source\PSoC4/isr_1.c **** /*******************************************************************************
 159:.\Generated_Source\PSoC4/isr_1.c **** * Function Name: isr_1_SetVector
ARM GAS  C:\Users\X0217454\AppData\Local\Temp\ccM0BSSN.s 			page 7


 160:.\Generated_Source\PSoC4/isr_1.c **** ********************************************************************************
 161:.\Generated_Source\PSoC4/isr_1.c **** *
 162:.\Generated_Source\PSoC4/isr_1.c **** * Summary:
 163:.\Generated_Source\PSoC4/isr_1.c **** *   Change the ISR vector for the Interrupt. Note calling isr_1_Start
 164:.\Generated_Source\PSoC4/isr_1.c **** *   will override any effect this method would have had. To set the vector 
 165:.\Generated_Source\PSoC4/isr_1.c **** *   before the component has been started use isr_1_StartEx instead.
 166:.\Generated_Source\PSoC4/isr_1.c **** *
 167:.\Generated_Source\PSoC4/isr_1.c **** * Parameters:
 168:.\Generated_Source\PSoC4/isr_1.c **** *   address: Address of the ISR to set in the interrupt vector table.
 169:.\Generated_Source\PSoC4/isr_1.c **** *
 170:.\Generated_Source\PSoC4/isr_1.c **** * Return:
 171:.\Generated_Source\PSoC4/isr_1.c **** *   None
 172:.\Generated_Source\PSoC4/isr_1.c **** *
 173:.\Generated_Source\PSoC4/isr_1.c **** *******************************************************************************/
 174:.\Generated_Source\PSoC4/isr_1.c **** void isr_1_SetVector(cyisraddress address)
 175:.\Generated_Source\PSoC4/isr_1.c **** {
 184              		.loc 1 175 0
 185              		.cfi_startproc
 186 0000 80B5     		push	{r7, lr}
 187              	.LCFI9:
 188              		.cfi_def_cfa_offset 8
 189              		.cfi_offset 7, -8
 190              		.cfi_offset 14, -4
 191 0002 82B0     		sub	sp, sp, #8
 192              	.LCFI10:
 193              		.cfi_def_cfa_offset 16
 194 0004 00AF     		add	r7, sp, #0
 195              	.LCFI11:
 196              		.cfi_def_cfa_register 7
 197 0006 7860     		str	r0, [r7, #4]
 176:.\Generated_Source\PSoC4/isr_1.c ****     CyRamVectors[CYINT_IRQ_BASE + isr_1__INTC_NUMBER] = address;
 198              		.loc 1 176 0
 199 0008 024B     		ldr	r3, .L13
 200 000a 7A68     		ldr	r2, [r7, #4]
 201 000c 1A64     		str	r2, [r3, #64]
 177:.\Generated_Source\PSoC4/isr_1.c **** }
 202              		.loc 1 177 0
 203 000e BD46     		mov	sp, r7
 204 0010 02B0     		add	sp, sp, #8
 205              		@ sp needed for prologue
 206 0012 80BD     		pop	{r7, pc}
 207              	.L14:
 208              		.align	2
 209              	.L13:
 210 0014 00000000 		.word	CyRamVectors
 211              		.cfi_endproc
 212              	.LFE4:
 213              		.size	isr_1_SetVector, .-isr_1_SetVector
 214              		.section	.text.isr_1_GetVector,"ax",%progbits
 215              		.align	2
 216              		.global	isr_1_GetVector
 217              		.code	16
 218              		.thumb_func
 219              		.type	isr_1_GetVector, %function
 220              	isr_1_GetVector:
 221              	.LFB5:
 178:.\Generated_Source\PSoC4/isr_1.c **** 
ARM GAS  C:\Users\X0217454\AppData\Local\Temp\ccM0BSSN.s 			page 8


 179:.\Generated_Source\PSoC4/isr_1.c **** 
 180:.\Generated_Source\PSoC4/isr_1.c **** /*******************************************************************************
 181:.\Generated_Source\PSoC4/isr_1.c **** * Function Name: isr_1_GetVector
 182:.\Generated_Source\PSoC4/isr_1.c **** ********************************************************************************
 183:.\Generated_Source\PSoC4/isr_1.c **** *
 184:.\Generated_Source\PSoC4/isr_1.c **** * Summary:
 185:.\Generated_Source\PSoC4/isr_1.c **** *   Gets the "address" of the current ISR vector for the Interrupt.
 186:.\Generated_Source\PSoC4/isr_1.c **** *
 187:.\Generated_Source\PSoC4/isr_1.c **** * Parameters:
 188:.\Generated_Source\PSoC4/isr_1.c **** *   None
 189:.\Generated_Source\PSoC4/isr_1.c **** *
 190:.\Generated_Source\PSoC4/isr_1.c **** * Return:
 191:.\Generated_Source\PSoC4/isr_1.c **** *   Address of the ISR in the interrupt vector table.
 192:.\Generated_Source\PSoC4/isr_1.c **** *
 193:.\Generated_Source\PSoC4/isr_1.c **** *******************************************************************************/
 194:.\Generated_Source\PSoC4/isr_1.c **** cyisraddress isr_1_GetVector(void)
 195:.\Generated_Source\PSoC4/isr_1.c **** {
 222              		.loc 1 195 0
 223              		.cfi_startproc
 224 0000 80B5     		push	{r7, lr}
 225              	.LCFI12:
 226              		.cfi_def_cfa_offset 8
 227              		.cfi_offset 7, -8
 228              		.cfi_offset 14, -4
 229 0002 00AF     		add	r7, sp, #0
 230              	.LCFI13:
 231              		.cfi_def_cfa_register 7
 196:.\Generated_Source\PSoC4/isr_1.c ****     return CyRamVectors[CYINT_IRQ_BASE + isr_1__INTC_NUMBER];
 232              		.loc 1 196 0
 233 0004 024B     		ldr	r3, .L17
 234 0006 1B6C     		ldr	r3, [r3, #64]
 197:.\Generated_Source\PSoC4/isr_1.c **** }
 235              		.loc 1 197 0
 236 0008 181C     		mov	r0, r3
 237 000a BD46     		mov	sp, r7
 238              		@ sp needed for prologue
 239 000c 80BD     		pop	{r7, pc}
 240              	.L18:
 241 000e C046     		.align	2
 242              	.L17:
 243 0010 00000000 		.word	CyRamVectors
 244              		.cfi_endproc
 245              	.LFE5:
 246              		.size	isr_1_GetVector, .-isr_1_GetVector
 247              		.section	.text.isr_1_SetPriority,"ax",%progbits
 248              		.align	2
 249              		.global	isr_1_SetPriority
 250              		.code	16
 251              		.thumb_func
 252              		.type	isr_1_SetPriority, %function
 253              	isr_1_SetPriority:
 254              	.LFB6:
 198:.\Generated_Source\PSoC4/isr_1.c **** 
 199:.\Generated_Source\PSoC4/isr_1.c **** 
 200:.\Generated_Source\PSoC4/isr_1.c **** /*******************************************************************************
 201:.\Generated_Source\PSoC4/isr_1.c **** * Function Name: isr_1_SetPriority
 202:.\Generated_Source\PSoC4/isr_1.c **** ********************************************************************************
ARM GAS  C:\Users\X0217454\AppData\Local\Temp\ccM0BSSN.s 			page 9


 203:.\Generated_Source\PSoC4/isr_1.c **** *
 204:.\Generated_Source\PSoC4/isr_1.c **** * Summary:
 205:.\Generated_Source\PSoC4/isr_1.c **** *   Sets the Priority of the Interrupt. Note calling isr_1_Start
 206:.\Generated_Source\PSoC4/isr_1.c **** *   or isr_1_StartEx will override any effect this method would 
 207:.\Generated_Source\PSoC4/isr_1.c **** *   have had. This method should only be called after isr_1_Start or 
 208:.\Generated_Source\PSoC4/isr_1.c **** *   isr_1_StartEx has been called. To set the initial
 209:.\Generated_Source\PSoC4/isr_1.c **** *   priority for the component use the cydwr file in the tool.
 210:.\Generated_Source\PSoC4/isr_1.c **** *
 211:.\Generated_Source\PSoC4/isr_1.c **** * Parameters:
 212:.\Generated_Source\PSoC4/isr_1.c **** *   priority: Priority of the interrupt. 0 - 3, 0 being the highest.
 213:.\Generated_Source\PSoC4/isr_1.c **** *
 214:.\Generated_Source\PSoC4/isr_1.c **** * Return:
 215:.\Generated_Source\PSoC4/isr_1.c **** *   None
 216:.\Generated_Source\PSoC4/isr_1.c **** *
 217:.\Generated_Source\PSoC4/isr_1.c **** *******************************************************************************/
 218:.\Generated_Source\PSoC4/isr_1.c **** void isr_1_SetPriority(uint8 priority)
 219:.\Generated_Source\PSoC4/isr_1.c **** {
 255              		.loc 1 219 0
 256              		.cfi_startproc
 257 0000 90B5     		push	{r4, r7, lr}
 258              	.LCFI14:
 259              		.cfi_def_cfa_offset 12
 260              		.cfi_offset 4, -12
 261              		.cfi_offset 7, -8
 262              		.cfi_offset 14, -4
 263 0002 85B0     		sub	sp, sp, #20
 264              	.LCFI15:
 265              		.cfi_def_cfa_offset 32
 266 0004 00AF     		add	r7, sp, #0
 267              	.LCFI16:
 268              		.cfi_def_cfa_register 7
 269 0006 021C     		mov	r2, r0
 270 0008 FB1D     		add	r3, r7, #7
 271 000a 1A70     		strb	r2, [r3]
 220:.\Generated_Source\PSoC4/isr_1.c **** 	uint8 interruptState;
 221:.\Generated_Source\PSoC4/isr_1.c ****     uint32 priorityOffset = ((isr_1__INTC_NUMBER % 4u) * 8u) + 6u;
 272              		.loc 1 221 0
 273 000c 0623     		mov	r3, #6
 274 000e FB60     		str	r3, [r7, #12]
 222:.\Generated_Source\PSoC4/isr_1.c ****     
 223:.\Generated_Source\PSoC4/isr_1.c **** 	interruptState = CyEnterCriticalSection();
 275              		.loc 1 223 0
 276 0010 3C1C     		mov	r4, r7
 277 0012 0B34     		add	r4, r4, #11
 278 0014 FFF7FEFF 		bl	CyEnterCriticalSection
 279 0018 031C     		mov	r3, r0
 280 001a 2370     		strb	r3, [r4]
 224:.\Generated_Source\PSoC4/isr_1.c ****     *isr_1_INTC_PRIOR = (*isr_1_INTC_PRIOR & (uint32)(~isr_1__INTC_PRIOR_MASK)) |
 281              		.loc 1 224 0
 282 001c 0B4B     		ldr	r3, .L20
 283 001e 0B4A     		ldr	r2, .L20
 284 0020 1268     		ldr	r2, [r2]
 285 0022 C021     		mov	r1, #192
 286 0024 101C     		mov	r0, r2
 287 0026 8843     		bic	r0, r1
 288 0028 011C     		mov	r1, r0
 225:.\Generated_Source\PSoC4/isr_1.c ****                                     ((uint32)priority << priorityOffset);
ARM GAS  C:\Users\X0217454\AppData\Local\Temp\ccM0BSSN.s 			page 10


 289              		.loc 1 225 0
 290 002a FA1D     		add	r2, r7, #7
 291 002c 1078     		ldrb	r0, [r2]
 292 002e FA68     		ldr	r2, [r7, #12]
 293 0030 041C     		mov	r4, r0
 294 0032 9440     		lsl	r4, r4, r2
 295 0034 221C     		mov	r2, r4
 224:.\Generated_Source\PSoC4/isr_1.c ****     *isr_1_INTC_PRIOR = (*isr_1_INTC_PRIOR & (uint32)(~isr_1__INTC_PRIOR_MASK)) |
 296              		.loc 1 224 0
 297 0036 0A43     		orr	r2, r1
 298 0038 1A60     		str	r2, [r3]
 226:.\Generated_Source\PSoC4/isr_1.c **** 	CyExitCriticalSection(interruptState);
 299              		.loc 1 226 0
 300 003a 3B1C     		mov	r3, r7
 301 003c 0B33     		add	r3, r3, #11
 302 003e 1B78     		ldrb	r3, [r3]
 303 0040 181C     		mov	r0, r3
 304 0042 FFF7FEFF 		bl	CyExitCriticalSection
 227:.\Generated_Source\PSoC4/isr_1.c **** }
 305              		.loc 1 227 0
 306 0046 BD46     		mov	sp, r7
 307 0048 05B0     		add	sp, sp, #20
 308              		@ sp needed for prologue
 309 004a 90BD     		pop	{r4, r7, pc}
 310              	.L21:
 311              		.align	2
 312              	.L20:
 313 004c 00E400E0 		.word	-536812544
 314              		.cfi_endproc
 315              	.LFE6:
 316              		.size	isr_1_SetPriority, .-isr_1_SetPriority
 317              		.section	.text.isr_1_GetPriority,"ax",%progbits
 318              		.align	2
 319              		.global	isr_1_GetPriority
 320              		.code	16
 321              		.thumb_func
 322              		.type	isr_1_GetPriority, %function
 323              	isr_1_GetPriority:
 324              	.LFB7:
 228:.\Generated_Source\PSoC4/isr_1.c **** 
 229:.\Generated_Source\PSoC4/isr_1.c **** 
 230:.\Generated_Source\PSoC4/isr_1.c **** /*******************************************************************************
 231:.\Generated_Source\PSoC4/isr_1.c **** * Function Name: isr_1_GetPriority
 232:.\Generated_Source\PSoC4/isr_1.c **** ********************************************************************************
 233:.\Generated_Source\PSoC4/isr_1.c **** *
 234:.\Generated_Source\PSoC4/isr_1.c **** * Summary:
 235:.\Generated_Source\PSoC4/isr_1.c **** *   Gets the Priority of the Interrupt.
 236:.\Generated_Source\PSoC4/isr_1.c **** *
 237:.\Generated_Source\PSoC4/isr_1.c **** * Parameters:
 238:.\Generated_Source\PSoC4/isr_1.c **** *   None
 239:.\Generated_Source\PSoC4/isr_1.c **** *
 240:.\Generated_Source\PSoC4/isr_1.c **** * Return:
 241:.\Generated_Source\PSoC4/isr_1.c **** *   Priority of the interrupt. 0 - 3, 0 being the highest.
 242:.\Generated_Source\PSoC4/isr_1.c **** *
 243:.\Generated_Source\PSoC4/isr_1.c **** *******************************************************************************/
 244:.\Generated_Source\PSoC4/isr_1.c **** uint8 isr_1_GetPriority(void)
 245:.\Generated_Source\PSoC4/isr_1.c **** {
ARM GAS  C:\Users\X0217454\AppData\Local\Temp\ccM0BSSN.s 			page 11


 325              		.loc 1 245 0
 326              		.cfi_startproc
 327 0000 80B5     		push	{r7, lr}
 328              	.LCFI17:
 329              		.cfi_def_cfa_offset 8
 330              		.cfi_offset 7, -8
 331              		.cfi_offset 14, -4
 332 0002 82B0     		sub	sp, sp, #8
 333              	.LCFI18:
 334              		.cfi_def_cfa_offset 16
 335 0004 00AF     		add	r7, sp, #0
 336              	.LCFI19:
 337              		.cfi_def_cfa_register 7
 246:.\Generated_Source\PSoC4/isr_1.c ****     uint32 priority;
 247:.\Generated_Source\PSoC4/isr_1.c **** 	uint32 priorityOffset = ((isr_1__INTC_NUMBER % 4u) * 8u) + 6u;
 338              		.loc 1 247 0
 339 0006 0623     		mov	r3, #6
 340 0008 7B60     		str	r3, [r7, #4]
 248:.\Generated_Source\PSoC4/isr_1.c **** 
 249:.\Generated_Source\PSoC4/isr_1.c ****     priority = (*isr_1_INTC_PRIOR & isr_1__INTC_PRIOR_MASK) >> priorityOffset;
 341              		.loc 1 249 0
 342 000a 074B     		ldr	r3, .L24
 343 000c 1A68     		ldr	r2, [r3]
 344 000e C023     		mov	r3, #192
 345 0010 1A40     		and	r2, r3
 346 0012 7B68     		ldr	r3, [r7, #4]
 347 0014 111C     		mov	r1, r2
 348 0016 D940     		lsr	r1, r1, r3
 349 0018 0B1C     		mov	r3, r1
 350 001a 3B60     		str	r3, [r7]
 250:.\Generated_Source\PSoC4/isr_1.c **** 
 251:.\Generated_Source\PSoC4/isr_1.c ****     return (uint8)priority;
 351              		.loc 1 251 0
 352 001c 3B68     		ldr	r3, [r7]
 353 001e DBB2     		uxtb	r3, r3
 252:.\Generated_Source\PSoC4/isr_1.c **** }
 354              		.loc 1 252 0
 355 0020 181C     		mov	r0, r3
 356 0022 BD46     		mov	sp, r7
 357 0024 02B0     		add	sp, sp, #8
 358              		@ sp needed for prologue
 359 0026 80BD     		pop	{r7, pc}
 360              	.L25:
 361              		.align	2
 362              	.L24:
 363 0028 00E400E0 		.word	-536812544
 364              		.cfi_endproc
 365              	.LFE7:
 366              		.size	isr_1_GetPriority, .-isr_1_GetPriority
 367              		.section	.text.isr_1_Enable,"ax",%progbits
 368              		.align	2
 369              		.global	isr_1_Enable
 370              		.code	16
 371              		.thumb_func
 372              		.type	isr_1_Enable, %function
 373              	isr_1_Enable:
 374              	.LFB8:
ARM GAS  C:\Users\X0217454\AppData\Local\Temp\ccM0BSSN.s 			page 12


 253:.\Generated_Source\PSoC4/isr_1.c **** 
 254:.\Generated_Source\PSoC4/isr_1.c **** 
 255:.\Generated_Source\PSoC4/isr_1.c **** /*******************************************************************************
 256:.\Generated_Source\PSoC4/isr_1.c **** * Function Name: isr_1_Enable
 257:.\Generated_Source\PSoC4/isr_1.c **** ********************************************************************************
 258:.\Generated_Source\PSoC4/isr_1.c **** *
 259:.\Generated_Source\PSoC4/isr_1.c **** * Summary:
 260:.\Generated_Source\PSoC4/isr_1.c **** *   Enables the interrupt.
 261:.\Generated_Source\PSoC4/isr_1.c **** *
 262:.\Generated_Source\PSoC4/isr_1.c **** * Parameters:
 263:.\Generated_Source\PSoC4/isr_1.c **** *   None
 264:.\Generated_Source\PSoC4/isr_1.c **** *
 265:.\Generated_Source\PSoC4/isr_1.c **** * Return:
 266:.\Generated_Source\PSoC4/isr_1.c **** *   None
 267:.\Generated_Source\PSoC4/isr_1.c **** *
 268:.\Generated_Source\PSoC4/isr_1.c **** *******************************************************************************/
 269:.\Generated_Source\PSoC4/isr_1.c **** void isr_1_Enable(void)
 270:.\Generated_Source\PSoC4/isr_1.c **** {
 375              		.loc 1 270 0
 376              		.cfi_startproc
 377 0000 80B5     		push	{r7, lr}
 378              	.LCFI20:
 379              		.cfi_def_cfa_offset 8
 380              		.cfi_offset 7, -8
 381              		.cfi_offset 14, -4
 382 0002 00AF     		add	r7, sp, #0
 383              	.LCFI21:
 384              		.cfi_def_cfa_register 7
 271:.\Generated_Source\PSoC4/isr_1.c ****     /* Enable the general interrupt. */
 272:.\Generated_Source\PSoC4/isr_1.c ****     *isr_1_INTC_SET_EN = isr_1__INTC_MASK;
 385              		.loc 1 272 0
 386 0004 024B     		ldr	r3, .L27
 387 0006 0122     		mov	r2, #1
 388 0008 1A60     		str	r2, [r3]
 273:.\Generated_Source\PSoC4/isr_1.c **** }
 389              		.loc 1 273 0
 390 000a BD46     		mov	sp, r7
 391              		@ sp needed for prologue
 392 000c 80BD     		pop	{r7, pc}
 393              	.L28:
 394 000e C046     		.align	2
 395              	.L27:
 396 0010 00E100E0 		.word	-536813312
 397              		.cfi_endproc
 398              	.LFE8:
 399              		.size	isr_1_Enable, .-isr_1_Enable
 400              		.section	.text.isr_1_GetState,"ax",%progbits
 401              		.align	2
 402              		.global	isr_1_GetState
 403              		.code	16
 404              		.thumb_func
 405              		.type	isr_1_GetState, %function
 406              	isr_1_GetState:
 407              	.LFB9:
 274:.\Generated_Source\PSoC4/isr_1.c **** 
 275:.\Generated_Source\PSoC4/isr_1.c **** 
 276:.\Generated_Source\PSoC4/isr_1.c **** /*******************************************************************************
ARM GAS  C:\Users\X0217454\AppData\Local\Temp\ccM0BSSN.s 			page 13


 277:.\Generated_Source\PSoC4/isr_1.c **** * Function Name: isr_1_GetState
 278:.\Generated_Source\PSoC4/isr_1.c **** ********************************************************************************
 279:.\Generated_Source\PSoC4/isr_1.c **** *
 280:.\Generated_Source\PSoC4/isr_1.c **** * Summary:
 281:.\Generated_Source\PSoC4/isr_1.c **** *   Gets the state (enabled, disabled) of the Interrupt.
 282:.\Generated_Source\PSoC4/isr_1.c **** *
 283:.\Generated_Source\PSoC4/isr_1.c **** * Parameters:
 284:.\Generated_Source\PSoC4/isr_1.c **** *   None
 285:.\Generated_Source\PSoC4/isr_1.c **** *
 286:.\Generated_Source\PSoC4/isr_1.c **** * Return:
 287:.\Generated_Source\PSoC4/isr_1.c **** *   1 if enabled, 0 if disabled.
 288:.\Generated_Source\PSoC4/isr_1.c **** *
 289:.\Generated_Source\PSoC4/isr_1.c **** *******************************************************************************/
 290:.\Generated_Source\PSoC4/isr_1.c **** uint8 isr_1_GetState(void)
 291:.\Generated_Source\PSoC4/isr_1.c **** {
 408              		.loc 1 291 0
 409              		.cfi_startproc
 410 0000 80B5     		push	{r7, lr}
 411              	.LCFI22:
 412              		.cfi_def_cfa_offset 8
 413              		.cfi_offset 7, -8
 414              		.cfi_offset 14, -4
 415 0002 00AF     		add	r7, sp, #0
 416              	.LCFI23:
 417              		.cfi_def_cfa_register 7
 292:.\Generated_Source\PSoC4/isr_1.c ****     /* Get the state of the general interrupt. */
 293:.\Generated_Source\PSoC4/isr_1.c ****     return ((*isr_1_INTC_SET_EN & (uint32)isr_1__INTC_MASK) != 0u) ? 1u:0u;
 418              		.loc 1 293 0
 419 0004 044B     		ldr	r3, .L31
 420 0006 1B68     		ldr	r3, [r3]
 421 0008 DAB2     		uxtb	r2, r3
 422 000a 0123     		mov	r3, #1
 423 000c 1340     		and	r3, r2
 424 000e DBB2     		uxtb	r3, r3
 294:.\Generated_Source\PSoC4/isr_1.c **** }
 425              		.loc 1 294 0
 426 0010 181C     		mov	r0, r3
 427 0012 BD46     		mov	sp, r7
 428              		@ sp needed for prologue
 429 0014 80BD     		pop	{r7, pc}
 430              	.L32:
 431 0016 C046     		.align	2
 432              	.L31:
 433 0018 00E100E0 		.word	-536813312
 434              		.cfi_endproc
 435              	.LFE9:
 436              		.size	isr_1_GetState, .-isr_1_GetState
 437              		.section	.text.isr_1_Disable,"ax",%progbits
 438              		.align	2
 439              		.global	isr_1_Disable
 440              		.code	16
 441              		.thumb_func
 442              		.type	isr_1_Disable, %function
 443              	isr_1_Disable:
 444              	.LFB10:
 295:.\Generated_Source\PSoC4/isr_1.c **** 
 296:.\Generated_Source\PSoC4/isr_1.c **** 
ARM GAS  C:\Users\X0217454\AppData\Local\Temp\ccM0BSSN.s 			page 14


 297:.\Generated_Source\PSoC4/isr_1.c **** /*******************************************************************************
 298:.\Generated_Source\PSoC4/isr_1.c **** * Function Name: isr_1_Disable
 299:.\Generated_Source\PSoC4/isr_1.c **** ********************************************************************************
 300:.\Generated_Source\PSoC4/isr_1.c **** *
 301:.\Generated_Source\PSoC4/isr_1.c **** * Summary:
 302:.\Generated_Source\PSoC4/isr_1.c **** *   Disables the Interrupt.
 303:.\Generated_Source\PSoC4/isr_1.c **** *
 304:.\Generated_Source\PSoC4/isr_1.c **** * Parameters:
 305:.\Generated_Source\PSoC4/isr_1.c **** *   None
 306:.\Generated_Source\PSoC4/isr_1.c **** *
 307:.\Generated_Source\PSoC4/isr_1.c **** * Return:
 308:.\Generated_Source\PSoC4/isr_1.c **** *   None
 309:.\Generated_Source\PSoC4/isr_1.c **** *
 310:.\Generated_Source\PSoC4/isr_1.c **** *******************************************************************************/
 311:.\Generated_Source\PSoC4/isr_1.c **** void isr_1_Disable(void)
 312:.\Generated_Source\PSoC4/isr_1.c **** {
 445              		.loc 1 312 0
 446              		.cfi_startproc
 447 0000 80B5     		push	{r7, lr}
 448              	.LCFI24:
 449              		.cfi_def_cfa_offset 8
 450              		.cfi_offset 7, -8
 451              		.cfi_offset 14, -4
 452 0002 00AF     		add	r7, sp, #0
 453              	.LCFI25:
 454              		.cfi_def_cfa_register 7
 313:.\Generated_Source\PSoC4/isr_1.c ****     /* Disable the general interrupt. */
 314:.\Generated_Source\PSoC4/isr_1.c ****     *isr_1_INTC_CLR_EN = isr_1__INTC_MASK;
 455              		.loc 1 314 0
 456 0004 024B     		ldr	r3, .L34
 457 0006 0122     		mov	r2, #1
 458 0008 1A60     		str	r2, [r3]
 315:.\Generated_Source\PSoC4/isr_1.c **** }
 459              		.loc 1 315 0
 460 000a BD46     		mov	sp, r7
 461              		@ sp needed for prologue
 462 000c 80BD     		pop	{r7, pc}
 463              	.L35:
 464 000e C046     		.align	2
 465              	.L34:
 466 0010 80E100E0 		.word	-536813184
 467              		.cfi_endproc
 468              	.LFE10:
 469              		.size	isr_1_Disable, .-isr_1_Disable
 470              		.section	.text.isr_1_SetPending,"ax",%progbits
 471              		.align	2
 472              		.global	isr_1_SetPending
 473              		.code	16
 474              		.thumb_func
 475              		.type	isr_1_SetPending, %function
 476              	isr_1_SetPending:
 477              	.LFB11:
 316:.\Generated_Source\PSoC4/isr_1.c **** 
 317:.\Generated_Source\PSoC4/isr_1.c **** 
 318:.\Generated_Source\PSoC4/isr_1.c **** /*******************************************************************************
 319:.\Generated_Source\PSoC4/isr_1.c **** * Function Name: isr_1_SetPending
 320:.\Generated_Source\PSoC4/isr_1.c **** ********************************************************************************
ARM GAS  C:\Users\X0217454\AppData\Local\Temp\ccM0BSSN.s 			page 15


 321:.\Generated_Source\PSoC4/isr_1.c **** *
 322:.\Generated_Source\PSoC4/isr_1.c **** * Summary:
 323:.\Generated_Source\PSoC4/isr_1.c **** *   Causes the Interrupt to enter the pending state, a software method of
 324:.\Generated_Source\PSoC4/isr_1.c **** *   generating the interrupt.
 325:.\Generated_Source\PSoC4/isr_1.c **** *
 326:.\Generated_Source\PSoC4/isr_1.c **** * Parameters:
 327:.\Generated_Source\PSoC4/isr_1.c **** *   None
 328:.\Generated_Source\PSoC4/isr_1.c **** *
 329:.\Generated_Source\PSoC4/isr_1.c **** * Return:
 330:.\Generated_Source\PSoC4/isr_1.c **** *   None
 331:.\Generated_Source\PSoC4/isr_1.c **** *
 332:.\Generated_Source\PSoC4/isr_1.c **** *******************************************************************************/
 333:.\Generated_Source\PSoC4/isr_1.c **** void isr_1_SetPending(void)
 334:.\Generated_Source\PSoC4/isr_1.c **** {
 478              		.loc 1 334 0
 479              		.cfi_startproc
 480 0000 80B5     		push	{r7, lr}
 481              	.LCFI26:
 482              		.cfi_def_cfa_offset 8
 483              		.cfi_offset 7, -8
 484              		.cfi_offset 14, -4
 485 0002 00AF     		add	r7, sp, #0
 486              	.LCFI27:
 487              		.cfi_def_cfa_register 7
 335:.\Generated_Source\PSoC4/isr_1.c ****     *isr_1_INTC_SET_PD = isr_1__INTC_MASK;
 488              		.loc 1 335 0
 489 0004 024B     		ldr	r3, .L37
 490 0006 0122     		mov	r2, #1
 491 0008 1A60     		str	r2, [r3]
 336:.\Generated_Source\PSoC4/isr_1.c **** }
 492              		.loc 1 336 0
 493 000a BD46     		mov	sp, r7
 494              		@ sp needed for prologue
 495 000c 80BD     		pop	{r7, pc}
 496              	.L38:
 497 000e C046     		.align	2
 498              	.L37:
 499 0010 00E200E0 		.word	-536813056
 500              		.cfi_endproc
 501              	.LFE11:
 502              		.size	isr_1_SetPending, .-isr_1_SetPending
 503              		.section	.text.isr_1_ClearPending,"ax",%progbits
 504              		.align	2
 505              		.global	isr_1_ClearPending
 506              		.code	16
 507              		.thumb_func
 508              		.type	isr_1_ClearPending, %function
 509              	isr_1_ClearPending:
 510              	.LFB12:
 337:.\Generated_Source\PSoC4/isr_1.c **** 
 338:.\Generated_Source\PSoC4/isr_1.c **** 
 339:.\Generated_Source\PSoC4/isr_1.c **** /*******************************************************************************
 340:.\Generated_Source\PSoC4/isr_1.c **** * Function Name: isr_1_ClearPending
 341:.\Generated_Source\PSoC4/isr_1.c **** ********************************************************************************
 342:.\Generated_Source\PSoC4/isr_1.c **** *
 343:.\Generated_Source\PSoC4/isr_1.c **** * Summary:
 344:.\Generated_Source\PSoC4/isr_1.c **** *   Clears a pending interrupt.
ARM GAS  C:\Users\X0217454\AppData\Local\Temp\ccM0BSSN.s 			page 16


 345:.\Generated_Source\PSoC4/isr_1.c **** *
 346:.\Generated_Source\PSoC4/isr_1.c **** * Parameters:
 347:.\Generated_Source\PSoC4/isr_1.c **** *   None
 348:.\Generated_Source\PSoC4/isr_1.c **** *
 349:.\Generated_Source\PSoC4/isr_1.c **** * Return:
 350:.\Generated_Source\PSoC4/isr_1.c **** *   None
 351:.\Generated_Source\PSoC4/isr_1.c **** *
 352:.\Generated_Source\PSoC4/isr_1.c **** *******************************************************************************/
 353:.\Generated_Source\PSoC4/isr_1.c **** void isr_1_ClearPending(void)
 354:.\Generated_Source\PSoC4/isr_1.c **** {
 511              		.loc 1 354 0
 512              		.cfi_startproc
 513 0000 80B5     		push	{r7, lr}
 514              	.LCFI28:
 515              		.cfi_def_cfa_offset 8
 516              		.cfi_offset 7, -8
 517              		.cfi_offset 14, -4
 518 0002 00AF     		add	r7, sp, #0
 519              	.LCFI29:
 520              		.cfi_def_cfa_register 7
 355:.\Generated_Source\PSoC4/isr_1.c ****     *isr_1_INTC_CLR_PD = isr_1__INTC_MASK;
 521              		.loc 1 355 0
 522 0004 024B     		ldr	r3, .L40
 523 0006 0122     		mov	r2, #1
 524 0008 1A60     		str	r2, [r3]
 356:.\Generated_Source\PSoC4/isr_1.c **** }
 525              		.loc 1 356 0
 526 000a BD46     		mov	sp, r7
 527              		@ sp needed for prologue
 528 000c 80BD     		pop	{r7, pc}
 529              	.L41:
 530 000e C046     		.align	2
 531              	.L40:
 532 0010 80E200E0 		.word	-536812928
 533              		.cfi_endproc
 534              	.LFE12:
 535              		.size	isr_1_ClearPending, .-isr_1_ClearPending
 536              		.text
 537              	.Letext0:
 538              		.file 2 "./Generated_Source/PSoC4/cytypes.h"
 539              		.file 3 "..\\..\\../board.h"
 540              		.section	.debug_info,"",%progbits
 541              	.Ldebug_info0:
 542 0000 B0020000 		.4byte	0x2b0
 543 0004 0200     		.2byte	0x2
 544 0006 00000000 		.4byte	.Ldebug_abbrev0
 545 000a 04       		.byte	0x4
 546 000b 01       		.uleb128 0x1
 547 000c 20020000 		.4byte	.LASF36
 548 0010 01       		.byte	0x1
 549 0011 43010000 		.4byte	.LASF37
 550 0015 72010000 		.4byte	.LASF38
 551 0019 00000000 		.4byte	.Ldebug_ranges0+0
 552 001d 00000000 		.4byte	0
 553 0021 00000000 		.4byte	0
 554 0025 00000000 		.4byte	.Ldebug_line0
 555 0029 02       		.uleb128 0x2
ARM GAS  C:\Users\X0217454\AppData\Local\Temp\ccM0BSSN.s 			page 17


 556 002a 01       		.byte	0x1
 557 002b 06       		.byte	0x6
 558 002c 91020000 		.4byte	.LASF0
 559 0030 02       		.uleb128 0x2
 560 0031 01       		.byte	0x1
 561 0032 08       		.byte	0x8
 562 0033 A3000000 		.4byte	.LASF1
 563 0037 02       		.uleb128 0x2
 564 0038 02       		.byte	0x2
 565 0039 05       		.byte	0x5
 566 003a 06020000 		.4byte	.LASF2
 567 003e 02       		.uleb128 0x2
 568 003f 02       		.byte	0x2
 569 0040 07       		.byte	0x7
 570 0041 78000000 		.4byte	.LASF3
 571 0045 02       		.uleb128 0x2
 572 0046 04       		.byte	0x4
 573 0047 05       		.byte	0x5
 574 0048 88020000 		.4byte	.LASF4
 575 004c 02       		.uleb128 0x2
 576 004d 04       		.byte	0x4
 577 004e 07       		.byte	0x7
 578 004f C0000000 		.4byte	.LASF5
 579 0053 02       		.uleb128 0x2
 580 0054 08       		.byte	0x8
 581 0055 05       		.byte	0x5
 582 0056 64010000 		.4byte	.LASF6
 583 005a 02       		.uleb128 0x2
 584 005b 08       		.byte	0x8
 585 005c 07       		.byte	0x7
 586 005d 16010000 		.4byte	.LASF7
 587 0061 03       		.uleb128 0x3
 588 0062 04       		.byte	0x4
 589 0063 05       		.byte	0x5
 590 0064 696E7400 		.ascii	"int\000"
 591 0068 02       		.uleb128 0x2
 592 0069 04       		.byte	0x4
 593 006a 07       		.byte	0x7
 594 006b 01010000 		.4byte	.LASF8
 595 006f 04       		.uleb128 0x4
 596 0070 D2000000 		.4byte	.LASF9
 597 0074 02       		.byte	0x2
 598 0075 5B       		.byte	0x5b
 599 0076 30000000 		.4byte	0x30
 600 007a 04       		.uleb128 0x4
 601 007b FA000000 		.4byte	.LASF10
 602 007f 02       		.byte	0x2
 603 0080 5D       		.byte	0x5d
 604 0081 4C000000 		.4byte	0x4c
 605 0085 02       		.uleb128 0x2
 606 0086 04       		.byte	0x4
 607 0087 04       		.byte	0x4
 608 0088 9D000000 		.4byte	.LASF11
 609 008c 02       		.uleb128 0x2
 610 008d 08       		.byte	0x8
 611 008e 04       		.byte	0x4
 612 008f E1000000 		.4byte	.LASF12
ARM GAS  C:\Users\X0217454\AppData\Local\Temp\ccM0BSSN.s 			page 18


 613 0093 02       		.uleb128 0x2
 614 0094 01       		.byte	0x1
 615 0095 08       		.byte	0x8
 616 0096 01020000 		.4byte	.LASF13
 617 009a 04       		.uleb128 0x4
 618 009b 13000000 		.4byte	.LASF14
 619 009f 02       		.byte	0x2
 620 00a0 F2       		.byte	0xf2
 621 00a1 A5000000 		.4byte	0xa5
 622 00a5 05       		.uleb128 0x5
 623 00a6 7A000000 		.4byte	0x7a
 624 00aa 06       		.uleb128 0x6
 625 00ab 2D010000 		.4byte	.LASF15
 626 00af 02       		.byte	0x2
 627 00b0 0201     		.2byte	0x102
 628 00b2 B6000000 		.4byte	0xb6
 629 00b6 07       		.uleb128 0x7
 630 00b7 04       		.byte	0x4
 631 00b8 BC000000 		.4byte	0xbc
 632 00bc 08       		.uleb128 0x8
 633 00bd 01       		.byte	0x1
 634 00be 02       		.uleb128 0x2
 635 00bf 04       		.byte	0x4
 636 00c0 07       		.byte	0x7
 637 00c1 3A010000 		.4byte	.LASF16
 638 00c5 09       		.uleb128 0x9
 639 00c6 04       		.byte	0x4
 640 00c7 04       		.uleb128 0x4
 641 00c8 9D020000 		.4byte	.LASF17
 642 00cc 03       		.byte	0x3
 643 00cd 35       		.byte	0x35
 644 00ce D2000000 		.4byte	0xd2
 645 00d2 07       		.uleb128 0x7
 646 00d3 04       		.byte	0x4
 647 00d4 D8000000 		.4byte	0xd8
 648 00d8 0A       		.uleb128 0xa
 649 00d9 01       		.byte	0x1
 650 00da E4000000 		.4byte	0xe4
 651 00de 0B       		.uleb128 0xb
 652 00df C5000000 		.4byte	0xc5
 653 00e3 00       		.byte	0
 654 00e4 0C       		.uleb128 0xc
 655 00e5 01       		.byte	0x1
 656 00e6 6C000000 		.4byte	.LASF18
 657 00ea 01       		.byte	0x1
 658 00eb 37       		.byte	0x37
 659 00ec 01       		.byte	0x1
 660 00ed 00000000 		.4byte	.LFB0
 661 00f1 24000000 		.4byte	.LFE0
 662 00f5 00000000 		.4byte	.LLST0
 663 00f9 01       		.byte	0x1
 664 00fa 0D       		.uleb128 0xd
 665 00fb 01       		.byte	0x1
 666 00fc AD020000 		.4byte	.LASF21
 667 0100 01       		.byte	0x1
 668 0101 55       		.byte	0x55
 669 0102 01       		.byte	0x1
ARM GAS  C:\Users\X0217454\AppData\Local\Temp\ccM0BSSN.s 			page 19


 670 0103 00000000 		.4byte	.LFB1
 671 0107 24000000 		.4byte	.LFE1
 672 010b 2C000000 		.4byte	.LLST1
 673 010f 01       		.byte	0x1
 674 0110 23010000 		.4byte	0x123
 675 0114 0E       		.uleb128 0xe
 676 0115 0E010000 		.4byte	.LASF23
 677 0119 01       		.byte	0x1
 678 011a 55       		.byte	0x55
 679 011b AA000000 		.4byte	0xaa
 680 011f 02       		.byte	0x2
 681 0120 91       		.byte	0x91
 682 0121 74       		.sleb128 -12
 683 0122 00       		.byte	0
 684 0123 0C       		.uleb128 0xc
 685 0124 01       		.byte	0x1
 686 0125 61000000 		.4byte	.LASF19
 687 0129 01       		.byte	0x1
 688 012a 72       		.byte	0x72
 689 012b 01       		.byte	0x1
 690 012c 00000000 		.4byte	.LFB2
 691 0130 18000000 		.4byte	.LFE2
 692 0134 64000000 		.4byte	.LLST2
 693 0138 01       		.byte	0x1
 694 0139 0C       		.uleb128 0xc
 695 013a 01       		.byte	0x1
 696 013b 69020000 		.4byte	.LASF20
 697 013f 01       		.byte	0x1
 698 0140 8D       		.byte	0x8d
 699 0141 01       		.byte	0x1
 700 0142 00000000 		.4byte	.LFB3
 701 0146 20000000 		.4byte	.LFE3
 702 014a 90000000 		.4byte	.LLST3
 703 014e 01       		.byte	0x1
 704 014f 0F       		.uleb128 0xf
 705 0150 01       		.byte	0x1
 706 0151 CC020000 		.4byte	.LASF22
 707 0155 01       		.byte	0x1
 708 0156 AE       		.byte	0xae
 709 0157 01       		.byte	0x1
 710 0158 00000000 		.4byte	.LFB4
 711 015c 18000000 		.4byte	.LFE4
 712 0160 BC000000 		.4byte	.LLST4
 713 0164 01       		.byte	0x1
 714 0165 78010000 		.4byte	0x178
 715 0169 0E       		.uleb128 0xe
 716 016a 0E010000 		.4byte	.LASF23
 717 016e 01       		.byte	0x1
 718 016f AE       		.byte	0xae
 719 0170 AA000000 		.4byte	0xaa
 720 0174 02       		.byte	0x2
 721 0175 91       		.byte	0x91
 722 0176 74       		.sleb128 -12
 723 0177 00       		.byte	0
 724 0178 10       		.uleb128 0x10
 725 0179 01       		.byte	0x1
 726 017a 10020000 		.4byte	.LASF29
ARM GAS  C:\Users\X0217454\AppData\Local\Temp\ccM0BSSN.s 			page 20


 727 017e 01       		.byte	0x1
 728 017f C2       		.byte	0xc2
 729 0180 01       		.byte	0x1
 730 0181 AA000000 		.4byte	0xaa
 731 0185 00000000 		.4byte	.LFB5
 732 0189 14000000 		.4byte	.LFE5
 733 018d F4000000 		.4byte	.LLST5
 734 0191 01       		.byte	0x1
 735 0192 0D       		.uleb128 0xd
 736 0193 01       		.byte	0x1
 737 0194 E8000000 		.4byte	.LASF24
 738 0198 01       		.byte	0x1
 739 0199 DA       		.byte	0xda
 740 019a 01       		.byte	0x1
 741 019b 00000000 		.4byte	.LFB6
 742 019f 50000000 		.4byte	.LFE6
 743 01a3 20010000 		.4byte	.LLST6
 744 01a7 01       		.byte	0x1
 745 01a8 D7010000 		.4byte	0x1d7
 746 01ac 0E       		.uleb128 0xe
 747 01ad D8000000 		.4byte	.LASF25
 748 01b1 01       		.byte	0x1
 749 01b2 DA       		.byte	0xda
 750 01b3 6F000000 		.4byte	0x6f
 751 01b7 02       		.byte	0x2
 752 01b8 91       		.byte	0x91
 753 01b9 67       		.sleb128 -25
 754 01ba 11       		.uleb128 0x11
 755 01bb B1000000 		.4byte	.LASF26
 756 01bf 01       		.byte	0x1
 757 01c0 DC       		.byte	0xdc
 758 01c1 6F000000 		.4byte	0x6f
 759 01c5 02       		.byte	0x2
 760 01c6 91       		.byte	0x91
 761 01c7 6B       		.sleb128 -21
 762 01c8 11       		.uleb128 0x11
 763 01c9 79020000 		.4byte	.LASF27
 764 01cd 01       		.byte	0x1
 765 01ce DD       		.byte	0xdd
 766 01cf 7A000000 		.4byte	0x7a
 767 01d3 02       		.byte	0x2
 768 01d4 91       		.byte	0x91
 769 01d5 6C       		.sleb128 -20
 770 01d6 00       		.byte	0
 771 01d7 12       		.uleb128 0x12
 772 01d8 01       		.byte	0x1
 773 01d9 8B000000 		.4byte	.LASF39
 774 01dd 01       		.byte	0x1
 775 01de F4       		.byte	0xf4
 776 01df 01       		.byte	0x1
 777 01e0 6F000000 		.4byte	0x6f
 778 01e4 00000000 		.4byte	.LFB7
 779 01e8 2C000000 		.4byte	.LFE7
 780 01ec 58010000 		.4byte	.LLST7
 781 01f0 01       		.byte	0x1
 782 01f1 12020000 		.4byte	0x212
 783 01f5 11       		.uleb128 0x11
ARM GAS  C:\Users\X0217454\AppData\Local\Temp\ccM0BSSN.s 			page 21


 784 01f6 D8000000 		.4byte	.LASF25
 785 01fa 01       		.byte	0x1
 786 01fb F6       		.byte	0xf6
 787 01fc 7A000000 		.4byte	0x7a
 788 0200 02       		.byte	0x2
 789 0201 91       		.byte	0x91
 790 0202 70       		.sleb128 -16
 791 0203 11       		.uleb128 0x11
 792 0204 79020000 		.4byte	.LASF27
 793 0208 01       		.byte	0x1
 794 0209 F7       		.byte	0xf7
 795 020a 7A000000 		.4byte	0x7a
 796 020e 02       		.byte	0x2
 797 020f 91       		.byte	0x91
 798 0210 74       		.sleb128 -12
 799 0211 00       		.byte	0
 800 0212 13       		.uleb128 0x13
 801 0213 01       		.byte	0x1
 802 0214 2A000000 		.4byte	.LASF28
 803 0218 01       		.byte	0x1
 804 0219 0D01     		.2byte	0x10d
 805 021b 01       		.byte	0x1
 806 021c 00000000 		.4byte	.LFB8
 807 0220 14000000 		.4byte	.LFE8
 808 0224 90010000 		.4byte	.LLST8
 809 0228 01       		.byte	0x1
 810 0229 14       		.uleb128 0x14
 811 022a 01       		.byte	0x1
 812 022b 37000000 		.4byte	.LASF30
 813 022f 01       		.byte	0x1
 814 0230 2201     		.2byte	0x122
 815 0232 01       		.byte	0x1
 816 0233 6F000000 		.4byte	0x6f
 817 0237 00000000 		.4byte	.LFB9
 818 023b 1C000000 		.4byte	.LFE9
 819 023f BC010000 		.4byte	.LLST9
 820 0243 01       		.byte	0x1
 821 0244 13       		.uleb128 0x13
 822 0245 01       		.byte	0x1
 823 0246 53000000 		.4byte	.LASF31
 824 024a 01       		.byte	0x1
 825 024b 3701     		.2byte	0x137
 826 024d 01       		.byte	0x1
 827 024e 00000000 		.4byte	.LFB10
 828 0252 14000000 		.4byte	.LFE10
 829 0256 E8010000 		.4byte	.LLST10
 830 025a 01       		.byte	0x1
 831 025b 13       		.uleb128 0x13
 832 025c 01       		.byte	0x1
 833 025d 19000000 		.4byte	.LASF32
 834 0261 01       		.byte	0x1
 835 0262 4D01     		.2byte	0x14d
 836 0264 01       		.byte	0x1
 837 0265 00000000 		.4byte	.LFB11
 838 0269 14000000 		.4byte	.LFE11
 839 026d 14020000 		.4byte	.LLST11
 840 0271 01       		.byte	0x1
ARM GAS  C:\Users\X0217454\AppData\Local\Temp\ccM0BSSN.s 			page 22


 841 0272 13       		.uleb128 0x13
 842 0273 01       		.byte	0x1
 843 0274 00000000 		.4byte	.LASF33
 844 0278 01       		.byte	0x1
 845 0279 6101     		.2byte	0x161
 846 027b 01       		.byte	0x1
 847 027c 00000000 		.4byte	.LFB12
 848 0280 14000000 		.4byte	.LFE12
 849 0284 40020000 		.4byte	.LLST12
 850 0288 01       		.byte	0x1
 851 0289 15       		.uleb128 0x15
 852 028a BB020000 		.4byte	.LASF34
 853 028e 01       		.byte	0x1
 854 028f 1E       		.byte	0x1e
 855 0290 C7000000 		.4byte	0xc7
 856 0294 01       		.byte	0x1
 857 0295 01       		.byte	0x1
 858 0296 16       		.uleb128 0x16
 859 0297 AA000000 		.4byte	0xaa
 860 029b A6020000 		.4byte	0x2a6
 861 029f 17       		.uleb128 0x17
 862 02a0 BE000000 		.4byte	0xbe
 863 02a4 2F       		.byte	0x2f
 864 02a5 00       		.byte	0
 865 02a6 15       		.uleb128 0x15
 866 02a7 46000000 		.4byte	.LASF35
 867 02ab 01       		.byte	0x1
 868 02ac 23       		.byte	0x23
 869 02ad 96020000 		.4byte	0x296
 870 02b1 01       		.byte	0x1
 871 02b2 01       		.byte	0x1
 872 02b3 00       		.byte	0
 873              		.section	.debug_abbrev,"",%progbits
 874              	.Ldebug_abbrev0:
 875 0000 01       		.uleb128 0x1
 876 0001 11       		.uleb128 0x11
 877 0002 01       		.byte	0x1
 878 0003 25       		.uleb128 0x25
 879 0004 0E       		.uleb128 0xe
 880 0005 13       		.uleb128 0x13
 881 0006 0B       		.uleb128 0xb
 882 0007 03       		.uleb128 0x3
 883 0008 0E       		.uleb128 0xe
 884 0009 1B       		.uleb128 0x1b
 885 000a 0E       		.uleb128 0xe
 886 000b 55       		.uleb128 0x55
 887 000c 06       		.uleb128 0x6
 888 000d 11       		.uleb128 0x11
 889 000e 01       		.uleb128 0x1
 890 000f 52       		.uleb128 0x52
 891 0010 01       		.uleb128 0x1
 892 0011 10       		.uleb128 0x10
 893 0012 06       		.uleb128 0x6
 894 0013 00       		.byte	0
 895 0014 00       		.byte	0
 896 0015 02       		.uleb128 0x2
 897 0016 24       		.uleb128 0x24
ARM GAS  C:\Users\X0217454\AppData\Local\Temp\ccM0BSSN.s 			page 23


 898 0017 00       		.byte	0
 899 0018 0B       		.uleb128 0xb
 900 0019 0B       		.uleb128 0xb
 901 001a 3E       		.uleb128 0x3e
 902 001b 0B       		.uleb128 0xb
 903 001c 03       		.uleb128 0x3
 904 001d 0E       		.uleb128 0xe
 905 001e 00       		.byte	0
 906 001f 00       		.byte	0
 907 0020 03       		.uleb128 0x3
 908 0021 24       		.uleb128 0x24
 909 0022 00       		.byte	0
 910 0023 0B       		.uleb128 0xb
 911 0024 0B       		.uleb128 0xb
 912 0025 3E       		.uleb128 0x3e
 913 0026 0B       		.uleb128 0xb
 914 0027 03       		.uleb128 0x3
 915 0028 08       		.uleb128 0x8
 916 0029 00       		.byte	0
 917 002a 00       		.byte	0
 918 002b 04       		.uleb128 0x4
 919 002c 16       		.uleb128 0x16
 920 002d 00       		.byte	0
 921 002e 03       		.uleb128 0x3
 922 002f 0E       		.uleb128 0xe
 923 0030 3A       		.uleb128 0x3a
 924 0031 0B       		.uleb128 0xb
 925 0032 3B       		.uleb128 0x3b
 926 0033 0B       		.uleb128 0xb
 927 0034 49       		.uleb128 0x49
 928 0035 13       		.uleb128 0x13
 929 0036 00       		.byte	0
 930 0037 00       		.byte	0
 931 0038 05       		.uleb128 0x5
 932 0039 35       		.uleb128 0x35
 933 003a 00       		.byte	0
 934 003b 49       		.uleb128 0x49
 935 003c 13       		.uleb128 0x13
 936 003d 00       		.byte	0
 937 003e 00       		.byte	0
 938 003f 06       		.uleb128 0x6
 939 0040 16       		.uleb128 0x16
 940 0041 00       		.byte	0
 941 0042 03       		.uleb128 0x3
 942 0043 0E       		.uleb128 0xe
 943 0044 3A       		.uleb128 0x3a
 944 0045 0B       		.uleb128 0xb
 945 0046 3B       		.uleb128 0x3b
 946 0047 05       		.uleb128 0x5
 947 0048 49       		.uleb128 0x49
 948 0049 13       		.uleb128 0x13
 949 004a 00       		.byte	0
 950 004b 00       		.byte	0
 951 004c 07       		.uleb128 0x7
 952 004d 0F       		.uleb128 0xf
 953 004e 00       		.byte	0
 954 004f 0B       		.uleb128 0xb
ARM GAS  C:\Users\X0217454\AppData\Local\Temp\ccM0BSSN.s 			page 24


 955 0050 0B       		.uleb128 0xb
 956 0051 49       		.uleb128 0x49
 957 0052 13       		.uleb128 0x13
 958 0053 00       		.byte	0
 959 0054 00       		.byte	0
 960 0055 08       		.uleb128 0x8
 961 0056 15       		.uleb128 0x15
 962 0057 00       		.byte	0
 963 0058 27       		.uleb128 0x27
 964 0059 0C       		.uleb128 0xc
 965 005a 00       		.byte	0
 966 005b 00       		.byte	0
 967 005c 09       		.uleb128 0x9
 968 005d 0F       		.uleb128 0xf
 969 005e 00       		.byte	0
 970 005f 0B       		.uleb128 0xb
 971 0060 0B       		.uleb128 0xb
 972 0061 00       		.byte	0
 973 0062 00       		.byte	0
 974 0063 0A       		.uleb128 0xa
 975 0064 15       		.uleb128 0x15
 976 0065 01       		.byte	0x1
 977 0066 27       		.uleb128 0x27
 978 0067 0C       		.uleb128 0xc
 979 0068 01       		.uleb128 0x1
 980 0069 13       		.uleb128 0x13
 981 006a 00       		.byte	0
 982 006b 00       		.byte	0
 983 006c 0B       		.uleb128 0xb
 984 006d 05       		.uleb128 0x5
 985 006e 00       		.byte	0
 986 006f 49       		.uleb128 0x49
 987 0070 13       		.uleb128 0x13
 988 0071 00       		.byte	0
 989 0072 00       		.byte	0
 990 0073 0C       		.uleb128 0xc
 991 0074 2E       		.uleb128 0x2e
 992 0075 00       		.byte	0
 993 0076 3F       		.uleb128 0x3f
 994 0077 0C       		.uleb128 0xc
 995 0078 03       		.uleb128 0x3
 996 0079 0E       		.uleb128 0xe
 997 007a 3A       		.uleb128 0x3a
 998 007b 0B       		.uleb128 0xb
 999 007c 3B       		.uleb128 0x3b
 1000 007d 0B       		.uleb128 0xb
 1001 007e 27       		.uleb128 0x27
 1002 007f 0C       		.uleb128 0xc
 1003 0080 11       		.uleb128 0x11
 1004 0081 01       		.uleb128 0x1
 1005 0082 12       		.uleb128 0x12
 1006 0083 01       		.uleb128 0x1
 1007 0084 40       		.uleb128 0x40
 1008 0085 06       		.uleb128 0x6
 1009 0086 9642     		.uleb128 0x2116
 1010 0088 0C       		.uleb128 0xc
 1011 0089 00       		.byte	0
ARM GAS  C:\Users\X0217454\AppData\Local\Temp\ccM0BSSN.s 			page 25


 1012 008a 00       		.byte	0
 1013 008b 0D       		.uleb128 0xd
 1014 008c 2E       		.uleb128 0x2e
 1015 008d 01       		.byte	0x1
 1016 008e 3F       		.uleb128 0x3f
 1017 008f 0C       		.uleb128 0xc
 1018 0090 03       		.uleb128 0x3
 1019 0091 0E       		.uleb128 0xe
 1020 0092 3A       		.uleb128 0x3a
 1021 0093 0B       		.uleb128 0xb
 1022 0094 3B       		.uleb128 0x3b
 1023 0095 0B       		.uleb128 0xb
 1024 0096 27       		.uleb128 0x27
 1025 0097 0C       		.uleb128 0xc
 1026 0098 11       		.uleb128 0x11
 1027 0099 01       		.uleb128 0x1
 1028 009a 12       		.uleb128 0x12
 1029 009b 01       		.uleb128 0x1
 1030 009c 40       		.uleb128 0x40
 1031 009d 06       		.uleb128 0x6
 1032 009e 9642     		.uleb128 0x2116
 1033 00a0 0C       		.uleb128 0xc
 1034 00a1 01       		.uleb128 0x1
 1035 00a2 13       		.uleb128 0x13
 1036 00a3 00       		.byte	0
 1037 00a4 00       		.byte	0
 1038 00a5 0E       		.uleb128 0xe
 1039 00a6 05       		.uleb128 0x5
 1040 00a7 00       		.byte	0
 1041 00a8 03       		.uleb128 0x3
 1042 00a9 0E       		.uleb128 0xe
 1043 00aa 3A       		.uleb128 0x3a
 1044 00ab 0B       		.uleb128 0xb
 1045 00ac 3B       		.uleb128 0x3b
 1046 00ad 0B       		.uleb128 0xb
 1047 00ae 49       		.uleb128 0x49
 1048 00af 13       		.uleb128 0x13
 1049 00b0 02       		.uleb128 0x2
 1050 00b1 0A       		.uleb128 0xa
 1051 00b2 00       		.byte	0
 1052 00b3 00       		.byte	0
 1053 00b4 0F       		.uleb128 0xf
 1054 00b5 2E       		.uleb128 0x2e
 1055 00b6 01       		.byte	0x1
 1056 00b7 3F       		.uleb128 0x3f
 1057 00b8 0C       		.uleb128 0xc
 1058 00b9 03       		.uleb128 0x3
 1059 00ba 0E       		.uleb128 0xe
 1060 00bb 3A       		.uleb128 0x3a
 1061 00bc 0B       		.uleb128 0xb
 1062 00bd 3B       		.uleb128 0x3b
 1063 00be 0B       		.uleb128 0xb
 1064 00bf 27       		.uleb128 0x27
 1065 00c0 0C       		.uleb128 0xc
 1066 00c1 11       		.uleb128 0x11
 1067 00c2 01       		.uleb128 0x1
 1068 00c3 12       		.uleb128 0x12
ARM GAS  C:\Users\X0217454\AppData\Local\Temp\ccM0BSSN.s 			page 26


 1069 00c4 01       		.uleb128 0x1
 1070 00c5 40       		.uleb128 0x40
 1071 00c6 06       		.uleb128 0x6
 1072 00c7 9742     		.uleb128 0x2117
 1073 00c9 0C       		.uleb128 0xc
 1074 00ca 01       		.uleb128 0x1
 1075 00cb 13       		.uleb128 0x13
 1076 00cc 00       		.byte	0
 1077 00cd 00       		.byte	0
 1078 00ce 10       		.uleb128 0x10
 1079 00cf 2E       		.uleb128 0x2e
 1080 00d0 00       		.byte	0
 1081 00d1 3F       		.uleb128 0x3f
 1082 00d2 0C       		.uleb128 0xc
 1083 00d3 03       		.uleb128 0x3
 1084 00d4 0E       		.uleb128 0xe
 1085 00d5 3A       		.uleb128 0x3a
 1086 00d6 0B       		.uleb128 0xb
 1087 00d7 3B       		.uleb128 0x3b
 1088 00d8 0B       		.uleb128 0xb
 1089 00d9 27       		.uleb128 0x27
 1090 00da 0C       		.uleb128 0xc
 1091 00db 49       		.uleb128 0x49
 1092 00dc 13       		.uleb128 0x13
 1093 00dd 11       		.uleb128 0x11
 1094 00de 01       		.uleb128 0x1
 1095 00df 12       		.uleb128 0x12
 1096 00e0 01       		.uleb128 0x1
 1097 00e1 40       		.uleb128 0x40
 1098 00e2 06       		.uleb128 0x6
 1099 00e3 9742     		.uleb128 0x2117
 1100 00e5 0C       		.uleb128 0xc
 1101 00e6 00       		.byte	0
 1102 00e7 00       		.byte	0
 1103 00e8 11       		.uleb128 0x11
 1104 00e9 34       		.uleb128 0x34
 1105 00ea 00       		.byte	0
 1106 00eb 03       		.uleb128 0x3
 1107 00ec 0E       		.uleb128 0xe
 1108 00ed 3A       		.uleb128 0x3a
 1109 00ee 0B       		.uleb128 0xb
 1110 00ef 3B       		.uleb128 0x3b
 1111 00f0 0B       		.uleb128 0xb
 1112 00f1 49       		.uleb128 0x49
 1113 00f2 13       		.uleb128 0x13
 1114 00f3 02       		.uleb128 0x2
 1115 00f4 0A       		.uleb128 0xa
 1116 00f5 00       		.byte	0
 1117 00f6 00       		.byte	0
 1118 00f7 12       		.uleb128 0x12
 1119 00f8 2E       		.uleb128 0x2e
 1120 00f9 01       		.byte	0x1
 1121 00fa 3F       		.uleb128 0x3f
 1122 00fb 0C       		.uleb128 0xc
 1123 00fc 03       		.uleb128 0x3
 1124 00fd 0E       		.uleb128 0xe
 1125 00fe 3A       		.uleb128 0x3a
ARM GAS  C:\Users\X0217454\AppData\Local\Temp\ccM0BSSN.s 			page 27


 1126 00ff 0B       		.uleb128 0xb
 1127 0100 3B       		.uleb128 0x3b
 1128 0101 0B       		.uleb128 0xb
 1129 0102 27       		.uleb128 0x27
 1130 0103 0C       		.uleb128 0xc
 1131 0104 49       		.uleb128 0x49
 1132 0105 13       		.uleb128 0x13
 1133 0106 11       		.uleb128 0x11
 1134 0107 01       		.uleb128 0x1
 1135 0108 12       		.uleb128 0x12
 1136 0109 01       		.uleb128 0x1
 1137 010a 40       		.uleb128 0x40
 1138 010b 06       		.uleb128 0x6
 1139 010c 9742     		.uleb128 0x2117
 1140 010e 0C       		.uleb128 0xc
 1141 010f 01       		.uleb128 0x1
 1142 0110 13       		.uleb128 0x13
 1143 0111 00       		.byte	0
 1144 0112 00       		.byte	0
 1145 0113 13       		.uleb128 0x13
 1146 0114 2E       		.uleb128 0x2e
 1147 0115 00       		.byte	0
 1148 0116 3F       		.uleb128 0x3f
 1149 0117 0C       		.uleb128 0xc
 1150 0118 03       		.uleb128 0x3
 1151 0119 0E       		.uleb128 0xe
 1152 011a 3A       		.uleb128 0x3a
 1153 011b 0B       		.uleb128 0xb
 1154 011c 3B       		.uleb128 0x3b
 1155 011d 05       		.uleb128 0x5
 1156 011e 27       		.uleb128 0x27
 1157 011f 0C       		.uleb128 0xc
 1158 0120 11       		.uleb128 0x11
 1159 0121 01       		.uleb128 0x1
 1160 0122 12       		.uleb128 0x12
 1161 0123 01       		.uleb128 0x1
 1162 0124 40       		.uleb128 0x40
 1163 0125 06       		.uleb128 0x6
 1164 0126 9742     		.uleb128 0x2117
 1165 0128 0C       		.uleb128 0xc
 1166 0129 00       		.byte	0
 1167 012a 00       		.byte	0
 1168 012b 14       		.uleb128 0x14
 1169 012c 2E       		.uleb128 0x2e
 1170 012d 00       		.byte	0
 1171 012e 3F       		.uleb128 0x3f
 1172 012f 0C       		.uleb128 0xc
 1173 0130 03       		.uleb128 0x3
 1174 0131 0E       		.uleb128 0xe
 1175 0132 3A       		.uleb128 0x3a
 1176 0133 0B       		.uleb128 0xb
 1177 0134 3B       		.uleb128 0x3b
 1178 0135 05       		.uleb128 0x5
 1179 0136 27       		.uleb128 0x27
 1180 0137 0C       		.uleb128 0xc
 1181 0138 49       		.uleb128 0x49
 1182 0139 13       		.uleb128 0x13
ARM GAS  C:\Users\X0217454\AppData\Local\Temp\ccM0BSSN.s 			page 28


 1183 013a 11       		.uleb128 0x11
 1184 013b 01       		.uleb128 0x1
 1185 013c 12       		.uleb128 0x12
 1186 013d 01       		.uleb128 0x1
 1187 013e 40       		.uleb128 0x40
 1188 013f 06       		.uleb128 0x6
 1189 0140 9742     		.uleb128 0x2117
 1190 0142 0C       		.uleb128 0xc
 1191 0143 00       		.byte	0
 1192 0144 00       		.byte	0
 1193 0145 15       		.uleb128 0x15
 1194 0146 34       		.uleb128 0x34
 1195 0147 00       		.byte	0
 1196 0148 03       		.uleb128 0x3
 1197 0149 0E       		.uleb128 0xe
 1198 014a 3A       		.uleb128 0x3a
 1199 014b 0B       		.uleb128 0xb
 1200 014c 3B       		.uleb128 0x3b
 1201 014d 0B       		.uleb128 0xb
 1202 014e 49       		.uleb128 0x49
 1203 014f 13       		.uleb128 0x13
 1204 0150 3F       		.uleb128 0x3f
 1205 0151 0C       		.uleb128 0xc
 1206 0152 3C       		.uleb128 0x3c
 1207 0153 0C       		.uleb128 0xc
 1208 0154 00       		.byte	0
 1209 0155 00       		.byte	0
 1210 0156 16       		.uleb128 0x16
 1211 0157 01       		.uleb128 0x1
 1212 0158 01       		.byte	0x1
 1213 0159 49       		.uleb128 0x49
 1214 015a 13       		.uleb128 0x13
 1215 015b 01       		.uleb128 0x1
 1216 015c 13       		.uleb128 0x13
 1217 015d 00       		.byte	0
 1218 015e 00       		.byte	0
 1219 015f 17       		.uleb128 0x17
 1220 0160 21       		.uleb128 0x21
 1221 0161 00       		.byte	0
 1222 0162 49       		.uleb128 0x49
 1223 0163 13       		.uleb128 0x13
 1224 0164 2F       		.uleb128 0x2f
 1225 0165 0B       		.uleb128 0xb
 1226 0166 00       		.byte	0
 1227 0167 00       		.byte	0
 1228 0168 00       		.byte	0
 1229              		.section	.debug_loc,"",%progbits
 1230              	.Ldebug_loc0:
 1231              	.LLST0:
 1232 0000 00000000 		.4byte	.LFB0
 1233 0004 02000000 		.4byte	.LCFI0
 1234 0008 0200     		.2byte	0x2
 1235 000a 7D       		.byte	0x7d
 1236 000b 00       		.sleb128 0
 1237 000c 02000000 		.4byte	.LCFI0
 1238 0010 04000000 		.4byte	.LCFI1
 1239 0014 0200     		.2byte	0x2
ARM GAS  C:\Users\X0217454\AppData\Local\Temp\ccM0BSSN.s 			page 29


 1240 0016 7D       		.byte	0x7d
 1241 0017 08       		.sleb128 8
 1242 0018 04000000 		.4byte	.LCFI1
 1243 001c 24000000 		.4byte	.LFE0
 1244 0020 0200     		.2byte	0x2
 1245 0022 77       		.byte	0x77
 1246 0023 08       		.sleb128 8
 1247 0024 00000000 		.4byte	0
 1248 0028 00000000 		.4byte	0
 1249              	.LLST1:
 1250 002c 00000000 		.4byte	.LFB1
 1251 0030 02000000 		.4byte	.LCFI2
 1252 0034 0200     		.2byte	0x2
 1253 0036 7D       		.byte	0x7d
 1254 0037 00       		.sleb128 0
 1255 0038 02000000 		.4byte	.LCFI2
 1256 003c 04000000 		.4byte	.LCFI3
 1257 0040 0200     		.2byte	0x2
 1258 0042 7D       		.byte	0x7d
 1259 0043 08       		.sleb128 8
 1260 0044 04000000 		.4byte	.LCFI3
 1261 0048 06000000 		.4byte	.LCFI4
 1262 004c 0200     		.2byte	0x2
 1263 004e 7D       		.byte	0x7d
 1264 004f 10       		.sleb128 16
 1265 0050 06000000 		.4byte	.LCFI4
 1266 0054 24000000 		.4byte	.LFE1
 1267 0058 0200     		.2byte	0x2
 1268 005a 77       		.byte	0x77
 1269 005b 10       		.sleb128 16
 1270 005c 00000000 		.4byte	0
 1271 0060 00000000 		.4byte	0
 1272              	.LLST2:
 1273 0064 00000000 		.4byte	.LFB2
 1274 0068 02000000 		.4byte	.LCFI5
 1275 006c 0200     		.2byte	0x2
 1276 006e 7D       		.byte	0x7d
 1277 006f 00       		.sleb128 0
 1278 0070 02000000 		.4byte	.LCFI5
 1279 0074 04000000 		.4byte	.LCFI6
 1280 0078 0200     		.2byte	0x2
 1281 007a 7D       		.byte	0x7d
 1282 007b 08       		.sleb128 8
 1283 007c 04000000 		.4byte	.LCFI6
 1284 0080 18000000 		.4byte	.LFE2
 1285 0084 0200     		.2byte	0x2
 1286 0086 77       		.byte	0x77
 1287 0087 08       		.sleb128 8
 1288 0088 00000000 		.4byte	0
 1289 008c 00000000 		.4byte	0
 1290              	.LLST3:
 1291 0090 00000000 		.4byte	.LFB3
 1292 0094 02000000 		.4byte	.LCFI7
 1293 0098 0200     		.2byte	0x2
 1294 009a 7D       		.byte	0x7d
 1295 009b 00       		.sleb128 0
 1296 009c 02000000 		.4byte	.LCFI7
ARM GAS  C:\Users\X0217454\AppData\Local\Temp\ccM0BSSN.s 			page 30


 1297 00a0 04000000 		.4byte	.LCFI8
 1298 00a4 0200     		.2byte	0x2
 1299 00a6 7D       		.byte	0x7d
 1300 00a7 08       		.sleb128 8
 1301 00a8 04000000 		.4byte	.LCFI8
 1302 00ac 20000000 		.4byte	.LFE3
 1303 00b0 0200     		.2byte	0x2
 1304 00b2 77       		.byte	0x77
 1305 00b3 08       		.sleb128 8
 1306 00b4 00000000 		.4byte	0
 1307 00b8 00000000 		.4byte	0
 1308              	.LLST4:
 1309 00bc 00000000 		.4byte	.LFB4
 1310 00c0 02000000 		.4byte	.LCFI9
 1311 00c4 0200     		.2byte	0x2
 1312 00c6 7D       		.byte	0x7d
 1313 00c7 00       		.sleb128 0
 1314 00c8 02000000 		.4byte	.LCFI9
 1315 00cc 04000000 		.4byte	.LCFI10
 1316 00d0 0200     		.2byte	0x2
 1317 00d2 7D       		.byte	0x7d
 1318 00d3 08       		.sleb128 8
 1319 00d4 04000000 		.4byte	.LCFI10
 1320 00d8 06000000 		.4byte	.LCFI11
 1321 00dc 0200     		.2byte	0x2
 1322 00de 7D       		.byte	0x7d
 1323 00df 10       		.sleb128 16
 1324 00e0 06000000 		.4byte	.LCFI11
 1325 00e4 18000000 		.4byte	.LFE4
 1326 00e8 0200     		.2byte	0x2
 1327 00ea 77       		.byte	0x77
 1328 00eb 10       		.sleb128 16
 1329 00ec 00000000 		.4byte	0
 1330 00f0 00000000 		.4byte	0
 1331              	.LLST5:
 1332 00f4 00000000 		.4byte	.LFB5
 1333 00f8 02000000 		.4byte	.LCFI12
 1334 00fc 0200     		.2byte	0x2
 1335 00fe 7D       		.byte	0x7d
 1336 00ff 00       		.sleb128 0
 1337 0100 02000000 		.4byte	.LCFI12
 1338 0104 04000000 		.4byte	.LCFI13
 1339 0108 0200     		.2byte	0x2
 1340 010a 7D       		.byte	0x7d
 1341 010b 08       		.sleb128 8
 1342 010c 04000000 		.4byte	.LCFI13
 1343 0110 14000000 		.4byte	.LFE5
 1344 0114 0200     		.2byte	0x2
 1345 0116 77       		.byte	0x77
 1346 0117 08       		.sleb128 8
 1347 0118 00000000 		.4byte	0
 1348 011c 00000000 		.4byte	0
 1349              	.LLST6:
 1350 0120 00000000 		.4byte	.LFB6
 1351 0124 02000000 		.4byte	.LCFI14
 1352 0128 0200     		.2byte	0x2
 1353 012a 7D       		.byte	0x7d
ARM GAS  C:\Users\X0217454\AppData\Local\Temp\ccM0BSSN.s 			page 31


 1354 012b 00       		.sleb128 0
 1355 012c 02000000 		.4byte	.LCFI14
 1356 0130 04000000 		.4byte	.LCFI15
 1357 0134 0200     		.2byte	0x2
 1358 0136 7D       		.byte	0x7d
 1359 0137 0C       		.sleb128 12
 1360 0138 04000000 		.4byte	.LCFI15
 1361 013c 06000000 		.4byte	.LCFI16
 1362 0140 0200     		.2byte	0x2
 1363 0142 7D       		.byte	0x7d
 1364 0143 20       		.sleb128 32
 1365 0144 06000000 		.4byte	.LCFI16
 1366 0148 50000000 		.4byte	.LFE6
 1367 014c 0200     		.2byte	0x2
 1368 014e 77       		.byte	0x77
 1369 014f 20       		.sleb128 32
 1370 0150 00000000 		.4byte	0
 1371 0154 00000000 		.4byte	0
 1372              	.LLST7:
 1373 0158 00000000 		.4byte	.LFB7
 1374 015c 02000000 		.4byte	.LCFI17
 1375 0160 0200     		.2byte	0x2
 1376 0162 7D       		.byte	0x7d
 1377 0163 00       		.sleb128 0
 1378 0164 02000000 		.4byte	.LCFI17
 1379 0168 04000000 		.4byte	.LCFI18
 1380 016c 0200     		.2byte	0x2
 1381 016e 7D       		.byte	0x7d
 1382 016f 08       		.sleb128 8
 1383 0170 04000000 		.4byte	.LCFI18
 1384 0174 06000000 		.4byte	.LCFI19
 1385 0178 0200     		.2byte	0x2
 1386 017a 7D       		.byte	0x7d
 1387 017b 10       		.sleb128 16
 1388 017c 06000000 		.4byte	.LCFI19
 1389 0180 2C000000 		.4byte	.LFE7
 1390 0184 0200     		.2byte	0x2
 1391 0186 77       		.byte	0x77
 1392 0187 10       		.sleb128 16
 1393 0188 00000000 		.4byte	0
 1394 018c 00000000 		.4byte	0
 1395              	.LLST8:
 1396 0190 00000000 		.4byte	.LFB8
 1397 0194 02000000 		.4byte	.LCFI20
 1398 0198 0200     		.2byte	0x2
 1399 019a 7D       		.byte	0x7d
 1400 019b 00       		.sleb128 0
 1401 019c 02000000 		.4byte	.LCFI20
 1402 01a0 04000000 		.4byte	.LCFI21
 1403 01a4 0200     		.2byte	0x2
 1404 01a6 7D       		.byte	0x7d
 1405 01a7 08       		.sleb128 8
 1406 01a8 04000000 		.4byte	.LCFI21
 1407 01ac 14000000 		.4byte	.LFE8
 1408 01b0 0200     		.2byte	0x2
 1409 01b2 77       		.byte	0x77
 1410 01b3 08       		.sleb128 8
ARM GAS  C:\Users\X0217454\AppData\Local\Temp\ccM0BSSN.s 			page 32


 1411 01b4 00000000 		.4byte	0
 1412 01b8 00000000 		.4byte	0
 1413              	.LLST9:
 1414 01bc 00000000 		.4byte	.LFB9
 1415 01c0 02000000 		.4byte	.LCFI22
 1416 01c4 0200     		.2byte	0x2
 1417 01c6 7D       		.byte	0x7d
 1418 01c7 00       		.sleb128 0
 1419 01c8 02000000 		.4byte	.LCFI22
 1420 01cc 04000000 		.4byte	.LCFI23
 1421 01d0 0200     		.2byte	0x2
 1422 01d2 7D       		.byte	0x7d
 1423 01d3 08       		.sleb128 8
 1424 01d4 04000000 		.4byte	.LCFI23
 1425 01d8 1C000000 		.4byte	.LFE9
 1426 01dc 0200     		.2byte	0x2
 1427 01de 77       		.byte	0x77
 1428 01df 08       		.sleb128 8
 1429 01e0 00000000 		.4byte	0
 1430 01e4 00000000 		.4byte	0
 1431              	.LLST10:
 1432 01e8 00000000 		.4byte	.LFB10
 1433 01ec 02000000 		.4byte	.LCFI24
 1434 01f0 0200     		.2byte	0x2
 1435 01f2 7D       		.byte	0x7d
 1436 01f3 00       		.sleb128 0
 1437 01f4 02000000 		.4byte	.LCFI24
 1438 01f8 04000000 		.4byte	.LCFI25
 1439 01fc 0200     		.2byte	0x2
 1440 01fe 7D       		.byte	0x7d
 1441 01ff 08       		.sleb128 8
 1442 0200 04000000 		.4byte	.LCFI25
 1443 0204 14000000 		.4byte	.LFE10
 1444 0208 0200     		.2byte	0x2
 1445 020a 77       		.byte	0x77
 1446 020b 08       		.sleb128 8
 1447 020c 00000000 		.4byte	0
 1448 0210 00000000 		.4byte	0
 1449              	.LLST11:
 1450 0214 00000000 		.4byte	.LFB11
 1451 0218 02000000 		.4byte	.LCFI26
 1452 021c 0200     		.2byte	0x2
 1453 021e 7D       		.byte	0x7d
 1454 021f 00       		.sleb128 0
 1455 0220 02000000 		.4byte	.LCFI26
 1456 0224 04000000 		.4byte	.LCFI27
 1457 0228 0200     		.2byte	0x2
 1458 022a 7D       		.byte	0x7d
 1459 022b 08       		.sleb128 8
 1460 022c 04000000 		.4byte	.LCFI27
 1461 0230 14000000 		.4byte	.LFE11
 1462 0234 0200     		.2byte	0x2
 1463 0236 77       		.byte	0x77
 1464 0237 08       		.sleb128 8
 1465 0238 00000000 		.4byte	0
 1466 023c 00000000 		.4byte	0
 1467              	.LLST12:
ARM GAS  C:\Users\X0217454\AppData\Local\Temp\ccM0BSSN.s 			page 33


 1468 0240 00000000 		.4byte	.LFB12
 1469 0244 02000000 		.4byte	.LCFI28
 1470 0248 0200     		.2byte	0x2
 1471 024a 7D       		.byte	0x7d
 1472 024b 00       		.sleb128 0
 1473 024c 02000000 		.4byte	.LCFI28
 1474 0250 04000000 		.4byte	.LCFI29
 1475 0254 0200     		.2byte	0x2
 1476 0256 7D       		.byte	0x7d
 1477 0257 08       		.sleb128 8
 1478 0258 04000000 		.4byte	.LCFI29
 1479 025c 14000000 		.4byte	.LFE12
 1480 0260 0200     		.2byte	0x2
 1481 0262 77       		.byte	0x77
 1482 0263 08       		.sleb128 8
 1483 0264 00000000 		.4byte	0
 1484 0268 00000000 		.4byte	0
 1485              		.section	.debug_aranges,"",%progbits
 1486 0000 7C000000 		.4byte	0x7c
 1487 0004 0200     		.2byte	0x2
 1488 0006 00000000 		.4byte	.Ldebug_info0
 1489 000a 04       		.byte	0x4
 1490 000b 00       		.byte	0
 1491 000c 0000     		.2byte	0
 1492 000e 0000     		.2byte	0
 1493 0010 00000000 		.4byte	.LFB0
 1494 0014 24000000 		.4byte	.LFE0-.LFB0
 1495 0018 00000000 		.4byte	.LFB1
 1496 001c 24000000 		.4byte	.LFE1-.LFB1
 1497 0020 00000000 		.4byte	.LFB2
 1498 0024 18000000 		.4byte	.LFE2-.LFB2
 1499 0028 00000000 		.4byte	.LFB3
 1500 002c 20000000 		.4byte	.LFE3-.LFB3
 1501 0030 00000000 		.4byte	.LFB4
 1502 0034 18000000 		.4byte	.LFE4-.LFB4
 1503 0038 00000000 		.4byte	.LFB5
 1504 003c 14000000 		.4byte	.LFE5-.LFB5
 1505 0040 00000000 		.4byte	.LFB6
 1506 0044 50000000 		.4byte	.LFE6-.LFB6
 1507 0048 00000000 		.4byte	.LFB7
 1508 004c 2C000000 		.4byte	.LFE7-.LFB7
 1509 0050 00000000 		.4byte	.LFB8
 1510 0054 14000000 		.4byte	.LFE8-.LFB8
 1511 0058 00000000 		.4byte	.LFB9
 1512 005c 1C000000 		.4byte	.LFE9-.LFB9
 1513 0060 00000000 		.4byte	.LFB10
 1514 0064 14000000 		.4byte	.LFE10-.LFB10
 1515 0068 00000000 		.4byte	.LFB11
 1516 006c 14000000 		.4byte	.LFE11-.LFB11
 1517 0070 00000000 		.4byte	.LFB12
 1518 0074 14000000 		.4byte	.LFE12-.LFB12
 1519 0078 00000000 		.4byte	0
 1520 007c 00000000 		.4byte	0
 1521              		.section	.debug_ranges,"",%progbits
 1522              	.Ldebug_ranges0:
 1523 0000 00000000 		.4byte	.LFB0
 1524 0004 24000000 		.4byte	.LFE0
ARM GAS  C:\Users\X0217454\AppData\Local\Temp\ccM0BSSN.s 			page 34


 1525 0008 00000000 		.4byte	.LFB1
 1526 000c 24000000 		.4byte	.LFE1
 1527 0010 00000000 		.4byte	.LFB2
 1528 0014 18000000 		.4byte	.LFE2
 1529 0018 00000000 		.4byte	.LFB3
 1530 001c 20000000 		.4byte	.LFE3
 1531 0020 00000000 		.4byte	.LFB4
 1532 0024 18000000 		.4byte	.LFE4
 1533 0028 00000000 		.4byte	.LFB5
 1534 002c 14000000 		.4byte	.LFE5
 1535 0030 00000000 		.4byte	.LFB6
 1536 0034 50000000 		.4byte	.LFE6
 1537 0038 00000000 		.4byte	.LFB7
 1538 003c 2C000000 		.4byte	.LFE7
 1539 0040 00000000 		.4byte	.LFB8
 1540 0044 14000000 		.4byte	.LFE8
 1541 0048 00000000 		.4byte	.LFB9
 1542 004c 1C000000 		.4byte	.LFE9
 1543 0050 00000000 		.4byte	.LFB10
 1544 0054 14000000 		.4byte	.LFE10
 1545 0058 00000000 		.4byte	.LFB11
 1546 005c 14000000 		.4byte	.LFE11
 1547 0060 00000000 		.4byte	.LFB12
 1548 0064 14000000 		.4byte	.LFE12
 1549 0068 00000000 		.4byte	0
 1550 006c 00000000 		.4byte	0
 1551              		.section	.debug_line,"",%progbits
 1552              	.Ldebug_line0:
 1553 0000 57010000 		.section	.debug_str,"MS",%progbits,1
 1553      02005800 
 1553      00000201 
 1553      FB0E0D00 
 1553      01010101 
 1554              	.LASF33:
 1555 0000 6973725F 		.ascii	"isr_1_ClearPending\000"
 1555      315F436C 
 1555      65617250 
 1555      656E6469 
 1555      6E6700
 1556              	.LASF14:
 1557 0013 72656733 		.ascii	"reg32\000"
 1557      3200
 1558              	.LASF32:
 1559 0019 6973725F 		.ascii	"isr_1_SetPending\000"
 1559      315F5365 
 1559      7450656E 
 1559      64696E67 
 1559      00
 1560              	.LASF28:
 1561 002a 6973725F 		.ascii	"isr_1_Enable\000"
 1561      315F456E 
 1561      61626C65 
 1561      00
 1562              	.LASF30:
 1563 0037 6973725F 		.ascii	"isr_1_GetState\000"
 1563      315F4765 
 1563      74537461 
ARM GAS  C:\Users\X0217454\AppData\Local\Temp\ccM0BSSN.s 			page 35


 1563      746500
 1564              	.LASF35:
 1565 0046 43795261 		.ascii	"CyRamVectors\000"
 1565      6D566563 
 1565      746F7273 
 1565      00
 1566              	.LASF31:
 1567 0053 6973725F 		.ascii	"isr_1_Disable\000"
 1567      315F4469 
 1567      7361626C 
 1567      6500
 1568              	.LASF19:
 1569 0061 6973725F 		.ascii	"isr_1_Stop\000"
 1569      315F5374 
 1569      6F7000
 1570              	.LASF18:
 1571 006c 6973725F 		.ascii	"isr_1_Start\000"
 1571      315F5374 
 1571      61727400 
 1572              	.LASF3:
 1573 0078 73686F72 		.ascii	"short unsigned int\000"
 1573      7420756E 
 1573      7369676E 
 1573      65642069 
 1573      6E7400
 1574              	.LASF39:
 1575 008b 6973725F 		.ascii	"isr_1_GetPriority\000"
 1575      315F4765 
 1575      74507269 
 1575      6F726974 
 1575      7900
 1576              	.LASF11:
 1577 009d 666C6F61 		.ascii	"float\000"
 1577      7400
 1578              	.LASF1:
 1579 00a3 756E7369 		.ascii	"unsigned char\000"
 1579      676E6564 
 1579      20636861 
 1579      7200
 1580              	.LASF26:
 1581 00b1 696E7465 		.ascii	"interruptState\000"
 1581      72727570 
 1581      74537461 
 1581      746500
 1582              	.LASF5:
 1583 00c0 6C6F6E67 		.ascii	"long unsigned int\000"
 1583      20756E73 
 1583      69676E65 
 1583      6420696E 
 1583      7400
 1584              	.LASF9:
 1585 00d2 75696E74 		.ascii	"uint8\000"
 1585      3800
 1586              	.LASF25:
 1587 00d8 7072696F 		.ascii	"priority\000"
 1587      72697479 
 1587      00
ARM GAS  C:\Users\X0217454\AppData\Local\Temp\ccM0BSSN.s 			page 36


 1588              	.LASF12:
 1589 00e1 646F7562 		.ascii	"double\000"
 1589      6C6500
 1590              	.LASF24:
 1591 00e8 6973725F 		.ascii	"isr_1_SetPriority\000"
 1591      315F5365 
 1591      74507269 
 1591      6F726974 
 1591      7900
 1592              	.LASF10:
 1593 00fa 75696E74 		.ascii	"uint32\000"
 1593      333200
 1594              	.LASF8:
 1595 0101 756E7369 		.ascii	"unsigned int\000"
 1595      676E6564 
 1595      20696E74 
 1595      00
 1596              	.LASF23:
 1597 010e 61646472 		.ascii	"address\000"
 1597      65737300 
 1598              	.LASF7:
 1599 0116 6C6F6E67 		.ascii	"long long unsigned int\000"
 1599      206C6F6E 
 1599      6720756E 
 1599      7369676E 
 1599      65642069 
 1600              	.LASF15:
 1601 012d 63796973 		.ascii	"cyisraddress\000"
 1601      72616464 
 1601      72657373 
 1601      00
 1602              	.LASF16:
 1603 013a 73697A65 		.ascii	"sizetype\000"
 1603      74797065 
 1603      00
 1604              	.LASF37:
 1605 0143 2E5C4765 		.ascii	".\\Generated_Source\\PSoC4\\isr_1.c\000"
 1605      6E657261 
 1605      7465645F 
 1605      536F7572 
 1605      63655C50 
 1606              	.LASF6:
 1607 0164 6C6F6E67 		.ascii	"long long int\000"
 1607      206C6F6E 
 1607      6720696E 
 1607      7400
 1608              	.LASF38:
 1609 0172 433A5C55 		.ascii	"C:\\Users\\X0217454\\Desktop\\CC31xx\\CC3100 - 0.5\\"
 1609      73657273 
 1609      5C583032 
 1609      31373435 
 1609      345C4465 
 1610 01a0 43433331 		.ascii	"CC3100 SDK 0.5\\cc3100-sdk\\platform\\cypress_SDK.5"
 1610      30302053 
 1610      444B2030 
 1610      2E355C63 
 1610      63333130 
ARM GAS  C:\Users\X0217454\AppData\Local\Temp\ccM0BSSN.s 			page 37


 1611 01d0 5C657861 		.ascii	"\\example\\wlan_station_spi\\wlan_station_spi.cydsn"
 1611      6D706C65 
 1611      5C776C61 
 1611      6E5F7374 
 1611      6174696F 
 1612 0200 00       		.ascii	"\000"
 1613              	.LASF13:
 1614 0201 63686172 		.ascii	"char\000"
 1614      00
 1615              	.LASF2:
 1616 0206 73686F72 		.ascii	"short int\000"
 1616      7420696E 
 1616      7400
 1617              	.LASF29:
 1618 0210 6973725F 		.ascii	"isr_1_GetVector\000"
 1618      315F4765 
 1618      74566563 
 1618      746F7200 
 1619              	.LASF36:
 1620 0220 474E5520 		.ascii	"GNU C 4.7.3 20130312 (release) [ARM/embedded-4_7-br"
 1620      4320342E 
 1620      372E3320 
 1620      32303133 
 1620      30333132 
 1621 0253 616E6368 		.ascii	"anch revision 196615]\000"
 1621      20726576 
 1621      6973696F 
 1621      6E203139 
 1621      36363135 
 1622              	.LASF20:
 1623 0269 6973725F 		.ascii	"isr_1_Interrupt\000"
 1623      315F496E 
 1623      74657272 
 1623      75707400 
 1624              	.LASF27:
 1625 0279 7072696F 		.ascii	"priorityOffset\000"
 1625      72697479 
 1625      4F666673 
 1625      657400
 1626              	.LASF4:
 1627 0288 6C6F6E67 		.ascii	"long int\000"
 1627      20696E74 
 1627      00
 1628              	.LASF0:
 1629 0291 7369676E 		.ascii	"signed char\000"
 1629      65642063 
 1629      68617200 
 1630              	.LASF17:
 1631 029d 505F4556 		.ascii	"P_EVENT_HANDLER\000"
 1631      454E545F 
 1631      48414E44 
 1631      4C455200 
 1632              	.LASF21:
 1633 02ad 6973725F 		.ascii	"isr_1_StartEx\000"
 1633      315F5374 
 1633      61727445 
 1633      7800
ARM GAS  C:\Users\X0217454\AppData\Local\Temp\ccM0BSSN.s 			page 38


 1634              	.LASF34:
 1635 02bb 70497271 		.ascii	"pIrqEventHandler\000"
 1635      4576656E 
 1635      7448616E 
 1635      646C6572 
 1635      00
 1636              	.LASF22:
 1637 02cc 6973725F 		.ascii	"isr_1_SetVector\000"
 1637      315F5365 
 1637      74566563 
 1637      746F7200 
 1638              		.ident	"GCC: (GNU Tools for ARM Embedded Processors) 4.7.3 20130312 (release) [ARM/embedded-4_7-br
