ARM GAS  C:\Users\X0217454\AppData\Local\Temp\ccx1uPoS.s 			page 1


   1              		.cpu cortex-m0
   2              		.fpu softvfp
   3              		.eabi_attribute 20, 1
   4              		.eabi_attribute 21, 1
   5              		.eabi_attribute 23, 3
   6              		.eabi_attribute 24, 1
   7              		.eabi_attribute 25, 1
   8              		.eabi_attribute 26, 1
   9              		.eabi_attribute 30, 6
  10              		.eabi_attribute 34, 0
  11              		.eabi_attribute 18, 4
  12              		.code	16
  13              		.file	"Rx_ISR.c"
  14              		.text
  15              	.Ltext0:
  16              		.cfi_sections	.debug_frame
  17              		.section	.text.Rx_ISR_Start,"ax",%progbits
  18              		.align	2
  19              		.global	Rx_ISR_Start
  20              		.code	16
  21              		.thumb_func
  22              		.type	Rx_ISR_Start, %function
  23              	Rx_ISR_Start:
  24              	.LFB0:
  25              		.file 1 ".\\Generated_Source\\PSoC4\\Rx_ISR.c"
   1:.\Generated_Source\PSoC4/Rx_ISR.c **** /*******************************************************************************
   2:.\Generated_Source\PSoC4/Rx_ISR.c **** * File Name: Rx_ISR.c  
   3:.\Generated_Source\PSoC4/Rx_ISR.c **** * Version 1.70
   4:.\Generated_Source\PSoC4/Rx_ISR.c **** *
   5:.\Generated_Source\PSoC4/Rx_ISR.c **** *  Description:
   6:.\Generated_Source\PSoC4/Rx_ISR.c **** *   API for controlling the state of an interrupt.
   7:.\Generated_Source\PSoC4/Rx_ISR.c **** *
   8:.\Generated_Source\PSoC4/Rx_ISR.c **** *
   9:.\Generated_Source\PSoC4/Rx_ISR.c **** *  Note:
  10:.\Generated_Source\PSoC4/Rx_ISR.c **** *
  11:.\Generated_Source\PSoC4/Rx_ISR.c **** ********************************************************************************
  12:.\Generated_Source\PSoC4/Rx_ISR.c **** * Copyright 2008-2012, Cypress Semiconductor Corporation.  All rights reserved.
  13:.\Generated_Source\PSoC4/Rx_ISR.c **** * You may use this file only in accordance with the license, terms, conditions, 
  14:.\Generated_Source\PSoC4/Rx_ISR.c **** * disclaimers, and limitations in the end user license agreement accompanying 
  15:.\Generated_Source\PSoC4/Rx_ISR.c **** * the software package with which this file was provided.
  16:.\Generated_Source\PSoC4/Rx_ISR.c **** *******************************************************************************/
  17:.\Generated_Source\PSoC4/Rx_ISR.c **** 
  18:.\Generated_Source\PSoC4/Rx_ISR.c **** 
  19:.\Generated_Source\PSoC4/Rx_ISR.c **** #include <cydevice_trm.h>
  20:.\Generated_Source\PSoC4/Rx_ISR.c **** #include <CyLib.h>
  21:.\Generated_Source\PSoC4/Rx_ISR.c **** #include <Rx_ISR.h>
  22:.\Generated_Source\PSoC4/Rx_ISR.c **** 
  23:.\Generated_Source\PSoC4/Rx_ISR.c **** #if !defined(Rx_ISR__REMOVED) /* Check for removal by optimization */
  24:.\Generated_Source\PSoC4/Rx_ISR.c **** 
  25:.\Generated_Source\PSoC4/Rx_ISR.c **** /*******************************************************************************
  26:.\Generated_Source\PSoC4/Rx_ISR.c **** *  Place your includes, defines and code here 
  27:.\Generated_Source\PSoC4/Rx_ISR.c **** ********************************************************************************/
  28:.\Generated_Source\PSoC4/Rx_ISR.c **** /* `#START Rx_ISR_intc` */
  29:.\Generated_Source\PSoC4/Rx_ISR.c **** #include "board.h"
  30:.\Generated_Source\PSoC4/Rx_ISR.c **** #include "UARTM.h"
  31:.\Generated_Source\PSoC4/Rx_ISR.c **** #include "datatypes.h"
  32:.\Generated_Source\PSoC4/Rx_ISR.c **** #include "cli_uart.h"
ARM GAS  C:\Users\X0217454\AppData\Local\Temp\ccx1uPoS.s 			page 2


  33:.\Generated_Source\PSoC4/Rx_ISR.c ****     
  34:.\Generated_Source\PSoC4/Rx_ISR.c **** extern BOOLEAN IntIsMasked;
  35:.\Generated_Source\PSoC4/Rx_ISR.c **** extern P_EVENT_HANDLER pIrqEventHandler;
  36:.\Generated_Source\PSoC4/Rx_ISR.c **** /* `#END` */
  37:.\Generated_Source\PSoC4/Rx_ISR.c **** 
  38:.\Generated_Source\PSoC4/Rx_ISR.c **** extern cyisraddress CyRamVectors[CYINT_IRQ_BASE + CY_NUM_INTERRUPTS];
  39:.\Generated_Source\PSoC4/Rx_ISR.c **** 
  40:.\Generated_Source\PSoC4/Rx_ISR.c **** /* Declared in startup, used to set unused interrupts to. */
  41:.\Generated_Source\PSoC4/Rx_ISR.c **** CY_ISR_PROTO(IntDefaultHandler);
  42:.\Generated_Source\PSoC4/Rx_ISR.c **** 
  43:.\Generated_Source\PSoC4/Rx_ISR.c **** 
  44:.\Generated_Source\PSoC4/Rx_ISR.c **** /*******************************************************************************
  45:.\Generated_Source\PSoC4/Rx_ISR.c **** * Function Name: Rx_ISR_Start
  46:.\Generated_Source\PSoC4/Rx_ISR.c **** ********************************************************************************
  47:.\Generated_Source\PSoC4/Rx_ISR.c **** *
  48:.\Generated_Source\PSoC4/Rx_ISR.c **** * Summary:
  49:.\Generated_Source\PSoC4/Rx_ISR.c **** *  Set up the interrupt and enable it.
  50:.\Generated_Source\PSoC4/Rx_ISR.c **** *
  51:.\Generated_Source\PSoC4/Rx_ISR.c **** * Parameters:  
  52:.\Generated_Source\PSoC4/Rx_ISR.c **** *   None
  53:.\Generated_Source\PSoC4/Rx_ISR.c **** *
  54:.\Generated_Source\PSoC4/Rx_ISR.c **** * Return:
  55:.\Generated_Source\PSoC4/Rx_ISR.c **** *   None
  56:.\Generated_Source\PSoC4/Rx_ISR.c **** *
  57:.\Generated_Source\PSoC4/Rx_ISR.c **** *******************************************************************************/
  58:.\Generated_Source\PSoC4/Rx_ISR.c **** void Rx_ISR_Start(void)
  59:.\Generated_Source\PSoC4/Rx_ISR.c **** {
  26              		.loc 1 59 0
  27              		.cfi_startproc
  28 0000 80B5     		push	{r7, lr}
  29              	.LCFI0:
  30              		.cfi_def_cfa_offset 8
  31              		.cfi_offset 7, -8
  32              		.cfi_offset 14, -4
  33 0002 00AF     		add	r7, sp, #0
  34              	.LCFI1:
  35              		.cfi_def_cfa_register 7
  60:.\Generated_Source\PSoC4/Rx_ISR.c ****     /* For all we know the interrupt is active. */
  61:.\Generated_Source\PSoC4/Rx_ISR.c ****     Rx_ISR_Disable();
  36              		.loc 1 61 0
  37 0004 FFF7FEFF 		bl	Rx_ISR_Disable
  62:.\Generated_Source\PSoC4/Rx_ISR.c **** 
  63:.\Generated_Source\PSoC4/Rx_ISR.c ****     /* Set the ISR to point to the Rx_ISR Interrupt. */
  64:.\Generated_Source\PSoC4/Rx_ISR.c ****     Rx_ISR_SetVector(&Rx_ISR_Interrupt);
  38              		.loc 1 64 0
  39 0008 054B     		ldr	r3, .L2
  40 000a 181C     		mov	r0, r3
  41 000c FFF7FEFF 		bl	Rx_ISR_SetVector
  65:.\Generated_Source\PSoC4/Rx_ISR.c **** 
  66:.\Generated_Source\PSoC4/Rx_ISR.c ****     /* Set the priority. */
  67:.\Generated_Source\PSoC4/Rx_ISR.c ****     Rx_ISR_SetPriority((uint8)Rx_ISR_INTC_PRIOR_NUMBER);
  42              		.loc 1 67 0
  43 0010 0320     		mov	r0, #3
  44 0012 FFF7FEFF 		bl	Rx_ISR_SetPriority
  68:.\Generated_Source\PSoC4/Rx_ISR.c **** 
  69:.\Generated_Source\PSoC4/Rx_ISR.c ****     /* Enable it. */
  70:.\Generated_Source\PSoC4/Rx_ISR.c ****     Rx_ISR_Enable();
ARM GAS  C:\Users\X0217454\AppData\Local\Temp\ccx1uPoS.s 			page 3


  45              		.loc 1 70 0
  46 0016 FFF7FEFF 		bl	Rx_ISR_Enable
  71:.\Generated_Source\PSoC4/Rx_ISR.c **** }
  47              		.loc 1 71 0
  48 001a BD46     		mov	sp, r7
  49              		@ sp needed for prologue
  50 001c 80BD     		pop	{r7, pc}
  51              	.L3:
  52 001e C046     		.align	2
  53              	.L2:
  54 0020 00000000 		.word	Rx_ISR_Interrupt
  55              		.cfi_endproc
  56              	.LFE0:
  57              		.size	Rx_ISR_Start, .-Rx_ISR_Start
  58              		.section	.text.Rx_ISR_StartEx,"ax",%progbits
  59              		.align	2
  60              		.global	Rx_ISR_StartEx
  61              		.code	16
  62              		.thumb_func
  63              		.type	Rx_ISR_StartEx, %function
  64              	Rx_ISR_StartEx:
  65              	.LFB1:
  72:.\Generated_Source\PSoC4/Rx_ISR.c **** 
  73:.\Generated_Source\PSoC4/Rx_ISR.c **** 
  74:.\Generated_Source\PSoC4/Rx_ISR.c **** /*******************************************************************************
  75:.\Generated_Source\PSoC4/Rx_ISR.c **** * Function Name: Rx_ISR_StartEx
  76:.\Generated_Source\PSoC4/Rx_ISR.c **** ********************************************************************************
  77:.\Generated_Source\PSoC4/Rx_ISR.c **** *
  78:.\Generated_Source\PSoC4/Rx_ISR.c **** * Summary:
  79:.\Generated_Source\PSoC4/Rx_ISR.c **** *  Set up the interrupt and enable it.
  80:.\Generated_Source\PSoC4/Rx_ISR.c **** *
  81:.\Generated_Source\PSoC4/Rx_ISR.c **** * Parameters:  
  82:.\Generated_Source\PSoC4/Rx_ISR.c **** *   address: Address of the ISR to set in the interrupt vector table.
  83:.\Generated_Source\PSoC4/Rx_ISR.c **** *
  84:.\Generated_Source\PSoC4/Rx_ISR.c **** * Return:
  85:.\Generated_Source\PSoC4/Rx_ISR.c **** *   None
  86:.\Generated_Source\PSoC4/Rx_ISR.c **** *
  87:.\Generated_Source\PSoC4/Rx_ISR.c **** *******************************************************************************/
  88:.\Generated_Source\PSoC4/Rx_ISR.c **** void Rx_ISR_StartEx(cyisraddress address)
  89:.\Generated_Source\PSoC4/Rx_ISR.c **** {
  66              		.loc 1 89 0
  67              		.cfi_startproc
  68 0000 80B5     		push	{r7, lr}
  69              	.LCFI2:
  70              		.cfi_def_cfa_offset 8
  71              		.cfi_offset 7, -8
  72              		.cfi_offset 14, -4
  73 0002 82B0     		sub	sp, sp, #8
  74              	.LCFI3:
  75              		.cfi_def_cfa_offset 16
  76 0004 00AF     		add	r7, sp, #0
  77              	.LCFI4:
  78              		.cfi_def_cfa_register 7
  79 0006 7860     		str	r0, [r7, #4]
  90:.\Generated_Source\PSoC4/Rx_ISR.c ****     /* For all we know the interrupt is active. */
  91:.\Generated_Source\PSoC4/Rx_ISR.c ****     Rx_ISR_Disable();
  80              		.loc 1 91 0
ARM GAS  C:\Users\X0217454\AppData\Local\Temp\ccx1uPoS.s 			page 4


  81 0008 FFF7FEFF 		bl	Rx_ISR_Disable
  92:.\Generated_Source\PSoC4/Rx_ISR.c **** 
  93:.\Generated_Source\PSoC4/Rx_ISR.c ****     /* Set the ISR to point to the Rx_ISR Interrupt. */
  94:.\Generated_Source\PSoC4/Rx_ISR.c ****     Rx_ISR_SetVector(address);
  82              		.loc 1 94 0
  83 000c 7B68     		ldr	r3, [r7, #4]
  84 000e 181C     		mov	r0, r3
  85 0010 FFF7FEFF 		bl	Rx_ISR_SetVector
  95:.\Generated_Source\PSoC4/Rx_ISR.c **** 
  96:.\Generated_Source\PSoC4/Rx_ISR.c ****     /* Set the priority. */
  97:.\Generated_Source\PSoC4/Rx_ISR.c ****     Rx_ISR_SetPriority((uint8)Rx_ISR_INTC_PRIOR_NUMBER);
  86              		.loc 1 97 0
  87 0014 0320     		mov	r0, #3
  88 0016 FFF7FEFF 		bl	Rx_ISR_SetPriority
  98:.\Generated_Source\PSoC4/Rx_ISR.c **** 
  99:.\Generated_Source\PSoC4/Rx_ISR.c ****     /* Enable it. */
 100:.\Generated_Source\PSoC4/Rx_ISR.c ****     Rx_ISR_Enable();
  89              		.loc 1 100 0
  90 001a FFF7FEFF 		bl	Rx_ISR_Enable
 101:.\Generated_Source\PSoC4/Rx_ISR.c **** }
  91              		.loc 1 101 0
  92 001e BD46     		mov	sp, r7
  93 0020 02B0     		add	sp, sp, #8
  94              		@ sp needed for prologue
  95 0022 80BD     		pop	{r7, pc}
  96              		.cfi_endproc
  97              	.LFE1:
  98              		.size	Rx_ISR_StartEx, .-Rx_ISR_StartEx
  99              		.section	.text.Rx_ISR_Stop,"ax",%progbits
 100              		.align	2
 101              		.global	Rx_ISR_Stop
 102              		.code	16
 103              		.thumb_func
 104              		.type	Rx_ISR_Stop, %function
 105              	Rx_ISR_Stop:
 106              	.LFB2:
 102:.\Generated_Source\PSoC4/Rx_ISR.c **** 
 103:.\Generated_Source\PSoC4/Rx_ISR.c **** 
 104:.\Generated_Source\PSoC4/Rx_ISR.c **** /*******************************************************************************
 105:.\Generated_Source\PSoC4/Rx_ISR.c **** * Function Name: Rx_ISR_Stop
 106:.\Generated_Source\PSoC4/Rx_ISR.c **** ********************************************************************************
 107:.\Generated_Source\PSoC4/Rx_ISR.c **** *
 108:.\Generated_Source\PSoC4/Rx_ISR.c **** * Summary:
 109:.\Generated_Source\PSoC4/Rx_ISR.c **** *   Disables and removes the interrupt.
 110:.\Generated_Source\PSoC4/Rx_ISR.c **** *
 111:.\Generated_Source\PSoC4/Rx_ISR.c **** * Parameters:  
 112:.\Generated_Source\PSoC4/Rx_ISR.c **** *
 113:.\Generated_Source\PSoC4/Rx_ISR.c **** * Return:
 114:.\Generated_Source\PSoC4/Rx_ISR.c **** *   None
 115:.\Generated_Source\PSoC4/Rx_ISR.c **** *
 116:.\Generated_Source\PSoC4/Rx_ISR.c **** *******************************************************************************/
 117:.\Generated_Source\PSoC4/Rx_ISR.c **** void Rx_ISR_Stop(void)
 118:.\Generated_Source\PSoC4/Rx_ISR.c **** {
 107              		.loc 1 118 0
 108              		.cfi_startproc
 109 0000 80B5     		push	{r7, lr}
 110              	.LCFI5:
ARM GAS  C:\Users\X0217454\AppData\Local\Temp\ccx1uPoS.s 			page 5


 111              		.cfi_def_cfa_offset 8
 112              		.cfi_offset 7, -8
 113              		.cfi_offset 14, -4
 114 0002 00AF     		add	r7, sp, #0
 115              	.LCFI6:
 116              		.cfi_def_cfa_register 7
 119:.\Generated_Source\PSoC4/Rx_ISR.c ****     /* Disable this interrupt. */
 120:.\Generated_Source\PSoC4/Rx_ISR.c ****     Rx_ISR_Disable();
 117              		.loc 1 120 0
 118 0004 FFF7FEFF 		bl	Rx_ISR_Disable
 121:.\Generated_Source\PSoC4/Rx_ISR.c **** 
 122:.\Generated_Source\PSoC4/Rx_ISR.c ****     /* Set the ISR to point to the passive one. */
 123:.\Generated_Source\PSoC4/Rx_ISR.c ****     Rx_ISR_SetVector(&IntDefaultHandler);
 119              		.loc 1 123 0
 120 0008 024B     		ldr	r3, .L6
 121 000a 181C     		mov	r0, r3
 122 000c FFF7FEFF 		bl	Rx_ISR_SetVector
 124:.\Generated_Source\PSoC4/Rx_ISR.c **** }
 123              		.loc 1 124 0
 124 0010 BD46     		mov	sp, r7
 125              		@ sp needed for prologue
 126 0012 80BD     		pop	{r7, pc}
 127              	.L7:
 128              		.align	2
 129              	.L6:
 130 0014 00000000 		.word	IntDefaultHandler
 131              		.cfi_endproc
 132              	.LFE2:
 133              		.size	Rx_ISR_Stop, .-Rx_ISR_Stop
 134              		.section	.text.Rx_ISR_Interrupt,"ax",%progbits
 135              		.align	2
 136              		.global	Rx_ISR_Interrupt
 137              		.code	16
 138              		.thumb_func
 139              		.type	Rx_ISR_Interrupt, %function
 140              	Rx_ISR_Interrupt:
 141              	.LFB3:
 125:.\Generated_Source\PSoC4/Rx_ISR.c **** 
 126:.\Generated_Source\PSoC4/Rx_ISR.c **** 
 127:.\Generated_Source\PSoC4/Rx_ISR.c **** /*******************************************************************************
 128:.\Generated_Source\PSoC4/Rx_ISR.c **** * Function Name: Rx_ISR_Interrupt
 129:.\Generated_Source\PSoC4/Rx_ISR.c **** ********************************************************************************
 130:.\Generated_Source\PSoC4/Rx_ISR.c **** *
 131:.\Generated_Source\PSoC4/Rx_ISR.c **** * Summary:
 132:.\Generated_Source\PSoC4/Rx_ISR.c **** *   The default Interrupt Service Routine for Rx_ISR.
 133:.\Generated_Source\PSoC4/Rx_ISR.c **** *
 134:.\Generated_Source\PSoC4/Rx_ISR.c **** *   Add custom code between the coments to keep the next version of this file
 135:.\Generated_Source\PSoC4/Rx_ISR.c **** *   from over writting your code.
 136:.\Generated_Source\PSoC4/Rx_ISR.c **** *
 137:.\Generated_Source\PSoC4/Rx_ISR.c **** * Parameters:  
 138:.\Generated_Source\PSoC4/Rx_ISR.c **** *   None
 139:.\Generated_Source\PSoC4/Rx_ISR.c **** *
 140:.\Generated_Source\PSoC4/Rx_ISR.c **** * Return:
 141:.\Generated_Source\PSoC4/Rx_ISR.c **** *   None
 142:.\Generated_Source\PSoC4/Rx_ISR.c **** *
 143:.\Generated_Source\PSoC4/Rx_ISR.c **** *******************************************************************************/
 144:.\Generated_Source\PSoC4/Rx_ISR.c **** CY_ISR(Rx_ISR_Interrupt)
ARM GAS  C:\Users\X0217454\AppData\Local\Temp\ccx1uPoS.s 			page 6


 145:.\Generated_Source\PSoC4/Rx_ISR.c **** {
 142              		.loc 1 145 0
 143              		.cfi_startproc
 144 0000 80B5     		push	{r7, lr}
 145              	.LCFI7:
 146              		.cfi_def_cfa_offset 8
 147              		.cfi_offset 7, -8
 148              		.cfi_offset 14, -4
 149 0002 00AF     		add	r7, sp, #0
 150              	.LCFI8:
 151              		.cfi_def_cfa_register 7
 146:.\Generated_Source\PSoC4/Rx_ISR.c ****     /*  Place your Interrupt code here. */
 147:.\Generated_Source\PSoC4/Rx_ISR.c ****     /* `#START Rx_ISR_Interrupt` */
 148:.\Generated_Source\PSoC4/Rx_ISR.c ****         if((pIrqEventHandler != 0) && (IntIsMasked == FALSE ))
 152              		.loc 1 148 0
 153 0004 074B     		ldr	r3, .L10
 154 0006 1B68     		ldr	r3, [r3]
 155 0008 002B     		cmp	r3, #0
 156 000a 09D0     		beq	.L8
 157              		.loc 1 148 0 is_stmt 0 discriminator 1
 158 000c 064B     		ldr	r3, .L10+4
 159 000e 1B78     		ldrb	r3, [r3]
 160 0010 002B     		cmp	r3, #0
 161 0012 05D1     		bne	.L8
 149:.\Generated_Source\PSoC4/Rx_ISR.c **** 	    {
 150:.\Generated_Source\PSoC4/Rx_ISR.c ****             //CLI_Write((unsigned char *)"Rx Int Handler\r\n");
 151:.\Generated_Source\PSoC4/Rx_ISR.c **** 		    pIrqEventHandler(0);
 162              		.loc 1 151 0 is_stmt 1
 163 0014 034B     		ldr	r3, .L10
 164 0016 1B68     		ldr	r3, [r3]
 165 0018 0020     		mov	r0, #0
 166 001a 9847     		blx	r3
 152:.\Generated_Source\PSoC4/Rx_ISR.c ****             Rx_ISR_ClearPending();
 167              		.loc 1 152 0
 168 001c FFF7FEFF 		bl	Rx_ISR_ClearPending
 169              	.L8:
 153:.\Generated_Source\PSoC4/Rx_ISR.c **** 	    }
 154:.\Generated_Source\PSoC4/Rx_ISR.c ****     /* `#END` */
 155:.\Generated_Source\PSoC4/Rx_ISR.c **** }
 170              		.loc 1 155 0
 171 0020 BD46     		mov	sp, r7
 172              		@ sp needed for prologue
 173 0022 80BD     		pop	{r7, pc}
 174              	.L11:
 175              		.align	2
 176              	.L10:
 177 0024 00000000 		.word	pIrqEventHandler
 178 0028 00000000 		.word	IntIsMasked
 179              		.cfi_endproc
 180              	.LFE3:
 181              		.size	Rx_ISR_Interrupt, .-Rx_ISR_Interrupt
 182              		.section	.text.Rx_ISR_SetVector,"ax",%progbits
 183              		.align	2
 184              		.global	Rx_ISR_SetVector
 185              		.code	16
 186              		.thumb_func
 187              		.type	Rx_ISR_SetVector, %function
ARM GAS  C:\Users\X0217454\AppData\Local\Temp\ccx1uPoS.s 			page 7


 188              	Rx_ISR_SetVector:
 189              	.LFB4:
 156:.\Generated_Source\PSoC4/Rx_ISR.c **** 
 157:.\Generated_Source\PSoC4/Rx_ISR.c **** 
 158:.\Generated_Source\PSoC4/Rx_ISR.c **** /*******************************************************************************
 159:.\Generated_Source\PSoC4/Rx_ISR.c **** * Function Name: Rx_ISR_SetVector
 160:.\Generated_Source\PSoC4/Rx_ISR.c **** ********************************************************************************
 161:.\Generated_Source\PSoC4/Rx_ISR.c **** *
 162:.\Generated_Source\PSoC4/Rx_ISR.c **** * Summary:
 163:.\Generated_Source\PSoC4/Rx_ISR.c **** *   Change the ISR vector for the Interrupt. Note calling Rx_ISR_Start
 164:.\Generated_Source\PSoC4/Rx_ISR.c **** *   will override any effect this method would have had. To set the vector 
 165:.\Generated_Source\PSoC4/Rx_ISR.c **** *   before the component has been started use Rx_ISR_StartEx instead.
 166:.\Generated_Source\PSoC4/Rx_ISR.c **** *
 167:.\Generated_Source\PSoC4/Rx_ISR.c **** * Parameters:
 168:.\Generated_Source\PSoC4/Rx_ISR.c **** *   address: Address of the ISR to set in the interrupt vector table.
 169:.\Generated_Source\PSoC4/Rx_ISR.c **** *
 170:.\Generated_Source\PSoC4/Rx_ISR.c **** * Return:
 171:.\Generated_Source\PSoC4/Rx_ISR.c **** *   None
 172:.\Generated_Source\PSoC4/Rx_ISR.c **** *
 173:.\Generated_Source\PSoC4/Rx_ISR.c **** *******************************************************************************/
 174:.\Generated_Source\PSoC4/Rx_ISR.c **** void Rx_ISR_SetVector(cyisraddress address)
 175:.\Generated_Source\PSoC4/Rx_ISR.c **** {
 190              		.loc 1 175 0
 191              		.cfi_startproc
 192 0000 80B5     		push	{r7, lr}
 193              	.LCFI9:
 194              		.cfi_def_cfa_offset 8
 195              		.cfi_offset 7, -8
 196              		.cfi_offset 14, -4
 197 0002 82B0     		sub	sp, sp, #8
 198              	.LCFI10:
 199              		.cfi_def_cfa_offset 16
 200 0004 00AF     		add	r7, sp, #0
 201              	.LCFI11:
 202              		.cfi_def_cfa_register 7
 203 0006 7860     		str	r0, [r7, #4]
 176:.\Generated_Source\PSoC4/Rx_ISR.c ****     CyRamVectors[CYINT_IRQ_BASE + Rx_ISR__INTC_NUMBER] = address;
 204              		.loc 1 176 0
 205 0008 024B     		ldr	r3, .L13
 206 000a 7A68     		ldr	r2, [r7, #4]
 207 000c 1A64     		str	r2, [r3, #64]
 177:.\Generated_Source\PSoC4/Rx_ISR.c **** }
 208              		.loc 1 177 0
 209 000e BD46     		mov	sp, r7
 210 0010 02B0     		add	sp, sp, #8
 211              		@ sp needed for prologue
 212 0012 80BD     		pop	{r7, pc}
 213              	.L14:
 214              		.align	2
 215              	.L13:
 216 0014 00000000 		.word	CyRamVectors
 217              		.cfi_endproc
 218              	.LFE4:
 219              		.size	Rx_ISR_SetVector, .-Rx_ISR_SetVector
 220              		.section	.text.Rx_ISR_GetVector,"ax",%progbits
 221              		.align	2
 222              		.global	Rx_ISR_GetVector
ARM GAS  C:\Users\X0217454\AppData\Local\Temp\ccx1uPoS.s 			page 8


 223              		.code	16
 224              		.thumb_func
 225              		.type	Rx_ISR_GetVector, %function
 226              	Rx_ISR_GetVector:
 227              	.LFB5:
 178:.\Generated_Source\PSoC4/Rx_ISR.c **** 
 179:.\Generated_Source\PSoC4/Rx_ISR.c **** 
 180:.\Generated_Source\PSoC4/Rx_ISR.c **** /*******************************************************************************
 181:.\Generated_Source\PSoC4/Rx_ISR.c **** * Function Name: Rx_ISR_GetVector
 182:.\Generated_Source\PSoC4/Rx_ISR.c **** ********************************************************************************
 183:.\Generated_Source\PSoC4/Rx_ISR.c **** *
 184:.\Generated_Source\PSoC4/Rx_ISR.c **** * Summary:
 185:.\Generated_Source\PSoC4/Rx_ISR.c **** *   Gets the "address" of the current ISR vector for the Interrupt.
 186:.\Generated_Source\PSoC4/Rx_ISR.c **** *
 187:.\Generated_Source\PSoC4/Rx_ISR.c **** * Parameters:
 188:.\Generated_Source\PSoC4/Rx_ISR.c **** *   None
 189:.\Generated_Source\PSoC4/Rx_ISR.c **** *
 190:.\Generated_Source\PSoC4/Rx_ISR.c **** * Return:
 191:.\Generated_Source\PSoC4/Rx_ISR.c **** *   Address of the ISR in the interrupt vector table.
 192:.\Generated_Source\PSoC4/Rx_ISR.c **** *
 193:.\Generated_Source\PSoC4/Rx_ISR.c **** *******************************************************************************/
 194:.\Generated_Source\PSoC4/Rx_ISR.c **** cyisraddress Rx_ISR_GetVector(void)
 195:.\Generated_Source\PSoC4/Rx_ISR.c **** {
 228              		.loc 1 195 0
 229              		.cfi_startproc
 230 0000 80B5     		push	{r7, lr}
 231              	.LCFI12:
 232              		.cfi_def_cfa_offset 8
 233              		.cfi_offset 7, -8
 234              		.cfi_offset 14, -4
 235 0002 00AF     		add	r7, sp, #0
 236              	.LCFI13:
 237              		.cfi_def_cfa_register 7
 196:.\Generated_Source\PSoC4/Rx_ISR.c ****     return CyRamVectors[CYINT_IRQ_BASE + Rx_ISR__INTC_NUMBER];
 238              		.loc 1 196 0
 239 0004 024B     		ldr	r3, .L17
 240 0006 1B6C     		ldr	r3, [r3, #64]
 197:.\Generated_Source\PSoC4/Rx_ISR.c **** }
 241              		.loc 1 197 0
 242 0008 181C     		mov	r0, r3
 243 000a BD46     		mov	sp, r7
 244              		@ sp needed for prologue
 245 000c 80BD     		pop	{r7, pc}
 246              	.L18:
 247 000e C046     		.align	2
 248              	.L17:
 249 0010 00000000 		.word	CyRamVectors
 250              		.cfi_endproc
 251              	.LFE5:
 252              		.size	Rx_ISR_GetVector, .-Rx_ISR_GetVector
 253              		.section	.text.Rx_ISR_SetPriority,"ax",%progbits
 254              		.align	2
 255              		.global	Rx_ISR_SetPriority
 256              		.code	16
 257              		.thumb_func
 258              		.type	Rx_ISR_SetPriority, %function
 259              	Rx_ISR_SetPriority:
ARM GAS  C:\Users\X0217454\AppData\Local\Temp\ccx1uPoS.s 			page 9


 260              	.LFB6:
 198:.\Generated_Source\PSoC4/Rx_ISR.c **** 
 199:.\Generated_Source\PSoC4/Rx_ISR.c **** 
 200:.\Generated_Source\PSoC4/Rx_ISR.c **** /*******************************************************************************
 201:.\Generated_Source\PSoC4/Rx_ISR.c **** * Function Name: Rx_ISR_SetPriority
 202:.\Generated_Source\PSoC4/Rx_ISR.c **** ********************************************************************************
 203:.\Generated_Source\PSoC4/Rx_ISR.c **** *
 204:.\Generated_Source\PSoC4/Rx_ISR.c **** * Summary:
 205:.\Generated_Source\PSoC4/Rx_ISR.c **** *   Sets the Priority of the Interrupt. Note calling Rx_ISR_Start
 206:.\Generated_Source\PSoC4/Rx_ISR.c **** *   or Rx_ISR_StartEx will override any effect this method would 
 207:.\Generated_Source\PSoC4/Rx_ISR.c **** *   have had. This method should only be called after Rx_ISR_Start or 
 208:.\Generated_Source\PSoC4/Rx_ISR.c **** *   Rx_ISR_StartEx has been called. To set the initial
 209:.\Generated_Source\PSoC4/Rx_ISR.c **** *   priority for the component use the cydwr file in the tool.
 210:.\Generated_Source\PSoC4/Rx_ISR.c **** *
 211:.\Generated_Source\PSoC4/Rx_ISR.c **** * Parameters:
 212:.\Generated_Source\PSoC4/Rx_ISR.c **** *   priority: Priority of the interrupt. 0 - 3, 0 being the highest.
 213:.\Generated_Source\PSoC4/Rx_ISR.c **** *
 214:.\Generated_Source\PSoC4/Rx_ISR.c **** * Return:
 215:.\Generated_Source\PSoC4/Rx_ISR.c **** *   None
 216:.\Generated_Source\PSoC4/Rx_ISR.c **** *
 217:.\Generated_Source\PSoC4/Rx_ISR.c **** *******************************************************************************/
 218:.\Generated_Source\PSoC4/Rx_ISR.c **** void Rx_ISR_SetPriority(uint8 priority)
 219:.\Generated_Source\PSoC4/Rx_ISR.c **** {
 261              		.loc 1 219 0
 262              		.cfi_startproc
 263 0000 90B5     		push	{r4, r7, lr}
 264              	.LCFI14:
 265              		.cfi_def_cfa_offset 12
 266              		.cfi_offset 4, -12
 267              		.cfi_offset 7, -8
 268              		.cfi_offset 14, -4
 269 0002 85B0     		sub	sp, sp, #20
 270              	.LCFI15:
 271              		.cfi_def_cfa_offset 32
 272 0004 00AF     		add	r7, sp, #0
 273              	.LCFI16:
 274              		.cfi_def_cfa_register 7
 275 0006 021C     		mov	r2, r0
 276 0008 FB1D     		add	r3, r7, #7
 277 000a 1A70     		strb	r2, [r3]
 220:.\Generated_Source\PSoC4/Rx_ISR.c **** 	uint8 interruptState;
 221:.\Generated_Source\PSoC4/Rx_ISR.c ****     uint32 priorityOffset = ((Rx_ISR__INTC_NUMBER % 4u) * 8u) + 6u;
 278              		.loc 1 221 0
 279 000c 0623     		mov	r3, #6
 280 000e FB60     		str	r3, [r7, #12]
 222:.\Generated_Source\PSoC4/Rx_ISR.c ****     
 223:.\Generated_Source\PSoC4/Rx_ISR.c **** 	interruptState = CyEnterCriticalSection();
 281              		.loc 1 223 0
 282 0010 3C1C     		mov	r4, r7
 283 0012 0B34     		add	r4, r4, #11
 284 0014 FFF7FEFF 		bl	CyEnterCriticalSection
 285 0018 031C     		mov	r3, r0
 286 001a 2370     		strb	r3, [r4]
 224:.\Generated_Source\PSoC4/Rx_ISR.c ****     *Rx_ISR_INTC_PRIOR = (*Rx_ISR_INTC_PRIOR & (uint32)(~Rx_ISR__INTC_PRIOR_MASK)) |
 287              		.loc 1 224 0
 288 001c 0B4B     		ldr	r3, .L20
 289 001e 0B4A     		ldr	r2, .L20
ARM GAS  C:\Users\X0217454\AppData\Local\Temp\ccx1uPoS.s 			page 10


 290 0020 1268     		ldr	r2, [r2]
 291 0022 C021     		mov	r1, #192
 292 0024 101C     		mov	r0, r2
 293 0026 8843     		bic	r0, r1
 294 0028 011C     		mov	r1, r0
 225:.\Generated_Source\PSoC4/Rx_ISR.c ****                                     ((uint32)priority << priorityOffset);
 295              		.loc 1 225 0
 296 002a FA1D     		add	r2, r7, #7
 297 002c 1078     		ldrb	r0, [r2]
 298 002e FA68     		ldr	r2, [r7, #12]
 299 0030 041C     		mov	r4, r0
 300 0032 9440     		lsl	r4, r4, r2
 301 0034 221C     		mov	r2, r4
 224:.\Generated_Source\PSoC4/Rx_ISR.c ****     *Rx_ISR_INTC_PRIOR = (*Rx_ISR_INTC_PRIOR & (uint32)(~Rx_ISR__INTC_PRIOR_MASK)) |
 302              		.loc 1 224 0
 303 0036 0A43     		orr	r2, r1
 304 0038 1A60     		str	r2, [r3]
 226:.\Generated_Source\PSoC4/Rx_ISR.c **** 	CyExitCriticalSection(interruptState);
 305              		.loc 1 226 0
 306 003a 3B1C     		mov	r3, r7
 307 003c 0B33     		add	r3, r3, #11
 308 003e 1B78     		ldrb	r3, [r3]
 309 0040 181C     		mov	r0, r3
 310 0042 FFF7FEFF 		bl	CyExitCriticalSection
 227:.\Generated_Source\PSoC4/Rx_ISR.c **** }
 311              		.loc 1 227 0
 312 0046 BD46     		mov	sp, r7
 313 0048 05B0     		add	sp, sp, #20
 314              		@ sp needed for prologue
 315 004a 90BD     		pop	{r4, r7, pc}
 316              	.L21:
 317              		.align	2
 318              	.L20:
 319 004c 00E400E0 		.word	-536812544
 320              		.cfi_endproc
 321              	.LFE6:
 322              		.size	Rx_ISR_SetPriority, .-Rx_ISR_SetPriority
 323              		.section	.text.Rx_ISR_GetPriority,"ax",%progbits
 324              		.align	2
 325              		.global	Rx_ISR_GetPriority
 326              		.code	16
 327              		.thumb_func
 328              		.type	Rx_ISR_GetPriority, %function
 329              	Rx_ISR_GetPriority:
 330              	.LFB7:
 228:.\Generated_Source\PSoC4/Rx_ISR.c **** 
 229:.\Generated_Source\PSoC4/Rx_ISR.c **** 
 230:.\Generated_Source\PSoC4/Rx_ISR.c **** /*******************************************************************************
 231:.\Generated_Source\PSoC4/Rx_ISR.c **** * Function Name: Rx_ISR_GetPriority
 232:.\Generated_Source\PSoC4/Rx_ISR.c **** ********************************************************************************
 233:.\Generated_Source\PSoC4/Rx_ISR.c **** *
 234:.\Generated_Source\PSoC4/Rx_ISR.c **** * Summary:
 235:.\Generated_Source\PSoC4/Rx_ISR.c **** *   Gets the Priority of the Interrupt.
 236:.\Generated_Source\PSoC4/Rx_ISR.c **** *
 237:.\Generated_Source\PSoC4/Rx_ISR.c **** * Parameters:
 238:.\Generated_Source\PSoC4/Rx_ISR.c **** *   None
 239:.\Generated_Source\PSoC4/Rx_ISR.c **** *
ARM GAS  C:\Users\X0217454\AppData\Local\Temp\ccx1uPoS.s 			page 11


 240:.\Generated_Source\PSoC4/Rx_ISR.c **** * Return:
 241:.\Generated_Source\PSoC4/Rx_ISR.c **** *   Priority of the interrupt. 0 - 3, 0 being the highest.
 242:.\Generated_Source\PSoC4/Rx_ISR.c **** *
 243:.\Generated_Source\PSoC4/Rx_ISR.c **** *******************************************************************************/
 244:.\Generated_Source\PSoC4/Rx_ISR.c **** uint8 Rx_ISR_GetPriority(void)
 245:.\Generated_Source\PSoC4/Rx_ISR.c **** {
 331              		.loc 1 245 0
 332              		.cfi_startproc
 333 0000 80B5     		push	{r7, lr}
 334              	.LCFI17:
 335              		.cfi_def_cfa_offset 8
 336              		.cfi_offset 7, -8
 337              		.cfi_offset 14, -4
 338 0002 82B0     		sub	sp, sp, #8
 339              	.LCFI18:
 340              		.cfi_def_cfa_offset 16
 341 0004 00AF     		add	r7, sp, #0
 342              	.LCFI19:
 343              		.cfi_def_cfa_register 7
 246:.\Generated_Source\PSoC4/Rx_ISR.c ****     uint32 priority;
 247:.\Generated_Source\PSoC4/Rx_ISR.c **** 	uint32 priorityOffset = ((Rx_ISR__INTC_NUMBER % 4u) * 8u) + 6u;
 344              		.loc 1 247 0
 345 0006 0623     		mov	r3, #6
 346 0008 7B60     		str	r3, [r7, #4]
 248:.\Generated_Source\PSoC4/Rx_ISR.c **** 
 249:.\Generated_Source\PSoC4/Rx_ISR.c ****     priority = (*Rx_ISR_INTC_PRIOR & Rx_ISR__INTC_PRIOR_MASK) >> priorityOffset;
 347              		.loc 1 249 0
 348 000a 074B     		ldr	r3, .L24
 349 000c 1A68     		ldr	r2, [r3]
 350 000e C023     		mov	r3, #192
 351 0010 1A40     		and	r2, r3
 352 0012 7B68     		ldr	r3, [r7, #4]
 353 0014 111C     		mov	r1, r2
 354 0016 D940     		lsr	r1, r1, r3
 355 0018 0B1C     		mov	r3, r1
 356 001a 3B60     		str	r3, [r7]
 250:.\Generated_Source\PSoC4/Rx_ISR.c **** 
 251:.\Generated_Source\PSoC4/Rx_ISR.c ****     return (uint8)priority;
 357              		.loc 1 251 0
 358 001c 3B68     		ldr	r3, [r7]
 359 001e DBB2     		uxtb	r3, r3
 252:.\Generated_Source\PSoC4/Rx_ISR.c **** }
 360              		.loc 1 252 0
 361 0020 181C     		mov	r0, r3
 362 0022 BD46     		mov	sp, r7
 363 0024 02B0     		add	sp, sp, #8
 364              		@ sp needed for prologue
 365 0026 80BD     		pop	{r7, pc}
 366              	.L25:
 367              		.align	2
 368              	.L24:
 369 0028 00E400E0 		.word	-536812544
 370              		.cfi_endproc
 371              	.LFE7:
 372              		.size	Rx_ISR_GetPriority, .-Rx_ISR_GetPriority
 373              		.section	.text.Rx_ISR_Enable,"ax",%progbits
 374              		.align	2
ARM GAS  C:\Users\X0217454\AppData\Local\Temp\ccx1uPoS.s 			page 12


 375              		.global	Rx_ISR_Enable
 376              		.code	16
 377              		.thumb_func
 378              		.type	Rx_ISR_Enable, %function
 379              	Rx_ISR_Enable:
 380              	.LFB8:
 253:.\Generated_Source\PSoC4/Rx_ISR.c **** 
 254:.\Generated_Source\PSoC4/Rx_ISR.c **** 
 255:.\Generated_Source\PSoC4/Rx_ISR.c **** /*******************************************************************************
 256:.\Generated_Source\PSoC4/Rx_ISR.c **** * Function Name: Rx_ISR_Enable
 257:.\Generated_Source\PSoC4/Rx_ISR.c **** ********************************************************************************
 258:.\Generated_Source\PSoC4/Rx_ISR.c **** *
 259:.\Generated_Source\PSoC4/Rx_ISR.c **** * Summary:
 260:.\Generated_Source\PSoC4/Rx_ISR.c **** *   Enables the interrupt.
 261:.\Generated_Source\PSoC4/Rx_ISR.c **** *
 262:.\Generated_Source\PSoC4/Rx_ISR.c **** * Parameters:
 263:.\Generated_Source\PSoC4/Rx_ISR.c **** *   None
 264:.\Generated_Source\PSoC4/Rx_ISR.c **** *
 265:.\Generated_Source\PSoC4/Rx_ISR.c **** * Return:
 266:.\Generated_Source\PSoC4/Rx_ISR.c **** *   None
 267:.\Generated_Source\PSoC4/Rx_ISR.c **** *
 268:.\Generated_Source\PSoC4/Rx_ISR.c **** *******************************************************************************/
 269:.\Generated_Source\PSoC4/Rx_ISR.c **** void Rx_ISR_Enable(void)
 270:.\Generated_Source\PSoC4/Rx_ISR.c **** {
 381              		.loc 1 270 0
 382              		.cfi_startproc
 383 0000 80B5     		push	{r7, lr}
 384              	.LCFI20:
 385              		.cfi_def_cfa_offset 8
 386              		.cfi_offset 7, -8
 387              		.cfi_offset 14, -4
 388 0002 00AF     		add	r7, sp, #0
 389              	.LCFI21:
 390              		.cfi_def_cfa_register 7
 271:.\Generated_Source\PSoC4/Rx_ISR.c ****     /* Enable the general interrupt. */
 272:.\Generated_Source\PSoC4/Rx_ISR.c ****     *Rx_ISR_INTC_SET_EN = Rx_ISR__INTC_MASK;
 391              		.loc 1 272 0
 392 0004 024B     		ldr	r3, .L27
 393 0006 0122     		mov	r2, #1
 394 0008 1A60     		str	r2, [r3]
 273:.\Generated_Source\PSoC4/Rx_ISR.c **** }
 395              		.loc 1 273 0
 396 000a BD46     		mov	sp, r7
 397              		@ sp needed for prologue
 398 000c 80BD     		pop	{r7, pc}
 399              	.L28:
 400 000e C046     		.align	2
 401              	.L27:
 402 0010 00E100E0 		.word	-536813312
 403              		.cfi_endproc
 404              	.LFE8:
 405              		.size	Rx_ISR_Enable, .-Rx_ISR_Enable
 406              		.section	.text.Rx_ISR_GetState,"ax",%progbits
 407              		.align	2
 408              		.global	Rx_ISR_GetState
 409              		.code	16
 410              		.thumb_func
ARM GAS  C:\Users\X0217454\AppData\Local\Temp\ccx1uPoS.s 			page 13


 411              		.type	Rx_ISR_GetState, %function
 412              	Rx_ISR_GetState:
 413              	.LFB9:
 274:.\Generated_Source\PSoC4/Rx_ISR.c **** 
 275:.\Generated_Source\PSoC4/Rx_ISR.c **** 
 276:.\Generated_Source\PSoC4/Rx_ISR.c **** /*******************************************************************************
 277:.\Generated_Source\PSoC4/Rx_ISR.c **** * Function Name: Rx_ISR_GetState
 278:.\Generated_Source\PSoC4/Rx_ISR.c **** ********************************************************************************
 279:.\Generated_Source\PSoC4/Rx_ISR.c **** *
 280:.\Generated_Source\PSoC4/Rx_ISR.c **** * Summary:
 281:.\Generated_Source\PSoC4/Rx_ISR.c **** *   Gets the state (enabled, disabled) of the Interrupt.
 282:.\Generated_Source\PSoC4/Rx_ISR.c **** *
 283:.\Generated_Source\PSoC4/Rx_ISR.c **** * Parameters:
 284:.\Generated_Source\PSoC4/Rx_ISR.c **** *   None
 285:.\Generated_Source\PSoC4/Rx_ISR.c **** *
 286:.\Generated_Source\PSoC4/Rx_ISR.c **** * Return:
 287:.\Generated_Source\PSoC4/Rx_ISR.c **** *   1 if enabled, 0 if disabled.
 288:.\Generated_Source\PSoC4/Rx_ISR.c **** *
 289:.\Generated_Source\PSoC4/Rx_ISR.c **** *******************************************************************************/
 290:.\Generated_Source\PSoC4/Rx_ISR.c **** uint8 Rx_ISR_GetState(void)
 291:.\Generated_Source\PSoC4/Rx_ISR.c **** {
 414              		.loc 1 291 0
 415              		.cfi_startproc
 416 0000 80B5     		push	{r7, lr}
 417              	.LCFI22:
 418              		.cfi_def_cfa_offset 8
 419              		.cfi_offset 7, -8
 420              		.cfi_offset 14, -4
 421 0002 00AF     		add	r7, sp, #0
 422              	.LCFI23:
 423              		.cfi_def_cfa_register 7
 292:.\Generated_Source\PSoC4/Rx_ISR.c ****     /* Get the state of the general interrupt. */
 293:.\Generated_Source\PSoC4/Rx_ISR.c ****     return ((*Rx_ISR_INTC_SET_EN & (uint32)Rx_ISR__INTC_MASK) != 0u) ? 1u:0u;
 424              		.loc 1 293 0
 425 0004 044B     		ldr	r3, .L31
 426 0006 1B68     		ldr	r3, [r3]
 427 0008 DAB2     		uxtb	r2, r3
 428 000a 0123     		mov	r3, #1
 429 000c 1340     		and	r3, r2
 430 000e DBB2     		uxtb	r3, r3
 294:.\Generated_Source\PSoC4/Rx_ISR.c **** }
 431              		.loc 1 294 0
 432 0010 181C     		mov	r0, r3
 433 0012 BD46     		mov	sp, r7
 434              		@ sp needed for prologue
 435 0014 80BD     		pop	{r7, pc}
 436              	.L32:
 437 0016 C046     		.align	2
 438              	.L31:
 439 0018 00E100E0 		.word	-536813312
 440              		.cfi_endproc
 441              	.LFE9:
 442              		.size	Rx_ISR_GetState, .-Rx_ISR_GetState
 443              		.section	.text.Rx_ISR_Disable,"ax",%progbits
 444              		.align	2
 445              		.global	Rx_ISR_Disable
 446              		.code	16
ARM GAS  C:\Users\X0217454\AppData\Local\Temp\ccx1uPoS.s 			page 14


 447              		.thumb_func
 448              		.type	Rx_ISR_Disable, %function
 449              	Rx_ISR_Disable:
 450              	.LFB10:
 295:.\Generated_Source\PSoC4/Rx_ISR.c **** 
 296:.\Generated_Source\PSoC4/Rx_ISR.c **** 
 297:.\Generated_Source\PSoC4/Rx_ISR.c **** /*******************************************************************************
 298:.\Generated_Source\PSoC4/Rx_ISR.c **** * Function Name: Rx_ISR_Disable
 299:.\Generated_Source\PSoC4/Rx_ISR.c **** ********************************************************************************
 300:.\Generated_Source\PSoC4/Rx_ISR.c **** *
 301:.\Generated_Source\PSoC4/Rx_ISR.c **** * Summary:
 302:.\Generated_Source\PSoC4/Rx_ISR.c **** *   Disables the Interrupt.
 303:.\Generated_Source\PSoC4/Rx_ISR.c **** *
 304:.\Generated_Source\PSoC4/Rx_ISR.c **** * Parameters:
 305:.\Generated_Source\PSoC4/Rx_ISR.c **** *   None
 306:.\Generated_Source\PSoC4/Rx_ISR.c **** *
 307:.\Generated_Source\PSoC4/Rx_ISR.c **** * Return:
 308:.\Generated_Source\PSoC4/Rx_ISR.c **** *   None
 309:.\Generated_Source\PSoC4/Rx_ISR.c **** *
 310:.\Generated_Source\PSoC4/Rx_ISR.c **** *******************************************************************************/
 311:.\Generated_Source\PSoC4/Rx_ISR.c **** void Rx_ISR_Disable(void)
 312:.\Generated_Source\PSoC4/Rx_ISR.c **** {
 451              		.loc 1 312 0
 452              		.cfi_startproc
 453 0000 80B5     		push	{r7, lr}
 454              	.LCFI24:
 455              		.cfi_def_cfa_offset 8
 456              		.cfi_offset 7, -8
 457              		.cfi_offset 14, -4
 458 0002 00AF     		add	r7, sp, #0
 459              	.LCFI25:
 460              		.cfi_def_cfa_register 7
 313:.\Generated_Source\PSoC4/Rx_ISR.c ****     /* Disable the general interrupt. */
 314:.\Generated_Source\PSoC4/Rx_ISR.c ****     *Rx_ISR_INTC_CLR_EN = Rx_ISR__INTC_MASK;
 461              		.loc 1 314 0
 462 0004 024B     		ldr	r3, .L34
 463 0006 0122     		mov	r2, #1
 464 0008 1A60     		str	r2, [r3]
 315:.\Generated_Source\PSoC4/Rx_ISR.c **** }
 465              		.loc 1 315 0
 466 000a BD46     		mov	sp, r7
 467              		@ sp needed for prologue
 468 000c 80BD     		pop	{r7, pc}
 469              	.L35:
 470 000e C046     		.align	2
 471              	.L34:
 472 0010 80E100E0 		.word	-536813184
 473              		.cfi_endproc
 474              	.LFE10:
 475              		.size	Rx_ISR_Disable, .-Rx_ISR_Disable
 476              		.section	.text.Rx_ISR_SetPending,"ax",%progbits
 477              		.align	2
 478              		.global	Rx_ISR_SetPending
 479              		.code	16
 480              		.thumb_func
 481              		.type	Rx_ISR_SetPending, %function
 482              	Rx_ISR_SetPending:
ARM GAS  C:\Users\X0217454\AppData\Local\Temp\ccx1uPoS.s 			page 15


 483              	.LFB11:
 316:.\Generated_Source\PSoC4/Rx_ISR.c **** 
 317:.\Generated_Source\PSoC4/Rx_ISR.c **** 
 318:.\Generated_Source\PSoC4/Rx_ISR.c **** /*******************************************************************************
 319:.\Generated_Source\PSoC4/Rx_ISR.c **** * Function Name: Rx_ISR_SetPending
 320:.\Generated_Source\PSoC4/Rx_ISR.c **** ********************************************************************************
 321:.\Generated_Source\PSoC4/Rx_ISR.c **** *
 322:.\Generated_Source\PSoC4/Rx_ISR.c **** * Summary:
 323:.\Generated_Source\PSoC4/Rx_ISR.c **** *   Causes the Interrupt to enter the pending state, a software method of
 324:.\Generated_Source\PSoC4/Rx_ISR.c **** *   generating the interrupt.
 325:.\Generated_Source\PSoC4/Rx_ISR.c **** *
 326:.\Generated_Source\PSoC4/Rx_ISR.c **** * Parameters:
 327:.\Generated_Source\PSoC4/Rx_ISR.c **** *   None
 328:.\Generated_Source\PSoC4/Rx_ISR.c **** *
 329:.\Generated_Source\PSoC4/Rx_ISR.c **** * Return:
 330:.\Generated_Source\PSoC4/Rx_ISR.c **** *   None
 331:.\Generated_Source\PSoC4/Rx_ISR.c **** *
 332:.\Generated_Source\PSoC4/Rx_ISR.c **** *******************************************************************************/
 333:.\Generated_Source\PSoC4/Rx_ISR.c **** void Rx_ISR_SetPending(void)
 334:.\Generated_Source\PSoC4/Rx_ISR.c **** {
 484              		.loc 1 334 0
 485              		.cfi_startproc
 486 0000 80B5     		push	{r7, lr}
 487              	.LCFI26:
 488              		.cfi_def_cfa_offset 8
 489              		.cfi_offset 7, -8
 490              		.cfi_offset 14, -4
 491 0002 00AF     		add	r7, sp, #0
 492              	.LCFI27:
 493              		.cfi_def_cfa_register 7
 335:.\Generated_Source\PSoC4/Rx_ISR.c ****     *Rx_ISR_INTC_SET_PD = Rx_ISR__INTC_MASK;
 494              		.loc 1 335 0
 495 0004 024B     		ldr	r3, .L37
 496 0006 0122     		mov	r2, #1
 497 0008 1A60     		str	r2, [r3]
 336:.\Generated_Source\PSoC4/Rx_ISR.c **** }
 498              		.loc 1 336 0
 499 000a BD46     		mov	sp, r7
 500              		@ sp needed for prologue
 501 000c 80BD     		pop	{r7, pc}
 502              	.L38:
 503 000e C046     		.align	2
 504              	.L37:
 505 0010 00E200E0 		.word	-536813056
 506              		.cfi_endproc
 507              	.LFE11:
 508              		.size	Rx_ISR_SetPending, .-Rx_ISR_SetPending
 509              		.section	.text.Rx_ISR_ClearPending,"ax",%progbits
 510              		.align	2
 511              		.global	Rx_ISR_ClearPending
 512              		.code	16
 513              		.thumb_func
 514              		.type	Rx_ISR_ClearPending, %function
 515              	Rx_ISR_ClearPending:
 516              	.LFB12:
 337:.\Generated_Source\PSoC4/Rx_ISR.c **** 
 338:.\Generated_Source\PSoC4/Rx_ISR.c **** 
ARM GAS  C:\Users\X0217454\AppData\Local\Temp\ccx1uPoS.s 			page 16


 339:.\Generated_Source\PSoC4/Rx_ISR.c **** /*******************************************************************************
 340:.\Generated_Source\PSoC4/Rx_ISR.c **** * Function Name: Rx_ISR_ClearPending
 341:.\Generated_Source\PSoC4/Rx_ISR.c **** ********************************************************************************
 342:.\Generated_Source\PSoC4/Rx_ISR.c **** *
 343:.\Generated_Source\PSoC4/Rx_ISR.c **** * Summary:
 344:.\Generated_Source\PSoC4/Rx_ISR.c **** *   Clears a pending interrupt.
 345:.\Generated_Source\PSoC4/Rx_ISR.c **** *
 346:.\Generated_Source\PSoC4/Rx_ISR.c **** * Parameters:
 347:.\Generated_Source\PSoC4/Rx_ISR.c **** *   None
 348:.\Generated_Source\PSoC4/Rx_ISR.c **** *
 349:.\Generated_Source\PSoC4/Rx_ISR.c **** * Return:
 350:.\Generated_Source\PSoC4/Rx_ISR.c **** *   None
 351:.\Generated_Source\PSoC4/Rx_ISR.c **** *
 352:.\Generated_Source\PSoC4/Rx_ISR.c **** *******************************************************************************/
 353:.\Generated_Source\PSoC4/Rx_ISR.c **** void Rx_ISR_ClearPending(void)
 354:.\Generated_Source\PSoC4/Rx_ISR.c **** {
 517              		.loc 1 354 0
 518              		.cfi_startproc
 519 0000 80B5     		push	{r7, lr}
 520              	.LCFI28:
 521              		.cfi_def_cfa_offset 8
 522              		.cfi_offset 7, -8
 523              		.cfi_offset 14, -4
 524 0002 00AF     		add	r7, sp, #0
 525              	.LCFI29:
 526              		.cfi_def_cfa_register 7
 355:.\Generated_Source\PSoC4/Rx_ISR.c ****     *Rx_ISR_INTC_CLR_PD = Rx_ISR__INTC_MASK;
 527              		.loc 1 355 0
 528 0004 024B     		ldr	r3, .L40
 529 0006 0122     		mov	r2, #1
 530 0008 1A60     		str	r2, [r3]
 356:.\Generated_Source\PSoC4/Rx_ISR.c **** }
 531              		.loc 1 356 0
 532 000a BD46     		mov	sp, r7
 533              		@ sp needed for prologue
 534 000c 80BD     		pop	{r7, pc}
 535              	.L41:
 536 000e C046     		.align	2
 537              	.L40:
 538 0010 80E200E0 		.word	-536812928
 539              		.cfi_endproc
 540              	.LFE12:
 541              		.size	Rx_ISR_ClearPending, .-Rx_ISR_ClearPending
 542              		.text
 543              	.Letext0:
 544              		.file 2 "./Generated_Source/PSoC4/cytypes.h"
 545              		.file 3 "..\\..\\../board.h"
 546              		.file 4 "..\\..\\..\\..\\..\\simplelink\\source/datatypes.h"
 547              		.section	.debug_info,"",%progbits
 548              	.Ldebug_info0:
 549 0000 C8020000 		.4byte	0x2c8
 550 0004 0200     		.2byte	0x2
 551 0006 00000000 		.4byte	.Ldebug_abbrev0
 552 000a 04       		.byte	0x4
 553 000b 01       		.uleb128 0x1
 554 000c 5C020000 		.4byte	.LASF38
 555 0010 01       		.byte	0x1
ARM GAS  C:\Users\X0217454\AppData\Local\Temp\ccx1uPoS.s 			page 17


 556 0011 1C010000 		.4byte	.LASF39
 557 0015 AF010000 		.4byte	.LASF40
 558 0019 00000000 		.4byte	.Ldebug_ranges0+0
 559 001d 00000000 		.4byte	0
 560 0021 00000000 		.4byte	0
 561 0025 00000000 		.4byte	.Ldebug_line0
 562 0029 02       		.uleb128 0x2
 563 002a 01       		.byte	0x1
 564 002b 06       		.byte	0x6
 565 002c C3020000 		.4byte	.LASF0
 566 0030 02       		.uleb128 0x2
 567 0031 01       		.byte	0x1
 568 0032 08       		.byte	0x8
 569 0033 8B000000 		.4byte	.LASF1
 570 0037 02       		.uleb128 0x2
 571 0038 02       		.byte	0x2
 572 0039 05       		.byte	0x5
 573 003a 52020000 		.4byte	.LASF2
 574 003e 02       		.uleb128 0x2
 575 003f 02       		.byte	0x2
 576 0040 07       		.byte	0x7
 577 0041 32000000 		.4byte	.LASF3
 578 0045 02       		.uleb128 0x2
 579 0046 04       		.byte	0x4
 580 0047 05       		.byte	0x5
 581 0048 B4020000 		.4byte	.LASF4
 582 004c 02       		.uleb128 0x2
 583 004d 04       		.byte	0x4
 584 004e 07       		.byte	0x7
 585 004f B4000000 		.4byte	.LASF5
 586 0053 02       		.uleb128 0x2
 587 0054 08       		.byte	0x8
 588 0055 05       		.byte	0x5
 589 0056 A1010000 		.4byte	.LASF6
 590 005a 02       		.uleb128 0x2
 591 005b 08       		.byte	0x8
 592 005c 07       		.byte	0x7
 593 005d 53010000 		.4byte	.LASF7
 594 0061 03       		.uleb128 0x3
 595 0062 04       		.byte	0x4
 596 0063 05       		.byte	0x5
 597 0064 696E7400 		.ascii	"int\000"
 598 0068 02       		.uleb128 0x2
 599 0069 04       		.byte	0x4
 600 006a 07       		.byte	0x7
 601 006b 3E010000 		.4byte	.LASF8
 602 006f 04       		.uleb128 0x4
 603 0070 C6000000 		.4byte	.LASF9
 604 0074 02       		.byte	0x2
 605 0075 5B       		.byte	0x5b
 606 0076 30000000 		.4byte	0x30
 607 007a 04       		.uleb128 0x4
 608 007b 15010000 		.4byte	.LASF10
 609 007f 02       		.byte	0x2
 610 0080 5D       		.byte	0x5d
 611 0081 4C000000 		.4byte	0x4c
 612 0085 02       		.uleb128 0x2
ARM GAS  C:\Users\X0217454\AppData\Local\Temp\ccx1uPoS.s 			page 18


 613 0086 04       		.byte	0x4
 614 0087 04       		.byte	0x4
 615 0088 85000000 		.4byte	.LASF11
 616 008c 02       		.uleb128 0x2
 617 008d 08       		.byte	0x8
 618 008e 04       		.byte	0x4
 619 008f E9000000 		.4byte	.LASF12
 620 0093 02       		.uleb128 0x2
 621 0094 01       		.byte	0x1
 622 0095 08       		.byte	0x8
 623 0096 3E020000 		.4byte	.LASF13
 624 009a 04       		.uleb128 0x4
 625 009b BD020000 		.4byte	.LASF14
 626 009f 02       		.byte	0x2
 627 00a0 F2       		.byte	0xf2
 628 00a1 A5000000 		.4byte	0xa5
 629 00a5 05       		.uleb128 0x5
 630 00a6 7A000000 		.4byte	0x7a
 631 00aa 06       		.uleb128 0x6
 632 00ab 7B010000 		.4byte	.LASF15
 633 00af 02       		.byte	0x2
 634 00b0 0201     		.2byte	0x102
 635 00b2 B6000000 		.4byte	0xb6
 636 00b6 07       		.uleb128 0x7
 637 00b7 04       		.byte	0x4
 638 00b8 BC000000 		.4byte	0xbc
 639 00bc 08       		.uleb128 0x8
 640 00bd 01       		.byte	0x1
 641 00be 02       		.uleb128 0x2
 642 00bf 04       		.byte	0x4
 643 00c0 07       		.byte	0x7
 644 00c1 88010000 		.4byte	.LASF16
 645 00c5 09       		.uleb128 0x9
 646 00c6 04       		.byte	0x4
 647 00c7 04       		.uleb128 0x4
 648 00c8 CF020000 		.4byte	.LASF17
 649 00cc 03       		.byte	0x3
 650 00cd 35       		.byte	0x35
 651 00ce D2000000 		.4byte	0xd2
 652 00d2 07       		.uleb128 0x7
 653 00d3 04       		.byte	0x4
 654 00d4 D8000000 		.4byte	0xd8
 655 00d8 0A       		.uleb128 0xa
 656 00d9 01       		.byte	0x1
 657 00da E4000000 		.4byte	0xe4
 658 00de 0B       		.uleb128 0xb
 659 00df C5000000 		.4byte	0xc5
 660 00e3 00       		.byte	0
 661 00e4 04       		.uleb128 0x4
 662 00e5 2A000000 		.4byte	.LASF18
 663 00e9 04       		.byte	0x4
 664 00ea 54       		.byte	0x54
 665 00eb 30000000 		.4byte	0x30
 666 00ef 0C       		.uleb128 0xc
 667 00f0 01       		.byte	0x1
 668 00f1 78000000 		.4byte	.LASF19
 669 00f5 01       		.byte	0x1
ARM GAS  C:\Users\X0217454\AppData\Local\Temp\ccx1uPoS.s 			page 19


 670 00f6 3A       		.byte	0x3a
 671 00f7 01       		.byte	0x1
 672 00f8 00000000 		.4byte	.LFB0
 673 00fc 24000000 		.4byte	.LFE0
 674 0100 00000000 		.4byte	.LLST0
 675 0104 01       		.byte	0x1
 676 0105 0D       		.uleb128 0xd
 677 0106 01       		.byte	0x1
 678 0107 69000000 		.4byte	.LASF22
 679 010b 01       		.byte	0x1
 680 010c 58       		.byte	0x58
 681 010d 01       		.byte	0x1
 682 010e 00000000 		.4byte	.LFB1
 683 0112 24000000 		.4byte	.LFE1
 684 0116 2C000000 		.4byte	.LLST1
 685 011a 01       		.byte	0x1
 686 011b 2E010000 		.4byte	0x12e
 687 011f 0E       		.uleb128 0xe
 688 0120 4B010000 		.4byte	.LASF24
 689 0124 01       		.byte	0x1
 690 0125 58       		.byte	0x58
 691 0126 AA000000 		.4byte	0xaa
 692 012a 02       		.byte	0x2
 693 012b 91       		.byte	0x91
 694 012c 74       		.sleb128 -12
 695 012d 00       		.byte	0
 696 012e 0C       		.uleb128 0xc
 697 012f 01       		.byte	0x1
 698 0130 00000000 		.4byte	.LASF20
 699 0134 01       		.byte	0x1
 700 0135 75       		.byte	0x75
 701 0136 01       		.byte	0x1
 702 0137 00000000 		.4byte	.LFB2
 703 013b 18000000 		.4byte	.LFE2
 704 013f 64000000 		.4byte	.LLST2
 705 0143 01       		.byte	0x1
 706 0144 0C       		.uleb128 0xc
 707 0145 01       		.byte	0x1
 708 0146 6A010000 		.4byte	.LASF21
 709 014a 01       		.byte	0x1
 710 014b 90       		.byte	0x90
 711 014c 01       		.byte	0x1
 712 014d 00000000 		.4byte	.LFB3
 713 0151 2C000000 		.4byte	.LFE3
 714 0155 90000000 		.4byte	.LLST3
 715 0159 01       		.byte	0x1
 716 015a 0F       		.uleb128 0xf
 717 015b 01       		.byte	0x1
 718 015c 58000000 		.4byte	.LASF23
 719 0160 01       		.byte	0x1
 720 0161 AE       		.byte	0xae
 721 0162 01       		.byte	0x1
 722 0163 00000000 		.4byte	.LFB4
 723 0167 18000000 		.4byte	.LFE4
 724 016b BC000000 		.4byte	.LLST4
 725 016f 01       		.byte	0x1
 726 0170 83010000 		.4byte	0x183
ARM GAS  C:\Users\X0217454\AppData\Local\Temp\ccx1uPoS.s 			page 20


 727 0174 0E       		.uleb128 0xe
 728 0175 4B010000 		.4byte	.LASF24
 729 0179 01       		.byte	0x1
 730 017a AE       		.byte	0xae
 731 017b AA000000 		.4byte	0xaa
 732 017f 02       		.byte	0x2
 733 0180 91       		.byte	0x91
 734 0181 74       		.sleb128 -12
 735 0182 00       		.byte	0
 736 0183 10       		.uleb128 0x10
 737 0184 01       		.byte	0x1
 738 0185 0C000000 		.4byte	.LASF30
 739 0189 01       		.byte	0x1
 740 018a C2       		.byte	0xc2
 741 018b 01       		.byte	0x1
 742 018c AA000000 		.4byte	0xaa
 743 0190 00000000 		.4byte	.LFB5
 744 0194 14000000 		.4byte	.LFE5
 745 0198 F4000000 		.4byte	.LLST5
 746 019c 01       		.byte	0x1
 747 019d 0D       		.uleb128 0xd
 748 019e 01       		.byte	0x1
 749 019f F0000000 		.4byte	.LASF25
 750 01a3 01       		.byte	0x1
 751 01a4 DA       		.byte	0xda
 752 01a5 01       		.byte	0x1
 753 01a6 00000000 		.4byte	.LFB6
 754 01aa 50000000 		.4byte	.LFE6
 755 01ae 20010000 		.4byte	.LLST6
 756 01b2 01       		.byte	0x1
 757 01b3 E2010000 		.4byte	0x1e2
 758 01b7 0E       		.uleb128 0xe
 759 01b8 CC000000 		.4byte	.LASF26
 760 01bc 01       		.byte	0x1
 761 01bd DA       		.byte	0xda
 762 01be 6F000000 		.4byte	0x6f
 763 01c2 02       		.byte	0x2
 764 01c3 91       		.byte	0x91
 765 01c4 67       		.sleb128 -25
 766 01c5 11       		.uleb128 0x11
 767 01c6 A5000000 		.4byte	.LASF27
 768 01ca 01       		.byte	0x1
 769 01cb DC       		.byte	0xdc
 770 01cc 6F000000 		.4byte	0x6f
 771 01d0 02       		.byte	0x2
 772 01d1 91       		.byte	0x91
 773 01d2 6B       		.sleb128 -21
 774 01d3 11       		.uleb128 0x11
 775 01d4 A5020000 		.4byte	.LASF28
 776 01d8 01       		.byte	0x1
 777 01d9 DD       		.byte	0xdd
 778 01da 7A000000 		.4byte	0x7a
 779 01de 02       		.byte	0x2
 780 01df 91       		.byte	0x91
 781 01e0 6C       		.sleb128 -20
 782 01e1 00       		.byte	0
 783 01e2 12       		.uleb128 0x12
ARM GAS  C:\Users\X0217454\AppData\Local\Temp\ccx1uPoS.s 			page 21


 784 01e3 01       		.byte	0x1
 785 01e4 45000000 		.4byte	.LASF41
 786 01e8 01       		.byte	0x1
 787 01e9 F4       		.byte	0xf4
 788 01ea 01       		.byte	0x1
 789 01eb 6F000000 		.4byte	0x6f
 790 01ef 00000000 		.4byte	.LFB7
 791 01f3 2C000000 		.4byte	.LFE7
 792 01f7 58010000 		.4byte	.LLST7
 793 01fb 01       		.byte	0x1
 794 01fc 1D020000 		.4byte	0x21d
 795 0200 11       		.uleb128 0x11
 796 0201 CC000000 		.4byte	.LASF26
 797 0205 01       		.byte	0x1
 798 0206 F6       		.byte	0xf6
 799 0207 7A000000 		.4byte	0x7a
 800 020b 02       		.byte	0x2
 801 020c 91       		.byte	0x91
 802 020d 70       		.sleb128 -16
 803 020e 11       		.uleb128 0x11
 804 020f A5020000 		.4byte	.LASF28
 805 0213 01       		.byte	0x1
 806 0214 F7       		.byte	0xf7
 807 0215 7A000000 		.4byte	0x7a
 808 0219 02       		.byte	0x2
 809 021a 91       		.byte	0x91
 810 021b 74       		.sleb128 -12
 811 021c 00       		.byte	0
 812 021d 13       		.uleb128 0x13
 813 021e 01       		.byte	0x1
 814 021f F0020000 		.4byte	.LASF29
 815 0223 01       		.byte	0x1
 816 0224 0D01     		.2byte	0x10d
 817 0226 01       		.byte	0x1
 818 0227 00000000 		.4byte	.LFB8
 819 022b 14000000 		.4byte	.LFE8
 820 022f 90010000 		.4byte	.LLST8
 821 0233 01       		.byte	0x1
 822 0234 14       		.uleb128 0x14
 823 0235 01       		.byte	0x1
 824 0236 91010000 		.4byte	.LASF31
 825 023a 01       		.byte	0x1
 826 023b 2201     		.2byte	0x122
 827 023d 01       		.byte	0x1
 828 023e 6F000000 		.4byte	0x6f
 829 0242 00000000 		.4byte	.LFB9
 830 0246 1C000000 		.4byte	.LFE9
 831 024a BC010000 		.4byte	.LLST9
 832 024e 01       		.byte	0x1
 833 024f 13       		.uleb128 0x13
 834 0250 01       		.byte	0x1
 835 0251 43020000 		.4byte	.LASF32
 836 0255 01       		.byte	0x1
 837 0256 3701     		.2byte	0x137
 838 0258 01       		.byte	0x1
 839 0259 00000000 		.4byte	.LFB10
 840 025d 14000000 		.4byte	.LFE10
ARM GAS  C:\Users\X0217454\AppData\Local\Temp\ccx1uPoS.s 			page 22


 841 0261 E8010000 		.4byte	.LLST10
 842 0265 01       		.byte	0x1
 843 0266 13       		.uleb128 0x13
 844 0267 01       		.byte	0x1
 845 0268 03010000 		.4byte	.LASF33
 846 026c 01       		.byte	0x1
 847 026d 4D01     		.2byte	0x14d
 848 026f 01       		.byte	0x1
 849 0270 00000000 		.4byte	.LFB11
 850 0274 14000000 		.4byte	.LFE11
 851 0278 14020000 		.4byte	.LLST11
 852 027c 01       		.byte	0x1
 853 027d 13       		.uleb128 0x13
 854 027e 01       		.byte	0x1
 855 027f D5000000 		.4byte	.LASF34
 856 0283 01       		.byte	0x1
 857 0284 6101     		.2byte	0x161
 858 0286 01       		.byte	0x1
 859 0287 00000000 		.4byte	.LFB12
 860 028b 14000000 		.4byte	.LFE12
 861 028f 40020000 		.4byte	.LLST12
 862 0293 01       		.byte	0x1
 863 0294 15       		.uleb128 0x15
 864 0295 99000000 		.4byte	.LASF35
 865 0299 01       		.byte	0x1
 866 029a 22       		.byte	0x22
 867 029b E4000000 		.4byte	0xe4
 868 029f 01       		.byte	0x1
 869 02a0 01       		.byte	0x1
 870 02a1 15       		.uleb128 0x15
 871 02a2 DF020000 		.4byte	.LASF36
 872 02a6 01       		.byte	0x1
 873 02a7 23       		.byte	0x23
 874 02a8 C7000000 		.4byte	0xc7
 875 02ac 01       		.byte	0x1
 876 02ad 01       		.byte	0x1
 877 02ae 16       		.uleb128 0x16
 878 02af AA000000 		.4byte	0xaa
 879 02b3 BE020000 		.4byte	0x2be
 880 02b7 17       		.uleb128 0x17
 881 02b8 BE000000 		.4byte	0xbe
 882 02bc 2F       		.byte	0x2f
 883 02bd 00       		.byte	0
 884 02be 15       		.uleb128 0x15
 885 02bf 1D000000 		.4byte	.LASF37
 886 02c3 01       		.byte	0x1
 887 02c4 26       		.byte	0x26
 888 02c5 AE020000 		.4byte	0x2ae
 889 02c9 01       		.byte	0x1
 890 02ca 01       		.byte	0x1
 891 02cb 00       		.byte	0
 892              		.section	.debug_abbrev,"",%progbits
 893              	.Ldebug_abbrev0:
 894 0000 01       		.uleb128 0x1
 895 0001 11       		.uleb128 0x11
 896 0002 01       		.byte	0x1
 897 0003 25       		.uleb128 0x25
ARM GAS  C:\Users\X0217454\AppData\Local\Temp\ccx1uPoS.s 			page 23


 898 0004 0E       		.uleb128 0xe
 899 0005 13       		.uleb128 0x13
 900 0006 0B       		.uleb128 0xb
 901 0007 03       		.uleb128 0x3
 902 0008 0E       		.uleb128 0xe
 903 0009 1B       		.uleb128 0x1b
 904 000a 0E       		.uleb128 0xe
 905 000b 55       		.uleb128 0x55
 906 000c 06       		.uleb128 0x6
 907 000d 11       		.uleb128 0x11
 908 000e 01       		.uleb128 0x1
 909 000f 52       		.uleb128 0x52
 910 0010 01       		.uleb128 0x1
 911 0011 10       		.uleb128 0x10
 912 0012 06       		.uleb128 0x6
 913 0013 00       		.byte	0
 914 0014 00       		.byte	0
 915 0015 02       		.uleb128 0x2
 916 0016 24       		.uleb128 0x24
 917 0017 00       		.byte	0
 918 0018 0B       		.uleb128 0xb
 919 0019 0B       		.uleb128 0xb
 920 001a 3E       		.uleb128 0x3e
 921 001b 0B       		.uleb128 0xb
 922 001c 03       		.uleb128 0x3
 923 001d 0E       		.uleb128 0xe
 924 001e 00       		.byte	0
 925 001f 00       		.byte	0
 926 0020 03       		.uleb128 0x3
 927 0021 24       		.uleb128 0x24
 928 0022 00       		.byte	0
 929 0023 0B       		.uleb128 0xb
 930 0024 0B       		.uleb128 0xb
 931 0025 3E       		.uleb128 0x3e
 932 0026 0B       		.uleb128 0xb
 933 0027 03       		.uleb128 0x3
 934 0028 08       		.uleb128 0x8
 935 0029 00       		.byte	0
 936 002a 00       		.byte	0
 937 002b 04       		.uleb128 0x4
 938 002c 16       		.uleb128 0x16
 939 002d 00       		.byte	0
 940 002e 03       		.uleb128 0x3
 941 002f 0E       		.uleb128 0xe
 942 0030 3A       		.uleb128 0x3a
 943 0031 0B       		.uleb128 0xb
 944 0032 3B       		.uleb128 0x3b
 945 0033 0B       		.uleb128 0xb
 946 0034 49       		.uleb128 0x49
 947 0035 13       		.uleb128 0x13
 948 0036 00       		.byte	0
 949 0037 00       		.byte	0
 950 0038 05       		.uleb128 0x5
 951 0039 35       		.uleb128 0x35
 952 003a 00       		.byte	0
 953 003b 49       		.uleb128 0x49
 954 003c 13       		.uleb128 0x13
ARM GAS  C:\Users\X0217454\AppData\Local\Temp\ccx1uPoS.s 			page 24


 955 003d 00       		.byte	0
 956 003e 00       		.byte	0
 957 003f 06       		.uleb128 0x6
 958 0040 16       		.uleb128 0x16
 959 0041 00       		.byte	0
 960 0042 03       		.uleb128 0x3
 961 0043 0E       		.uleb128 0xe
 962 0044 3A       		.uleb128 0x3a
 963 0045 0B       		.uleb128 0xb
 964 0046 3B       		.uleb128 0x3b
 965 0047 05       		.uleb128 0x5
 966 0048 49       		.uleb128 0x49
 967 0049 13       		.uleb128 0x13
 968 004a 00       		.byte	0
 969 004b 00       		.byte	0
 970 004c 07       		.uleb128 0x7
 971 004d 0F       		.uleb128 0xf
 972 004e 00       		.byte	0
 973 004f 0B       		.uleb128 0xb
 974 0050 0B       		.uleb128 0xb
 975 0051 49       		.uleb128 0x49
 976 0052 13       		.uleb128 0x13
 977 0053 00       		.byte	0
 978 0054 00       		.byte	0
 979 0055 08       		.uleb128 0x8
 980 0056 15       		.uleb128 0x15
 981 0057 00       		.byte	0
 982 0058 27       		.uleb128 0x27
 983 0059 0C       		.uleb128 0xc
 984 005a 00       		.byte	0
 985 005b 00       		.byte	0
 986 005c 09       		.uleb128 0x9
 987 005d 0F       		.uleb128 0xf
 988 005e 00       		.byte	0
 989 005f 0B       		.uleb128 0xb
 990 0060 0B       		.uleb128 0xb
 991 0061 00       		.byte	0
 992 0062 00       		.byte	0
 993 0063 0A       		.uleb128 0xa
 994 0064 15       		.uleb128 0x15
 995 0065 01       		.byte	0x1
 996 0066 27       		.uleb128 0x27
 997 0067 0C       		.uleb128 0xc
 998 0068 01       		.uleb128 0x1
 999 0069 13       		.uleb128 0x13
 1000 006a 00       		.byte	0
 1001 006b 00       		.byte	0
 1002 006c 0B       		.uleb128 0xb
 1003 006d 05       		.uleb128 0x5
 1004 006e 00       		.byte	0
 1005 006f 49       		.uleb128 0x49
 1006 0070 13       		.uleb128 0x13
 1007 0071 00       		.byte	0
 1008 0072 00       		.byte	0
 1009 0073 0C       		.uleb128 0xc
 1010 0074 2E       		.uleb128 0x2e
 1011 0075 00       		.byte	0
ARM GAS  C:\Users\X0217454\AppData\Local\Temp\ccx1uPoS.s 			page 25


 1012 0076 3F       		.uleb128 0x3f
 1013 0077 0C       		.uleb128 0xc
 1014 0078 03       		.uleb128 0x3
 1015 0079 0E       		.uleb128 0xe
 1016 007a 3A       		.uleb128 0x3a
 1017 007b 0B       		.uleb128 0xb
 1018 007c 3B       		.uleb128 0x3b
 1019 007d 0B       		.uleb128 0xb
 1020 007e 27       		.uleb128 0x27
 1021 007f 0C       		.uleb128 0xc
 1022 0080 11       		.uleb128 0x11
 1023 0081 01       		.uleb128 0x1
 1024 0082 12       		.uleb128 0x12
 1025 0083 01       		.uleb128 0x1
 1026 0084 40       		.uleb128 0x40
 1027 0085 06       		.uleb128 0x6
 1028 0086 9642     		.uleb128 0x2116
 1029 0088 0C       		.uleb128 0xc
 1030 0089 00       		.byte	0
 1031 008a 00       		.byte	0
 1032 008b 0D       		.uleb128 0xd
 1033 008c 2E       		.uleb128 0x2e
 1034 008d 01       		.byte	0x1
 1035 008e 3F       		.uleb128 0x3f
 1036 008f 0C       		.uleb128 0xc
 1037 0090 03       		.uleb128 0x3
 1038 0091 0E       		.uleb128 0xe
 1039 0092 3A       		.uleb128 0x3a
 1040 0093 0B       		.uleb128 0xb
 1041 0094 3B       		.uleb128 0x3b
 1042 0095 0B       		.uleb128 0xb
 1043 0096 27       		.uleb128 0x27
 1044 0097 0C       		.uleb128 0xc
 1045 0098 11       		.uleb128 0x11
 1046 0099 01       		.uleb128 0x1
 1047 009a 12       		.uleb128 0x12
 1048 009b 01       		.uleb128 0x1
 1049 009c 40       		.uleb128 0x40
 1050 009d 06       		.uleb128 0x6
 1051 009e 9642     		.uleb128 0x2116
 1052 00a0 0C       		.uleb128 0xc
 1053 00a1 01       		.uleb128 0x1
 1054 00a2 13       		.uleb128 0x13
 1055 00a3 00       		.byte	0
 1056 00a4 00       		.byte	0
 1057 00a5 0E       		.uleb128 0xe
 1058 00a6 05       		.uleb128 0x5
 1059 00a7 00       		.byte	0
 1060 00a8 03       		.uleb128 0x3
 1061 00a9 0E       		.uleb128 0xe
 1062 00aa 3A       		.uleb128 0x3a
 1063 00ab 0B       		.uleb128 0xb
 1064 00ac 3B       		.uleb128 0x3b
 1065 00ad 0B       		.uleb128 0xb
 1066 00ae 49       		.uleb128 0x49
 1067 00af 13       		.uleb128 0x13
 1068 00b0 02       		.uleb128 0x2
ARM GAS  C:\Users\X0217454\AppData\Local\Temp\ccx1uPoS.s 			page 26


 1069 00b1 0A       		.uleb128 0xa
 1070 00b2 00       		.byte	0
 1071 00b3 00       		.byte	0
 1072 00b4 0F       		.uleb128 0xf
 1073 00b5 2E       		.uleb128 0x2e
 1074 00b6 01       		.byte	0x1
 1075 00b7 3F       		.uleb128 0x3f
 1076 00b8 0C       		.uleb128 0xc
 1077 00b9 03       		.uleb128 0x3
 1078 00ba 0E       		.uleb128 0xe
 1079 00bb 3A       		.uleb128 0x3a
 1080 00bc 0B       		.uleb128 0xb
 1081 00bd 3B       		.uleb128 0x3b
 1082 00be 0B       		.uleb128 0xb
 1083 00bf 27       		.uleb128 0x27
 1084 00c0 0C       		.uleb128 0xc
 1085 00c1 11       		.uleb128 0x11
 1086 00c2 01       		.uleb128 0x1
 1087 00c3 12       		.uleb128 0x12
 1088 00c4 01       		.uleb128 0x1
 1089 00c5 40       		.uleb128 0x40
 1090 00c6 06       		.uleb128 0x6
 1091 00c7 9742     		.uleb128 0x2117
 1092 00c9 0C       		.uleb128 0xc
 1093 00ca 01       		.uleb128 0x1
 1094 00cb 13       		.uleb128 0x13
 1095 00cc 00       		.byte	0
 1096 00cd 00       		.byte	0
 1097 00ce 10       		.uleb128 0x10
 1098 00cf 2E       		.uleb128 0x2e
 1099 00d0 00       		.byte	0
 1100 00d1 3F       		.uleb128 0x3f
 1101 00d2 0C       		.uleb128 0xc
 1102 00d3 03       		.uleb128 0x3
 1103 00d4 0E       		.uleb128 0xe
 1104 00d5 3A       		.uleb128 0x3a
 1105 00d6 0B       		.uleb128 0xb
 1106 00d7 3B       		.uleb128 0x3b
 1107 00d8 0B       		.uleb128 0xb
 1108 00d9 27       		.uleb128 0x27
 1109 00da 0C       		.uleb128 0xc
 1110 00db 49       		.uleb128 0x49
 1111 00dc 13       		.uleb128 0x13
 1112 00dd 11       		.uleb128 0x11
 1113 00de 01       		.uleb128 0x1
 1114 00df 12       		.uleb128 0x12
 1115 00e0 01       		.uleb128 0x1
 1116 00e1 40       		.uleb128 0x40
 1117 00e2 06       		.uleb128 0x6
 1118 00e3 9742     		.uleb128 0x2117
 1119 00e5 0C       		.uleb128 0xc
 1120 00e6 00       		.byte	0
 1121 00e7 00       		.byte	0
 1122 00e8 11       		.uleb128 0x11
 1123 00e9 34       		.uleb128 0x34
 1124 00ea 00       		.byte	0
 1125 00eb 03       		.uleb128 0x3
ARM GAS  C:\Users\X0217454\AppData\Local\Temp\ccx1uPoS.s 			page 27


 1126 00ec 0E       		.uleb128 0xe
 1127 00ed 3A       		.uleb128 0x3a
 1128 00ee 0B       		.uleb128 0xb
 1129 00ef 3B       		.uleb128 0x3b
 1130 00f0 0B       		.uleb128 0xb
 1131 00f1 49       		.uleb128 0x49
 1132 00f2 13       		.uleb128 0x13
 1133 00f3 02       		.uleb128 0x2
 1134 00f4 0A       		.uleb128 0xa
 1135 00f5 00       		.byte	0
 1136 00f6 00       		.byte	0
 1137 00f7 12       		.uleb128 0x12
 1138 00f8 2E       		.uleb128 0x2e
 1139 00f9 01       		.byte	0x1
 1140 00fa 3F       		.uleb128 0x3f
 1141 00fb 0C       		.uleb128 0xc
 1142 00fc 03       		.uleb128 0x3
 1143 00fd 0E       		.uleb128 0xe
 1144 00fe 3A       		.uleb128 0x3a
 1145 00ff 0B       		.uleb128 0xb
 1146 0100 3B       		.uleb128 0x3b
 1147 0101 0B       		.uleb128 0xb
 1148 0102 27       		.uleb128 0x27
 1149 0103 0C       		.uleb128 0xc
 1150 0104 49       		.uleb128 0x49
 1151 0105 13       		.uleb128 0x13
 1152 0106 11       		.uleb128 0x11
 1153 0107 01       		.uleb128 0x1
 1154 0108 12       		.uleb128 0x12
 1155 0109 01       		.uleb128 0x1
 1156 010a 40       		.uleb128 0x40
 1157 010b 06       		.uleb128 0x6
 1158 010c 9742     		.uleb128 0x2117
 1159 010e 0C       		.uleb128 0xc
 1160 010f 01       		.uleb128 0x1
 1161 0110 13       		.uleb128 0x13
 1162 0111 00       		.byte	0
 1163 0112 00       		.byte	0
 1164 0113 13       		.uleb128 0x13
 1165 0114 2E       		.uleb128 0x2e
 1166 0115 00       		.byte	0
 1167 0116 3F       		.uleb128 0x3f
 1168 0117 0C       		.uleb128 0xc
 1169 0118 03       		.uleb128 0x3
 1170 0119 0E       		.uleb128 0xe
 1171 011a 3A       		.uleb128 0x3a
 1172 011b 0B       		.uleb128 0xb
 1173 011c 3B       		.uleb128 0x3b
 1174 011d 05       		.uleb128 0x5
 1175 011e 27       		.uleb128 0x27
 1176 011f 0C       		.uleb128 0xc
 1177 0120 11       		.uleb128 0x11
 1178 0121 01       		.uleb128 0x1
 1179 0122 12       		.uleb128 0x12
 1180 0123 01       		.uleb128 0x1
 1181 0124 40       		.uleb128 0x40
 1182 0125 06       		.uleb128 0x6
ARM GAS  C:\Users\X0217454\AppData\Local\Temp\ccx1uPoS.s 			page 28


 1183 0126 9742     		.uleb128 0x2117
 1184 0128 0C       		.uleb128 0xc
 1185 0129 00       		.byte	0
 1186 012a 00       		.byte	0
 1187 012b 14       		.uleb128 0x14
 1188 012c 2E       		.uleb128 0x2e
 1189 012d 00       		.byte	0
 1190 012e 3F       		.uleb128 0x3f
 1191 012f 0C       		.uleb128 0xc
 1192 0130 03       		.uleb128 0x3
 1193 0131 0E       		.uleb128 0xe
 1194 0132 3A       		.uleb128 0x3a
 1195 0133 0B       		.uleb128 0xb
 1196 0134 3B       		.uleb128 0x3b
 1197 0135 05       		.uleb128 0x5
 1198 0136 27       		.uleb128 0x27
 1199 0137 0C       		.uleb128 0xc
 1200 0138 49       		.uleb128 0x49
 1201 0139 13       		.uleb128 0x13
 1202 013a 11       		.uleb128 0x11
 1203 013b 01       		.uleb128 0x1
 1204 013c 12       		.uleb128 0x12
 1205 013d 01       		.uleb128 0x1
 1206 013e 40       		.uleb128 0x40
 1207 013f 06       		.uleb128 0x6
 1208 0140 9742     		.uleb128 0x2117
 1209 0142 0C       		.uleb128 0xc
 1210 0143 00       		.byte	0
 1211 0144 00       		.byte	0
 1212 0145 15       		.uleb128 0x15
 1213 0146 34       		.uleb128 0x34
 1214 0147 00       		.byte	0
 1215 0148 03       		.uleb128 0x3
 1216 0149 0E       		.uleb128 0xe
 1217 014a 3A       		.uleb128 0x3a
 1218 014b 0B       		.uleb128 0xb
 1219 014c 3B       		.uleb128 0x3b
 1220 014d 0B       		.uleb128 0xb
 1221 014e 49       		.uleb128 0x49
 1222 014f 13       		.uleb128 0x13
 1223 0150 3F       		.uleb128 0x3f
 1224 0151 0C       		.uleb128 0xc
 1225 0152 3C       		.uleb128 0x3c
 1226 0153 0C       		.uleb128 0xc
 1227 0154 00       		.byte	0
 1228 0155 00       		.byte	0
 1229 0156 16       		.uleb128 0x16
 1230 0157 01       		.uleb128 0x1
 1231 0158 01       		.byte	0x1
 1232 0159 49       		.uleb128 0x49
 1233 015a 13       		.uleb128 0x13
 1234 015b 01       		.uleb128 0x1
 1235 015c 13       		.uleb128 0x13
 1236 015d 00       		.byte	0
 1237 015e 00       		.byte	0
 1238 015f 17       		.uleb128 0x17
 1239 0160 21       		.uleb128 0x21
ARM GAS  C:\Users\X0217454\AppData\Local\Temp\ccx1uPoS.s 			page 29


 1240 0161 00       		.byte	0
 1241 0162 49       		.uleb128 0x49
 1242 0163 13       		.uleb128 0x13
 1243 0164 2F       		.uleb128 0x2f
 1244 0165 0B       		.uleb128 0xb
 1245 0166 00       		.byte	0
 1246 0167 00       		.byte	0
 1247 0168 00       		.byte	0
 1248              		.section	.debug_loc,"",%progbits
 1249              	.Ldebug_loc0:
 1250              	.LLST0:
 1251 0000 00000000 		.4byte	.LFB0
 1252 0004 02000000 		.4byte	.LCFI0
 1253 0008 0200     		.2byte	0x2
 1254 000a 7D       		.byte	0x7d
 1255 000b 00       		.sleb128 0
 1256 000c 02000000 		.4byte	.LCFI0
 1257 0010 04000000 		.4byte	.LCFI1
 1258 0014 0200     		.2byte	0x2
 1259 0016 7D       		.byte	0x7d
 1260 0017 08       		.sleb128 8
 1261 0018 04000000 		.4byte	.LCFI1
 1262 001c 24000000 		.4byte	.LFE0
 1263 0020 0200     		.2byte	0x2
 1264 0022 77       		.byte	0x77
 1265 0023 08       		.sleb128 8
 1266 0024 00000000 		.4byte	0
 1267 0028 00000000 		.4byte	0
 1268              	.LLST1:
 1269 002c 00000000 		.4byte	.LFB1
 1270 0030 02000000 		.4byte	.LCFI2
 1271 0034 0200     		.2byte	0x2
 1272 0036 7D       		.byte	0x7d
 1273 0037 00       		.sleb128 0
 1274 0038 02000000 		.4byte	.LCFI2
 1275 003c 04000000 		.4byte	.LCFI3
 1276 0040 0200     		.2byte	0x2
 1277 0042 7D       		.byte	0x7d
 1278 0043 08       		.sleb128 8
 1279 0044 04000000 		.4byte	.LCFI3
 1280 0048 06000000 		.4byte	.LCFI4
 1281 004c 0200     		.2byte	0x2
 1282 004e 7D       		.byte	0x7d
 1283 004f 10       		.sleb128 16
 1284 0050 06000000 		.4byte	.LCFI4
 1285 0054 24000000 		.4byte	.LFE1
 1286 0058 0200     		.2byte	0x2
 1287 005a 77       		.byte	0x77
 1288 005b 10       		.sleb128 16
 1289 005c 00000000 		.4byte	0
 1290 0060 00000000 		.4byte	0
 1291              	.LLST2:
 1292 0064 00000000 		.4byte	.LFB2
 1293 0068 02000000 		.4byte	.LCFI5
 1294 006c 0200     		.2byte	0x2
 1295 006e 7D       		.byte	0x7d
 1296 006f 00       		.sleb128 0
ARM GAS  C:\Users\X0217454\AppData\Local\Temp\ccx1uPoS.s 			page 30


 1297 0070 02000000 		.4byte	.LCFI5
 1298 0074 04000000 		.4byte	.LCFI6
 1299 0078 0200     		.2byte	0x2
 1300 007a 7D       		.byte	0x7d
 1301 007b 08       		.sleb128 8
 1302 007c 04000000 		.4byte	.LCFI6
 1303 0080 18000000 		.4byte	.LFE2
 1304 0084 0200     		.2byte	0x2
 1305 0086 77       		.byte	0x77
 1306 0087 08       		.sleb128 8
 1307 0088 00000000 		.4byte	0
 1308 008c 00000000 		.4byte	0
 1309              	.LLST3:
 1310 0090 00000000 		.4byte	.LFB3
 1311 0094 02000000 		.4byte	.LCFI7
 1312 0098 0200     		.2byte	0x2
 1313 009a 7D       		.byte	0x7d
 1314 009b 00       		.sleb128 0
 1315 009c 02000000 		.4byte	.LCFI7
 1316 00a0 04000000 		.4byte	.LCFI8
 1317 00a4 0200     		.2byte	0x2
 1318 00a6 7D       		.byte	0x7d
 1319 00a7 08       		.sleb128 8
 1320 00a8 04000000 		.4byte	.LCFI8
 1321 00ac 2C000000 		.4byte	.LFE3
 1322 00b0 0200     		.2byte	0x2
 1323 00b2 77       		.byte	0x77
 1324 00b3 08       		.sleb128 8
 1325 00b4 00000000 		.4byte	0
 1326 00b8 00000000 		.4byte	0
 1327              	.LLST4:
 1328 00bc 00000000 		.4byte	.LFB4
 1329 00c0 02000000 		.4byte	.LCFI9
 1330 00c4 0200     		.2byte	0x2
 1331 00c6 7D       		.byte	0x7d
 1332 00c7 00       		.sleb128 0
 1333 00c8 02000000 		.4byte	.LCFI9
 1334 00cc 04000000 		.4byte	.LCFI10
 1335 00d0 0200     		.2byte	0x2
 1336 00d2 7D       		.byte	0x7d
 1337 00d3 08       		.sleb128 8
 1338 00d4 04000000 		.4byte	.LCFI10
 1339 00d8 06000000 		.4byte	.LCFI11
 1340 00dc 0200     		.2byte	0x2
 1341 00de 7D       		.byte	0x7d
 1342 00df 10       		.sleb128 16
 1343 00e0 06000000 		.4byte	.LCFI11
 1344 00e4 18000000 		.4byte	.LFE4
 1345 00e8 0200     		.2byte	0x2
 1346 00ea 77       		.byte	0x77
 1347 00eb 10       		.sleb128 16
 1348 00ec 00000000 		.4byte	0
 1349 00f0 00000000 		.4byte	0
 1350              	.LLST5:
 1351 00f4 00000000 		.4byte	.LFB5
 1352 00f8 02000000 		.4byte	.LCFI12
 1353 00fc 0200     		.2byte	0x2
ARM GAS  C:\Users\X0217454\AppData\Local\Temp\ccx1uPoS.s 			page 31


 1354 00fe 7D       		.byte	0x7d
 1355 00ff 00       		.sleb128 0
 1356 0100 02000000 		.4byte	.LCFI12
 1357 0104 04000000 		.4byte	.LCFI13
 1358 0108 0200     		.2byte	0x2
 1359 010a 7D       		.byte	0x7d
 1360 010b 08       		.sleb128 8
 1361 010c 04000000 		.4byte	.LCFI13
 1362 0110 14000000 		.4byte	.LFE5
 1363 0114 0200     		.2byte	0x2
 1364 0116 77       		.byte	0x77
 1365 0117 08       		.sleb128 8
 1366 0118 00000000 		.4byte	0
 1367 011c 00000000 		.4byte	0
 1368              	.LLST6:
 1369 0120 00000000 		.4byte	.LFB6
 1370 0124 02000000 		.4byte	.LCFI14
 1371 0128 0200     		.2byte	0x2
 1372 012a 7D       		.byte	0x7d
 1373 012b 00       		.sleb128 0
 1374 012c 02000000 		.4byte	.LCFI14
 1375 0130 04000000 		.4byte	.LCFI15
 1376 0134 0200     		.2byte	0x2
 1377 0136 7D       		.byte	0x7d
 1378 0137 0C       		.sleb128 12
 1379 0138 04000000 		.4byte	.LCFI15
 1380 013c 06000000 		.4byte	.LCFI16
 1381 0140 0200     		.2byte	0x2
 1382 0142 7D       		.byte	0x7d
 1383 0143 20       		.sleb128 32
 1384 0144 06000000 		.4byte	.LCFI16
 1385 0148 50000000 		.4byte	.LFE6
 1386 014c 0200     		.2byte	0x2
 1387 014e 77       		.byte	0x77
 1388 014f 20       		.sleb128 32
 1389 0150 00000000 		.4byte	0
 1390 0154 00000000 		.4byte	0
 1391              	.LLST7:
 1392 0158 00000000 		.4byte	.LFB7
 1393 015c 02000000 		.4byte	.LCFI17
 1394 0160 0200     		.2byte	0x2
 1395 0162 7D       		.byte	0x7d
 1396 0163 00       		.sleb128 0
 1397 0164 02000000 		.4byte	.LCFI17
 1398 0168 04000000 		.4byte	.LCFI18
 1399 016c 0200     		.2byte	0x2
 1400 016e 7D       		.byte	0x7d
 1401 016f 08       		.sleb128 8
 1402 0170 04000000 		.4byte	.LCFI18
 1403 0174 06000000 		.4byte	.LCFI19
 1404 0178 0200     		.2byte	0x2
 1405 017a 7D       		.byte	0x7d
 1406 017b 10       		.sleb128 16
 1407 017c 06000000 		.4byte	.LCFI19
 1408 0180 2C000000 		.4byte	.LFE7
 1409 0184 0200     		.2byte	0x2
 1410 0186 77       		.byte	0x77
ARM GAS  C:\Users\X0217454\AppData\Local\Temp\ccx1uPoS.s 			page 32


 1411 0187 10       		.sleb128 16
 1412 0188 00000000 		.4byte	0
 1413 018c 00000000 		.4byte	0
 1414              	.LLST8:
 1415 0190 00000000 		.4byte	.LFB8
 1416 0194 02000000 		.4byte	.LCFI20
 1417 0198 0200     		.2byte	0x2
 1418 019a 7D       		.byte	0x7d
 1419 019b 00       		.sleb128 0
 1420 019c 02000000 		.4byte	.LCFI20
 1421 01a0 04000000 		.4byte	.LCFI21
 1422 01a4 0200     		.2byte	0x2
 1423 01a6 7D       		.byte	0x7d
 1424 01a7 08       		.sleb128 8
 1425 01a8 04000000 		.4byte	.LCFI21
 1426 01ac 14000000 		.4byte	.LFE8
 1427 01b0 0200     		.2byte	0x2
 1428 01b2 77       		.byte	0x77
 1429 01b3 08       		.sleb128 8
 1430 01b4 00000000 		.4byte	0
 1431 01b8 00000000 		.4byte	0
 1432              	.LLST9:
 1433 01bc 00000000 		.4byte	.LFB9
 1434 01c0 02000000 		.4byte	.LCFI22
 1435 01c4 0200     		.2byte	0x2
 1436 01c6 7D       		.byte	0x7d
 1437 01c7 00       		.sleb128 0
 1438 01c8 02000000 		.4byte	.LCFI22
 1439 01cc 04000000 		.4byte	.LCFI23
 1440 01d0 0200     		.2byte	0x2
 1441 01d2 7D       		.byte	0x7d
 1442 01d3 08       		.sleb128 8
 1443 01d4 04000000 		.4byte	.LCFI23
 1444 01d8 1C000000 		.4byte	.LFE9
 1445 01dc 0200     		.2byte	0x2
 1446 01de 77       		.byte	0x77
 1447 01df 08       		.sleb128 8
 1448 01e0 00000000 		.4byte	0
 1449 01e4 00000000 		.4byte	0
 1450              	.LLST10:
 1451 01e8 00000000 		.4byte	.LFB10
 1452 01ec 02000000 		.4byte	.LCFI24
 1453 01f0 0200     		.2byte	0x2
 1454 01f2 7D       		.byte	0x7d
 1455 01f3 00       		.sleb128 0
 1456 01f4 02000000 		.4byte	.LCFI24
 1457 01f8 04000000 		.4byte	.LCFI25
 1458 01fc 0200     		.2byte	0x2
 1459 01fe 7D       		.byte	0x7d
 1460 01ff 08       		.sleb128 8
 1461 0200 04000000 		.4byte	.LCFI25
 1462 0204 14000000 		.4byte	.LFE10
 1463 0208 0200     		.2byte	0x2
 1464 020a 77       		.byte	0x77
 1465 020b 08       		.sleb128 8
 1466 020c 00000000 		.4byte	0
 1467 0210 00000000 		.4byte	0
ARM GAS  C:\Users\X0217454\AppData\Local\Temp\ccx1uPoS.s 			page 33


 1468              	.LLST11:
 1469 0214 00000000 		.4byte	.LFB11
 1470 0218 02000000 		.4byte	.LCFI26
 1471 021c 0200     		.2byte	0x2
 1472 021e 7D       		.byte	0x7d
 1473 021f 00       		.sleb128 0
 1474 0220 02000000 		.4byte	.LCFI26
 1475 0224 04000000 		.4byte	.LCFI27
 1476 0228 0200     		.2byte	0x2
 1477 022a 7D       		.byte	0x7d
 1478 022b 08       		.sleb128 8
 1479 022c 04000000 		.4byte	.LCFI27
 1480 0230 14000000 		.4byte	.LFE11
 1481 0234 0200     		.2byte	0x2
 1482 0236 77       		.byte	0x77
 1483 0237 08       		.sleb128 8
 1484 0238 00000000 		.4byte	0
 1485 023c 00000000 		.4byte	0
 1486              	.LLST12:
 1487 0240 00000000 		.4byte	.LFB12
 1488 0244 02000000 		.4byte	.LCFI28
 1489 0248 0200     		.2byte	0x2
 1490 024a 7D       		.byte	0x7d
 1491 024b 00       		.sleb128 0
 1492 024c 02000000 		.4byte	.LCFI28
 1493 0250 04000000 		.4byte	.LCFI29
 1494 0254 0200     		.2byte	0x2
 1495 0256 7D       		.byte	0x7d
 1496 0257 08       		.sleb128 8
 1497 0258 04000000 		.4byte	.LCFI29
 1498 025c 14000000 		.4byte	.LFE12
 1499 0260 0200     		.2byte	0x2
 1500 0262 77       		.byte	0x77
 1501 0263 08       		.sleb128 8
 1502 0264 00000000 		.4byte	0
 1503 0268 00000000 		.4byte	0
 1504              		.section	.debug_aranges,"",%progbits
 1505 0000 7C000000 		.4byte	0x7c
 1506 0004 0200     		.2byte	0x2
 1507 0006 00000000 		.4byte	.Ldebug_info0
 1508 000a 04       		.byte	0x4
 1509 000b 00       		.byte	0
 1510 000c 0000     		.2byte	0
 1511 000e 0000     		.2byte	0
 1512 0010 00000000 		.4byte	.LFB0
 1513 0014 24000000 		.4byte	.LFE0-.LFB0
 1514 0018 00000000 		.4byte	.LFB1
 1515 001c 24000000 		.4byte	.LFE1-.LFB1
 1516 0020 00000000 		.4byte	.LFB2
 1517 0024 18000000 		.4byte	.LFE2-.LFB2
 1518 0028 00000000 		.4byte	.LFB3
 1519 002c 2C000000 		.4byte	.LFE3-.LFB3
 1520 0030 00000000 		.4byte	.LFB4
 1521 0034 18000000 		.4byte	.LFE4-.LFB4
 1522 0038 00000000 		.4byte	.LFB5
 1523 003c 14000000 		.4byte	.LFE5-.LFB5
 1524 0040 00000000 		.4byte	.LFB6
ARM GAS  C:\Users\X0217454\AppData\Local\Temp\ccx1uPoS.s 			page 34


 1525 0044 50000000 		.4byte	.LFE6-.LFB6
 1526 0048 00000000 		.4byte	.LFB7
 1527 004c 2C000000 		.4byte	.LFE7-.LFB7
 1528 0050 00000000 		.4byte	.LFB8
 1529 0054 14000000 		.4byte	.LFE8-.LFB8
 1530 0058 00000000 		.4byte	.LFB9
 1531 005c 1C000000 		.4byte	.LFE9-.LFB9
 1532 0060 00000000 		.4byte	.LFB10
 1533 0064 14000000 		.4byte	.LFE10-.LFB10
 1534 0068 00000000 		.4byte	.LFB11
 1535 006c 14000000 		.4byte	.LFE11-.LFB11
 1536 0070 00000000 		.4byte	.LFB12
 1537 0074 14000000 		.4byte	.LFE12-.LFB12
 1538 0078 00000000 		.4byte	0
 1539 007c 00000000 		.4byte	0
 1540              		.section	.debug_ranges,"",%progbits
 1541              	.Ldebug_ranges0:
 1542 0000 00000000 		.4byte	.LFB0
 1543 0004 24000000 		.4byte	.LFE0
 1544 0008 00000000 		.4byte	.LFB1
 1545 000c 24000000 		.4byte	.LFE1
 1546 0010 00000000 		.4byte	.LFB2
 1547 0014 18000000 		.4byte	.LFE2
 1548 0018 00000000 		.4byte	.LFB3
 1549 001c 2C000000 		.4byte	.LFE3
 1550 0020 00000000 		.4byte	.LFB4
 1551 0024 18000000 		.4byte	.LFE4
 1552 0028 00000000 		.4byte	.LFB5
 1553 002c 14000000 		.4byte	.LFE5
 1554 0030 00000000 		.4byte	.LFB6
 1555 0034 50000000 		.4byte	.LFE6
 1556 0038 00000000 		.4byte	.LFB7
 1557 003c 2C000000 		.4byte	.LFE7
 1558 0040 00000000 		.4byte	.LFB8
 1559 0044 14000000 		.4byte	.LFE8
 1560 0048 00000000 		.4byte	.LFB9
 1561 004c 1C000000 		.4byte	.LFE9
 1562 0050 00000000 		.4byte	.LFB10
 1563 0054 14000000 		.4byte	.LFE10
 1564 0058 00000000 		.4byte	.LFB11
 1565 005c 14000000 		.4byte	.LFE11
 1566 0060 00000000 		.4byte	.LFB12
 1567 0064 14000000 		.4byte	.LFE12
 1568 0068 00000000 		.4byte	0
 1569 006c 00000000 		.4byte	0
 1570              		.section	.debug_line,"",%progbits
 1571              	.Ldebug_line0:
 1572 0000 8F010000 		.section	.debug_str,"MS",%progbits,1
 1572      02008900 
 1572      00000201 
 1572      FB0E0D00 
 1572      01010101 
 1573              	.LASF20:
 1574 0000 52785F49 		.ascii	"Rx_ISR_Stop\000"
 1574      53525F53 
 1574      746F7000 
 1575              	.LASF30:
ARM GAS  C:\Users\X0217454\AppData\Local\Temp\ccx1uPoS.s 			page 35


 1576 000c 52785F49 		.ascii	"Rx_ISR_GetVector\000"
 1576      53525F47 
 1576      65745665 
 1576      63746F72 
 1576      00
 1577              	.LASF37:
 1578 001d 43795261 		.ascii	"CyRamVectors\000"
 1578      6D566563 
 1578      746F7273 
 1578      00
 1579              	.LASF18:
 1580 002a 424F4F4C 		.ascii	"BOOLEAN\000"
 1580      45414E00 
 1581              	.LASF3:
 1582 0032 73686F72 		.ascii	"short unsigned int\000"
 1582      7420756E 
 1582      7369676E 
 1582      65642069 
 1582      6E7400
 1583              	.LASF41:
 1584 0045 52785F49 		.ascii	"Rx_ISR_GetPriority\000"
 1584      53525F47 
 1584      65745072 
 1584      696F7269 
 1584      747900
 1585              	.LASF23:
 1586 0058 52785F49 		.ascii	"Rx_ISR_SetVector\000"
 1586      53525F53 
 1586      65745665 
 1586      63746F72 
 1586      00
 1587              	.LASF22:
 1588 0069 52785F49 		.ascii	"Rx_ISR_StartEx\000"
 1588      53525F53 
 1588      74617274 
 1588      457800
 1589              	.LASF19:
 1590 0078 52785F49 		.ascii	"Rx_ISR_Start\000"
 1590      53525F53 
 1590      74617274 
 1590      00
 1591              	.LASF11:
 1592 0085 666C6F61 		.ascii	"float\000"
 1592      7400
 1593              	.LASF1:
 1594 008b 756E7369 		.ascii	"unsigned char\000"
 1594      676E6564 
 1594      20636861 
 1594      7200
 1595              	.LASF35:
 1596 0099 496E7449 		.ascii	"IntIsMasked\000"
 1596      734D6173 
 1596      6B656400 
 1597              	.LASF27:
 1598 00a5 696E7465 		.ascii	"interruptState\000"
 1598      72727570 
 1598      74537461 
ARM GAS  C:\Users\X0217454\AppData\Local\Temp\ccx1uPoS.s 			page 36


 1598      746500
 1599              	.LASF5:
 1600 00b4 6C6F6E67 		.ascii	"long unsigned int\000"
 1600      20756E73 
 1600      69676E65 
 1600      6420696E 
 1600      7400
 1601              	.LASF9:
 1602 00c6 75696E74 		.ascii	"uint8\000"
 1602      3800
 1603              	.LASF26:
 1604 00cc 7072696F 		.ascii	"priority\000"
 1604      72697479 
 1604      00
 1605              	.LASF34:
 1606 00d5 52785F49 		.ascii	"Rx_ISR_ClearPending\000"
 1606      53525F43 
 1606      6C656172 
 1606      50656E64 
 1606      696E6700 
 1607              	.LASF12:
 1608 00e9 646F7562 		.ascii	"double\000"
 1608      6C6500
 1609              	.LASF25:
 1610 00f0 52785F49 		.ascii	"Rx_ISR_SetPriority\000"
 1610      53525F53 
 1610      65745072 
 1610      696F7269 
 1610      747900
 1611              	.LASF33:
 1612 0103 52785F49 		.ascii	"Rx_ISR_SetPending\000"
 1612      53525F53 
 1612      65745065 
 1612      6E64696E 
 1612      6700
 1613              	.LASF10:
 1614 0115 75696E74 		.ascii	"uint32\000"
 1614      333200
 1615              	.LASF39:
 1616 011c 2E5C4765 		.ascii	".\\Generated_Source\\PSoC4\\Rx_ISR.c\000"
 1616      6E657261 
 1616      7465645F 
 1616      536F7572 
 1616      63655C50 
 1617              	.LASF8:
 1618 013e 756E7369 		.ascii	"unsigned int\000"
 1618      676E6564 
 1618      20696E74 
 1618      00
 1619              	.LASF24:
 1620 014b 61646472 		.ascii	"address\000"
 1620      65737300 
 1621              	.LASF7:
 1622 0153 6C6F6E67 		.ascii	"long long unsigned int\000"
 1622      206C6F6E 
 1622      6720756E 
 1622      7369676E 
ARM GAS  C:\Users\X0217454\AppData\Local\Temp\ccx1uPoS.s 			page 37


 1622      65642069 
 1623              	.LASF21:
 1624 016a 52785F49 		.ascii	"Rx_ISR_Interrupt\000"
 1624      53525F49 
 1624      6E746572 
 1624      72757074 
 1624      00
 1625              	.LASF15:
 1626 017b 63796973 		.ascii	"cyisraddress\000"
 1626      72616464 
 1626      72657373 
 1626      00
 1627              	.LASF16:
 1628 0188 73697A65 		.ascii	"sizetype\000"
 1628      74797065 
 1628      00
 1629              	.LASF31:
 1630 0191 52785F49 		.ascii	"Rx_ISR_GetState\000"
 1630      53525F47 
 1630      65745374 
 1630      61746500 
 1631              	.LASF6:
 1632 01a1 6C6F6E67 		.ascii	"long long int\000"
 1632      206C6F6E 
 1632      6720696E 
 1632      7400
 1633              	.LASF40:
 1634 01af 433A5C55 		.ascii	"C:\\Users\\X0217454\\Desktop\\CC31xx\\CC3100 - 0.5\\"
 1634      73657273 
 1634      5C583032 
 1634      31373435 
 1634      345C4465 
 1635 01dd 43433331 		.ascii	"CC3100 SDK 0.5\\cc3100-sdk\\platform\\cypress_SDK.5"
 1635      30302053 
 1635      444B2030 
 1635      2E355C63 
 1635      63333130 
 1636 020d 5C657861 		.ascii	"\\example\\wlan_station_spi\\wlan_station_spi.cydsn"
 1636      6D706C65 
 1636      5C776C61 
 1636      6E5F7374 
 1636      6174696F 
 1637 023d 00       		.ascii	"\000"
 1638              	.LASF13:
 1639 023e 63686172 		.ascii	"char\000"
 1639      00
 1640              	.LASF32:
 1641 0243 52785F49 		.ascii	"Rx_ISR_Disable\000"
 1641      53525F44 
 1641      69736162 
 1641      6C6500
 1642              	.LASF2:
 1643 0252 73686F72 		.ascii	"short int\000"
 1643      7420696E 
 1643      7400
 1644              	.LASF38:
 1645 025c 474E5520 		.ascii	"GNU C 4.7.3 20130312 (release) [ARM/embedded-4_7-br"
ARM GAS  C:\Users\X0217454\AppData\Local\Temp\ccx1uPoS.s 			page 38


 1645      4320342E 
 1645      372E3320 
 1645      32303133 
 1645      30333132 
 1646 028f 616E6368 		.ascii	"anch revision 196615]\000"
 1646      20726576 
 1646      6973696F 
 1646      6E203139 
 1646      36363135 
 1647              	.LASF28:
 1648 02a5 7072696F 		.ascii	"priorityOffset\000"
 1648      72697479 
 1648      4F666673 
 1648      657400
 1649              	.LASF4:
 1650 02b4 6C6F6E67 		.ascii	"long int\000"
 1650      20696E74 
 1650      00
 1651              	.LASF14:
 1652 02bd 72656733 		.ascii	"reg32\000"
 1652      3200
 1653              	.LASF0:
 1654 02c3 7369676E 		.ascii	"signed char\000"
 1654      65642063 
 1654      68617200 
 1655              	.LASF17:
 1656 02cf 505F4556 		.ascii	"P_EVENT_HANDLER\000"
 1656      454E545F 
 1656      48414E44 
 1656      4C455200 
 1657              	.LASF36:
 1658 02df 70497271 		.ascii	"pIrqEventHandler\000"
 1658      4576656E 
 1658      7448616E 
 1658      646C6572 
 1658      00
 1659              	.LASF29:
 1660 02f0 52785F49 		.ascii	"Rx_ISR_Enable\000"
 1660      53525F45 
 1660      6E61626C 
 1660      6500
 1661              		.ident	"GCC: (GNU Tools for ARM Embedded Processors) 4.7.3 20130312 (release) [ARM/embedded-4_7-br
