--------------- Build Started: 07/03/2014 18:56:17 Project: wlan_station_spi, Configuration: ARM GCC 4.7.3 Debug ---------------
cydsfit.exe "-.appdatapath" "C:\Users\X0217454\AppData\Local\Cypress Semiconductor\PSoC Creator\3.0" "-.fdsnotice" "-.fdswarpdepfile=warp_dependencies.txt" "-.fdselabdepfile=elab_dependencies.txt" "-.fdsbldfile=generated_files.txt" "-p" "C:\Users\X0217454\Desktop\CC31xx\CC3100 - 0.5\CC3100 SDK 0.5\cc3100-sdk\platform\cypress_SDK.5\example\wlan_station_spi\wlan_station_spi.cydsn\wlan_station_spi.cyprj" "-d" "CY8C4245AXI-483" "-s" "C:\Users\X0217454\Desktop\CC31xx\CC3100 - 0.5\CC3100 SDK 0.5\cc3100-sdk\platform\cypress_SDK.5\example\wlan_station_spi\wlan_station_spi.cydsn\Generated_Source\PSoC4" "--" "-yv2" "-v3" "-ygs" "-q10" "-o2" "-.fftcfgtype=LE"
Elaborating Design...
ADD: pft.M0028: warning: Clock Warning: (UARTM_IntClock's accuracy range '923.077 kHz ñ 2.000%, (904.615 kHz - 941.538 kHz)' is not within the specified tolerance range '921.600 kHz ñ 2.000%, (903.168 kHz - 940.032 kHz)'.).
 * C:\Program Files (x86)\Cypress\PSoC Creator\3.0\PSoC Creator\psoc\content\cycomponentlibrary\CyComponentLibrary.cylib\UART_v2_30\UART_v2_30.cysch (Instance: IntClock)
 * C:\Users\X0217454\Desktop\CC31xx\CC3100 - 0.5\CC3100 SDK 0.5\cc3100-sdk\platform\cypress_SDK.5\example\wlan_station_spi\wlan_station_spi.cydsn\wlan_station_spi.cydwr (UARTM_IntClock)
HDL Generation ...
Synthesis ...
Place and Route ...
Tech mapping ...
Info: mpr.M0037: Unused pieces of the design have been optimized out. See the Tech mapping section of the report file for details. (App=cydsfit)
Analog Placement ...
Analog Routing ...
Analog Code Generation ...
Digital Placement ...
Digital Routing ...
Bitstream Generation ...
Static timing analysis ...
API Generation ...
Dependency Generation ...
Clean Temporary Files ...
arm-none-eabi-gcc.exe -I. -I./Generated_Source/PSoC4 -Wno-main -mcpu=cortex-m0 -mthumb -I ..\..\.. -I ..\..\..\..\..\simplelink\include -I ..\..\..\..\..\simplelink\source -Wall -g -D DEBUG -D _USE_CLI_ -D SL_IF_TYPE_UART -Wa,-alh=.\CortexM0\ARM_GCC_473\Debug\main.lst -ffunction-sections -c .\main.c -o .\CortexM0\ARM_GCC_473\Debug\main.o
.\main.c: In function 'configureSimpleLinkToDefaultState':
.\main.c:426:5: warning: missing braces around initializer [-Wmissing-braces]
.\main.c:426:5: warning: (near initialization for 'ver.ChipFwAndPhyVersion') [-Wmissing-braces]
arm-none-eabi-gcc.exe -I. -I./Generated_Source/PSoC4 -Wno-main -mcpu=cortex-m0 -mthumb -I ..\..\.. -I ..\..\..\..\..\simplelink\include -I ..\..\..\..\..\simplelink\source -Wall -g -D DEBUG -D _USE_CLI_ -D SL_IF_TYPE_UART -Wa,-alh=.\CortexM0\ARM_GCC_473\Debug\board.lst -ffunction-sections -c ..\..\..\board.c -o .\CortexM0\ARM_GCC_473\Debug\board.o
arm-none-eabi-gcc.exe -I. -I./Generated_Source/PSoC4 -Wno-main -mcpu=cortex-m0 -mthumb -I ..\..\.. -I ..\..\..\..\..\simplelink\include -I ..\..\..\..\..\simplelink\source -Wall -g -D DEBUG -D _USE_CLI_ -D SL_IF_TYPE_UART -Wa,-alh=.\CortexM0\ARM_GCC_473\Debug\cli_uart.lst -ffunction-sections -c ..\..\..\cli_uart.c -o .\CortexM0\ARM_GCC_473\Debug\cli_uart.o
arm-none-eabi-gcc.exe -I. -I./Generated_Source/PSoC4 -Wno-main -mcpu=cortex-m0 -mthumb -I ..\..\.. -I ..\..\..\..\..\simplelink\include -I ..\..\..\..\..\simplelink\source -Wall -g -D DEBUG -D _USE_CLI_ -D SL_IF_TYPE_UART -Wa,-alh=.\CortexM0\ARM_GCC_473\Debug\spi.lst -ffunction-sections -c ..\..\..\spi.c -o .\CortexM0\ARM_GCC_473\Debug\spi.o
arm-none-eabi-gcc.exe -I. -I./Generated_Source/PSoC4 -Wno-main -mcpu=cortex-m0 -mthumb -I ..\..\.. -I ..\..\..\..\..\simplelink\include -I ..\..\..\..\..\simplelink\source -Wall -g -D DEBUG -D _USE_CLI_ -D SL_IF_TYPE_UART -Wa,-alh=.\CortexM0\ARM_GCC_473\Debug\uart.lst -ffunction-sections -c ..\..\..\uart.c -o .\CortexM0\ARM_GCC_473\Debug\uart.o
arm-none-eabi-gcc.exe -I. -I./Generated_Source/PSoC4 -Wno-main -mcpu=cortex-m0 -mthumb -I ..\..\.. -I ..\..\..\..\..\simplelink\include -I ..\..\..\..\..\simplelink\source -Wall -g -D DEBUG -D _USE_CLI_ -D SL_IF_TYPE_UART -Wa,-alh=.\CortexM0\ARM_GCC_473\Debug\device.lst -ffunction-sections -c ..\..\..\..\..\simplelink\source\device.c -o .\CortexM0\ARM_GCC_473\Debug\device.o
arm-none-eabi-gcc.exe -I. -I./Generated_Source/PSoC4 -Wno-main -mcpu=cortex-m0 -mthumb -I ..\..\.. -I ..\..\..\..\..\simplelink\include -I ..\..\..\..\..\simplelink\source -Wall -g -D DEBUG -D _USE_CLI_ -D SL_IF_TYPE_UART -Wa,-alh=.\CortexM0\ARM_GCC_473\Debug\driver.lst -ffunction-sections -c ..\..\..\..\..\simplelink\source\driver.c -o .\CortexM0\ARM_GCC_473\Debug\driver.o
..\..\..\..\..\simplelink\source\driver.c: In function '_SlDrvBasicCmd':
..\..\..\..\..\simplelink\source\driver.c:1239:5: warning: missing braces around initializer [-Wmissing-braces]
..\..\..\..\..\simplelink\source\driver.c:1239:5: warning: (near initialization for 'Msg.Rsp') [-Wmissing-braces]
arm-none-eabi-gcc.exe -I. -I./Generated_Source/PSoC4 -Wno-main -mcpu=cortex-m0 -mthumb -I ..\..\.. -I ..\..\..\..\..\simplelink\include -I ..\..\..\..\..\simplelink\source -Wall -g -D DEBUG -D _USE_CLI_ -D SL_IF_TYPE_UART -Wa,-alh=.\CortexM0\ARM_GCC_473\Debug\flowcont.lst -ffunction-sections -c ..\..\..\..\..\simplelink\source\flowcont.c -o .\CortexM0\ARM_GCC_473\Debug\flowcont.o
arm-none-eabi-gcc.exe -I. -I./Generated_Source/PSoC4 -Wno-main -mcpu=cortex-m0 -mthumb -I ..\..\.. -I ..\..\..\..\..\simplelink\include -I ..\..\..\..\..\simplelink\source -Wall -g -D DEBUG -D _USE_CLI_ -D SL_IF_TYPE_UART -Wa,-alh=.\CortexM0\ARM_GCC_473\Debug\fs.lst -ffunction-sections -c ..\..\..\..\..\simplelink\source\fs.c -o .\CortexM0\ARM_GCC_473\Debug\fs.o
..\..\..\..\..\simplelink\source\fs.c: In function 'sl_FsClose':
..\..\..\..\..\simplelink\source\fs.c:157:5: warning: missing braces around initializer [-Wmissing-braces]
..\..\..\..\..\simplelink\source\fs.c:157:5: warning: (near initialization for 'Msg.Cmd') [-Wmissing-braces]
arm-none-eabi-gcc.exe -I. -I./Generated_Source/PSoC4 -Wno-main -mcpu=cortex-m0 -mthumb -I ..\..\.. -I ..\..\..\..\..\simplelink\include -I ..\..\..\..\..\simplelink\source -Wall -g -D DEBUG -D _USE_CLI_ -D SL_IF_TYPE_UART -Wa,-alh=.\CortexM0\ARM_GCC_473\Debug\netapp.lst -ffunction-sections -c ..\..\..\..\..\simplelink\source\netapp.c -o .\CortexM0\ARM_GCC_473\Debug\netapp.o
arm-none-eabi-gcc.exe -I. -I./Generated_Source/PSoC4 -Wno-main -mcpu=cortex-m0 -mthumb -I ..\..\.. -I ..\..\..\..\..\simplelink\include -I ..\..\..\..\..\simplelink\source -Wall -g -D DEBUG -D _USE_CLI_ -D SL_IF_TYPE_UART -Wa,-alh=.\CortexM0\ARM_GCC_473\Debug\netcfg.lst -ffunction-sections -c ..\..\..\..\..\simplelink\source\netcfg.c -o .\CortexM0\ARM_GCC_473\Debug\netcfg.o
arm-none-eabi-gcc.exe -I. -I./Generated_Source/PSoC4 -Wno-main -mcpu=cortex-m0 -mthumb -I ..\..\.. -I ..\..\..\..\..\simplelink\include -I ..\..\..\..\..\simplelink\source -Wall -g -D DEBUG -D _USE_CLI_ -D SL_IF_TYPE_UART -Wa,-alh=.\CortexM0\ARM_GCC_473\Debug\nonos.lst -ffunction-sections -c ..\..\..\..\..\simplelink\source\nonos.c -o .\CortexM0\ARM_GCC_473\Debug\nonos.o
arm-none-eabi-gcc.exe -I. -I./Generated_Source/PSoC4 -Wno-main -mcpu=cortex-m0 -mthumb -I ..\..\.. -I ..\..\..\..\..\simplelink\include -I ..\..\..\..\..\simplelink\source -Wall -g -D DEBUG -D _USE_CLI_ -D SL_IF_TYPE_UART -Wa,-alh=.\CortexM0\ARM_GCC_473\Debug\socket.lst -ffunction-sections -c ..\..\..\..\..\simplelink\source\socket.c -o .\CortexM0\ARM_GCC_473\Debug\socket.o
arm-none-eabi-gcc.exe -I. -I./Generated_Source/PSoC4 -Wno-main -mcpu=cortex-m0 -mthumb -I ..\..\.. -I ..\..\..\..\..\simplelink\include -I ..\..\..\..\..\simplelink\source -Wall -g -D DEBUG -D _USE_CLI_ -D SL_IF_TYPE_UART -Wa,-alh=.\CortexM0\ARM_GCC_473\Debug\spawn.lst -ffunction-sections -c ..\..\..\..\..\simplelink\source\spawn.c -o .\CortexM0\ARM_GCC_473\Debug\spawn.o
arm-none-eabi-gcc.exe -I. -I./Generated_Source/PSoC4 -Wno-main -mcpu=cortex-m0 -mthumb -I ..\..\.. -I ..\..\..\..\..\simplelink\include -I ..\..\..\..\..\simplelink\source -Wall -g -D DEBUG -D _USE_CLI_ -D SL_IF_TYPE_UART -Wa,-alh=.\CortexM0\ARM_GCC_473\Debug\wlan.lst -ffunction-sections -c ..\..\..\..\..\simplelink\source\wlan.c -o .\CortexM0\ARM_GCC_473\Debug\wlan.o
..\..\..\..\..\simplelink\source\wlan.c: In function 'sl_WlanConnect':
..\..\..\..\..\simplelink\source\wlan.c:76:5: warning: missing braces around initializer [-Wmissing-braces]
..\..\..\..\..\simplelink\source\wlan.c:76:5: warning: (near initialization for 'Msg.Cmd') [-Wmissing-braces]
arm-none-eabi-gcc.exe -I. -I./Generated_Source/PSoC4 -Wno-main -mcpu=cortex-m0 -mthumb -I ..\..\.. -I ..\..\..\..\..\simplelink\include -I ..\..\..\..\..\simplelink\source -Wall -g -D DEBUG -D _USE_CLI_ -D SL_IF_TYPE_UART -Wa,-alh=.\CortexM0\ARM_GCC_473\Debug\cyfitter_cfg.lst -ffunction-sections -c .\Generated_Source\PSoC4\cyfitter_cfg.c -o .\CortexM0\ARM_GCC_473\Debug\cyfitter_cfg.o
arm-none-eabi-gcc.exe -I. -I./Generated_Source/PSoC4 -Wno-main -mcpu=cortex-m0 -mthumb -I ..\..\.. -I ..\..\..\..\..\simplelink\include -I ..\..\..\..\..\simplelink\source -Wall -g -D DEBUG -D _USE_CLI_ -D SL_IF_TYPE_UART -Wa,-alh=.\CortexM0\ARM_GCC_473\Debug\cymetadata.lst -ffunction-sections -c .\Generated_Source\PSoC4\cymetadata.c -o .\CortexM0\ARM_GCC_473\Debug\cymetadata.o
arm-none-eabi-gcc.exe -I. -I./Generated_Source/PSoC4 -Wno-main -mcpu=cortex-m0 -mthumb -I ..\..\.. -I ..\..\..\..\..\simplelink\include -I ..\..\..\..\..\simplelink\source -Wall -g -D DEBUG -D _USE_CLI_ -D SL_IF_TYPE_UART -Wa,-alh=.\CortexM0\ARM_GCC_473\Debug\LED_GREEN.lst -ffunction-sections -c .\Generated_Source\PSoC4\LED_GREEN.c -o .\CortexM0\ARM_GCC_473\Debug\LED_GREEN.o
arm-none-eabi-gcc.exe -I. -I./Generated_Source/PSoC4 -Wno-main -mcpu=cortex-m0 -mthumb -I ..\..\.. -I ..\..\..\..\..\simplelink\include -I ..\..\..\..\..\simplelink\source -Wall -g -D DEBUG -D _USE_CLI_ -D SL_IF_TYPE_UART -Wa,-alh=.\CortexM0\ARM_GCC_473\Debug\UART_1.lst -ffunction-sections -c .\Generated_Source\PSoC4\UART_1.c -o .\CortexM0\ARM_GCC_473\Debug\UART_1.o
arm-none-eabi-gcc.exe -I. -I./Generated_Source/PSoC4 -Wno-main -mcpu=cortex-m0 -mthumb -I ..\..\.. -I ..\..\..\..\..\simplelink\include -I ..\..\..\..\..\simplelink\source -Wall -g -D DEBUG -D _USE_CLI_ -D SL_IF_TYPE_UART -Wa,-alh=.\CortexM0\ARM_GCC_473\Debug\UART_1_SPI_UART.lst -ffunction-sections -c .\Generated_Source\PSoC4\UART_1_SPI_UART.c -o .\CortexM0\ARM_GCC_473\Debug\UART_1_SPI_UART.o
arm-none-eabi-gcc.exe -I. -I./Generated_Source/PSoC4 -Wno-main -mcpu=cortex-m0 -mthumb -I ..\..\.. -I ..\..\..\..\..\simplelink\include -I ..\..\..\..\..\simplelink\source -Wall -g -D DEBUG -D _USE_CLI_ -D SL_IF_TYPE_UART -Wa,-alh=.\CortexM0\ARM_GCC_473\Debug\UART_1_SPI_UART_INT.lst -ffunction-sections -c .\Generated_Source\PSoC4\UART_1_SPI_UART_INT.c -o .\CortexM0\ARM_GCC_473\Debug\UART_1_SPI_UART_INT.o
arm-none-eabi-gcc.exe -I. -I./Generated_Source/PSoC4 -Wno-main -mcpu=cortex-m0 -mthumb -I ..\..\.. -I ..\..\..\..\..\simplelink\include -I ..\..\..\..\..\simplelink\source -Wall -g -D DEBUG -D _USE_CLI_ -D SL_IF_TYPE_UART -Wa,-alh=.\CortexM0\ARM_GCC_473\Debug\UART_1_PM.lst -ffunction-sections -c .\Generated_Source\PSoC4\UART_1_PM.c -o .\CortexM0\ARM_GCC_473\Debug\UART_1_PM.o
arm-none-eabi-gcc.exe -I. -I./Generated_Source/PSoC4 -Wno-main -mcpu=cortex-m0 -mthumb -I ..\..\.. -I ..\..\..\..\..\simplelink\include -I ..\..\..\..\..\simplelink\source -Wall -g -D DEBUG -D _USE_CLI_ -D SL_IF_TYPE_UART -Wa,-alh=.\CortexM0\ARM_GCC_473\Debug\UART_1_UART.lst -ffunction-sections -c .\Generated_Source\PSoC4\UART_1_UART.c -o .\CortexM0\ARM_GCC_473\Debug\UART_1_UART.o
arm-none-eabi-gcc.exe -I. -I./Generated_Source/PSoC4 -Wno-main -mcpu=cortex-m0 -mthumb -I ..\..\.. -I ..\..\..\..\..\simplelink\include -I ..\..\..\..\..\simplelink\source -Wall -g -D DEBUG -D _USE_CLI_ -D SL_IF_TYPE_UART -Wa,-alh=.\CortexM0\ARM_GCC_473\Debug\UART_1_BOOT.lst -ffunction-sections -c .\Generated_Source\PSoC4\UART_1_BOOT.c -o .\CortexM0\ARM_GCC_473\Debug\UART_1_BOOT.o
arm-none-eabi-gcc.exe -I. -I./Generated_Source/PSoC4 -Wno-main -mcpu=cortex-m0 -mthumb -I ..\..\.. -I ..\..\..\..\..\simplelink\include -I ..\..\..\..\..\simplelink\source -Wall -g -D DEBUG -D _USE_CLI_ -D SL_IF_TYPE_UART -Wa,-alh=.\CortexM0\ARM_GCC_473\Debug\UART_1_UART_BOOT.lst -ffunction-sections -c .\Generated_Source\PSoC4\UART_1_UART_BOOT.c -o .\CortexM0\ARM_GCC_473\Debug\UART_1_UART_BOOT.o
arm-none-eabi-gcc.exe -I. -I./Generated_Source/PSoC4 -Wno-main -mcpu=cortex-m0 -mthumb -I ..\..\.. -I ..\..\..\..\..\simplelink\include -I ..\..\..\..\..\simplelink\source -Wall -g -D DEBUG -D _USE_CLI_ -D SL_IF_TYPE_UART -Wa,-alh=.\CortexM0\ARM_GCC_473\Debug\nHIB.lst -ffunction-sections -c .\Generated_Source\PSoC4\nHIB.c -o .\CortexM0\ARM_GCC_473\Debug\nHIB.o
arm-none-eabi-gcc.exe -I. -I./Generated_Source/PSoC4 -Wno-main -mcpu=cortex-m0 -mthumb -I ..\..\.. -I ..\..\..\..\..\simplelink\include -I ..\..\..\..\..\simplelink\source -Wall -g -D DEBUG -D _USE_CLI_ -D SL_IF_TYPE_UART -Wa,-alh=.\CortexM0\ARM_GCC_473\Debug\LED_BLUE.lst -ffunction-sections -c .\Generated_Source\PSoC4\LED_BLUE.c -o .\CortexM0\ARM_GCC_473\Debug\LED_BLUE.o
arm-none-eabi-gcc.exe -I. -I./Generated_Source/PSoC4 -Wno-main -mcpu=cortex-m0 -mthumb -I ..\..\.. -I ..\..\..\..\..\simplelink\include -I ..\..\..\..\..\simplelink\source -Wall -g -D DEBUG -D _USE_CLI_ -D SL_IF_TYPE_UART -Wa,-alh=.\CortexM0\ARM_GCC_473\Debug\UART_1_tx.lst -ffunction-sections -c .\Generated_Source\PSoC4\UART_1_tx.c -o .\CortexM0\ARM_GCC_473\Debug\UART_1_tx.o
arm-none-eabi-gcc.exe -I. -I./Generated_Source/PSoC4 -Wno-main -mcpu=cortex-m0 -mthumb -I ..\..\.. -I ..\..\..\..\..\simplelink\include -I ..\..\..\..\..\simplelink\source -Wall -g -D DEBUG -D _USE_CLI_ -D SL_IF_TYPE_UART -Wa,-alh=.\CortexM0\ARM_GCC_473\Debug\UART_1_rx.lst -ffunction-sections -c .\Generated_Source\PSoC4\UART_1_rx.c -o .\CortexM0\ARM_GCC_473\Debug\UART_1_rx.o
arm-none-eabi-gcc.exe -I. -I./Generated_Source/PSoC4 -Wno-main -mcpu=cortex-m0 -mthumb -I ..\..\.. -I ..\..\..\..\..\simplelink\include -I ..\..\..\..\..\simplelink\source -Wall -g -D DEBUG -D _USE_CLI_ -D SL_IF_TYPE_UART -Wa,-alh=.\CortexM0\ARM_GCC_473\Debug\Cm0Start.lst -ffunction-sections -c .\Generated_Source\PSoC4\Cm0Start.c -o .\CortexM0\ARM_GCC_473\Debug\Cm0Start.o
arm-none-eabi-gcc.exe -I. -I./Generated_Source/PSoC4 -Wno-main -mcpu=cortex-m0 -mthumb -I ..\..\.. -I ..\..\..\..\..\simplelink\include -I ..\..\..\..\..\simplelink\source -Wall -g -D DEBUG -D _USE_CLI_ -D SL_IF_TYPE_UART -Wa,-alh=.\CortexM0\ARM_GCC_473\Debug\CyFlash.lst -ffunction-sections -c .\Generated_Source\PSoC4\CyFlash.c -o .\CortexM0\ARM_GCC_473\Debug\CyFlash.o
arm-none-eabi-gcc.exe -I. -I./Generated_Source/PSoC4 -Wno-main -mcpu=cortex-m0 -mthumb -I ..\..\.. -I ..\..\..\..\..\simplelink\include -I ..\..\..\..\..\simplelink\source -Wall -g -D DEBUG -D _USE_CLI_ -D SL_IF_TYPE_UART -Wa,-alh=.\CortexM0\ARM_GCC_473\Debug\CyLib.lst -ffunction-sections -c .\Generated_Source\PSoC4\CyLib.c -o .\CortexM0\ARM_GCC_473\Debug\CyLib.o
arm-none-eabi-gcc.exe -I. -I./Generated_Source/PSoC4 -Wno-main -mcpu=cortex-m0 -mthumb -I ..\..\.. -I ..\..\..\..\..\simplelink\include -I ..\..\..\..\..\simplelink\source -Wall -g -D DEBUG -D _USE_CLI_ -D SL_IF_TYPE_UART -Wa,-alh=.\CortexM0\ARM_GCC_473\Debug\cyPm.lst -ffunction-sections -c .\Generated_Source\PSoC4\cyPm.c -o .\CortexM0\ARM_GCC_473\Debug\cyPm.o
arm-none-eabi-gcc.exe -I. -I./Generated_Source/PSoC4 -Wno-main -mcpu=cortex-m0 -mthumb -I ..\..\.. -I ..\..\..\..\..\simplelink\include -I ..\..\..\..\..\simplelink\source -Wall -g -D DEBUG -D _USE_CLI_ -D SL_IF_TYPE_UART -Wa,-alh=.\CortexM0\ARM_GCC_473\Debug\cyutils.lst -ffunction-sections -c .\Generated_Source\PSoC4\cyutils.c -o .\CortexM0\ARM_GCC_473\Debug\cyutils.o
arm-none-eabi-gcc.exe -I. -I./Generated_Source/PSoC4 -Wno-main -mcpu=cortex-m0 -mthumb -I ..\..\.. -I ..\..\..\..\..\simplelink\include -I ..\..\..\..\..\simplelink\source -Wall -g -D DEBUG -D _USE_CLI_ -D SL_IF_TYPE_UART -Wa,-alh=.\CortexM0\ARM_GCC_473\Debug\Rx_ISR.lst -ffunction-sections -c .\Generated_Source\PSoC4\Rx_ISR.c -o .\CortexM0\ARM_GCC_473\Debug\Rx_ISR.o
arm-none-eabi-gcc.exe -I. -I./Generated_Source/PSoC4 -Wno-main -mcpu=cortex-m0 -mthumb -I ..\..\.. -I ..\..\..\..\..\simplelink\include -I ..\..\..\..\..\simplelink\source -Wall -g -D DEBUG -D _USE_CLI_ -D SL_IF_TYPE_UART -Wa,-alh=.\CortexM0\ARM_GCC_473\Debug\UARTM.lst -ffunction-sections -c .\Generated_Source\PSoC4\UARTM.c -o .\CortexM0\ARM_GCC_473\Debug\UARTM.o
arm-none-eabi-gcc.exe -I. -I./Generated_Source/PSoC4 -Wno-main -mcpu=cortex-m0 -mthumb -I ..\..\.. -I ..\..\..\..\..\simplelink\include -I ..\..\..\..\..\simplelink\source -Wall -g -D DEBUG -D _USE_CLI_ -D SL_IF_TYPE_UART -Wa,-alh=.\CortexM0\ARM_GCC_473\Debug\UARTM_PM.lst -ffunction-sections -c .\Generated_Source\PSoC4\UARTM_PM.c -o .\CortexM0\ARM_GCC_473\Debug\UARTM_PM.o
arm-none-eabi-gcc.exe -I. -I./Generated_Source/PSoC4 -Wno-main -mcpu=cortex-m0 -mthumb -I ..\..\.. -I ..\..\..\..\..\simplelink\include -I ..\..\..\..\..\simplelink\source -Wall -g -D DEBUG -D _USE_CLI_ -D SL_IF_TYPE_UART -Wa,-alh=.\CortexM0\ARM_GCC_473\Debug\UARTM_INT.lst -ffunction-sections -c .\Generated_Source\PSoC4\UARTM_INT.c -o .\CortexM0\ARM_GCC_473\Debug\UARTM_INT.o
arm-none-eabi-gcc.exe -I. -I./Generated_Source/PSoC4 -Wno-main -mcpu=cortex-m0 -mthumb -I ..\..\.. -I ..\..\..\..\..\simplelink\include -I ..\..\..\..\..\simplelink\source -Wall -g -D DEBUG -D _USE_CLI_ -D SL_IF_TYPE_UART -Wa,-alh=.\CortexM0\ARM_GCC_473\Debug\UARTM_BOOT.lst -ffunction-sections -c .\Generated_Source\PSoC4\UARTM_BOOT.c -o .\CortexM0\ARM_GCC_473\Debug\UARTM_BOOT.o
arm-none-eabi-gcc.exe -I. -I./Generated_Source/PSoC4 -Wno-main -mcpu=cortex-m0 -mthumb -I ..\..\.. -I ..\..\..\..\..\simplelink\include -I ..\..\..\..\..\simplelink\source -Wall -g -D DEBUG -D _USE_CLI_ -D SL_IF_TYPE_UART -Wa,-alh=.\CortexM0\ARM_GCC_473\Debug\m_cts_pin.lst -ffunction-sections -c .\Generated_Source\PSoC4\m_cts_pin.c -o .\CortexM0\ARM_GCC_473\Debug\m_cts_pin.o
arm-none-eabi-gcc.exe -I. -I./Generated_Source/PSoC4 -Wno-main -mcpu=cortex-m0 -mthumb -I ..\..\.. -I ..\..\..\..\..\simplelink\include -I ..\..\..\..\..\simplelink\source -Wall -g -D DEBUG -D _USE_CLI_ -D SL_IF_TYPE_UART -Wa,-alh=.\CortexM0\ARM_GCC_473\Debug\m_rts_pin.lst -ffunction-sections -c .\Generated_Source\PSoC4\m_rts_pin.c -o .\CortexM0\ARM_GCC_473\Debug\m_rts_pin.o
arm-none-eabi-gcc.exe -I. -I./Generated_Source/PSoC4 -Wno-main -mcpu=cortex-m0 -mthumb -I ..\..\.. -I ..\..\..\..\..\simplelink\include -I ..\..\..\..\..\simplelink\source -Wall -g -D DEBUG -D _USE_CLI_ -D SL_IF_TYPE_UART -Wa,-alh=.\CortexM0\ARM_GCC_473\Debug\UARTM_IntClock.lst -ffunction-sections -c .\Generated_Source\PSoC4\UARTM_IntClock.c -o .\CortexM0\ARM_GCC_473\Debug\UARTM_IntClock.o
arm-none-eabi-ar.exe -rs .\CortexM0\ARM_GCC_473\Debug\wlan_station_spi.a .\CortexM0\ARM_GCC_473\Debug\cyfitter_cfg.o .\CortexM0\ARM_GCC_473\Debug\LED_GREEN.o .\CortexM0\ARM_GCC_473\Debug\UART_1.o .\CortexM0\ARM_GCC_473\Debug\UART_1_SPI_UART.o .\CortexM0\ARM_GCC_473\Debug\UART_1_SPI_UART_INT.o .\CortexM0\ARM_GCC_473\Debug\UART_1_PM.o .\CortexM0\ARM_GCC_473\Debug\UART_1_UART.o .\CortexM0\ARM_GCC_473\Debug\UART_1_BOOT.o .\CortexM0\ARM_GCC_473\Debug\UART_1_UART_BOOT.o .\CortexM0\ARM_GCC_473\Debug\nHIB.o .\CortexM0\ARM_GCC_473\Debug\LED_BLUE.o .\CortexM0\ARM_GCC_473\Debug\UART_1_tx.o .\CortexM0\ARM_GCC_473\Debug\UART_1_rx.o .\CortexM0\ARM_GCC_473\Debug\CyBootAsmGnu.o .\CortexM0\ARM_GCC_473\Debug\CyFlash.o .\CortexM0\ARM_GCC_473\Debug\CyLib.o .\CortexM0\ARM_GCC_473\Debug\cyPm.o .\CortexM0\ARM_GCC_473\Debug\cyutils.o .\CortexM0\ARM_GCC_473\Debug\Rx_ISR.o .\CortexM0\ARM_GCC_473\Debug\UARTM.o .\CortexM0\ARM_GCC_473\Debug\UARTM_PM.o .\CortexM0\ARM_GCC_473\Debug\UARTM_INT.o .\CortexM0\ARM_GCC_473\Debug\UARTM_BOOT.o .\CortexM0\ARM_GCC_473\Debug\m_cts_pin.o .\CortexM0\ARM_GCC_473\Debug\m_rts_pin.o .\CortexM0\ARM_GCC_473\Debug\UARTM_IntClock.o
arm-none-eabi-ar.exe: creating .\CortexM0\ARM_GCC_473\Debug\wlan_station_spi.a
arm-none-eabi-gcc.exe -mthumb -march=armv6-m -T .\Generated_Source\PSoC4\cm0gcc.ld -g -Wl,-Map,.\CortexM0\ARM_GCC_473\Debug\wlan_station_spi.map -specs=nano.specs -Wl,--gc-sections -Wl,--start-group -o .\CortexM0\ARM_GCC_473\Debug\wlan_station_spi.elf .\CortexM0\ARM_GCC_473\Debug\main.o .\CortexM0\ARM_GCC_473\Debug\board.o .\CortexM0\ARM_GCC_473\Debug\cli_uart.o .\CortexM0\ARM_GCC_473\Debug\spi.o .\CortexM0\ARM_GCC_473\Debug\uart.o .\CortexM0\ARM_GCC_473\Debug\device.o .\CortexM0\ARM_GCC_473\Debug\driver.o .\CortexM0\ARM_GCC_473\Debug\flowcont.o .\CortexM0\ARM_GCC_473\Debug\fs.o .\CortexM0\ARM_GCC_473\Debug\netapp.o .\CortexM0\ARM_GCC_473\Debug\netcfg.o .\CortexM0\ARM_GCC_473\Debug\nonos.o .\CortexM0\ARM_GCC_473\Debug\socket.o .\CortexM0\ARM_GCC_473\Debug\spawn.o .\CortexM0\ARM_GCC_473\Debug\wlan.o .\CortexM0\ARM_GCC_473\Debug\cymetadata.o .\CortexM0\ARM_GCC_473\Debug\Cm0Start.o .\CortexM0\ARM_GCC_473\Debug\wlan_station_spi.a "C:\Program Files (x86)\Cypress\PSoC Creator\3.0\PSoC Creator\psoc\content\cycomponentlibrary\CyComponentLibrary.cylib\CortexM0\ARM_GCC_473\Debug\CyComponentLibrary.a" -Wl,--end-group
cyelftool.exe -C "C:\Users\X0217454\Desktop\CC31xx\CC3100 - 0.5\CC3100 SDK 0.5\cc3100-sdk\platform\cypress_SDK.5\example\wlan_station_spi\wlan_station_spi.cydsn\CortexM0\ARM_GCC_473\Debug\wlan_station_spi.elf" --flash_size 32768 --flash_row_size 128
cyelftool.exe -S "C:\Users\X0217454\Desktop\CC31xx\CC3100 - 0.5\CC3100 SDK 0.5\cc3100-sdk\platform\cypress_SDK.5\example\wlan_station_spi\wlan_station_spi.cydsn\CortexM0\ARM_GCC_473\Debug\wlan_station_spi.elf"
Flash used: 23806 of 32768 bytes (72.7 %).
SRAM used: 1988 of 4096 bytes (48.5 %).
--------------- Build Succeeded: 07/03/2014 18:56:55 ---------------
